Log file open, 01/31/20 23:17:14
LogWindows: Failed to load 'aqProf.dll' (GetLastError=126)
LogWindows: File 'aqProf.dll' does not exist
LogWindows: Failed to load 'VtuneApi.dll' (GetLastError=126)
LogWindows: File 'VtuneApi.dll' does not exist
LogWindows: Failed to load 'VtuneApi32e.dll' (GetLastError=126)
LogWindows: File 'VtuneApi32e.dll' does not exist
LogConsoleResponse: Display: Failed to find resolution value strings in scalability ini. Falling back to default.
LogInit: Display: Running engine for game: GGJ20
LogPakFile: Registered encryption key '00000000000000000000000000000000': 0 pak files mounted, 0 remain pending
LogPlatformFile: Not using cached read wrapper
LogTaskGraph: Started task graph with 5 named threads and 23 total threads with 3 sets of task threads.
LogStats: Stats thread started at 0.366561
LogD3D11RHI: Loaded GFSDK_Aftermath_Lib.x64.dll
LogICUInternationalization: ICU TimeZone Detection - Raw Offset: +0:00, Platform Override: ''
LogPluginManager: Mounting plugin Paper2D
LogPluginManager: Mounting plugin AISupport
LogPluginManager: Mounting plugin LightPropagationVolume
LogPluginManager: Mounting plugin ActorLayerUtilities
LogPluginManager: Mounting plugin AnimationSharing
LogPluginManager: Mounting plugin CLionSourceCodeAccess
LogPluginManager: Mounting plugin CodeLiteSourceCodeAccess
LogPluginManager: Mounting plugin GitSourceControl
LogPluginManager: Mounting plugin KDevelopSourceCodeAccess
LogPluginManager: Mounting plugin NullSourceCodeAccess
LogPluginManager: Mounting plugin PerforceSourceControl
LogPluginManager: Mounting plugin SubversionSourceControl
LogPluginManager: Mounting plugin UObjectPlugin
LogPluginManager: Mounting plugin VisualStudioCodeSourceCodeAccess
LogPluginManager: Mounting plugin VisualStudioSourceCodeAccess
LogPluginManager: Mounting plugin XCodeSourceCodeAccess
LogPluginManager: Mounting plugin AssetManagerEditor
LogPluginManager: Mounting plugin CryptoKeys
LogPluginManager: Mounting plugin DataValidation
LogPluginManager: Mounting plugin FacialAnimation
LogPluginManager: Mounting plugin GameplayTagsEditor
LogPluginManager: Mounting plugin MacGraphicsSwitching
LogPluginManager: Mounting plugin MaterialAnalyzer
LogPluginManager: Mounting plugin MobileLauncherProfileWizard
LogPluginManager: Mounting plugin PluginBrowser
LogPluginManager: Mounting plugin SpeedTreeImporter
LogPluginManager: Mounting plugin DatasmithContent
LogPluginManager: Mounting plugin VariantManagerContent
LogPluginManager: Mounting plugin AlembicImporter
LogPluginManager: Mounting plugin AppleImageUtils
LogPluginManager: Mounting plugin AppleVision
LogPluginManager: Mounting plugin BackChannel
LogPluginManager: Mounting plugin CharacterAI
LogPluginManager: Mounting plugin GeometryCache
LogPluginManager: Mounting plugin HTML5Networking
LogPluginManager: Mounting plugin ProxyLODPlugin
LogPluginManager: Mounting plugin SkeletalReduction
LogPluginManager: Mounting plugin MagicLeap
LogPluginManager: Mounting plugin MagicLeapMedia
LogPluginManager: Mounting plugin AndroidMedia
LogPluginManager: Mounting plugin AvfMedia
LogPluginManager: Mounting plugin ImgMedia
LogPluginManager: Mounting plugin LinearTimecode
LogPluginManager: Mounting plugin MediaCompositing
LogPluginManager: Mounting plugin MediaPlayerEditor
LogPluginManager: Mounting plugin WebMMedia
LogPluginManager: Mounting plugin WmfMedia
LogPluginManager: Mounting plugin TcpMessaging
LogPluginManager: Mounting plugin UdpMessaging
LogPluginManager: Mounting plugin ActorSequence
LogPluginManager: Mounting plugin LevelSequenceEditor
LogPluginManager: Mounting plugin MatineeToLevelSequence
LogPluginManager: Mounting plugin NetcodeUnitTest
LogPluginManager: Mounting plugin NUTUnrealEngine4
LogPluginManager: Mounting plugin OnlineSubsystemGooglePlay
LogPluginManager: Mounting plugin OnlineSubsystemIOS
LogPluginManager: Mounting plugin OnlineSubsystem
LogPluginManager: Mounting plugin OnlineSubsystemNull
LogPluginManager: Mounting plugin OnlineSubsystemUtils
LogPluginManager: Mounting plugin LauncherChunkInstaller
LogPluginManager: Mounting plugin AndroidDeviceProfileSelector
LogPluginManager: Mounting plugin AndroidMoviePlayer
LogPluginManager: Mounting plugin AndroidPermission
LogPluginManager: Mounting plugin AppleMoviePlayer
LogPluginManager: Mounting plugin ArchVisCharacter
LogPluginManager: Mounting plugin AudioCapture
LogPluginManager: Mounting plugin CableComponent
LogPluginManager: Mounting plugin CustomMeshComponent
LogPluginManager: Mounting plugin EditableMesh
LogPluginManager: Mounting plugin ExampleDeviceProfileSelector
LogPluginManager: Mounting plugin Firebase
LogPluginManager: Mounting plugin GoogleCloudMessaging
LogPluginManager: Mounting plugin IOSDeviceProfileSelector
LogPluginManager: Mounting plugin LinuxDeviceProfileSelector
LogPluginManager: Mounting plugin LocationServicesBPLibrary
LogPluginManager: Mounting plugin MobilePatchingUtils
LogPluginManager: Mounting plugin OculusVR
LogPluginManager: Mounting plugin PhysXVehicles
LogPluginManager: Mounting plugin ProceduralMeshComponent
LogPluginManager: Mounting plugin RuntimePhysXCooking
LogPluginManager: Mounting plugin SignificanceManager
LogPluginManager: Mounting plugin SteamVR
LogPluginManager: Mounting plugin WebMMoviePlayer
LogPluginManager: Mounting plugin WindowsMoviePlayer
LogInit: Using libcurl 7.55.1-DEV
LogInit:  - built for x86_64-pc-win32
LogInit:  - supports SSL with OpenSSL/1.1.1
LogInit:  - supports HTTP deflate (compression) using libz 1.2.8
LogInit:  - other features:
LogInit:      CURL_VERSION_SSL
LogInit:      CURL_VERSION_LIBZ
LogInit:      CURL_VERSION_IPV6
LogInit:      CURL_VERSION_ASYNCHDNS
LogInit:      CURL_VERSION_LARGEFILE
LogInit:      CURL_VERSION_IDN
LogInit:  CurlRequestOptions (configurable via config and command line):
LogInit:  - bVerifyPeer = true  - Libcurl will verify peer certificate
LogInit:  - bUseHttpProxy = false  - Libcurl will NOT use HTTP proxy
LogInit:  - bDontReuseConnections = false  - Libcurl will reuse connections
LogInit:  - MaxHostConnections = 16  - Libcurl will limit the number of connections to a host
LogInit:  - LocalHostAddr = Default
LogInit:  - BufferSize = 65536
LogInit: WinSock: version 1.1 (2.2), MaxSocks=32767, MaxUdp=65467
LogInit: Build: ++UE4+Release-4.22-CL-7053642
LogInit: Engine Version: 4.22.3-7053642+++UE4+Release-4.22
LogInit: Compatible Engine Version: 4.22.0-5660361+++UE4+Release-4.22
LogInit: Net CL: 5660361
LogInit: OS: Windows 10 (Release 1909) (), CPU: Intel(R) Xeon(R) W-2123 CPU @ 3.60GHz, GPU: NVIDIA GeForce GTX 1070
LogInit: Compiled (64-bit): Jun 18 2019 03:09:11
LogInit: Compiled with Visual C++: 19.16.27025.01
LogInit: Build Configuration: Development
LogInit: Branch Name: ++UE4+Release-4.22
LogInit: Command Line:  -skipcompile
LogInit: Base Directory: C:/Epic/UE4/UE_4.22/Engine/Binaries/Win64/
LogInit: Installed Engine Build: 1
LogDevObjectVersion: Number of dev versions registered: 23
LogDevObjectVersion:   Dev-Blueprints (B0D832E4-1F89-4F0D-ACCF-7EB736FD4AA2): 10
LogDevObjectVersion:   Dev-Build (E1C64328-A22C-4D53-A36C-8E866417BD8C): 0
LogDevObjectVersion:   Dev-Core (375EC13C-06E4-48FB-B500-84F0262A717E): 3
LogDevObjectVersion:   Dev-Editor (E4B068ED-F494-42E9-A231-DA0B2E46BB41): 30
LogDevObjectVersion:   Dev-Framework (CFFC743F-43B0-4480-9391-14DF171D2073): 35
LogDevObjectVersion:   Dev-Mobile (B02B49B5-BB20-44E9-A304-32B752E40360): 2
LogDevObjectVersion:   Dev-Networking (A4E4105C-59A1-49B5-A7C5-40C4547EDFEE): 0
LogDevObjectVersion:   Dev-Online (39C831C9-5AE6-47DC-9A44-9C173E1C8E7C): 0
LogDevObjectVersion:   Dev-Physics (78F01B33-EBEA-4F98-B9B4-84EACCB95AA2): 0
LogDevObjectVersion:   Dev-Platform (6631380F-2D4D-43E0-8009-CF276956A95A): 0
LogDevObjectVersion:   Dev-Rendering (12F88B9F-8875-4AFC-A67C-D90C383ABD29): 28
LogDevObjectVersion:   Dev-Sequencer (7B5AE74C-D270-4C10-A958-57980B212A5A): 11
LogDevObjectVersion:   Dev-VR (D7296918-1DD6-4BDD-9DE2-64A83CC13884): 2
LogDevObjectVersion:   Dev-LoadTimes (C2A15278-BFE7-4AFE-6C17-90FF531DF755): 1
LogDevObjectVersion:   Private-Geometry (6EACA3D4-40EC-4CC1-B786-8BED09428FC5): 3
LogDevObjectVersion:   Dev-AnimPhys (29E575DD-E0A3-4627-9D10-D276232CDCEA): 17
LogDevObjectVersion:   Dev-Anim (AF43A65D-7FD3-4947-9873-3E8ED9C1BB05): 2
LogDevObjectVersion:   Dev-ReflectionCapture (6B266CEC-1EC7-4B8F-A30B-E4D90942FC07): 1
LogDevObjectVersion:   Dev-Automation (0DF73D61-A23F-47EA-B727-89E90C41499A): 1
LogDevObjectVersion:   FortniteMain (601D1886-AC64-4F84-AA16-D3DE0DEAC7D6): 25
LogDevObjectVersion:   Dev-Enterprise (9DFFBCD6-494F-0158-E221-12823C92A888): 6
LogDevObjectVersion:   Dev-Niagara (F2AED0AC-9AFE-416F-8664-AA7FFA26D6FC): 1
LogDevObjectVersion:   Dev-Destruction (174F1F0B-B4C6-45A5-B13F-2EE8D0FB917D): 2
LogInit: Presizing for max 16777216 objects, including 0 objects not considered by GC, pre-allocating 0 bytes for permanent pool.
LogInit: Object subsystem initialized
LogConfig: Setting CVar [[con.DebugEarlyDefault:1]]
LogConfig: Setting CVar [[r.setres:1280x720]]
[2020.01.31-23.17.14:860][  0]LogConfig: Setting CVar [[r.VSync:0]]
[2020.01.31-23.17.14:860][  0]LogConfig: Setting CVar [[r.RHICmdBypass:0]]
[2020.01.31-23.17.14:860][  0]LogConfig: Applying CVar settings from Section [/Script/Engine.RendererSettings] File [C:/Users/h017026h/Documents/GitKra/Global Game Jam 2020/GGJ20/Saved/Config/Windows/Engine.ini]
[2020.01.31-23.17.14:860][  0]LogConfig: Setting CVar [[r.GPUCrashDebugging:0]]
[2020.01.31-23.17.14:860][  0]LogConfig: Setting CVar [[r.DefaultFeature.AutoExposure.ExtendDefaultLuminanceRange:1]]
[2020.01.31-23.17.14:860][  0]LogConfig: Applying CVar settings from Section [/Script/Engine.RendererOverrideSettings] File [C:/Users/h017026h/Documents/GitKra/Global Game Jam 2020/GGJ20/Saved/Config/Windows/Engine.ini]
[2020.01.31-23.17.14:860][  0]LogConfig: Applying CVar settings from Section [/Script/Engine.StreamingSettings] File [C:/Users/h017026h/Documents/GitKra/Global Game Jam 2020/GGJ20/Saved/Config/Windows/Engine.ini]
[2020.01.31-23.17.14:861][  0]LogConfig: Setting CVar [[s.MinBulkDataSizeForAsyncLoading:131072]]
[2020.01.31-23.17.14:861][  0]LogConfig: Setting CVar [[s.AsyncLoadingThreadEnabled:0]]
[2020.01.31-23.17.14:861][  0]LogConfig: Setting CVar [[s.EventDrivenLoaderEnabled:1]]
[2020.01.31-23.17.14:861][  0]LogConfig: Setting CVar [[s.WarnIfTimeLimitExceeded:0]]
[2020.01.31-23.17.14:861][  0]LogConfig: Setting CVar [[s.TimeLimitExceededMultiplier:1.5]]
[2020.01.31-23.17.14:861][  0]LogConfig: Setting CVar [[s.TimeLimitExceededMinTime:0.005]]
[2020.01.31-23.17.14:861][  0]LogConfig: Setting CVar [[s.UseBackgroundLevelStreaming:1]]
[2020.01.31-23.17.14:861][  0]LogConfig: Setting CVar [[s.PriorityAsyncLoadingExtraTime:15.0]]
[2020.01.31-23.17.14:861][  0]LogConfig: Setting CVar [[s.LevelStreamingActorsUpdateTimeLimit:5.0]]
[2020.01.31-23.17.14:861][  0]LogConfig: Setting CVar [[s.PriorityLevelStreamingActorsUpdateExtraTime:5.0]]
[2020.01.31-23.17.14:861][  0]LogConfig: Setting CVar [[s.LevelStreamingComponentsRegistrationGranularity:10]]
[2020.01.31-23.17.14:861][  0]LogConfig: Setting CVar [[s.UnregisterComponentsTimeLimit:1.0]]
[2020.01.31-23.17.14:861][  0]LogConfig: Setting CVar [[s.LevelStreamingComponentsUnregistrationGranularity:5]]
[2020.01.31-23.17.14:861][  0]LogConfig: Applying CVar settings from Section [/Script/Engine.GarbageCollectionSettings] File [C:/Users/h017026h/Documents/GitKra/Global Game Jam 2020/GGJ20/Saved/Config/Windows/Engine.ini]
[2020.01.31-23.17.14:861][  0]LogConfig: Setting CVar [[gc.MaxObjectsNotConsideredByGC:1]]
[2020.01.31-23.17.14:862][  0]LogConfig: Setting CVar [[gc.SizeOfPermanentObjectPool:0]]
[2020.01.31-23.17.14:862][  0]LogConfig: Setting CVar [[gc.FlushStreamingOnGC:0]]
[2020.01.31-23.17.14:862][  0]LogConfig: Setting CVar [[gc.NumRetriesBeforeForcingGC:10]]
[2020.01.31-23.17.14:862][  0]LogConfig: Setting CVar [[gc.AllowParallelGC:1]]
[2020.01.31-23.17.14:862][  0]LogConfig: Setting CVar [[gc.TimeBetweenPurgingPendingKillObjects:61.1]]
[2020.01.31-23.17.14:862][  0]LogConfig: Setting CVar [[gc.MaxObjectsInEditor:16777216]]
[2020.01.31-23.17.14:862][  0]LogConfig: Setting CVar [[gc.IncrementalBeginDestroyEnabled:1]]
[2020.01.31-23.17.14:862][  0]LogConfig: Setting CVar [[gc.CreateGCClusters:1]]
[2020.01.31-23.17.14:862][  0]LogConfig: Setting CVar [[gc.MinGCClusterSize:5]]
[2020.01.31-23.17.14:862][  0]LogConfig: Setting CVar [[gc.ActorClusteringEnabled:0]]
[2020.01.31-23.17.14:862][  0]LogConfig: Setting CVar [[gc.BlueprintClusteringEnabled:0]]
[2020.01.31-23.17.14:862][  0]LogConfig: Setting CVar [[gc.UseDisregardForGCOnDedicatedServers:0]]
[2020.01.31-23.17.14:862][  0]LogConfig: Applying CVar settings from Section [/Script/Engine.NetworkSettings] File [C:/Users/h017026h/Documents/GitKra/Global Game Jam 2020/GGJ20/Saved/Config/Windows/Engine.ini]
[2020.01.31-23.17.14:862][  0]LogConfig: Applying CVar settings from Section [/Script/UnrealEd.CookerSettings] File [C:/Users/h017026h/Documents/GitKra/Global Game Jam 2020/GGJ20/Saved/Config/Windows/Engine.ini]
[2020.01.31-23.17.14:870][  0]LogConfig: Applying CVar settings from Section [ViewDistanceQuality@3] File [C:/Users/h017026h/Documents/GitKra/Global Game Jam 2020/GGJ20/Saved/Config/Windows/Scalability.ini]
[2020.01.31-23.17.14:871][  0]LogConfig: Setting CVar [[r.SkeletalMeshLODBias:0]]
[2020.01.31-23.17.14:871][  0]LogConfig: Setting CVar [[r.ViewDistanceScale:1.0]]
[2020.01.31-23.17.14:871][  0]LogConfig: Applying CVar settings from Section [AntiAliasingQuality@3] File [C:/Users/h017026h/Documents/GitKra/Global Game Jam 2020/GGJ20/Saved/Config/Windows/Scalability.ini]
[2020.01.31-23.17.14:871][  0]LogConfig: Setting CVar [[r.PostProcessAAQuality:4]]
[2020.01.31-23.17.14:871][  0]LogConfig: Applying CVar settings from Section [ShadowQuality@3] File [C:/Users/h017026h/Documents/GitKra/Global Game Jam 2020/GGJ20/Saved/Config/Windows/Scalability.ini]
[2020.01.31-23.17.14:871][  0]LogConfig: Setting CVar [[r.LightFunctionQuality:1]]
[2020.01.31-23.17.14:871][  0]LogConfig: Setting CVar [[r.ShadowQuality:5]]
[2020.01.31-23.17.14:871][  0]LogConfig: Setting CVar [[r.Shadow.CSM.MaxCascades:10]]
[2020.01.31-23.17.14:871][  0]LogConfig: Setting CVar [[r.Shadow.MaxResolution:2048]]
[2020.01.31-23.17.14:871][  0]LogConfig: Setting CVar [[r.Shadow.MaxCSMResolution:2048]]
[2020.01.31-23.17.14:871][  0]LogConfig: Setting CVar [[r.Shadow.RadiusThreshold:0.01]]
[2020.01.31-23.17.14:871][  0]LogConfig: Setting CVar [[r.Shadow.DistanceScale:1.0]]
[2020.01.31-23.17.14:871][  0]LogConfig: Setting CVar [[r.Shadow.CSM.TransitionScale:1.0]]
[2020.01.31-23.17.14:871][  0]LogConfig: Setting CVar [[r.Shadow.PreShadowResolutionFactor:1.0]]
[2020.01.31-23.17.14:871][  0]LogConfig: Setting CVar [[r.DistanceFieldShadowing:1]]
[2020.01.31-23.17.14:871][  0]LogConfig: Setting CVar [[r.DistanceFieldAO:1]]
[2020.01.31-23.17.14:872][  0]LogConfig: Setting CVar [[r.AOQuality:2]]
[2020.01.31-23.17.14:872][  0]LogConfig: Setting CVar [[r.VolumetricFog:1]]
[2020.01.31-23.17.14:872][  0]LogConfig: Setting CVar [[r.VolumetricFog.GridPixelSize:8]]
[2020.01.31-23.17.14:872][  0]LogConfig: Setting CVar [[r.VolumetricFog.GridSizeZ:128]]
[2020.01.31-23.17.14:872][  0]LogConfig: Setting CVar [[r.VolumetricFog.HistoryMissSupersampleCount:4]]
[2020.01.31-23.17.14:872][  0]LogConfig: Setting CVar [[r.LightMaxDrawDistanceScale:1]]
[2020.01.31-23.17.14:872][  0]LogConfig: Setting CVar [[r.CapsuleShadows:1]]
[2020.01.31-23.17.14:872][  0]LogConfig: Applying CVar settings from Section [PostProcessQuality@3] File [C:/Users/h017026h/Documents/GitKra/Global Game Jam 2020/GGJ20/Saved/Config/Windows/Scalability.ini]
[2020.01.31-23.17.14:872][  0]LogConfig: Setting CVar [[r.MotionBlurQuality:4]]
[2020.01.31-23.17.14:872][  0]LogConfig: Setting CVar [[r.AmbientOcclusionMipLevelFactor:0.4]]
[2020.01.31-23.17.14:872][  0]LogConfig: Setting CVar [[r.AmbientOcclusionMaxQuality:100]]
[2020.01.31-23.17.14:872][  0]LogConfig: Setting CVar [[r.AmbientOcclusionLevels:-1]]
[2020.01.31-23.17.14:872][  0]LogConfig: Setting CVar [[r.AmbientOcclusionRadiusScale:1.0]]
[2020.01.31-23.17.14:872][  0]LogConfig: Setting CVar [[r.DepthOfFieldQuality:2]]
[2020.01.31-23.17.14:872][  0]LogConfig: Setting CVar [[r.RenderTargetPoolMin:400]]
[2020.01.31-23.17.14:872][  0]LogConfig: Setting CVar [[r.LensFlareQuality:2]]
[2020.01.31-23.17.14:872][  0]LogConfig: Setting CVar [[r.SceneColorFringeQuality:1]]
[2020.01.31-23.17.14:873][  0]LogConfig: Setting CVar [[r.EyeAdaptationQuality:2]]
[2020.01.31-23.17.14:873][  0]LogConfig: Setting CVar [[r.BloomQuality:5]]
[2020.01.31-23.17.14:873][  0]LogConfig: Setting CVar [[r.FastBlurThreshold:100]]
[2020.01.31-23.17.14:873][  0]LogConfig: Setting CVar [[r.Upscale.Quality:3]]
[2020.01.31-23.17.14:873][  0]LogConfig: Setting CVar [[r.Tonemapper.GrainQuantization:1]]
[2020.01.31-23.17.14:873][  0]LogConfig: Setting CVar [[r.LightShaftQuality:1]]
[2020.01.31-23.17.14:873][  0]LogConfig: Setting CVar [[r.Filter.SizeScale:1]]
[2020.01.31-23.17.14:873][  0]LogConfig: Setting CVar [[r.Tonemapper.Quality:5]]
[2020.01.31-23.17.14:873][  0]LogConfig: Setting CVar [[r.DOF.Gather.AccumulatorQuality:1        ; higher gathering accumulator quality]]
[2020.01.31-23.17.14:873][  0]LogConfig: Setting CVar [[r.DOF.Gather.PostfilterMethod:1          ; Median3x3 postfilering method]]
[2020.01.31-23.17.14:873][  0]LogConfig: Setting CVar [[r.DOF.Gather.EnableBokehSettings:0       ; no bokeh simulation when gathering]]
[2020.01.31-23.17.14:873][  0]LogConfig: Setting CVar [[r.DOF.Gather.RingCount:4                 ; medium number of samples when gathering]]
[2020.01.31-23.17.14:873][  0]LogConfig: Setting CVar [[r.DOF.Scatter.ForegroundCompositing:1    ; additive foreground scattering]]
[2020.01.31-23.17.14:873][  0]LogConfig: Setting CVar [[r.DOF.Scatter.BackgroundCompositing:2    ; additive background scattering]]
[2020.01.31-23.17.14:873][  0]LogConfig: Setting CVar [[r.DOF.Scatter.EnableBokehSettings:1      ; bokeh simulation when scattering]]
[2020.01.31-23.17.14:873][  0]LogConfig: Setting CVar [[r.DOF.Scatter.MaxSpriteRatio:0.1         ; only a maximum of 10% of scattered bokeh]]
[2020.01.31-23.17.14:873][  0]LogConfig: Setting CVar [[r.DOF.Recombine.Quality:1                ; cheap slight out of focus]]
[2020.01.31-23.17.14:874][  0]LogConfig: Setting CVar [[r.DOF.Recombine.EnableBokehSettings:0    ; no bokeh simulation on slight out of focus]]
[2020.01.31-23.17.14:874][  0]LogConfig: Setting CVar [[r.DOF.TemporalAAQuality:1                ; more stable temporal accumulation]]
[2020.01.31-23.17.14:874][  0]LogConfig: Setting CVar [[r.DOF.Kernel.MaxForegroundRadius:0.025]]
[2020.01.31-23.17.14:874][  0]LogConfig: Setting CVar [[r.DOF.Kernel.MaxBackgroundRadius:0.025]]
[2020.01.31-23.17.14:874][  0]LogConfig: Applying CVar settings from Section [TextureQuality@3] File [C:/Users/h017026h/Documents/GitKra/Global Game Jam 2020/GGJ20/Saved/Config/Windows/Scalability.ini]
[2020.01.31-23.17.14:874][  0]LogConfig: Setting CVar [[r.Streaming.MipBias:0]]
[2020.01.31-23.17.14:874][  0]LogConfig: Setting CVar [[r.Streaming.AmortizeCPUToGPUCopy:0]]
[2020.01.31-23.17.14:874][  0]LogConfig: Setting CVar [[r.Streaming.MaxNumTexturesToStreamPerFrame:0]]
[2020.01.31-23.17.14:874][  0]LogConfig: Setting CVar [[r.Streaming.Boost:1]]
[2020.01.31-23.17.14:874][  0]LogConfig: Setting CVar [[r.MaxAnisotropy:8]]
[2020.01.31-23.17.14:874][  0]LogConfig: Setting CVar [[r.Streaming.LimitPoolSizeToVRAM:0]]
[2020.01.31-23.17.14:874][  0]LogConfig: Setting CVar [[r.Streaming.PoolSize:1000]]
[2020.01.31-23.17.14:874][  0]LogConfig: Setting CVar [[r.Streaming.MaxEffectiveScreenSize:0]]
[2020.01.31-23.17.14:874][  0]LogConfig: Applying CVar settings from Section [EffectsQuality@3] File [C:/Users/h017026h/Documents/GitKra/Global Game Jam 2020/GGJ20/Saved/Config/Windows/Scalability.ini]
[2020.01.31-23.17.14:874][  0]LogConfig: Setting CVar [[r.TranslucencyLightingVolumeDim:64]]
[2020.01.31-23.17.14:874][  0]LogConfig: Setting CVar [[r.RefractionQuality:2]]
[2020.01.31-23.17.14:874][  0]LogConfig: Setting CVar [[r.SSR.Quality:3]]
[2020.01.31-23.17.14:874][  0]LogConfig: Setting CVar [[r.SceneColorFormat:4]]
[2020.01.31-23.17.14:875][  0]LogConfig: Setting CVar [[r.DetailMode:2]]
[2020.01.31-23.17.14:875][  0]LogConfig: Setting CVar [[r.TranslucencyVolumeBlur:1]]
[2020.01.31-23.17.14:875][  0]LogConfig: Setting CVar [[r.MaterialQualityLevel:1 ; High quality]]
[2020.01.31-23.17.14:875][  0]LogConfig: Setting CVar [[r.SSS.Scale:1]]
[2020.01.31-23.17.14:875][  0]LogConfig: Setting CVar [[r.SSS.SampleSet:2]]
[2020.01.31-23.17.14:875][  0]LogConfig: Setting CVar [[r.SSS.Quality:1]]
[2020.01.31-23.17.14:875][  0]LogConfig: Setting CVar [[r.SSS.HalfRes:1]]
[2020.01.31-23.17.14:875][  0]LogConfig: Setting CVar [[r.EmitterSpawnRateScale:1.0]]
[2020.01.31-23.17.14:875][  0]LogConfig: Setting CVar [[r.ParticleLightQuality:2]]
[2020.01.31-23.17.14:875][  0]LogConfig: Applying CVar settings from Section [FoliageQuality@3] File [C:/Users/h017026h/Documents/GitKra/Global Game Jam 2020/GGJ20/Saved/Config/Windows/Scalability.ini]
[2020.01.31-23.17.14:875][  0]LogConfig: Setting CVar [[foliage.DensityScale:1.0]]
[2020.01.31-23.17.14:875][  0]LogConfig: Setting CVar [[grass.DensityScale:1.0]]
[2020.01.31-23.17.14:875][  0]LogInit: Selected Device Profile: [Windows]
[2020.01.31-23.17.14:875][  0]LogInit: Applying CVar settings loaded from the selected device profile: [Windows]
[2020.01.31-23.17.14:893][  0]LogHAL: Display: Platform has ~ 32 GB [34065854464 / 34359738368 / 32], which maps to Largest [LargestMinGB=32, LargerMinGB=12, DefaultMinGB=8, SmallerMinGB=6, SmallestMinGB=0)
[2020.01.31-23.17.14:893][  0]LogConfig: Setting CVar [[r.Vulkan.UseRealUBs:0		; Required until we fix HLR fall-out]]
[2020.01.31-23.17.14:893][  0]LogInit: Going up to parent DeviceProfile []
[2020.01.31-23.17.14:893][  0]LogConfig: Applying CVar settings from Section [ViewDistanceQuality@3] File [C:/Users/h017026h/Documents/GitKra/Global Game Jam 2020/GGJ20/Saved/Config/Windows/Scalability.ini]
[2020.01.31-23.17.14:893][  0]LogConfig: Setting CVar [[r.SkeletalMeshLODBias:0]]
[2020.01.31-23.17.14:893][  0]LogConfig: Setting CVar [[r.ViewDistanceScale:1.0]]
[2020.01.31-23.17.14:893][  0]LogConfig: Applying CVar settings from Section [AntiAliasingQuality@3] File [C:/Users/h017026h/Documents/GitKra/Global Game Jam 2020/GGJ20/Saved/Config/Windows/Scalability.ini]
[2020.01.31-23.17.14:894][  0]LogConfig: Setting CVar [[r.PostProcessAAQuality:4]]
[2020.01.31-23.17.14:894][  0]LogConfig: Applying CVar settings from Section [ShadowQuality@3] File [C:/Users/h017026h/Documents/GitKra/Global Game Jam 2020/GGJ20/Saved/Config/Windows/Scalability.ini]
[2020.01.31-23.17.14:894][  0]LogConfig: Setting CVar [[r.LightFunctionQuality:1]]
[2020.01.31-23.17.14:894][  0]LogConfig: Setting CVar [[r.ShadowQuality:5]]
[2020.01.31-23.17.14:894][  0]LogConfig: Setting CVar [[r.Shadow.CSM.MaxCascades:10]]
[2020.01.31-23.17.14:894][  0]LogConfig: Setting CVar [[r.Shadow.MaxResolution:2048]]
[2020.01.31-23.17.14:894][  0]LogConfig: Setting CVar [[r.Shadow.MaxCSMResolution:2048]]
[2020.01.31-23.17.14:894][  0]LogConfig: Setting CVar [[r.Shadow.RadiusThreshold:0.01]]
[2020.01.31-23.17.14:894][  0]LogConfig: Setting CVar [[r.Shadow.DistanceScale:1.0]]
[2020.01.31-23.17.14:894][  0]LogConfig: Setting CVar [[r.Shadow.CSM.TransitionScale:1.0]]
[2020.01.31-23.17.14:894][  0]LogConfig: Setting CVar [[r.Shadow.PreShadowResolutionFactor:1.0]]
[2020.01.31-23.17.14:894][  0]LogConfig: Setting CVar [[r.DistanceFieldShadowing:1]]
[2020.01.31-23.17.14:894][  0]LogConfig: Setting CVar [[r.DistanceFieldAO:1]]
[2020.01.31-23.17.14:894][  0]LogConfig: Setting CVar [[r.AOQuality:2]]
[2020.01.31-23.17.14:894][  0]LogConfig: Setting CVar [[r.VolumetricFog:1]]
[2020.01.31-23.17.14:894][  0]LogConfig: Setting CVar [[r.VolumetricFog.GridPixelSize:8]]
[2020.01.31-23.17.14:895][  0]LogConfig: Setting CVar [[r.VolumetricFog.GridSizeZ:128]]
[2020.01.31-23.17.14:895][  0]LogConfig: Setting CVar [[r.VolumetricFog.HistoryMissSupersampleCount:4]]
[2020.01.31-23.17.14:895][  0]LogConfig: Setting CVar [[r.LightMaxDrawDistanceScale:1]]
[2020.01.31-23.17.14:895][  0]LogConfig: Setting CVar [[r.CapsuleShadows:1]]
[2020.01.31-23.17.14:895][  0]LogConfig: Applying CVar settings from Section [PostProcessQuality@3] File [C:/Users/h017026h/Documents/GitKra/Global Game Jam 2020/GGJ20/Saved/Config/Windows/Scalability.ini]
[2020.01.31-23.17.14:895][  0]LogConfig: Setting CVar [[r.MotionBlurQuality:4]]
[2020.01.31-23.17.14:895][  0]LogConfig: Setting CVar [[r.AmbientOcclusionMipLevelFactor:0.4]]
[2020.01.31-23.17.14:895][  0]LogConfig: Setting CVar [[r.AmbientOcclusionMaxQuality:100]]
[2020.01.31-23.17.14:895][  0]LogConfig: Setting CVar [[r.AmbientOcclusionLevels:-1]]
[2020.01.31-23.17.14:895][  0]LogConfig: Setting CVar [[r.AmbientOcclusionRadiusScale:1.0]]
[2020.01.31-23.17.14:895][  0]LogConfig: Setting CVar [[r.DepthOfFieldQuality:2]]
[2020.01.31-23.17.14:895][  0]LogConfig: Setting CVar [[r.RenderTargetPoolMin:400]]
[2020.01.31-23.17.14:895][  0]LogConfig: Setting CVar [[r.LensFlareQuality:2]]
[2020.01.31-23.17.14:895][  0]LogConfig: Setting CVar [[r.SceneColorFringeQuality:1]]
[2020.01.31-23.17.14:895][  0]LogConfig: Setting CVar [[r.EyeAdaptationQuality:2]]
[2020.01.31-23.17.14:896][  0]LogConfig: Setting CVar [[r.BloomQuality:5]]
[2020.01.31-23.17.14:896][  0]LogConfig: Setting CVar [[r.FastBlurThreshold:100]]
[2020.01.31-23.17.14:896][  0]LogConfig: Setting CVar [[r.Upscale.Quality:3]]
[2020.01.31-23.17.14:896][  0]LogConfig: Setting CVar [[r.Tonemapper.GrainQuantization:1]]
[2020.01.31-23.17.14:896][  0]LogConfig: Setting CVar [[r.LightShaftQuality:1]]
[2020.01.31-23.17.14:896][  0]LogConfig: Setting CVar [[r.Filter.SizeScale:1]]
[2020.01.31-23.17.14:896][  0]LogConfig: Setting CVar [[r.Tonemapper.Quality:5]]
[2020.01.31-23.17.14:896][  0]LogConfig: Setting CVar [[r.DOF.Gather.AccumulatorQuality:1        ; higher gathering accumulator quality]]
[2020.01.31-23.17.14:896][  0]LogConfig: Setting CVar [[r.DOF.Gather.PostfilterMethod:1          ; Median3x3 postfilering method]]
[2020.01.31-23.17.14:896][  0]LogConfig: Setting CVar [[r.DOF.Gather.EnableBokehSettings:0       ; no bokeh simulation when gathering]]
[2020.01.31-23.17.14:896][  0]LogConfig: Setting CVar [[r.DOF.Gather.RingCount:4                 ; medium number of samples when gathering]]
[2020.01.31-23.17.14:896][  0]LogConfig: Setting CVar [[r.DOF.Scatter.ForegroundCompositing:1    ; additive foreground scattering]]
[2020.01.31-23.17.14:896][  0]LogConfig: Setting CVar [[r.DOF.Scatter.BackgroundCompositing:2    ; additive background scattering]]
[2020.01.31-23.17.14:896][  0]LogConfig: Setting CVar [[r.DOF.Scatter.EnableBokehSettings:1      ; bokeh simulation when scattering]]
[2020.01.31-23.17.14:896][  0]LogConfig: Setting CVar [[r.DOF.Scatter.MaxSpriteRatio:0.1         ; only a maximum of 10% of scattered bokeh]]
[2020.01.31-23.17.14:896][  0]LogConfig: Setting CVar [[r.DOF.Recombine.Quality:1                ; cheap slight out of focus]]
[2020.01.31-23.17.14:896][  0]LogConfig: Setting CVar [[r.DOF.Recombine.EnableBokehSettings:0    ; no bokeh simulation on slight out of focus]]
[2020.01.31-23.17.14:896][  0]LogConfig: Setting CVar [[r.DOF.TemporalAAQuality:1                ; more stable temporal accumulation]]
[2020.01.31-23.17.14:897][  0]LogConfig: Setting CVar [[r.DOF.Kernel.MaxForegroundRadius:0.025]]
[2020.01.31-23.17.14:897][  0]LogConfig: Setting CVar [[r.DOF.Kernel.MaxBackgroundRadius:0.025]]
[2020.01.31-23.17.14:897][  0]LogConfig: Applying CVar settings from Section [TextureQuality@3] File [C:/Users/h017026h/Documents/GitKra/Global Game Jam 2020/GGJ20/Saved/Config/Windows/Scalability.ini]
[2020.01.31-23.17.14:897][  0]LogConfig: Setting CVar [[r.Streaming.MipBias:0]]
[2020.01.31-23.17.14:897][  0]LogConfig: Setting CVar [[r.Streaming.AmortizeCPUToGPUCopy:0]]
[2020.01.31-23.17.14:897][  0]LogConfig: Setting CVar [[r.Streaming.MaxNumTexturesToStreamPerFrame:0]]
[2020.01.31-23.17.14:897][  0]LogConfig: Setting CVar [[r.Streaming.Boost:1]]
[2020.01.31-23.17.14:897][  0]LogConfig: Setting CVar [[r.MaxAnisotropy:8]]
[2020.01.31-23.17.14:897][  0]LogConfig: Setting CVar [[r.Streaming.LimitPoolSizeToVRAM:0]]
[2020.01.31-23.17.14:897][  0]LogConfig: Setting CVar [[r.Streaming.PoolSize:1000]]
[2020.01.31-23.17.14:897][  0]LogConfig: Setting CVar [[r.Streaming.MaxEffectiveScreenSize:0]]
[2020.01.31-23.17.14:897][  0]LogConfig: Applying CVar settings from Section [EffectsQuality@3] File [C:/Users/h017026h/Documents/GitKra/Global Game Jam 2020/GGJ20/Saved/Config/Windows/Scalability.ini]
[2020.01.31-23.17.14:897][  0]LogConfig: Setting CVar [[r.TranslucencyLightingVolumeDim:64]]
[2020.01.31-23.17.14:897][  0]LogConfig: Setting CVar [[r.RefractionQuality:2]]
[2020.01.31-23.17.14:897][  0]LogConfig: Setting CVar [[r.SSR.Quality:3]]
[2020.01.31-23.17.14:897][  0]LogConfig: Setting CVar [[r.SceneColorFormat:4]]
[2020.01.31-23.17.14:897][  0]LogConfig: Setting CVar [[r.DetailMode:2]]
[2020.01.31-23.17.14:898][  0]LogConfig: Setting CVar [[r.TranslucencyVolumeBlur:1]]
[2020.01.31-23.17.14:898][  0]LogConfig: Setting CVar [[r.MaterialQualityLevel:1 ; High quality]]
[2020.01.31-23.17.14:898][  0]LogConfig: Setting CVar [[r.SSS.Scale:1]]
[2020.01.31-23.17.14:898][  0]LogConfig: Setting CVar [[r.SSS.SampleSet:2]]
[2020.01.31-23.17.14:898][  0]LogConfig: Setting CVar [[r.SSS.Quality:1]]
[2020.01.31-23.17.14:898][  0]LogConfig: Setting CVar [[r.SSS.HalfRes:1]]
[2020.01.31-23.17.14:898][  0]LogConfig: Setting CVar [[r.EmitterSpawnRateScale:1.0]]
[2020.01.31-23.17.14:898][  0]LogConfig: Setting CVar [[r.ParticleLightQuality:2]]
[2020.01.31-23.17.14:898][  0]LogConfig: Applying CVar settings from Section [FoliageQuality@3] File [C:/Users/h017026h/Documents/GitKra/Global Game Jam 2020/GGJ20/Saved/Config/Windows/Scalability.ini]
[2020.01.31-23.17.14:898][  0]LogConfig: Setting CVar [[foliage.DensityScale:1.0]]
[2020.01.31-23.17.14:898][  0]LogConfig: Setting CVar [[grass.DensityScale:1.0]]
[2020.01.31-23.17.14:898][  0]LogConfig: Applying CVar settings from Section [Startup] File [../../../Engine/Config/ConsoleVariables.ini]
[2020.01.31-23.17.14:899][  0]LogConfig: Setting CVar [[net.UseAdaptiveNetUpdateFrequency:0]]
[2020.01.31-23.17.14:899][  0]LogConfig: Setting CVar [[p.chaos.AllowCreatePhysxBodies:1]]
[2020.01.31-23.17.14:899][  0]LogConfig: Applying CVar settings from Section [ConsoleVariables] File [C:/Users/h017026h/Documents/GitKra/Global Game Jam 2020/GGJ20/Saved/Config/Windows/Engine.ini]
[2020.01.31-23.17.14:899][  0]LogInit: Computer: C117B-20
[2020.01.31-23.17.14:899][  0]LogInit: User: h017026h
[2020.01.31-23.17.14:899][  0]LogInit: CPU Page size=4096, Cores=4
[2020.01.31-23.17.14:899][  0]LogInit: High frequency timer resolution =10.000000 MHz
[2020.01.31-23.17.14:899][  0]LogMemory: Memory total: Physical=31.7GB (32GB approx)
[2020.01.31-23.17.14:899][  0]LogMemory: Platform Memory Stats for Windows
[2020.01.31-23.17.14:899][  0]LogMemory: Process Physical Memory: 97.11 MB used, 97.12 MB peak
[2020.01.31-23.17.14:899][  0]LogMemory: Process Virtual Memory: 89.21 MB used, 89.21 MB peak
[2020.01.31-23.17.14:899][  0]LogMemory: Physical Memory: 10239.02 MB used,  22248.71 MB free, 32487.73 MB total
[2020.01.31-23.17.14:900][  0]LogMemory: Virtual Memory: 4642.67 MB used,  134213088.00 MB free, 134217728.00 MB total
[2020.01.31-23.17.15:074][  0]LogInit: Using OS detected language (en-US).
[2020.01.31-23.17.15:075][  0]LogInit: Using OS detected locale (en-GB).
[2020.01.31-23.17.15:076][  0]LogTextLocalizationManager: No specific localization for 'en-US' exists, so the 'en' localization will be used.
[2020.01.31-23.17.15:246][  0]LogInit: Setting process to per monitor DPI aware
[2020.01.31-23.17.15:327][  0]LogSlate: New Slate User Created.  User Index 0, Is Virtual User: 0
[2020.01.31-23.17.15:327][  0]LogSlate: Slate User Registered.  User Index 0, Is Virtual User: 0
[2020.01.31-23.17.15:507][  0]LogHMD: Failed to initialize OpenVR with code 110
[2020.01.31-23.17.15:507][  0]LogD3D11RHI: D3D11 adapters:
[2020.01.31-23.17.15:599][  0]LogD3D11RHI:    0. 'NVIDIA GeForce GTX 1070' (Feature Level 11_0)
[2020.01.31-23.17.15:599][  0]LogD3D11RHI:       8088/0/16243 MB DedicatedVideo/DedicatedSystem/SharedSystem, Outputs:2, VendorId:0x10de
[2020.01.31-23.17.15:605][  0]LogD3D11RHI:    1. 'Microsoft Basic Render Driver' (Feature Level 11_0)
[2020.01.31-23.17.15:605][  0]LogD3D11RHI:       0/0/16243 MB DedicatedVideo/DedicatedSystem/SharedSystem, Outputs:0, VendorId:0x1414
[2020.01.31-23.17.15:605][  0]LogD3D11RHI: Chosen D3D11 Adapter: 0
[2020.01.31-23.17.15:614][  0]LogD3D11RHI: Creating new Direct3DDevice
[2020.01.31-23.17.15:614][  0]LogD3D11RHI:     GPU DeviceId: 0x1b81 (for the marketing name, search the web for "GPU Device Id")
[2020.01.31-23.17.15:614][  0]LogWindows: EnumDisplayDevices:
[2020.01.31-23.17.15:614][  0]LogWindows:    0. 'NVIDIA GeForce GTX 1070' (P:1 D:1)
[2020.01.31-23.17.15:614][  0]LogWindows:    1. 'NVIDIA GeForce GTX 1070' (P:0 D:1)
[2020.01.31-23.17.15:615][  0]LogWindows:    2. 'NVIDIA GeForce GTX 1070' (P:0 D:0)
[2020.01.31-23.17.15:615][  0]LogWindows:    3. 'NVIDIA GeForce GTX 1070' (P:0 D:0)
[2020.01.31-23.17.15:615][  0]LogWindows: DebugString: FoundDriverCount:4 
[2020.01.31-23.17.15:615][  0]LogD3D11RHI:     Adapter Name: NVIDIA GeForce GTX 1070
[2020.01.31-23.17.15:615][  0]LogD3D11RHI:   Driver Version: 441.66 (internal:26.21.14.4166, unified:441.66)
[2020.01.31-23.17.15:615][  0]LogD3D11RHI:      Driver Date: 12-6-2019
[2020.01.31-23.17.15:615][  0]LogRHI: Texture pool is 5661 MB (70% of 8088 MB)
[2020.01.31-23.17.15:661][  0]LogD3D11RHI: Async texture creation enabled
[2020.01.31-23.17.15:668][  0]LogRendererCore: FGlobalReadBuffer::InitRHI
[2020.01.31-23.17.15:669][  0]LogRendererCore: FGlobalReadBuffer::InitRHI
[2020.01.31-23.17.15:669][  0]LogRendererCore: FGlobalReadBuffer::InitRHI
[2020.01.31-23.17.15:680][  0]LogD3D11RHI: GPU Timing Frequency: 1000.000000 (Debug: 2 1)
[2020.01.31-23.17.15:977][  0]LogTemp: Display: Module 'AllDesktopTargetPlatform' loaded TargetPlatform 'AllDesktop'
[2020.01.31-23.17.15:992][  0]LogTemp: Display: Module 'MacClientTargetPlatform' loaded TargetPlatform 'MacClient'
[2020.01.31-23.17.16:008][  0]LogTemp: Display: Module 'MacNoEditorTargetPlatform' loaded TargetPlatform 'MacNoEditor'
[2020.01.31-23.17.16:024][  0]LogTemp: Display: Module 'MacServerTargetPlatform' loaded TargetPlatform 'MacServer'
[2020.01.31-23.17.16:056][  0]LogTemp: Display: Module 'MacTargetPlatform' loaded TargetPlatform 'Mac'
[2020.01.31-23.17.16:075][  0]LogTemp: Display: Module 'WindowsClientTargetPlatform' loaded TargetPlatform 'WindowsClient'
[2020.01.31-23.17.16:092][  0]LogTemp: Display: Module 'WindowsNoEditorTargetPlatform' loaded TargetPlatform 'WindowsNoEditor'
[2020.01.31-23.17.16:108][  0]LogTemp: Display: Module 'WindowsServerTargetPlatform' loaded TargetPlatform 'WindowsServer'
[2020.01.31-23.17.16:118][  0]LogTemp: Display: Module 'WindowsTargetPlatform' loaded TargetPlatform 'Windows'
[2020.01.31-23.17.16:201][  0]LogTemp: Display: Module 'AndroidTargetPlatform' loaded TargetPlatform 'Android'
[2020.01.31-23.17.16:202][  0]LogTemp: Display: Module 'AndroidTargetPlatform' loaded TargetPlatform 'Android_ASTC'
[2020.01.31-23.17.16:202][  0]LogTemp: Display: Module 'AndroidTargetPlatform' loaded TargetPlatform 'Android_ATC'
[2020.01.31-23.17.16:202][  0]LogTemp: Display: Module 'AndroidTargetPlatform' loaded TargetPlatform 'Android_DXT'
[2020.01.31-23.17.16:202][  0]LogTemp: Display: Module 'AndroidTargetPlatform' loaded TargetPlatform 'Android_ETC1'
[2020.01.31-23.17.16:202][  0]LogTemp: Display: Module 'AndroidTargetPlatform' loaded TargetPlatform 'Android_ETC1a'
[2020.01.31-23.17.16:202][  0]LogTemp: Display: Module 'AndroidTargetPlatform' loaded TargetPlatform 'Android_ETC2'
[2020.01.31-23.17.16:202][  0]LogTemp: Display: Module 'AndroidTargetPlatform' loaded TargetPlatform 'Android_PVRTC'
[2020.01.31-23.17.16:202][  0]LogTemp: Display: Module 'AndroidTargetPlatform' loaded TargetPlatform 'AndroidClient'
[2020.01.31-23.17.16:202][  0]LogTemp: Display: Module 'AndroidTargetPlatform' loaded TargetPlatform 'Android_ASTCClient'
[2020.01.31-23.17.16:202][  0]LogTemp: Display: Module 'AndroidTargetPlatform' loaded TargetPlatform 'Android_ATCClient'
[2020.01.31-23.17.16:202][  0]LogTemp: Display: Module 'AndroidTargetPlatform' loaded TargetPlatform 'Android_DXTClient'
[2020.01.31-23.17.16:203][  0]LogTemp: Display: Module 'AndroidTargetPlatform' loaded TargetPlatform 'Android_ETC1Client'
[2020.01.31-23.17.16:203][  0]LogTemp: Display: Module 'AndroidTargetPlatform' loaded TargetPlatform 'Android_ETC1aClient'
[2020.01.31-23.17.16:203][  0]LogTemp: Display: Module 'AndroidTargetPlatform' loaded TargetPlatform 'Android_ETC2Client'
[2020.01.31-23.17.16:203][  0]LogTemp: Display: Module 'AndroidTargetPlatform' loaded TargetPlatform 'Android_PVRTCClient'
[2020.01.31-23.17.16:203][  0]LogTemp: Display: Module 'AndroidTargetPlatform' loaded TargetPlatform 'Android_Multi'
[2020.01.31-23.17.16:203][  0]LogTemp: Display: Module 'AndroidTargetPlatform' loaded TargetPlatform 'Android_MultiClient'
[2020.01.31-23.17.16:207][  0]LogTemp: Display: Module 'HTML5TargetPlatform' loaded TargetPlatform 'HTML5'
[2020.01.31-23.17.16:265][  0]LogTemp: Display: Module 'IOSTargetPlatform' loaded TargetPlatform 'IOSClient'
[2020.01.31-23.17.16:265][  0]LogTemp: Display: Module 'IOSTargetPlatform' loaded TargetPlatform 'IOS'
[2020.01.31-23.17.16:292][  0]LogTemp: Display: Module 'TVOSTargetPlatform' loaded TargetPlatform 'TVOSClient'
[2020.01.31-23.17.16:292][  0]LogTemp: Display: Module 'TVOSTargetPlatform' loaded TargetPlatform 'TVOS'
[2020.01.31-23.17.16:314][  0]LogTemp: Display: Module 'LinuxClientTargetPlatform' loaded TargetPlatform 'LinuxClient'
[2020.01.31-23.17.16:330][  0]LogTemp: Display: Module 'LinuxNoEditorTargetPlatform' loaded TargetPlatform 'LinuxNoEditor'
[2020.01.31-23.17.16:344][  0]LogTemp: Display: Module 'LinuxServerTargetPlatform' loaded TargetPlatform 'LinuxServer'
[2020.01.31-23.17.16:363][  0]LogTemp: Display: Module 'LinuxTargetPlatform' loaded TargetPlatform 'Linux'
[2020.01.31-23.17.16:410][  0]LogTemp: Display: Module 'LuminTargetPlatform' loaded TargetPlatform 'Lumin'
[2020.01.31-23.17.16:410][  0]LogTemp: Display: Module 'LuminTargetPlatform' loaded TargetPlatform 'LuminClient'
[2020.01.31-23.17.16:410][  0]LogTargetPlatformManager: Display: Building Assets For Windows
[2020.01.31-23.17.16:433][  0]LogAudioDebug: Display: Lib vorbis DLL was dynamically loaded.
[2020.01.31-23.17.16:553][  0]LogShaderCompilers: Guid format shader working directory is -28 characters bigger than the processId version (../../../../../../Users/h017026h/Documents/GitKra/Global Game Jam 2020/GGJ20/Intermediate/Shaders/WorkingDirectory/16220/).
[2020.01.31-23.17.16:553][  0]LogShaderCompilers: Cleaned the shader compiler working directory 'C:/Users/h017026h/AppData/Local/Temp/UnrealShaderWorkingDir/F5F88B8044CCFBD743770CABC4965E39/'.
[2020.01.31-23.17.16:555][  0]LogXGEController: Cleaning working directory: C:/Users/h017026h/AppData/Local/Temp/UnrealXGEWorkingDir/
[2020.01.31-23.17.16:556][  0]LogXGEController: Cannot use XGE Controller as Incredibuild is not installed on this machine.
[2020.01.31-23.17.16:556][  0]LogShaderCompilers: Cannot use XGE Shader Compiler as Incredibuild is not installed on this machine.
[2020.01.31-23.17.16:556][  0]LogShaderCompilers: Display: Using Local Shader Compiler.
[2020.01.31-23.17.17:136][  0]LogDerivedDataCache: Display: Max Cache Size: 512 MB
[2020.01.31-23.17.17:192][  0]LogDerivedDataCache: Loaded boot cache 0.05s 71MB C:/Users/h017026h/AppData/Local/UnrealEngine/4.22/DerivedDataCache/Boot.ddc.
[2020.01.31-23.17.17:192][  0]LogDerivedDataCache: Display: Loaded Boot cache: C:/Users/h017026h/AppData/Local/UnrealEngine/4.22/DerivedDataCache/Boot.ddc
[2020.01.31-23.17.17:192][  0]LogDerivedDataCache: FDerivedDataBackendGraph:  Pak pak cache file ../../../../../../Users/h017026h/Documents/GitKra/Global Game Jam 2020/GGJ20/DerivedDataCache/DDC.ddp not found, will not use a pak cache.
[2020.01.31-23.17.17:192][  0]LogDerivedDataCache: Unable to find inner node Pak for hierarchical cache Hierarchy.
[2020.01.31-23.17.17:193][  0]LogDerivedDataCache: FDerivedDataBackendGraph:  CompressedPak pak cache file ../../../../../../Users/h017026h/Documents/GitKra/Global Game Jam 2020/GGJ20/DerivedDataCache/Compressed.ddp not found, will not use a pak cache.
[2020.01.31-23.17.17:193][  0]LogDerivedDataCache: Unable to find inner node CompressedPak for hierarchical cache Hierarchy.
[2020.01.31-23.17.17:206][  0]LogDerivedDataCache: Display: Pak cache opened for reading ../../../Engine/DerivedDataCache/Compressed.ddp.
[2020.01.31-23.17.17:206][  0]LogDerivedDataCache: FDerivedDataBackendGraph:  EnterprisePak pak cache file ../../../Enterprise/DerivedDataCache/Compressed.ddp not found, will not use a pak cache.
[2020.01.31-23.17.17:206][  0]LogDerivedDataCache: Unable to find inner node EnterprisePak for hierarchical cache Hierarchy.
[2020.01.31-23.17.17:220][  0]LogDerivedDataCache: Using Local data cache path C:/Users/h017026h/AppData/Local/UnrealEngine/Common/DerivedDataCache: Writable
[2020.01.31-23.17.17:220][  0]LogDerivedDataCache: Shared data cache path not found in *engine.ini, will not use an Shared cache.
[2020.01.31-23.17.17:220][  0]LogDerivedDataCache: Unable to find inner node Shared for hierarchical cache Hierarchy.
[2020.01.31-23.17.17:245][  0]LogMaterial: Verifying Global Shaders for PCD3D_SM5
[2020.01.31-23.17.17:247][  0]LogSlate: Using FreeType 2.6.0
[2020.01.31-23.17.17:247][  0]LogSlate: SlateFontServices - WITH_FREETYPE: 1, WITH_HARFBUZZ: 1
[2020.01.31-23.17.17:327][  0]LogAssetRegistry: FAssetRegistry took 0.0355 seconds to start up
[2020.01.31-23.17.17:709][  0]LogInit: Selected Device Profile: [Windows]
[2020.01.31-23.17.17:915][  0]LogMeshReduction: Using QuadricMeshReduction for automatic static mesh reduction
[2020.01.31-23.17.17:915][  0]LogMeshReduction: Using SimplygonMeshReduction for automatic skeletal mesh reduction
[2020.01.31-23.17.17:915][  0]LogMeshReduction: Using ProxyLODMeshReduction for automatic mesh merging
[2020.01.31-23.17.17:915][  0]LogMeshReduction: No distributed automatic mesh merging module available
[2020.01.31-23.17.17:915][  0]LogMeshMerging: No distributed automatic mesh merging module available
[2020.01.31-23.17.17:928][  0]LogNetVersion: GGJ20 1.0.0, NetCL: 5660361, EngineNetVer: 10, GameNetVer: 0 (Checksum: 2452190960)
[2020.01.31-23.17.18:349][  0]LogPackageLocalizationCache: Processed 10 localized package path(s) for 1 prioritized culture(s) in 0.064509 seconds
[2020.01.31-23.17.18:357][  0]LogUObjectArray: 42205 objects as part of root set at end of initial load.
[2020.01.31-23.17.18:357][  0]LogUObjectAllocator: 7325032 out of 0 bytes used by permanent object pool.
[2020.01.31-23.17.18:358][  0]LogUObjectArray: CloseDisregardForGC: 0/0 objects in disregard for GC pool
[2020.01.31-23.17.19:283][  0]LogTcpMessaging: Initializing TcpMessaging bridge
[2020.01.31-23.17.19:300][  0]LogUdpMessaging: Initializing bridge on interface 0.0.0.0:0 to multicast group 230.0.0.1:6666.
[2020.01.31-23.17.19:493][  0]SourceControl: Source control is disabled
[2020.01.31-23.17.19:494][  0]SourceControl: Source control is disabled
[2020.01.31-23.17.19:497][  0]SourceControl: Source control is disabled
[2020.01.31-23.17.19:500][  0]SourceControl: Source control is disabled
[2020.01.31-23.17.19:662][  0]LogAndroidPermission: UAndroidPermissionCallbackProxy::GetInstance
[2020.01.31-23.17.19:782][  0]LogOcInput: OculusInput pre-init called
[2020.01.31-23.17.20:452][  0]LogEngine: Initializing Engine...
[2020.01.31-23.17.20:453][  0]LogHMD: Failed to initialize OpenVR with code 110
[2020.01.31-23.17.20:454][  0]LogStats: UGameplayTagsManager::InitializeManager -  0.000 s
[2020.01.31-23.17.20:666][  0]LogInit: Initializing FReadOnlyCVARCache
[2020.01.31-23.17.20:687][  0]LogAIModule: Creating AISystem for world Untitled
[2020.01.31-23.17.20:701][  0]LogInit: XAudio2 using 'Speakers (2- Realtek High Definition Audio)' : 2 channels at 48 kHz using 32 bits per sample (channel mask 0x3)
[2020.01.31-23.17.20:749][  0]LogInit: FAudioDevice initialized.
[2020.01.31-23.17.20:750][  0]LogNetVersion: Set ProjectVersion to 1.0.0.0. Version Checksum will be recalculated on next use.
[2020.01.31-23.17.20:798][  0]LogDerivedDataCache: Saved boot cache 0.05s 71MB C:/Users/h017026h/AppData/Local/UnrealEngine/4.22/DerivedDataCache/Boot.ddc.
[2020.01.31-23.17.20:810][  0]LogInit: Texture streaming: Enabled
[2020.01.31-23.17.20:847][  0]LogEngineSessionManager: EngineSessionManager initialized
[2020.01.31-23.17.20:870][  0]LogInit: Transaction tracking system initialized
[2020.01.31-23.17.20:905][  0]BlueprintLog: New page: Editor Load
[2020.01.31-23.17.21:038][  0]LocalizationService: Localization service is disabled
[2020.01.31-23.17.21:412][  0]LogFileCache: Scanning file cache for directory 'C:/Users/h017026h/Documents/GitKra/Global Game Jam 2020/GGJ20/Content/' took 0.01s
[2020.01.31-23.17.21:412][  0]LogCook: Display: Max memory allowance for cook 16384mb min free memory 0mb
[2020.01.31-23.17.21:413][  0]LogCook: Display: Mobile HDR setting 1
[2020.01.31-23.17.21:681][  0]SourceControl: Source control is disabled
[2020.01.31-23.17.21:681][  0]Cmd: MAP LOAD FILE="../../../Engine/Content/Maps/Templates/Template_Default.umap" TEMPLATE=1 SHOWPROGRESS=1 FEATURELEVEL=3
[2020.01.31-23.17.21:681][  0]LightingResults: New page: Lighting Build
[2020.01.31-23.17.21:685][  0]MapCheck: New page: Map Check
[2020.01.31-23.17.21:685][  0]LightingResults: New page: Lighting Build
[2020.01.31-23.17.21:713][  0]LogUObjectHash: Compacting FUObjectHashTables data took   1.53ms
[2020.01.31-23.17.21:790][  0]LogAIModule: Creating AISystem for world Untitled_1
[2020.01.31-23.17.21:808][  0]LogEditorServer: Finished looking for orphan Actors (0.000 secs)
[2020.01.31-23.17.21:841][  0]LogUObjectHash: Compacting FUObjectHashTables data took   1.81ms
[2020.01.31-23.17.21:841][  0]Cmd: MAP CHECKDEP NOCLEARLOG
[2020.01.31-23.17.21:842][  0]MapCheck: Map check complete: 0 Error(s), 0 Warning(s), took 0.317ms to complete.
[2020.01.31-23.17.21:842][  0]LogFileHelpers: Loading map 'Template_Default' took 0.161
[2020.01.31-23.17.21:953][  0]LogSlate: Updating window title bar state: overlay mode, drag disabled, window buttons hidden, title bar hidden
[2020.01.31-23.17.21:960][  0]LogSlate: Updating window title bar state: overlay mode, drag disabled, window buttons hidden, title bar hidden
[2020.01.31-23.17.21:970][  0]LogSlate: Updating window title bar state: overlay mode, drag disabled, window buttons hidden, title bar hidden
[2020.01.31-23.17.21:977][  0]LogSlate: Updating window title bar state: overlay mode, drag disabled, window buttons hidden, title bar hidden
[2020.01.31-23.17.21:986][  0]LogCollectionManager: Loaded 0 collections in 0.002543 seconds
[2020.01.31-23.17.22:031][  0]LogFileCache: Scanning file cache for directory 'C:/Users/h017026h/Documents/GitKra/Global Game Jam 2020/GGJ20/Saved/Collections/' took 0.01s
[2020.01.31-23.17.22:031][  0]LogFileCache: Scanning file cache for directory 'C:/Users/h017026h/Documents/GitKra/Global Game Jam 2020/GGJ20/Content/Developers/h017026h/Collections/' took 0.01s
[2020.01.31-23.17.22:031][  0]LogFileCache: Scanning file cache for directory 'C:/Users/h017026h/Documents/GitKra/Global Game Jam 2020/GGJ20/Content/Collections/' took 0.01s
[2020.01.31-23.17.22:031][  0]LogCollectionManager: Rebuilt the GUID cache for 0 collections in 0.000001 seconds
[2020.01.31-23.17.22:040][  0]LogContentBrowser: Native class hierarchy populated in 0.0084 seconds. Added 2734 classes and 662 folders.
[2020.01.31-23.17.22:047][  0]LogContentBrowser: Native class hierarchy updated for 'WidgetCarousel' in 0.0004 seconds. Added 0 classes and 0 folders.
[2020.01.31-23.17.22:049][  0]LogPakFile: Registered encryption key '00000000000000000000000000000000': 0 pak files mounted, 0 remain pending
[2020.01.31-23.17.22:050][  0]LogPakFile: Registered encryption key '00000000000000000000000000000000': 0 pak files mounted, 0 remain pending
[2020.01.31-23.17.22:050][  0]LogPakFile: Registered encryption key '00000000000000000000000000000000': 0 pak files mounted, 0 remain pending
[2020.01.31-23.17.22:051][  0]LogPakFile: Registered encryption key '00000000000000000000000000000000': 0 pak files mounted, 0 remain pending
[2020.01.31-23.17.22:052][  0]LogPakFile: Registered encryption key '00000000000000000000000000000000': 0 pak files mounted, 0 remain pending
[2020.01.31-23.17.22:053][  0]LogPakFile: Registered encryption key '00000000000000000000000000000000': 0 pak files mounted, 0 remain pending
[2020.01.31-23.17.22:053][  0]LogPakFile: Registered encryption key '00000000000000000000000000000000': 0 pak files mounted, 0 remain pending
[2020.01.31-23.17.22:054][  0]LogPakFile: Registered encryption key '00000000000000000000000000000000': 0 pak files mounted, 0 remain pending
[2020.01.31-23.17.22:055][  0]LogPakFile: Registered encryption key '00000000000000000000000000000000': 0 pak files mounted, 0 remain pending
[2020.01.31-23.17.22:056][  0]LogPakFile: Registered encryption key '00000000000000000000000000000000': 0 pak files mounted, 0 remain pending
[2020.01.31-23.17.22:056][  0]LogPakFile: Registered encryption key '00000000000000000000000000000000': 0 pak files mounted, 0 remain pending
[2020.01.31-23.17.22:057][  0]LogPakFile: Registered encryption key '00000000000000000000000000000000': 0 pak files mounted, 0 remain pending
[2020.01.31-23.17.22:058][  0]LogPakFile: Registered encryption key '00000000000000000000000000000000': 0 pak files mounted, 0 remain pending
[2020.01.31-23.17.22:059][  0]LogPakFile: Registered encryption key '00000000000000000000000000000000': 0 pak files mounted, 0 remain pending
[2020.01.31-23.17.22:059][  0]LogPakFile: Registered encryption key '00000000000000000000000000000000': 0 pak files mounted, 0 remain pending
[2020.01.31-23.17.22:060][  0]LogPakFile: Registered encryption key '00000000000000000000000000000000': 0 pak files mounted, 0 remain pending
[2020.01.31-23.17.22:061][  0]LogPakFile: Registered encryption key '00000000000000000000000000000000': 0 pak files mounted, 0 remain pending
[2020.01.31-23.17.22:062][  0]LogPakFile: Registered encryption key '00000000000000000000000000000000': 0 pak files mounted, 0 remain pending
[2020.01.31-23.17.22:062][  0]LogPakFile: Registered encryption key '00000000000000000000000000000000': 0 pak files mounted, 0 remain pending
[2020.01.31-23.17.22:063][  0]LogPakFile: Registered encryption key '00000000000000000000000000000000': 0 pak files mounted, 0 remain pending
[2020.01.31-23.17.22:063][  0]LogPakFile: Registered encryption key '00000000000000000000000000000000': 0 pak files mounted, 0 remain pending
[2020.01.31-23.17.22:064][  0]LogPakFile: Registered encryption key '00000000000000000000000000000000': 0 pak files mounted, 0 remain pending
[2020.01.31-23.17.22:064][  0]LogPakFile: Registered encryption key '00000000000000000000000000000000': 0 pak files mounted, 0 remain pending
[2020.01.31-23.17.22:065][  0]LogPakFile: Registered encryption key '00000000000000000000000000000000': 0 pak files mounted, 0 remain pending
[2020.01.31-23.17.22:066][  0]LogPakFile: Registered encryption key '00000000000000000000000000000000': 0 pak files mounted, 0 remain pending
[2020.01.31-23.17.22:066][  0]LogPakFile: Registered encryption key '00000000000000000000000000000000': 0 pak files mounted, 0 remain pending
[2020.01.31-23.17.22:090][  0]LogContentBrowser: Native class hierarchy updated for 'AddContentDialog' in 0.0003 seconds. Added 0 classes and 0 folders.
[2020.01.31-23.17.22:098][  0]LogContentBrowser: Native class hierarchy updated for 'SceneOutliner' in 0.0005 seconds. Added 1 classes and 2 folders.
[2020.01.31-23.17.22:113][  0]LogSlate: Took 0.000224 seconds to synchronously load lazily loaded font '../../../Engine/Content/Slate/Fonts/Roboto-Regular.ttf' (155K)
[2020.01.31-23.17.22:115][  0]LogSlate: Took 0.000165 seconds to synchronously load lazily loaded font '../../../Engine/Content/Slate/Fonts/Roboto-Bold.ttf' (160K)
[2020.01.31-23.17.22:120][  0]LogSlate: Took 0.000150 seconds to synchronously load lazily loaded font '../../../Engine/Content/Editor/Slate/Fonts/FontAwesome.ttf' (139K)
[2020.01.31-23.17.22:181][  0]LogRenderer: Reallocating scene render targets to support 1208x572 Format 10 NumSamples 1 (Frame:1).
[2020.01.31-23.17.22:310][  0]LogContentBrowser: Native class hierarchy updated for 'HierarchicalLODOutliner' in 0.0006 seconds. Added 0 classes and 0 folders.
[2020.01.31-23.17.22:310][  0]LogLoad: (Engine Initialization) Total time: 9.57 seconds
[2020.01.31-23.17.22:310][  0]LogLoad: (Engine Initialization) Total Blueprint compile time: 0.00 seconds
[2020.01.31-23.17.22:386][  0]LogAssetRegistry: Asset discovery search completed in 5.0827 seconds
[2020.01.31-23.17.22:389][  0]LogCollectionManager: Rebuilt the object cache for 0 collections in 0.000001 seconds (found 0 objects)
[2020.01.31-23.17.22:390][  0]LogCollectionManager: Fixed up redirectors for 0 collections in 0.000251 seconds (updated 0 objects)
[2020.01.31-23.17.22:392][  0]LogContentStreaming: Texture pool size now 1000 MB
[2020.01.31-23.17.22:422][  0]LogSlate: Took 0.000144 seconds to synchronously load lazily loaded font '../../../Engine/Content/Slate/Fonts/Roboto-Light.ttf' (167K)
[2020.01.31-23.17.25:060][311]LogSlate: FSceneViewport::OnFocusLost() reason 0
[2020.01.31-23.17.26:626][475]LogSlate: FSceneViewport::OnFocusLost() reason 0
[2020.01.31-23.17.26:692][483]LogTemp: Repeating last play command: Selected Viewport
[2020.01.31-23.17.26:708][483]LogBlueprintUserMessages: Early PlayInEditor Detection: Level '/Temp/Untitled_1.Untitled_1:PersistentLevel' has LevelScriptBlueprint '/Temp/Untitled_1.Untitled_1:PersistentLevel.Untitled' with GeneratedClass '/Temp/Untitled_1.Untitled_C' with ClassGeneratedBy '/Temp/Untitled_1.Untitled_1:PersistentLevel.Untitled'
[2020.01.31-23.17.26:708][483]LogPlayLevel: PlayLevel: No blueprints needed recompiling
[2020.01.31-23.17.26:709][483]PIE: New page: PIE session: Untitled_1 (31 Jan 2020 23:17:26)
[2020.01.31-23.17.26:723][483]LogPlayLevel: Creating play world package: /Temp/UEDPIE_0_Untitled_1
[2020.01.31-23.17.26:726][483]LogPlayLevel: PIE: StaticDuplicateObject took: (0.002664s)
[2020.01.31-23.17.26:727][483]LogAIModule: Creating AISystem for world Untitled_1
[2020.01.31-23.17.26:727][483]LogPlayLevel: PIE: World Init took: (0.000854s)
[2020.01.31-23.17.26:728][483]LogPlayLevel: PIE: Created PIE world by copying editor world from /Temp/Untitled_1.Untitled_1 to /Temp/UEDPIE_0_Untitled_1.Untitled_1 (0.004324s)
[2020.01.31-23.17.26:760][483]LogUObjectHash: Compacting FUObjectHashTables data took   1.73ms
[2020.01.31-23.17.26:767][483]LogInit: XAudio2 using 'Speakers (2- Realtek High Definition Audio)' : 2 channels at 48 kHz using 32 bits per sample (channel mask 0x3)
[2020.01.31-23.17.26:785][483]LogInit: FAudioDevice initialized.
[2020.01.31-23.17.26:839][483]LogLoad: Game class is 'TestLevel_C'
[2020.01.31-23.17.26:841][483]LogWorld: Bringing World /Temp/UEDPIE_0_Untitled_1.Untitled_1 up for play (max tick rate 0) at 2020.01.31-23.17.26
[2020.01.31-23.17.26:843][483]LogWorld: Bringing up level for play took: 0.002363
[2020.01.31-23.17.26:872][483]LogContentBrowser: Native class hierarchy updated for 'MovieSceneCapture' in 0.0010 seconds. Added 20 classes and 0 folders.
[2020.01.31-23.17.26:874][483]PIE: Play in editor start time for /Temp/UEDPIE_0_Untitled_1 0.186
[2020.01.31-23.17.26:874][483]LogBlueprintUserMessages: Late PlayInEditor Detection: Level '/Temp/Untitled_1.Untitled_1:PersistentLevel' has LevelScriptBlueprint '/Temp/Untitled_1.Untitled_1:PersistentLevel.Untitled' with GeneratedClass '/Temp/Untitled_1.Untitled_C' with ClassGeneratedBy '/Temp/Untitled_1.Untitled_1:PersistentLevel.Untitled'
[2020.01.31-23.17.30:364][893]LogBlueprintUserMessages: Early EndPlayMap Detection: Level '/Temp/Untitled_1.Untitled_1:PersistentLevel' has LevelScriptBlueprint '/Temp/Untitled_1.Untitled_1:PersistentLevel.Untitled' with GeneratedClass '/Temp/Untitled_1.Untitled_C' with ClassGeneratedBy '/Temp/Untitled_1.Untitled_1:PersistentLevel.Untitled'
[2020.01.31-23.17.30:364][893]LogSlate: Updating window title bar state: overlay mode, drag disabled, window buttons hidden, title bar hidden
[2020.01.31-23.17.30:396][893]LogPlayLevel: Display: Shutting down PIE online subsystems
[2020.01.31-23.17.30:396][893]LogBlueprintUserMessages: Late EndPlayMap Detection: Level '/Temp/Untitled_1.Untitled_1:PersistentLevel' has LevelScriptBlueprint '/Temp/Untitled_1.Untitled_1:PersistentLevel.Untitled' with GeneratedClass '/Temp/Untitled_1.Untitled_C' with ClassGeneratedBy '/Temp/Untitled_1.Untitled_1:PersistentLevel.Untitled'
[2020.01.31-23.17.30:434][893]LogSlate: Updating window title bar state: overlay mode, drag disabled, window buttons hidden, title bar hidden
[2020.01.31-23.17.30:437][893]LogUObjectHash: Compacting FUObjectHashTables data took   1.58ms
[2020.01.31-23.17.30:471][895]LogPlayLevel: Display: Destroying online subsystem :Context_1
[2020.01.31-23.17.33:074][204]LogSlate: FSceneViewport::OnFocusLost() reason 0
[2020.01.31-23.17.35:631][402]LogSlate: Only BGRA pngs, bmps or icos are supported in by External Image Picker
[2020.01.31-23.17.40:315][948]LogSlate: Window 'Project Settings' being destroyed
[2020.01.31-23.17.40:318][948]LogSlate: Window 'Project Settings' being destroyed
[2020.01.31-23.17.42:486][202]LogTemp: Repeating last play command: Selected Viewport
[2020.01.31-23.17.42:498][202]LogBlueprintUserMessages: Early PlayInEditor Detection: Level '/Temp/Untitled_1.Untitled_1:PersistentLevel' has LevelScriptBlueprint '/Temp/Untitled_1.Untitled_1:PersistentLevel.Untitled' with GeneratedClass '/Temp/Untitled_1.Untitled_C' with ClassGeneratedBy '/Temp/Untitled_1.Untitled_1:PersistentLevel.Untitled'
[2020.01.31-23.17.42:498][202]LogPlayLevel: PlayLevel: No blueprints needed recompiling
[2020.01.31-23.17.42:498][202]PIE: New page: PIE session: Untitled_1 (31 Jan 2020 23:17:42)
[2020.01.31-23.17.42:499][202]LogPlayLevel: Creating play world package: /Temp/UEDPIE_0_Untitled_1
[2020.01.31-23.17.42:501][202]LogPlayLevel: PIE: StaticDuplicateObject took: (0.002496s)
[2020.01.31-23.17.42:502][202]LogAIModule: Creating AISystem for world Untitled_1
[2020.01.31-23.17.42:502][202]LogPlayLevel: PIE: World Init took: (0.000837s)
[2020.01.31-23.17.42:502][202]LogPlayLevel: PIE: Created PIE world by copying editor world from /Temp/Untitled_1.Untitled_1 to /Temp/UEDPIE_0_Untitled_1.Untitled_1 (0.003695s)
[2020.01.31-23.17.42:532][202]LogUObjectHash: Compacting FUObjectHashTables data took   1.05ms
[2020.01.31-23.17.42:538][202]LogInit: XAudio2 using 'Speakers (2- Realtek High Definition Audio)' : 2 channels at 48 kHz using 32 bits per sample (channel mask 0x3)
[2020.01.31-23.17.42:553][202]LogInit: FAudioDevice initialized.
[2020.01.31-23.17.42:585][202]LogLoad: Game class is 'TestLevel_C'
[2020.01.31-23.17.42:586][202]LogWorld: Bringing World /Temp/UEDPIE_0_Untitled_1.Untitled_1 up for play (max tick rate 0) at 2020.01.31-23.17.42
[2020.01.31-23.17.42:587][202]LogWorld: Bringing up level for play took: 0.001425
[2020.01.31-23.17.42:601][202]PIE: Play in editor start time for /Temp/UEDPIE_0_Untitled_1 -0.086
[2020.01.31-23.17.42:602][202]LogBlueprintUserMessages: Late PlayInEditor Detection: Level '/Temp/Untitled_1.Untitled_1:PersistentLevel' has LevelScriptBlueprint '/Temp/Untitled_1.Untitled_1:PersistentLevel.Untitled' with GeneratedClass '/Temp/Untitled_1.Untitled_C' with ClassGeneratedBy '/Temp/Untitled_1.Untitled_1:PersistentLevel.Untitled'
[2020.01.31-23.17.45:731][575]LogBlueprintUserMessages: Early EndPlayMap Detection: Level '/Temp/Untitled_1.Untitled_1:PersistentLevel' has LevelScriptBlueprint '/Temp/Untitled_1.Untitled_1:PersistentLevel.Untitled' with GeneratedClass '/Temp/Untitled_1.Untitled_C' with ClassGeneratedBy '/Temp/Untitled_1.Untitled_1:PersistentLevel.Untitled'
[2020.01.31-23.17.45:731][575]LogSlate: Updating window title bar state: overlay mode, drag disabled, window buttons hidden, title bar hidden
[2020.01.31-23.17.45:771][575]LogPlayLevel: Display: Shutting down PIE online subsystems
[2020.01.31-23.17.45:772][575]LogBlueprintUserMessages: Late EndPlayMap Detection: Level '/Temp/Untitled_1.Untitled_1:PersistentLevel' has LevelScriptBlueprint '/Temp/Untitled_1.Untitled_1:PersistentLevel.Untitled' with GeneratedClass '/Temp/Untitled_1.Untitled_C' with ClassGeneratedBy '/Temp/Untitled_1.Untitled_1:PersistentLevel.Untitled'
[2020.01.31-23.17.45:819][575]LogSlate: Updating window title bar state: overlay mode, drag disabled, window buttons hidden, title bar hidden
[2020.01.31-23.17.45:824][575]LogUObjectHash: Compacting FUObjectHashTables data took   1.91ms
[2020.01.31-23.17.45:838][576]LogPlayLevel: Display: Destroying online subsystem :Context_3
[2020.01.31-23.17.48:475][890]LogEditorViewport: Clicking on Actor (LMB): BP_Sky_Sphere_C (Sky Sphere)
[2020.01.31-23.17.49:381][992]LogSlate: FSceneViewport::OnFocusLost() reason 2
[2020.01.31-23.17.50:904][172]LogSlate: FSceneViewport::OnFocusLost() reason 2
[2020.01.31-23.17.51:738][172]LogSlate: Only BGRA pngs, bmps or icos are supported in by External Image Picker
[2020.01.31-23.18.02:877][386]LogSlate: Window 'Project Settings' being destroyed
[2020.01.31-23.18.02:880][386]LogSlate: Window 'Project Settings' being destroyed
[2020.01.31-23.18.04:512][575]LogSlate: FSceneViewport::OnFocusLost() reason 0
[2020.01.31-23.18.04:602][585]LogTemp: Repeating last play command: Selected Viewport
[2020.01.31-23.18.04:614][585]LogBlueprintUserMessages: Early PlayInEditor Detection: Level '/Temp/Untitled_1.Untitled_1:PersistentLevel' has LevelScriptBlueprint '/Temp/Untitled_1.Untitled_1:PersistentLevel.Untitled' with GeneratedClass '/Temp/Untitled_1.Untitled_C' with ClassGeneratedBy '/Temp/Untitled_1.Untitled_1:PersistentLevel.Untitled'
[2020.01.31-23.18.04:614][585]LogPlayLevel: PlayLevel: No blueprints needed recompiling
[2020.01.31-23.18.04:615][585]PIE: New page: PIE session: Untitled_1 (31 Jan 2020 23:18:04)
[2020.01.31-23.18.04:615][585]LogPlayLevel: Creating play world package: /Temp/UEDPIE_0_Untitled_1
[2020.01.31-23.18.04:618][585]LogPlayLevel: PIE: StaticDuplicateObject took: (0.002801s)
[2020.01.31-23.18.04:618][585]LogAIModule: Creating AISystem for world Untitled_1
[2020.01.31-23.18.04:619][585]LogPlayLevel: PIE: World Init took: (0.000870s)
[2020.01.31-23.18.04:619][585]LogPlayLevel: PIE: Created PIE world by copying editor world from /Temp/Untitled_1.Untitled_1 to /Temp/UEDPIE_0_Untitled_1.Untitled_1 (0.004072s)
[2020.01.31-23.18.04:648][585]LogUObjectHash: Compacting FUObjectHashTables data took   1.08ms
[2020.01.31-23.18.04:654][585]LogInit: XAudio2 using 'Speakers (2- Realtek High Definition Audio)' : 2 channels at 48 kHz using 32 bits per sample (channel mask 0x3)
[2020.01.31-23.18.04:669][585]LogInit: FAudioDevice initialized.
[2020.01.31-23.18.04:711][585]LogLoad: Game class is 'TestLevel_C'
[2020.01.31-23.18.04:714][585]LogWorld: Bringing World /Temp/UEDPIE_0_Untitled_1.Untitled_1 up for play (max tick rate 0) at 2020.01.31-23.18.04
[2020.01.31-23.18.04:716][585]LogWorld: Bringing up level for play took: 0.002452
[2020.01.31-23.18.04:734][585]PIE: Play in editor start time for /Temp/UEDPIE_0_Untitled_1 0.046
[2020.01.31-23.18.04:734][585]LogBlueprintUserMessages: Late PlayInEditor Detection: Level '/Temp/Untitled_1.Untitled_1:PersistentLevel' has LevelScriptBlueprint '/Temp/Untitled_1.Untitled_1:PersistentLevel.Untitled' with GeneratedClass '/Temp/Untitled_1.Untitled_C' with ClassGeneratedBy '/Temp/Untitled_1.Untitled_1:PersistentLevel.Untitled'
[2020.01.31-23.18.10:781][307]LogBlueprintUserMessages: Early EndPlayMap Detection: Level '/Temp/Untitled_1.Untitled_1:PersistentLevel' has LevelScriptBlueprint '/Temp/Untitled_1.Untitled_1:PersistentLevel.Untitled' with GeneratedClass '/Temp/Untitled_1.Untitled_C' with ClassGeneratedBy '/Temp/Untitled_1.Untitled_1:PersistentLevel.Untitled'
[2020.01.31-23.18.10:782][307]LogSlate: Updating window title bar state: overlay mode, drag disabled, window buttons hidden, title bar hidden
[2020.01.31-23.18.10:819][307]LogPlayLevel: Display: Shutting down PIE online subsystems
[2020.01.31-23.18.10:819][307]LogBlueprintUserMessages: Late EndPlayMap Detection: Level '/Temp/Untitled_1.Untitled_1:PersistentLevel' has LevelScriptBlueprint '/Temp/Untitled_1.Untitled_1:PersistentLevel.Untitled' with GeneratedClass '/Temp/Untitled_1.Untitled_C' with ClassGeneratedBy '/Temp/Untitled_1.Untitled_1:PersistentLevel.Untitled'
[2020.01.31-23.18.10:866][307]LogSlate: Updating window title bar state: overlay mode, drag disabled, window buttons hidden, title bar hidden
[2020.01.31-23.18.10:870][307]LogUObjectHash: Compacting FUObjectHashTables data took   1.90ms
[2020.01.31-23.18.10:892][308]LogPlayLevel: Display: Destroying online subsystem :Context_4
[2020.01.31-23.18.15:313][834]LogEditorViewport: Clicking on Actor (LMB): PlayerStart (Player Start)
[2020.01.31-23.18.17:036][ 34]LogNavigationPoint: PostEditMove Clear paths rebuilt
[2020.01.31-23.18.18:461][201]LogSlate: FSceneViewport::OnFocusLost() reason 0
[2020.01.31-23.18.18:588][216]LogTemp: Repeating last play command: Selected Viewport
[2020.01.31-23.18.18:600][216]LogBlueprintUserMessages: Early PlayInEditor Detection: Level '/Temp/Untitled_1.Untitled_1:PersistentLevel' has LevelScriptBlueprint '/Temp/Untitled_1.Untitled_1:PersistentLevel.Untitled' with GeneratedClass '/Temp/Untitled_1.Untitled_C' with ClassGeneratedBy '/Temp/Untitled_1.Untitled_1:PersistentLevel.Untitled'
[2020.01.31-23.18.18:600][216]LogPlayLevel: PlayLevel: No blueprints needed recompiling
[2020.01.31-23.18.18:601][216]PIE: New page: PIE session: Untitled_1 (31 Jan 2020 23:18:18)
[2020.01.31-23.18.18:601][216]LogPlayLevel: Creating play world package: /Temp/UEDPIE_0_Untitled_1
[2020.01.31-23.18.18:603][216]LogPlayLevel: PIE: StaticDuplicateObject took: (0.002558s)
[2020.01.31-23.18.18:604][216]LogAIModule: Creating AISystem for world Untitled_1
[2020.01.31-23.18.18:604][216]LogPlayLevel: PIE: World Init took: (0.000674s)
[2020.01.31-23.18.18:604][216]LogPlayLevel: PIE: Created PIE world by copying editor world from /Temp/Untitled_1.Untitled_1 to /Temp/UEDPIE_0_Untitled_1.Untitled_1 (0.003579s)
[2020.01.31-23.18.18:632][216]LogUObjectHash: Compacting FUObjectHashTables data took   1.06ms
[2020.01.31-23.18.18:639][216]LogInit: XAudio2 using 'Speakers (2- Realtek High Definition Audio)' : 2 channels at 48 kHz using 32 bits per sample (channel mask 0x3)
[2020.01.31-23.18.18:653][216]LogInit: FAudioDevice initialized.
[2020.01.31-23.18.18:695][216]LogLoad: Game class is 'TestLevel_C'
[2020.01.31-23.18.18:697][216]LogWorld: Bringing World /Temp/UEDPIE_0_Untitled_1.Untitled_1 up for play (max tick rate 0) at 2020.01.31-23.18.18
[2020.01.31-23.18.18:698][216]LogWorld: Bringing up level for play took: 0.001970
[2020.01.31-23.18.18:715][216]PIE: Play in editor start time for /Temp/UEDPIE_0_Untitled_1 0.028
[2020.01.31-23.18.18:716][216]LogBlueprintUserMessages: Late PlayInEditor Detection: Level '/Temp/Untitled_1.Untitled_1:PersistentLevel' has LevelScriptBlueprint '/Temp/Untitled_1.Untitled_1:PersistentLevel.Untitled' with GeneratedClass '/Temp/Untitled_1.Untitled_C' with ClassGeneratedBy '/Temp/Untitled_1.Untitled_1:PersistentLevel.Untitled'
[2020.01.31-23.18.28:004][322]LogBlueprintUserMessages: Early EndPlayMap Detection: Level '/Temp/Untitled_1.Untitled_1:PersistentLevel' has LevelScriptBlueprint '/Temp/Untitled_1.Untitled_1:PersistentLevel.Untitled' with GeneratedClass '/Temp/Untitled_1.Untitled_C' with ClassGeneratedBy '/Temp/Untitled_1.Untitled_1:PersistentLevel.Untitled'
[2020.01.31-23.18.28:005][322]LogSlate: Updating window title bar state: overlay mode, drag disabled, window buttons hidden, title bar hidden
[2020.01.31-23.18.28:044][322]LogPlayLevel: Display: Shutting down PIE online subsystems
[2020.01.31-23.18.28:045][322]LogBlueprintUserMessages: Late EndPlayMap Detection: Level '/Temp/Untitled_1.Untitled_1:PersistentLevel' has LevelScriptBlueprint '/Temp/Untitled_1.Untitled_1:PersistentLevel.Untitled' with GeneratedClass '/Temp/Untitled_1.Untitled_C' with ClassGeneratedBy '/Temp/Untitled_1.Untitled_1:PersistentLevel.Untitled'
[2020.01.31-23.18.28:091][322]LogSlate: Updating window title bar state: overlay mode, drag disabled, window buttons hidden, title bar hidden
[2020.01.31-23.18.28:093][322]LogUObjectHash: Compacting FUObjectHashTables data took   1.09ms
[2020.01.31-23.18.28:110][323]LogPlayLevel: Display: Destroying online subsystem :Context_5
[2020.01.31-23.23.23:233][710]LogSlate: FSceneViewport::OnFocusLost() reason 0
[2020.01.31-23.23.29:929][510]LogSlate: Took 0.000189 seconds to synchronously load lazily loaded font '../../../Engine/Content/Slate/Fonts/Roboto-Light.ttf' (167K)
[2020.01.31-23.23.29:975][510]LogSlate: Took 0.000345 seconds to synchronously load lazily loaded font '../../../Engine/Content/Slate/Fonts/Roboto-BoldCondensed.ttf' (158K)
[2020.01.31-23.23.48:177][629]Candidate modules for hot reload:
[2020.01.31-23.23.48:177][629]  GGJ20
[2020.01.31-23.23.48:177][629]Launching UnrealBuildTool... [C:/Epic/UE4/UE_4.22/Engine/Binaries/DotNET/UnrealBuildTool.exe  -ModuleWithSuffix=GGJ20,4494 Win64 Development -TargetType=Editor -Project="C:/Users/h017026h/Documents/GitKra/Global Game Jam 2020/GGJ20/GGJ20.uproject" "C:/Users/h017026h/Documents/GitKra/Global Game Jam 2020/GGJ20/GGJ20.uproject"  -IgnoreJunk]
[2020.01.31-23.24.01:066][629]CompilerResultsLog: New page: Compilation - 31 Jan 2020 23:24:01
[2020.01.31-23.24.01:066][629]CompilerResultsLog: Using 'git status' to determine working set for adaptive non-unity build (C:\Users\h017026h\Documents\GitKra\Global Game Jam 2020).
[2020.01.31-23.24.01:066][629]CompilerResultsLog: Creating makefile for GGJ20Editor (ini files are newer than makefile)
[2020.01.31-23.24.01:066][629]CompilerResultsLog: Parsing headers for GGJ20Editor
[2020.01.31-23.24.01:066][629]CompilerResultsLog:   Running UnrealHeaderTool "C:\Users\h017026h\Documents\GitKra\Global Game Jam 2020\GGJ20\GGJ20.uproject" "C:\Users\h017026h\Documents\GitKra\Global Game Jam 2020\GGJ20\Intermediate\Build\Win64\GGJ20Editor\Development\GGJ20Editor.uhtmanifest" -LogCmds="loginit warning, logexit warning, logdatabase error" -Unattended -WarningsAsErrors -installed
[2020.01.31-23.24.01:067][629]CompilerResultsLog: Reflection code generated for GGJ20Editor in 6.4518056 seconds
[2020.01.31-23.24.01:067][629]CompilerResultsLog: Failed to delete file 'C:\Users\h017026h\Documents\GitKra\Global Game Jam 2020\GGJ20\Binaries\Win64\UE4Editor-GGJ20.pdb'
[2020.01.31-23.24.01:067][629]CompilerResultsLog:     Exception: Access to the path 'C:\Users\h017026h\Documents\GitKra\Global Game Jam 2020\GGJ20\Binaries\Win64\UE4Editor-GGJ20.pdb' is denied.
[2020.01.31-23.24.01:067][629]CompilerResultsLog: Attempting to retry...
[2020.01.31-23.24.01:067][629]CompilerResultsLog: Failed to delete file 'C:\Users\h017026h\Documents\GitKra\Global Game Jam 2020\GGJ20\Binaries\Win64\UE4Editor-GGJ20.pdb'
[2020.01.31-23.24.01:067][629]CompilerResultsLog:     Exception: The process cannot access the file 'C:\Users\h017026h\Documents\GitKra\Global Game Jam 2020\GGJ20\Binaries\Win64\UE4Editor-GGJ20.pdb' because it is being used by another process.
[2020.01.31-23.24.01:067][629]CompilerResultsLog: Attempting to retry...
[2020.01.31-23.24.01:067][629]CompilerResultsLog: Failed to delete file 'C:\Users\h017026h\Documents\GitKra\Global Game Jam 2020\GGJ20\Binaries\Win64\UE4Editor-GGJ20.pdb'
[2020.01.31-23.24.01:067][629]CompilerResultsLog:     Exception: Access to the path 'C:\Users\h017026h\Documents\GitKra\Global Game Jam 2020\GGJ20\Binaries\Win64\UE4Editor-GGJ20.pdb' is denied.
[2020.01.31-23.24.01:067][629]CompilerResultsLog: ERROR: Exhausted all retries!
[2020.01.31-23.24.01:067][629]CompilerResultsLog: Using Visual Studio 2019 14.20.27508 toolchain (C:\Program Files (x86)\Microsoft Visual Studio\2019\Professional\VC\Tools\MSVC\14.20.27508) and Windows 10.0.17763.0 SDK (C:\Program Files (x86)\Windows Kits\10).
[2020.01.31-23.24.01:068][629]CompilerResultsLog: Building 6 actions with 8 processes...
[2020.01.31-23.24.01:068][629]CompilerResultsLog:   [1/6] BaseRoom.cpp
[2020.01.31-23.24.01:068][629]CompilerResultsLog:   [2/6] GGJ20.init.gen.cpp
[2020.01.31-23.24.01:068][629]CompilerResultsLog:   [3/6] BaseRoom.gen.cpp
[2020.01.31-23.24.01:068][629]CompilerResultsLog:   [4/6] UE4Editor-GGJ20-4494.lib
[2020.01.31-23.24.01:068][629]CompilerResultsLog:      Creating library C:\Users\h017026h\Documents\GitKra\Global Game Jam 2020\GGJ20\Intermediate\Build\Win64\UE4Editor\Development\GGJ20\UE4Editor-GGJ20-4494.lib and object C:\Users\h017026h\Documents\GitKra\Global Game Jam 2020\GGJ20\Intermediate\Build\Win64\UE4Editor\Development\GGJ20\UE4Editor-GGJ20-4494.exp
[2020.01.31-23.24.01:068][629]CompilerResultsLog:   [5/6] UE4Editor-GGJ20-4494.dll
[2020.01.31-23.24.01:068][629]CompilerResultsLog:      Creating library C:\Users\h017026h\Documents\GitKra\Global Game Jam 2020\GGJ20\Intermediate\Build\Win64\UE4Editor\Development\GGJ20\UE4Editor-GGJ20-4494.suppressed.lib and object C:\Users\h017026h\Documents\GitKra\Global Game Jam 2020\GGJ20\Intermediate\Build\Win64\UE4Editor\Development\GGJ20\UE4Editor-GGJ20-4494.suppressed.exp
[2020.01.31-23.24.01:068][629]CompilerResultsLog:   [6/6] GGJ20Editor.target
[2020.01.31-23.24.01:068][629]CompilerResultsLog: Total time in Parallel executor: 2.17 seconds
[2020.01.31-23.24.01:068][629]CompilerResultsLog: Total execution time: 12.80 seconds
[2020.01.31-23.24.01:068][629]LogMainFrame: MainFrame: Module compiling took 12.894 seconds
[2020.01.31-23.24.01:097][629]LogUObjectHash: Compacting FUObjectHashTables data took   0.79ms
[2020.01.31-23.24.01:130][629]LogClass: Could not find existing class BaseRoom in package /Script/GGJ20 for HotReload, assuming new class
[2020.01.31-23.24.01:137][629]LogContentBrowser: Native class hierarchy updated for 'GGJ20' in 0.0004 seconds. Added 3 classes and 3 folders.
[2020.01.31-23.24.01:140][629]Display: HotReload successful (0 functions remapped  0 scriptstructs remapped)
[2020.01.31-23.24.01:288][629]LogUObjectHash: Compacting FUObjectHashTables data took   1.82ms
[2020.01.31-23.24.01:301][629]LogContentBrowser: Native class hierarchy populated in 0.0083 seconds. Added 2736 classes and 664 folders.
[2020.01.31-23.24.01:301][629]Display: HotReload took 13.2s.
[2020.01.31-23.24.01:302][629]Warning: HotReload operation took 13.2s.
[2020.01.31-23.24.01:590][629]LogVSAccessor: Warning: Couldn't goto line number '1' in 'C:/Users/h017026h/Documents/GitKra/Global Game Jam 2020/GGJ20/Source/GGJ20/Public/BaseRoom.h'
[2020.01.31-23.24.01:747][629]LogSlate: Window 'Add C++ Class' being destroyed
[2020.01.31-23.24.01:757][629]LogHotReload: New module detected: UE4Editor-GGJ20-4494.dll
[2020.01.31-23.24.01:801][630]LogHotReload: Starting Hot-Reload from IDE
[2020.01.31-23.24.01:855][630]LogUObjectHash: Compacting FUObjectHashTables data took   0.67ms
[2020.01.31-23.24.01:859][630]LogContentBrowser: Native class hierarchy updated for 'GGJ20' in 0.0004 seconds. Added 3 classes and 3 folders.
[2020.01.31-23.24.01:864][630]Display: HotReload successful (0 functions remapped  0 scriptstructs remapped)
[2020.01.31-23.24.01:891][630]LogUObjectHash: Compacting FUObjectHashTables data took   0.63ms
[2020.01.31-23.24.01:907][630]LogContentBrowser: Native class hierarchy populated in 0.0085 seconds. Added 2736 classes and 664 folders.
[2020.01.31-23.24.01:909][630]Display: HotReload took  0.1s.
[2020.01.31-23.26.07:493][699]LogSlate: Window 'Add C++ Class' being destroyed
[2020.01.31-23.27.58:892][963]LogUObjectHash: Compacting FUObjectHashTables data took   1.17ms
[2020.01.31-23.27.58:931][963]LogSavePackage: Moving '../../../../../../Users/h017026h/Documents/GitKra/Global Game Jam 2020/GGJ20/Saved/Untitled_1_Auto1DF0238D648AEA4C86063EEB879816B14.tmp' to '../../../../../../Users/h017026h/Documents/GitKra/Global Game Jam 2020/GGJ20/Saved/Autosaves/Temp/Untitled_1_Auto1.umap'
[2020.01.31-23.27.58:935][963]LogFileHelpers: Editor autosave (incl. sublevels) for '/Temp/Untitled_1' took 0.077
[2020.01.31-23.27.58:935][963]LogFileHelpers: Editor autosave (incl. sublevels) for all levels took 0.077
[2020.01.31-23.28.48:052][833]Candidate modules for hot reload:
[2020.01.31-23.28.48:052][833]  GGJ20
[2020.01.31-23.28.48:052][833]Launching UnrealBuildTool... [C:/Epic/UE4/UE_4.22/Engine/Binaries/DotNET/UnrealBuildTool.exe  -ModuleWithSuffix=GGJ20,48 Win64 Development -TargetType=Editor -Project="C:/Users/h017026h/Documents/GitKra/Global Game Jam 2020/GGJ20/GGJ20.uproject" "C:/Users/h017026h/Documents/GitKra/Global Game Jam 2020/GGJ20/GGJ20.uproject"  -IgnoreJunk]
[2020.01.31-23.29.01:382][833]CompilerResultsLog: New page: Compilation - 31 Jan 2020 23:29:01
[2020.01.31-23.29.01:382][833]CompilerResultsLog: Using 'git status' to determine working set for adaptive non-unity build (C:\Users\h017026h\Documents\GitKra\Global Game Jam 2020).
[2020.01.31-23.29.01:382][833]CompilerResultsLog: Creating makefile for GGJ20Editor (ini files are newer than makefile)
[2020.01.31-23.29.01:382][833]CompilerResultsLog: Parsing headers for GGJ20Editor
[2020.01.31-23.29.01:382][833]CompilerResultsLog:   Running UnrealHeaderTool "C:\Users\h017026h\Documents\GitKra\Global Game Jam 2020\GGJ20\GGJ20.uproject" "C:\Users\h017026h\Documents\GitKra\Global Game Jam 2020\GGJ20\Intermediate\Build\Win64\GGJ20Editor\Development\GGJ20Editor.uhtmanifest" -LogCmds="loginit warning, logexit warning, logdatabase error" -Unattended -WarningsAsErrors -installed
[2020.01.31-23.29.01:382][833]CompilerResultsLog: Reflection code generated for GGJ20Editor in 6.7570063 seconds
[2020.01.31-23.29.01:383][833]CompilerResultsLog: Failed to delete file 'C:\Users\h017026h\Documents\GitKra\Global Game Jam 2020\GGJ20\Binaries\Win64\UE4Editor-GGJ20.pdb'
[2020.01.31-23.29.01:383][833]CompilerResultsLog:     Exception: Access to the path 'C:\Users\h017026h\Documents\GitKra\Global Game Jam 2020\GGJ20\Binaries\Win64\UE4Editor-GGJ20.pdb' is denied.
[2020.01.31-23.29.01:383][833]CompilerResultsLog: Attempting to retry...
[2020.01.31-23.29.01:383][833]CompilerResultsLog: Failed to delete file 'C:\Users\h017026h\Documents\GitKra\Global Game Jam 2020\GGJ20\Binaries\Win64\UE4Editor-GGJ20.pdb'
[2020.01.31-23.29.01:383][833]CompilerResultsLog:     Exception: Access to the path 'C:\Users\h017026h\Documents\GitKra\Global Game Jam 2020\GGJ20\Binaries\Win64\UE4Editor-GGJ20.pdb' is denied.
[2020.01.31-23.29.01:383][833]CompilerResultsLog: Attempting to retry...
[2020.01.31-23.29.01:383][833]CompilerResultsLog: Failed to delete file 'C:\Users\h017026h\Documents\GitKra\Global Game Jam 2020\GGJ20\Binaries\Win64\UE4Editor-GGJ20.pdb'
[2020.01.31-23.29.01:383][833]CompilerResultsLog:     Exception: Access to the path 'C:\Users\h017026h\Documents\GitKra\Global Game Jam 2020\GGJ20\Binaries\Win64\UE4Editor-GGJ20.pdb' is denied.
[2020.01.31-23.29.01:383][833]CompilerResultsLog: ERROR: Exhausted all retries!
[2020.01.31-23.29.01:383][833]CompilerResultsLog: Using Visual Studio 2019 14.20.27508 toolchain (C:\Program Files (x86)\Microsoft Visual Studio\2019\Professional\VC\Tools\MSVC\14.20.27508) and Windows 10.0.17763.0 SDK (C:\Program Files (x86)\Windows Kits\10).
[2020.01.31-23.29.01:383][833]CompilerResultsLog: Building 6 actions with 8 processes...
[2020.01.31-23.29.01:384][833]CompilerResultsLog:   [1/6] GGJ20.init.gen.cpp
[2020.01.31-23.29.01:384][833]CompilerResultsLog:   [2/6] WaterRoom.cpp
[2020.01.31-23.29.01:384][833]CompilerResultsLog:   [3/6] WaterRoom.gen.cpp
[2020.01.31-23.29.01:384][833]CompilerResultsLog:   [4/6] UE4Editor-GGJ20-0048.lib
[2020.01.31-23.29.01:384][833]CompilerResultsLog:      Creating library C:\Users\h017026h\Documents\GitKra\Global Game Jam 2020\GGJ20\Intermediate\Build\Win64\UE4Editor\Development\GGJ20\UE4Editor-GGJ20-0048.lib and object C:\Users\h017026h\Documents\GitKra\Global Game Jam 2020\GGJ20\Intermediate\Build\Win64\UE4Editor\Development\GGJ20\UE4Editor-GGJ20-0048.exp
[2020.01.31-23.29.01:384][833]CompilerResultsLog:   [5/6] UE4Editor-GGJ20-0048.dll
[2020.01.31-23.29.01:384][833]CompilerResultsLog:      Creating library C:\Users\h017026h\Documents\GitKra\Global Game Jam 2020\GGJ20\Intermediate\Build\Win64\UE4Editor\Development\GGJ20\UE4Editor-GGJ20-0048.suppressed.lib and object C:\Users\h017026h\Documents\GitKra\Global Game Jam 2020\GGJ20\Intermediate\Build\Win64\UE4Editor\Development\GGJ20\UE4Editor-GGJ20-0048.suppressed.exp
[2020.01.31-23.29.01:384][833]CompilerResultsLog:   [6/6] GGJ20Editor.target
[2020.01.31-23.29.01:384][833]CompilerResultsLog: Total time in Parallel executor: 2.24 seconds
[2020.01.31-23.29.01:384][833]CompilerResultsLog: Total execution time: 13.24 seconds
[2020.01.31-23.29.01:384][833]LogMainFrame: MainFrame: Module compiling took 13.335 seconds
[2020.01.31-23.29.01:424][833]LogUObjectHash: Compacting FUObjectHashTables data took   1.92ms
[2020.01.31-23.29.01:441][833]LogContentBrowser: Native class hierarchy populated in 0.0109 seconds. Added 2736 classes and 664 folders.
[2020.01.31-23.29.01:441][833]Display: HotReload took 13.4s.
[2020.01.31-23.29.01:442][833]Warning: HotReload operation took 13.4s.
[2020.01.31-23.29.01:932][833]LogVSAccessor: Warning: Couldn't goto line number '1' in 'C:/Users/h017026h/Documents/GitKra/Global Game Jam 2020/GGJ20/Source/GGJ20/Private/WaterRoom.cpp'
[2020.01.31-23.29.01:952][833]LogSlate: Window 'Add C++ Class' being destroyed
[2020.01.31-23.29.01:965][833]LogHotReload: New module detected: UE4Editor-GGJ20-0048.dll
[2020.01.31-23.29.01:999][834]LogHotReload: Starting Hot-Reload from IDE
[2020.01.31-23.29.02:042][834]LogUObjectHash: Compacting FUObjectHashTables data took   0.80ms
[2020.01.31-23.29.02:076][834]LogClass: Could not find existing class WaterRoom in package /Script/GGJ20 for HotReload, assuming new class
[2020.01.31-23.29.02:082][834]LogContentBrowser: Native class hierarchy updated for 'GGJ20' in 0.0008 seconds. Added 4 classes and 3 folders.
[2020.01.31-23.29.02:086][834]Display: HotReload successful (0 functions remapped  0 scriptstructs remapped)
[2020.01.31-23.29.02:158][834]LogUObjectHash: Compacting FUObjectHashTables data took   1.84ms
[2020.01.31-23.29.02:179][834]LogContentBrowser: Native class hierarchy populated in 0.0155 seconds. Added 2737 classes and 664 folders.
[2020.01.31-23.29.02:182][834]Display: HotReload took  0.2s.
[2020.01.31-23.31.37:384][880]Candidate modules for hot reload:
[2020.01.31-23.31.37:384][880]  GGJ20
[2020.01.31-23.31.37:384][880]Launching UnrealBuildTool... [C:/Epic/UE4/UE_4.22/Engine/Binaries/DotNET/UnrealBuildTool.exe  -ModuleWithSuffix=GGJ20,2205 Win64 Development -TargetType=Editor -Project="C:/Users/h017026h/Documents/GitKra/Global Game Jam 2020/GGJ20/GGJ20.uproject" "C:/Users/h017026h/Documents/GitKra/Global Game Jam 2020/GGJ20/GGJ20.uproject"  -IgnoreJunk]
[2020.01.31-23.31.50:793][880]CompilerResultsLog: New page: Compilation - 31 Jan 2020 23:31:50
[2020.01.31-23.31.50:793][880]CompilerResultsLog: Using 'git status' to determine working set for adaptive non-unity build (C:\Users\h017026h\Documents\GitKra\Global Game Jam 2020).
[2020.01.31-23.31.50:793][880]CompilerResultsLog: Invalidating makefile for GGJ20Editor (source file added)
[2020.01.31-23.31.50:793][880]CompilerResultsLog: Parsing headers for GGJ20Editor
[2020.01.31-23.31.50:793][880]CompilerResultsLog:   Running UnrealHeaderTool "C:\Users\h017026h\Documents\GitKra\Global Game Jam 2020\GGJ20\GGJ20.uproject" "C:\Users\h017026h\Documents\GitKra\Global Game Jam 2020\GGJ20\Intermediate\Build\Win64\GGJ20Editor\Development\GGJ20Editor.uhtmanifest" -LogCmds="loginit warning, logexit warning, logdatabase error" -Unattended -WarningsAsErrors -installed
[2020.01.31-23.31.50:793][880]CompilerResultsLog: Reflection code generated for GGJ20Editor in 6.7017168 seconds
[2020.01.31-23.31.50:794][880]CompilerResultsLog: Failed to delete file 'C:\Users\h017026h\Documents\GitKra\Global Game Jam 2020\GGJ20\Binaries\Win64\UE4Editor-GGJ20.pdb'
[2020.01.31-23.31.50:794][880]CompilerResultsLog:     Exception: Access to the path 'C:\Users\h017026h\Documents\GitKra\Global Game Jam 2020\GGJ20\Binaries\Win64\UE4Editor-GGJ20.pdb' is denied.
[2020.01.31-23.31.50:794][880]CompilerResultsLog: Attempting to retry...
[2020.01.31-23.31.50:794][880]CompilerResultsLog: Failed to delete file 'C:\Users\h017026h\Documents\GitKra\Global Game Jam 2020\GGJ20\Binaries\Win64\UE4Editor-GGJ20.pdb'
[2020.01.31-23.31.50:794][880]CompilerResultsLog:     Exception: Access to the path 'C:\Users\h017026h\Documents\GitKra\Global Game Jam 2020\GGJ20\Binaries\Win64\UE4Editor-GGJ20.pdb' is denied.
[2020.01.31-23.31.50:794][880]CompilerResultsLog: Attempting to retry...
[2020.01.31-23.31.50:794][880]CompilerResultsLog: Failed to delete file 'C:\Users\h017026h\Documents\GitKra\Global Game Jam 2020\GGJ20\Binaries\Win64\UE4Editor-GGJ20.pdb'
[2020.01.31-23.31.50:794][880]CompilerResultsLog:     Exception: Access to the path 'C:\Users\h017026h\Documents\GitKra\Global Game Jam 2020\GGJ20\Binaries\Win64\UE4Editor-GGJ20.pdb' is denied.
[2020.01.31-23.31.50:794][880]CompilerResultsLog: ERROR: Exhausted all retries!
[2020.01.31-23.31.50:794][880]CompilerResultsLog: Using Visual Studio 2019 14.20.27508 toolchain (C:\Program Files (x86)\Microsoft Visual Studio\2019\Professional\VC\Tools\MSVC\14.20.27508) and Windows 10.0.17763.0 SDK (C:\Program Files (x86)\Windows Kits\10).
[2020.01.31-23.31.50:794][880]CompilerResultsLog: Building 6 actions with 8 processes...
[2020.01.31-23.31.50:794][880]CompilerResultsLog:   [1/6] WaterLevel.cpp
[2020.01.31-23.31.50:794][880]CompilerResultsLog:   [2/6] GGJ20.init.gen.cpp
[2020.01.31-23.31.50:795][880]CompilerResultsLog:   [3/6] WaterLevel.gen.cpp
[2020.01.31-23.31.50:795][880]CompilerResultsLog:   [4/6] UE4Editor-GGJ20-2205.lib
[2020.01.31-23.31.50:795][880]CompilerResultsLog:      Creating library C:\Users\h017026h\Documents\GitKra\Global Game Jam 2020\GGJ20\Intermediate\Build\Win64\UE4Editor\Development\GGJ20\UE4Editor-GGJ20-2205.lib and object C:\Users\h017026h\Documents\GitKra\Global Game Jam 2020\GGJ20\Intermediate\Build\Win64\UE4Editor\Development\GGJ20\UE4Editor-GGJ20-2205.exp
[2020.01.31-23.31.50:795][880]CompilerResultsLog:   [5/6] UE4Editor-GGJ20-2205.dll
[2020.01.31-23.31.50:795][880]CompilerResultsLog:      Creating library C:\Users\h017026h\Documents\GitKra\Global Game Jam 2020\GGJ20\Intermediate\Build\Win64\UE4Editor\Development\GGJ20\UE4Editor-GGJ20-2205.suppressed.lib and object C:\Users\h017026h\Documents\GitKra\Global Game Jam 2020\GGJ20\Intermediate\Build\Win64\UE4Editor\Development\GGJ20\UE4Editor-GGJ20-2205.suppressed.exp
[2020.01.31-23.31.50:795][880]CompilerResultsLog:   [6/6] GGJ20Editor.target
[2020.01.31-23.31.50:795][880]CompilerResultsLog: Total time in Parallel executor: 2.20 seconds
[2020.01.31-23.31.50:795][880]CompilerResultsLog: Total execution time: 13.32 seconds
[2020.01.31-23.31.50:795][880]LogMainFrame: MainFrame: Module compiling took 13.415 seconds
[2020.01.31-23.31.50:825][880]LogUObjectHash: Compacting FUObjectHashTables data took   0.98ms
[2020.01.31-23.31.50:857][880]LogClass: Could not find existing class WaterLevel in package /Script/GGJ20 for HotReload, assuming new class
[2020.01.31-23.31.50:864][880]LogContentBrowser: Native class hierarchy updated for 'GGJ20' in 0.0004 seconds. Added 5 classes and 3 folders.
[2020.01.31-23.31.50:867][880]Display: HotReload successful (0 functions remapped  0 scriptstructs remapped)
[2020.01.31-23.31.50:921][880]LogUObjectHash: Compacting FUObjectHashTables data took   1.20ms
[2020.01.31-23.31.50:934][880]LogContentBrowser: Native class hierarchy populated in 0.0087 seconds. Added 2738 classes and 664 folders.
[2020.01.31-23.31.50:934][880]Display: HotReload took 13.6s.
[2020.01.31-23.31.50:935][880]Warning: HotReload operation took 13.6s.
[2020.01.31-23.31.51:335][880]LogVSAccessor: Warning: Couldn't goto line number '1' in 'C:/Users/h017026h/Documents/GitKra/Global Game Jam 2020/GGJ20/Source/GGJ20/Public/WaterLevel.h'
[2020.01.31-23.31.51:651][880]LogSlate: Window 'Add C++ Class' being destroyed
[2020.01.31-23.31.51:662][880]LogHotReload: New module detected: UE4Editor-GGJ20-2205.dll
[2020.01.31-23.31.51:699][881]LogHotReload: Starting Hot-Reload from IDE
[2020.01.31-23.31.51:737][881]LogUObjectHash: Compacting FUObjectHashTables data took   0.65ms
[2020.01.31-23.31.51:741][881]LogContentBrowser: Native class hierarchy updated for 'GGJ20' in 0.0004 seconds. Added 5 classes and 3 folders.
[2020.01.31-23.31.51:744][881]Display: HotReload successful (0 functions remapped  0 scriptstructs remapped)
[2020.01.31-23.31.51:771][881]LogUObjectHash: Compacting FUObjectHashTables data took   0.65ms
[2020.01.31-23.31.51:785][881]LogContentBrowser: Native class hierarchy populated in 0.0097 seconds. Added 2738 classes and 664 folders.
[2020.01.31-23.31.51:787][881]Display: HotReload took  0.1s.
[2020.02.01-00.01.40:905][780]LogInit: XAudio2 using 'Realtek HD Audio 2nd output (2- Realtek High Definition Audio)' : 2 channels at 48 kHz using 32 bits per sample (channel mask 0x3)
[2020.02.01-00.01.41:215][781]LogInit: XAudio2 using 'Realtek HD Audio 2nd output (2- Realtek High Definition Audio)' : 2 channels at 48 kHz using 32 bits per sample (channel mask 0x3)
[2020.02.01-00.26.40:953][354]LogSlate: Window 'Save Level As' being destroyed
[2020.02.01-00.26.41:999][476]LogUObjectHash: Compacting FUObjectHashTables data took   0.79ms
[2020.02.01-00.26.43:389][476]LogSlate: Window 'Save Content' being destroyed
[2020.02.01-00.26.43:465][476]LogSlate: Window 'GGJ20 - Unreal Editor' being destroyed
[2020.02.01-00.26.43:664][477]Cmd: QUIT_EDITOR
[2020.02.01-00.26.44:652][477]LogWindowsTextInputMethodSystem: Display: IME system now deactivated.
[2020.02.01-00.26.44:684][477]LogExit: Preparing to exit.
[2020.02.01-00.26.45:134][477]LogExit: Editor shut down
[2020.02.01-00.26.45:135][477]LogExit: Transaction tracking system shut down
[2020.02.01-00.26.45:307][477]LogExit: Object subsystem successfully closed.
[2020.02.01-00.26.45:353][477]LogShaderCompilers: Display: Shaders left to compile 0
[2020.02.01-00.26.45:361][477]LogD3D11RHI: Shutdown
[2020.02.01-00.26.45:361][477]LogD3D11RHI: CleanupD3DDevice
[2020.02.01-00.26.45:362][477]LogRendererCore: FGlobalReadBuffer::ReleaseRHI
[2020.02.01-00.26.45:362][477]LogRendererCore: FGlobalDynamicReadBuffer::Cleanup()
[2020.02.01-00.26.45:362][477]LogRendererCore: FGlobalReadBuffer::ReleaseRHI
[2020.02.01-00.26.45:362][477]LogRendererCore: FGlobalDynamicReadBuffer::Cleanup()
[2020.02.01-00.26.45:362][477]LogRendererCore: FGlobalReadBuffer::ReleaseRHI
[2020.02.01-00.26.45:362][477]LogRendererCore: FGlobalDynamicReadBuffer::Cleanup()
[2020.02.01-00.26.45:462][477]LogD3D11RHI: ~FD3D11DynamicRHI
[2020.02.01-00.26.45:501][477]LogModuleManager: Shutting down and abandoning module GGJ20 (657)
[2020.02.01-00.26.45:501][477]LogModuleManager: Shutting down and abandoning module ExternalImagePicker (652)
[2020.02.01-00.26.45:501][477]LogModuleManager: Shutting down and abandoning module MovieSceneCapture (650)
[2020.02.01-00.26.45:502][477]LogModuleManager: Shutting down and abandoning module Voice (648)
[2020.02.01-00.26.45:502][477]LogModuleManager: Shutting down and abandoning module HierarchicalLODOutliner (646)
[2020.02.01-00.26.45:502][477]LogModuleManager: Shutting down and abandoning module SceneOutliner (644)
[2020.02.01-00.26.45:502][477]LogModuleManager: Shutting down and abandoning module AddContentDialog (642)
[2020.02.01-00.26.45:502][477]LogModuleManager: Shutting down and abandoning module WidgetCarousel (641)
[2020.02.01-00.26.45:502][477]LogModuleManager: Shutting down and abandoning module EditorWidgets (638)
[2020.02.01-00.26.45:503][477]LogModuleManager: Shutting down and abandoning module CollectionManager (636)
[2020.02.01-00.26.45:503][477]LogModuleManager: Shutting down and abandoning module HierarchicalLODUtilities (634)
[2020.02.01-00.26.45:504][477]LogModuleManager: Shutting down and abandoning module StatsViewer (632)
[2020.02.01-00.26.45:504][477]LogModuleManager: Shutting down and abandoning module FoliageEdit (630)
[2020.02.01-00.26.45:504][477]LogModuleManager: Shutting down and abandoning module LandscapeEditor (628)
[2020.02.01-00.26.45:504][477]LogModuleManager: Shutting down and abandoning module MeshPaintMode (626)
[2020.02.01-00.26.45:504][477]LogModuleManager: Shutting down and abandoning module SceneDepthPickerMode (624)
[2020.02.01-00.26.45:504][477]LogModuleManager: Shutting down and abandoning module ActorPickerMode (622)
[2020.02.01-00.26.45:504][477]LogModuleManager: Shutting down and abandoning module GeometryMode (620)
[2020.02.01-00.26.45:505][477]LogModuleManager: Shutting down and abandoning module TextureAlignMode (618)
[2020.02.01-00.26.45:505][477]LogModuleManager: Shutting down and abandoning module BspMode (616)
[2020.02.01-00.26.45:505][477]LogModuleManager: Shutting down and abandoning module PIEPreviewDeviceProfileSelector (614)
[2020.02.01-00.26.45:505][477]LogModuleManager: Shutting down and abandoning module SequenceRecorderSections (612)
[2020.02.01-00.26.45:505][477]LogModuleManager: Shutting down and abandoning module AutomationWorker (610)
[2020.02.01-00.26.45:506][477]LogModuleManager: Shutting down and abandoning module OculusMR (608)
[2020.02.01-00.26.45:506][477]LogModuleManager: Shutting down and abandoning module AudioCaptureEditor (606)
[2020.02.01-00.26.45:506][477]LogModuleManager: Shutting down and abandoning module MatineeToLevelSequence (604)
[2020.02.01-00.26.45:506][477]LogModuleManager: Shutting down and abandoning module LevelSequenceEditor (602)
[2020.02.01-00.26.45:506][477]LogModuleManager: Shutting down and abandoning module PlacementMode (601)
[2020.02.01-00.26.45:507][477]LogModuleManager: Shutting down and abandoning module MaterialEditor (600)
[2020.02.01-00.26.45:507][477]LogModuleManager: Shutting down and abandoning module ActorSequenceEditor (596)
[2020.02.01-00.26.45:507][477]LogModuleManager: Shutting down and abandoning module WmfMediaFactory (594)
[2020.02.01-00.26.45:507][477]LogModuleManager: Shutting down and abandoning module WmfMediaEditor (592)
[2020.02.01-00.26.45:507][477]LogModuleManager: Shutting down and abandoning module WebMMediaFactory (590)
[2020.02.01-00.26.45:507][477]LogModuleManager: Shutting down and abandoning module WebMMediaEditor (588)
[2020.02.01-00.26.45:507][477]LogModuleManager: Shutting down and abandoning module WebMMedia (586)
[2020.02.01-00.26.45:508][477]LogModuleManager: Shutting down and abandoning module MediaPlayerEditor (584)
[2020.02.01-00.26.45:508][477]LogModuleManager: Shutting down and abandoning module MediaCompositingEditor (582)
[2020.02.01-00.26.45:508][477]LogModuleManager: Shutting down and abandoning module SequenceRecorder (581)
[2020.02.01-00.26.45:508][477]LogModuleManager: Shutting down and abandoning module OpenExrWrapper (578)
[2020.02.01-00.26.45:508][477]LogModuleManager: Shutting down and abandoning module ImgMediaFactory (576)
[2020.02.01-00.26.45:508][477]LogModuleManager: Shutting down and abandoning module ImgMediaEditor (574)
[2020.02.01-00.26.45:508][477]LogModuleManager: Shutting down and abandoning module AvfMediaFactory (572)
[2020.02.01-00.26.45:509][477]LogModuleManager: Shutting down and abandoning module AvfMediaEditor (570)
[2020.02.01-00.26.45:509][477]LogModuleManager: Shutting down and abandoning module AndroidMediaFactory (568)
[2020.02.01-00.26.45:509][477]LogModuleManager: Shutting down and abandoning module AndroidMediaEditor (566)
[2020.02.01-00.26.45:509][477]LogModuleManager: Shutting down and abandoning module MagicLeapCameraPreviewFactory (564)
[2020.02.01-00.26.45:509][477]LogModuleManager: Shutting down and abandoning module MagicLeapMediaCodecFactory (562)
[2020.02.01-00.26.45:509][477]LogModuleManager: Shutting down and abandoning module MagicLeapMediaFactory (560)
[2020.02.01-00.26.45:509][477]LogModuleManager: Shutting down and abandoning module MagicLeapMediaEditor (558)
[2020.02.01-00.26.45:510][477]LogModuleManager: Shutting down and abandoning module CharacterAI (556)
[2020.02.01-00.26.45:510][477]LogModuleManager: Shutting down and abandoning module SmartSnapping (554)
[2020.02.01-00.26.45:510][477]LogModuleManager: Shutting down and abandoning module SessionServices (552)
[2020.02.01-00.26.45:510][477]LogModuleManager: Shutting down and abandoning module MeshPaint (550)
[2020.02.01-00.26.45:510][477]LogModuleManager: Shutting down and abandoning module ViewportSnapping (548)
[2020.02.01-00.26.45:510][477]LogModuleManager: Shutting down and abandoning module ViewportInteraction (546)
[2020.02.01-00.26.45:510][477]LogModuleManager: Shutting down and abandoning module ClothPainter (544)
[2020.02.01-00.26.45:511][477]LogModuleManager: Shutting down and abandoning module SkeletalMeshEditor (543)
[2020.02.01-00.26.45:511][477]LogModuleManager: Shutting down and abandoning module LogVisualizer (540)
[2020.02.01-00.26.45:511][477]LogModuleManager: Shutting down and abandoning module IntroTutorials (538)
[2020.02.01-00.26.45:511][477]LogModuleManager: Shutting down and abandoning module GameProjectGeneration (537)
[2020.02.01-00.26.45:511][477]LogModuleManager: Shutting down and abandoning module LuminPlatformEditor (534)
[2020.02.01-00.26.45:512][477]LogModuleManager: Shutting down and abandoning module IOSPlatformEditor (532)
[2020.02.01-00.26.45:512][477]LogModuleManager: Shutting down and abandoning module HTML5PlatformEditor (530)
[2020.02.01-00.26.45:512][477]LogModuleManager: Shutting down and abandoning module AndroidPlatformEditor (528)
[2020.02.01-00.26.45:512][477]LogModuleManager: Shutting down and abandoning module AndroidDeviceDetection (527)
