Log file open, 01/31/20 20:17:57
LogWindows: Failed to load 'aqProf.dll' (GetLastError=126)
LogWindows: File 'aqProf.dll' does not exist
LogWindows: Failed to load 'VtuneApi.dll' (GetLastError=126)
LogWindows: File 'VtuneApi.dll' does not exist
LogWindows: Failed to load 'VtuneApi32e.dll' (GetLastError=126)
LogWindows: File 'VtuneApi32e.dll' does not exist
LogConsoleResponse: Display: Failed to find resolution value strings in scalability ini. Falling back to default.
LogInit: Display: Running engine for game: GGJ20
LogPakFile: Registered encryption key '00000000000000000000000000000000': 0 pak files mounted, 0 remain pending
LogPlatformFile: Not using cached read wrapper
LogTaskGraph: Started task graph with 5 named threads and 23 total threads with 3 sets of task threads.
LogStats: Stats thread started at 0.387391
LogD3D11RHI: Loaded GFSDK_Aftermath_Lib.x64.dll
LogICUInternationalization: ICU TimeZone Detection - Raw Offset: +0:00, Platform Override: ''
LogPluginManager: Mounting plugin Paper2D
LogPluginManager: Mounting plugin AISupport
LogPluginManager: Mounting plugin LightPropagationVolume
LogPluginManager: Mounting plugin ActorLayerUtilities
LogPluginManager: Mounting plugin AnimationSharing
LogPluginManager: Mounting plugin CLionSourceCodeAccess
LogPluginManager: Mounting plugin CodeLiteSourceCodeAccess
LogPluginManager: Mounting plugin GitSourceControl
LogPluginManager: Mounting plugin KDevelopSourceCodeAccess
LogPluginManager: Mounting plugin NullSourceCodeAccess
LogPluginManager: Mounting plugin PerforceSourceControl
LogPluginManager: Mounting plugin SubversionSourceControl
LogPluginManager: Mounting plugin UObjectPlugin
LogPluginManager: Mounting plugin VisualStudioCodeSourceCodeAccess
LogPluginManager: Mounting plugin VisualStudioSourceCodeAccess
LogPluginManager: Mounting plugin XCodeSourceCodeAccess
LogPluginManager: Mounting plugin AssetManagerEditor
LogPluginManager: Mounting plugin CryptoKeys
LogPluginManager: Mounting plugin DataValidation
LogPluginManager: Mounting plugin FacialAnimation
LogPluginManager: Mounting plugin GameplayTagsEditor
LogPluginManager: Mounting plugin MacGraphicsSwitching
LogPluginManager: Mounting plugin MaterialAnalyzer
LogPluginManager: Mounting plugin MobileLauncherProfileWizard
LogPluginManager: Mounting plugin PluginBrowser
LogPluginManager: Mounting plugin SpeedTreeImporter
LogPluginManager: Mounting plugin DatasmithContent
LogPluginManager: Mounting plugin VariantManagerContent
LogPluginManager: Mounting plugin AlembicImporter
LogPluginManager: Mounting plugin AppleImageUtils
LogPluginManager: Mounting plugin AppleVision
LogPluginManager: Mounting plugin BackChannel
LogPluginManager: Mounting plugin CharacterAI
LogPluginManager: Mounting plugin GeometryCache
LogPluginManager: Mounting plugin HTML5Networking
LogPluginManager: Mounting plugin ProxyLODPlugin
LogPluginManager: Mounting plugin SkeletalReduction
LogPluginManager: Mounting plugin MagicLeap
LogPluginManager: Mounting plugin MagicLeapMedia
LogPluginManager: Mounting plugin AndroidMedia
LogPluginManager: Mounting plugin AvfMedia
LogPluginManager: Mounting plugin ImgMedia
LogPluginManager: Mounting plugin LinearTimecode
LogPluginManager: Mounting plugin MediaCompositing
LogPluginManager: Mounting plugin MediaPlayerEditor
LogPluginManager: Mounting plugin WebMMedia
LogPluginManager: Mounting plugin WmfMedia
LogPluginManager: Mounting plugin TcpMessaging
LogPluginManager: Mounting plugin UdpMessaging
LogPluginManager: Mounting plugin ActorSequence
LogPluginManager: Mounting plugin LevelSequenceEditor
LogPluginManager: Mounting plugin MatineeToLevelSequence
LogPluginManager: Mounting plugin NetcodeUnitTest
LogPluginManager: Mounting plugin NUTUnrealEngine4
LogPluginManager: Mounting plugin OnlineSubsystemGooglePlay
LogPluginManager: Mounting plugin OnlineSubsystemIOS
LogPluginManager: Mounting plugin OnlineSubsystem
LogPluginManager: Mounting plugin OnlineSubsystemNull
LogPluginManager: Mounting plugin OnlineSubsystemUtils
LogPluginManager: Mounting plugin LauncherChunkInstaller
LogPluginManager: Mounting plugin AndroidDeviceProfileSelector
LogPluginManager: Mounting plugin AndroidMoviePlayer
LogPluginManager: Mounting plugin AndroidPermission
LogPluginManager: Mounting plugin AppleMoviePlayer
LogPluginManager: Mounting plugin ArchVisCharacter
LogPluginManager: Mounting plugin AudioCapture
LogPluginManager: Mounting plugin CableComponent
LogPluginManager: Mounting plugin CustomMeshComponent
LogPluginManager: Mounting plugin EditableMesh
LogPluginManager: Mounting plugin ExampleDeviceProfileSelector
LogPluginManager: Mounting plugin Firebase
LogPluginManager: Mounting plugin GoogleCloudMessaging
LogPluginManager: Mounting plugin IOSDeviceProfileSelector
LogPluginManager: Mounting plugin LinuxDeviceProfileSelector
LogPluginManager: Mounting plugin LocationServicesBPLibrary
LogPluginManager: Mounting plugin MobilePatchingUtils
LogPluginManager: Mounting plugin OculusVR
LogPluginManager: Mounting plugin PhysXVehicles
LogPluginManager: Mounting plugin ProceduralMeshComponent
LogPluginManager: Mounting plugin RuntimePhysXCooking
LogPluginManager: Mounting plugin SignificanceManager
LogPluginManager: Mounting plugin SteamVR
LogPluginManager: Mounting plugin WebMMoviePlayer
LogPluginManager: Mounting plugin WindowsMoviePlayer
LogInit: Using libcurl 7.55.1-DEV
LogInit:  - built for x86_64-pc-win32
LogInit:  - supports SSL with OpenSSL/1.1.1
LogInit:  - supports HTTP deflate (compression) using libz 1.2.8
LogInit:  - other features:
LogInit:      CURL_VERSION_SSL
LogInit:      CURL_VERSION_LIBZ
LogInit:      CURL_VERSION_IPV6
LogInit:      CURL_VERSION_ASYNCHDNS
LogInit:      CURL_VERSION_LARGEFILE
LogInit:      CURL_VERSION_IDN
LogInit:  CurlRequestOptions (configurable via config and command line):
LogInit:  - bVerifyPeer = true  - Libcurl will verify peer certificate
LogInit:  - bUseHttpProxy = false  - Libcurl will NOT use HTTP proxy
LogInit:  - bDontReuseConnections = false  - Libcurl will reuse connections
LogInit:  - MaxHostConnections = 16  - Libcurl will limit the number of connections to a host
LogInit:  - LocalHostAddr = Default
LogInit:  - BufferSize = 65536
LogInit: WinSock: version 1.1 (2.2), MaxSocks=32767, MaxUdp=65467
LogInit: Build: ++UE4+Release-4.22-CL-7053642
LogInit: Engine Version: 4.22.3-7053642+++UE4+Release-4.22
LogInit: Compatible Engine Version: 4.22.0-5660361+++UE4+Release-4.22
LogInit: Net CL: 5660361
LogInit: OS: Windows 10 (Release 1909) (), CPU: Intel(R) Xeon(R) W-2123 CPU @ 3.60GHz, GPU: NVIDIA GeForce GTX 1070
LogInit: Compiled (64-bit): Jun 18 2019 03:09:11
LogInit: Compiled with Visual C++: 19.16.27025.01
LogInit: Build Configuration: Development
LogInit: Branch Name: ++UE4+Release-4.22
LogInit: Command Line:  -skipcompile
LogInit: Base Directory: C:/Epic/UE4/UE_4.22/Engine/Binaries/Win64/
LogInit: Installed Engine Build: 1
LogDevObjectVersion: Number of dev versions registered: 23
LogDevObjectVersion:   Dev-Blueprints (B0D832E4-1F89-4F0D-ACCF-7EB736FD4AA2): 10
LogDevObjectVersion:   Dev-Build (E1C64328-A22C-4D53-A36C-8E866417BD8C): 0
LogDevObjectVersion:   Dev-Core (375EC13C-06E4-48FB-B500-84F0262A717E): 3
LogDevObjectVersion:   Dev-Editor (E4B068ED-F494-42E9-A231-DA0B2E46BB41): 30
LogDevObjectVersion:   Dev-Framework (CFFC743F-43B0-4480-9391-14DF171D2073): 35
LogDevObjectVersion:   Dev-Mobile (B02B49B5-BB20-44E9-A304-32B752E40360): 2
LogDevObjectVersion:   Dev-Networking (A4E4105C-59A1-49B5-A7C5-40C4547EDFEE): 0
LogDevObjectVersion:   Dev-Online (39C831C9-5AE6-47DC-9A44-9C173E1C8E7C): 0
LogDevObjectVersion:   Dev-Physics (78F01B33-EBEA-4F98-B9B4-84EACCB95AA2): 0
LogDevObjectVersion:   Dev-Platform (6631380F-2D4D-43E0-8009-CF276956A95A): 0
LogDevObjectVersion:   Dev-Rendering (12F88B9F-8875-4AFC-A67C-D90C383ABD29): 28
LogDevObjectVersion:   Dev-Sequencer (7B5AE74C-D270-4C10-A958-57980B212A5A): 11
LogDevObjectVersion:   Dev-VR (D7296918-1DD6-4BDD-9DE2-64A83CC13884): 2
LogDevObjectVersion:   Dev-LoadTimes (C2A15278-BFE7-4AFE-6C17-90FF531DF755): 1
LogDevObjectVersion:   Private-Geometry (6EACA3D4-40EC-4CC1-B786-8BED09428FC5): 3
LogDevObjectVersion:   Dev-AnimPhys (29E575DD-E0A3-4627-9D10-D276232CDCEA): 17
LogDevObjectVersion:   Dev-Anim (AF43A65D-7FD3-4947-9873-3E8ED9C1BB05): 2
LogDevObjectVersion:   Dev-ReflectionCapture (6B266CEC-1EC7-4B8F-A30B-E4D90942FC07): 1
LogDevObjectVersion:   Dev-Automation (0DF73D61-A23F-47EA-B727-89E90C41499A): 1
LogDevObjectVersion:   FortniteMain (601D1886-AC64-4F84-AA16-D3DE0DEAC7D6): 25
LogDevObjectVersion:   Dev-Enterprise (9DFFBCD6-494F-0158-E221-12823C92A888): 6
LogDevObjectVersion:   Dev-Niagara (F2AED0AC-9AFE-416F-8664-AA7FFA26D6FC): 1
LogDevObjectVersion:   Dev-Destruction (174F1F0B-B4C6-45A5-B13F-2EE8D0FB917D): 2
LogInit: Presizing for max 16777216 objects, including 0 objects not considered by GC, pre-allocating 0 bytes for permanent pool.
LogInit: Object subsystem initialized
LogConfig: Setting CVar [[con.DebugEarlyDefault:1]]
LogConfig: Setting CVar [[r.setres:1280x720]]
[2020.01.31-20.17.57:538][  0]LogConfig: Setting CVar [[r.VSync:0]]
[2020.01.31-20.17.57:538][  0]LogConfig: Setting CVar [[r.RHICmdBypass:0]]
[2020.01.31-20.17.57:538][  0]LogConfig: Applying CVar settings from Section [/Script/Engine.RendererSettings] File [C:/Users/h017026h/Documents/GitKra/Global Game Jam 2020/GGJ20/Saved/Config/Windows/Engine.ini]
[2020.01.31-20.17.57:538][  0]LogConfig: Setting CVar [[r.GPUCrashDebugging:0]]
[2020.01.31-20.17.57:539][  0]LogConfig: Setting CVar [[r.DefaultFeature.AutoExposure.ExtendDefaultLuminanceRange:1]]
[2020.01.31-20.17.57:539][  0]LogConfig: Applying CVar settings from Section [/Script/Engine.RendererOverrideSettings] File [C:/Users/h017026h/Documents/GitKra/Global Game Jam 2020/GGJ20/Saved/Config/Windows/Engine.ini]
[2020.01.31-20.17.57:539][  0]LogConfig: Applying CVar settings from Section [/Script/Engine.StreamingSettings] File [C:/Users/h017026h/Documents/GitKra/Global Game Jam 2020/GGJ20/Saved/Config/Windows/Engine.ini]
[2020.01.31-20.17.57:539][  0]LogConfig: Setting CVar [[s.MinBulkDataSizeForAsyncLoading:131072]]
[2020.01.31-20.17.57:539][  0]LogConfig: Setting CVar [[s.AsyncLoadingThreadEnabled:0]]
[2020.01.31-20.17.57:539][  0]LogConfig: Setting CVar [[s.EventDrivenLoaderEnabled:1]]
[2020.01.31-20.17.57:539][  0]LogConfig: Setting CVar [[s.WarnIfTimeLimitExceeded:0]]
[2020.01.31-20.17.57:540][  0]LogConfig: Setting CVar [[s.TimeLimitExceededMultiplier:1.5]]
[2020.01.31-20.17.57:540][  0]LogConfig: Setting CVar [[s.TimeLimitExceededMinTime:0.005]]
[2020.01.31-20.17.57:540][  0]LogConfig: Setting CVar [[s.UseBackgroundLevelStreaming:1]]
[2020.01.31-20.17.57:540][  0]LogConfig: Setting CVar [[s.PriorityAsyncLoadingExtraTime:15.0]]
[2020.01.31-20.17.57:540][  0]LogConfig: Setting CVar [[s.LevelStreamingActorsUpdateTimeLimit:5.0]]
[2020.01.31-20.17.57:540][  0]LogConfig: Setting CVar [[s.PriorityLevelStreamingActorsUpdateExtraTime:5.0]]
[2020.01.31-20.17.57:540][  0]LogConfig: Setting CVar [[s.LevelStreamingComponentsRegistrationGranularity:10]]
[2020.01.31-20.17.57:541][  0]LogConfig: Setting CVar [[s.UnregisterComponentsTimeLimit:1.0]]
[2020.01.31-20.17.57:541][  0]LogConfig: Setting CVar [[s.LevelStreamingComponentsUnregistrationGranularity:5]]
[2020.01.31-20.17.57:541][  0]LogConfig: Applying CVar settings from Section [/Script/Engine.GarbageCollectionSettings] File [C:/Users/h017026h/Documents/GitKra/Global Game Jam 2020/GGJ20/Saved/Config/Windows/Engine.ini]
[2020.01.31-20.17.57:541][  0]LogConfig: Setting CVar [[gc.MaxObjectsNotConsideredByGC:1]]
[2020.01.31-20.17.57:541][  0]LogConfig: Setting CVar [[gc.SizeOfPermanentObjectPool:0]]
[2020.01.31-20.17.57:541][  0]LogConfig: Setting CVar [[gc.FlushStreamingOnGC:0]]
[2020.01.31-20.17.57:542][  0]LogConfig: Setting CVar [[gc.NumRetriesBeforeForcingGC:10]]
[2020.01.31-20.17.57:542][  0]LogConfig: Setting CVar [[gc.AllowParallelGC:1]]
[2020.01.31-20.17.57:542][  0]LogConfig: Setting CVar [[gc.TimeBetweenPurgingPendingKillObjects:61.1]]
[2020.01.31-20.17.57:542][  0]LogConfig: Setting CVar [[gc.MaxObjectsInEditor:16777216]]
[2020.01.31-20.17.57:542][  0]LogConfig: Setting CVar [[gc.IncrementalBeginDestroyEnabled:1]]
[2020.01.31-20.17.57:542][  0]LogConfig: Setting CVar [[gc.CreateGCClusters:1]]
[2020.01.31-20.17.57:542][  0]LogConfig: Setting CVar [[gc.MinGCClusterSize:5]]
[2020.01.31-20.17.57:542][  0]LogConfig: Setting CVar [[gc.ActorClusteringEnabled:0]]
[2020.01.31-20.17.57:543][  0]LogConfig: Setting CVar [[gc.BlueprintClusteringEnabled:0]]
[2020.01.31-20.17.57:543][  0]LogConfig: Setting CVar [[gc.UseDisregardForGCOnDedicatedServers:0]]
[2020.01.31-20.17.57:543][  0]LogConfig: Applying CVar settings from Section [/Script/Engine.NetworkSettings] File [C:/Users/h017026h/Documents/GitKra/Global Game Jam 2020/GGJ20/Saved/Config/Windows/Engine.ini]
[2020.01.31-20.17.57:543][  0]LogConfig: Applying CVar settings from Section [/Script/UnrealEd.CookerSettings] File [C:/Users/h017026h/Documents/GitKra/Global Game Jam 2020/GGJ20/Saved/Config/Windows/Engine.ini]
[2020.01.31-20.17.57:562][  0]LogConfig: Applying CVar settings from Section [ViewDistanceQuality@3] File [C:/Users/h017026h/Documents/GitKra/Global Game Jam 2020/GGJ20/Saved/Config/Windows/Scalability.ini]
[2020.01.31-20.17.57:562][  0]LogConfig: Setting CVar [[r.SkeletalMeshLODBias:0]]
[2020.01.31-20.17.57:562][  0]LogConfig: Setting CVar [[r.ViewDistanceScale:1.0]]
[2020.01.31-20.17.57:562][  0]LogConfig: Applying CVar settings from Section [AntiAliasingQuality@3] File [C:/Users/h017026h/Documents/GitKra/Global Game Jam 2020/GGJ20/Saved/Config/Windows/Scalability.ini]
[2020.01.31-20.17.57:562][  0]LogConfig: Setting CVar [[r.PostProcessAAQuality:4]]
[2020.01.31-20.17.57:563][  0]LogConfig: Applying CVar settings from Section [ShadowQuality@3] File [C:/Users/h017026h/Documents/GitKra/Global Game Jam 2020/GGJ20/Saved/Config/Windows/Scalability.ini]
[2020.01.31-20.17.57:563][  0]LogConfig: Setting CVar [[r.LightFunctionQuality:1]]
[2020.01.31-20.17.57:563][  0]LogConfig: Setting CVar [[r.ShadowQuality:5]]
[2020.01.31-20.17.57:563][  0]LogConfig: Setting CVar [[r.Shadow.CSM.MaxCascades:10]]
[2020.01.31-20.17.57:563][  0]LogConfig: Setting CVar [[r.Shadow.MaxResolution:2048]]
[2020.01.31-20.17.57:563][  0]LogConfig: Setting CVar [[r.Shadow.MaxCSMResolution:2048]]
[2020.01.31-20.17.57:563][  0]LogConfig: Setting CVar [[r.Shadow.RadiusThreshold:0.01]]
[2020.01.31-20.17.57:564][  0]LogConfig: Setting CVar [[r.Shadow.DistanceScale:1.0]]
[2020.01.31-20.17.57:564][  0]LogConfig: Setting CVar [[r.Shadow.CSM.TransitionScale:1.0]]
[2020.01.31-20.17.57:564][  0]LogConfig: Setting CVar [[r.Shadow.PreShadowResolutionFactor:1.0]]
[2020.01.31-20.17.57:564][  0]LogConfig: Setting CVar [[r.DistanceFieldShadowing:1]]
[2020.01.31-20.17.57:564][  0]LogConfig: Setting CVar [[r.DistanceFieldAO:1]]
[2020.01.31-20.17.57:564][  0]LogConfig: Setting CVar [[r.AOQuality:2]]
[2020.01.31-20.17.57:564][  0]LogConfig: Setting CVar [[r.VolumetricFog:1]]
[2020.01.31-20.17.57:565][  0]LogConfig: Setting CVar [[r.VolumetricFog.GridPixelSize:8]]
[2020.01.31-20.17.57:565][  0]LogConfig: Setting CVar [[r.VolumetricFog.GridSizeZ:128]]
[2020.01.31-20.17.57:565][  0]LogConfig: Setting CVar [[r.VolumetricFog.HistoryMissSupersampleCount:4]]
[2020.01.31-20.17.57:565][  0]LogConfig: Setting CVar [[r.LightMaxDrawDistanceScale:1]]
[2020.01.31-20.17.57:565][  0]LogConfig: Setting CVar [[r.CapsuleShadows:1]]
[2020.01.31-20.17.57:565][  0]LogConfig: Applying CVar settings from Section [PostProcessQuality@3] File [C:/Users/h017026h/Documents/GitKra/Global Game Jam 2020/GGJ20/Saved/Config/Windows/Scalability.ini]
[2020.01.31-20.17.57:565][  0]LogConfig: Setting CVar [[r.MotionBlurQuality:4]]
[2020.01.31-20.17.57:566][  0]LogConfig: Setting CVar [[r.AmbientOcclusionMipLevelFactor:0.4]]
[2020.01.31-20.17.57:566][  0]LogConfig: Setting CVar [[r.AmbientOcclusionMaxQuality:100]]
[2020.01.31-20.17.57:566][  0]LogConfig: Setting CVar [[r.AmbientOcclusionLevels:-1]]
[2020.01.31-20.17.57:566][  0]LogConfig: Setting CVar [[r.AmbientOcclusionRadiusScale:1.0]]
[2020.01.31-20.17.57:566][  0]LogConfig: Setting CVar [[r.DepthOfFieldQuality:2]]
[2020.01.31-20.17.57:566][  0]LogConfig: Setting CVar [[r.RenderTargetPoolMin:400]]
[2020.01.31-20.17.57:566][  0]LogConfig: Setting CVar [[r.LensFlareQuality:2]]
[2020.01.31-20.17.57:566][  0]LogConfig: Setting CVar [[r.SceneColorFringeQuality:1]]
[2020.01.31-20.17.57:567][  0]LogConfig: Setting CVar [[r.EyeAdaptationQuality:2]]
[2020.01.31-20.17.57:567][  0]LogConfig: Setting CVar [[r.BloomQuality:5]]
[2020.01.31-20.17.57:567][  0]LogConfig: Setting CVar [[r.FastBlurThreshold:100]]
[2020.01.31-20.17.57:567][  0]LogConfig: Setting CVar [[r.Upscale.Quality:3]]
[2020.01.31-20.17.57:567][  0]LogConfig: Setting CVar [[r.Tonemapper.GrainQuantization:1]]
[2020.01.31-20.17.57:567][  0]LogConfig: Setting CVar [[r.LightShaftQuality:1]]
[2020.01.31-20.17.57:567][  0]LogConfig: Setting CVar [[r.Filter.SizeScale:1]]
[2020.01.31-20.17.57:568][  0]LogConfig: Setting CVar [[r.Tonemapper.Quality:5]]
[2020.01.31-20.17.57:568][  0]LogConfig: Setting CVar [[r.DOF.Gather.AccumulatorQuality:1        ; higher gathering accumulator quality]]
[2020.01.31-20.17.57:568][  0]LogConfig: Setting CVar [[r.DOF.Gather.PostfilterMethod:1          ; Median3x3 postfilering method]]
[2020.01.31-20.17.57:568][  0]LogConfig: Setting CVar [[r.DOF.Gather.EnableBokehSettings:0       ; no bokeh simulation when gathering]]
[2020.01.31-20.17.57:568][  0]LogConfig: Setting CVar [[r.DOF.Gather.RingCount:4                 ; medium number of samples when gathering]]
[2020.01.31-20.17.57:568][  0]LogConfig: Setting CVar [[r.DOF.Scatter.ForegroundCompositing:1    ; additive foreground scattering]]
[2020.01.31-20.17.57:568][  0]LogConfig: Setting CVar [[r.DOF.Scatter.BackgroundCompositing:2    ; additive background scattering]]
[2020.01.31-20.17.57:569][  0]LogConfig: Setting CVar [[r.DOF.Scatter.EnableBokehSettings:1      ; bokeh simulation when scattering]]
[2020.01.31-20.17.57:569][  0]LogConfig: Setting CVar [[r.DOF.Scatter.MaxSpriteRatio:0.1         ; only a maximum of 10% of scattered bokeh]]
[2020.01.31-20.17.57:569][  0]LogConfig: Setting CVar [[r.DOF.Recombine.Quality:1                ; cheap slight out of focus]]
[2020.01.31-20.17.57:569][  0]LogConfig: Setting CVar [[r.DOF.Recombine.EnableBokehSettings:0    ; no bokeh simulation on slight out of focus]]
[2020.01.31-20.17.57:569][  0]LogConfig: Setting CVar [[r.DOF.TemporalAAQuality:1                ; more stable temporal accumulation]]
[2020.01.31-20.17.57:569][  0]LogConfig: Setting CVar [[r.DOF.Kernel.MaxForegroundRadius:0.025]]
[2020.01.31-20.17.57:569][  0]LogConfig: Setting CVar [[r.DOF.Kernel.MaxBackgroundRadius:0.025]]
[2020.01.31-20.17.57:569][  0]LogConfig: Applying CVar settings from Section [TextureQuality@3] File [C:/Users/h017026h/Documents/GitKra/Global Game Jam 2020/GGJ20/Saved/Config/Windows/Scalability.ini]
[2020.01.31-20.17.57:569][  0]LogConfig: Setting CVar [[r.Streaming.MipBias:0]]
[2020.01.31-20.17.57:570][  0]LogConfig: Setting CVar [[r.Streaming.AmortizeCPUToGPUCopy:0]]
[2020.01.31-20.17.57:570][  0]LogConfig: Setting CVar [[r.Streaming.MaxNumTexturesToStreamPerFrame:0]]
[2020.01.31-20.17.57:570][  0]LogConfig: Setting CVar [[r.Streaming.Boost:1]]
[2020.01.31-20.17.57:570][  0]LogConfig: Setting CVar [[r.MaxAnisotropy:8]]
[2020.01.31-20.17.57:570][  0]LogConfig: Setting CVar [[r.Streaming.LimitPoolSizeToVRAM:0]]
[2020.01.31-20.17.57:570][  0]LogConfig: Setting CVar [[r.Streaming.PoolSize:1000]]
[2020.01.31-20.17.57:570][  0]LogConfig: Setting CVar [[r.Streaming.MaxEffectiveScreenSize:0]]
[2020.01.31-20.17.57:571][  0]LogConfig: Applying CVar settings from Section [EffectsQuality@3] File [C:/Users/h017026h/Documents/GitKra/Global Game Jam 2020/GGJ20/Saved/Config/Windows/Scalability.ini]
[2020.01.31-20.17.57:571][  0]LogConfig: Setting CVar [[r.TranslucencyLightingVolumeDim:64]]
[2020.01.31-20.17.57:571][  0]LogConfig: Setting CVar [[r.RefractionQuality:2]]
[2020.01.31-20.17.57:571][  0]LogConfig: Setting CVar [[r.SSR.Quality:3]]
[2020.01.31-20.17.57:571][  0]LogConfig: Setting CVar [[r.SceneColorFormat:4]]
[2020.01.31-20.17.57:571][  0]LogConfig: Setting CVar [[r.DetailMode:2]]
[2020.01.31-20.17.57:571][  0]LogConfig: Setting CVar [[r.TranslucencyVolumeBlur:1]]
[2020.01.31-20.17.57:571][  0]LogConfig: Setting CVar [[r.MaterialQualityLevel:1 ; High quality]]
[2020.01.31-20.17.57:572][  0]LogConfig: Setting CVar [[r.SSS.Scale:1]]
[2020.01.31-20.17.57:572][  0]LogConfig: Setting CVar [[r.SSS.SampleSet:2]]
[2020.01.31-20.17.57:572][  0]LogConfig: Setting CVar [[r.SSS.Quality:1]]
[2020.01.31-20.17.57:572][  0]LogConfig: Setting CVar [[r.SSS.HalfRes:1]]
[2020.01.31-20.17.57:572][  0]LogConfig: Setting CVar [[r.EmitterSpawnRateScale:1.0]]
[2020.01.31-20.17.57:572][  0]LogConfig: Setting CVar [[r.ParticleLightQuality:2]]
[2020.01.31-20.17.57:572][  0]LogConfig: Applying CVar settings from Section [FoliageQuality@3] File [C:/Users/h017026h/Documents/GitKra/Global Game Jam 2020/GGJ20/Saved/Config/Windows/Scalability.ini]
[2020.01.31-20.17.57:572][  0]LogConfig: Setting CVar [[foliage.DensityScale:1.0]]
[2020.01.31-20.17.57:572][  0]LogConfig: Setting CVar [[grass.DensityScale:1.0]]
[2020.01.31-20.17.57:572][  0]LogInit: Selected Device Profile: [Windows]
[2020.01.31-20.17.57:573][  0]LogInit: Applying CVar settings loaded from the selected device profile: [Windows]
[2020.01.31-20.17.57:594][  0]LogHAL: Display: Platform has ~ 32 GB [34065854464 / 34359738368 / 32], which maps to Largest [LargestMinGB=32, LargerMinGB=12, DefaultMinGB=8, SmallerMinGB=6, SmallestMinGB=0)
[2020.01.31-20.17.57:594][  0]LogConfig: Setting CVar [[r.Vulkan.UseRealUBs:0		; Required until we fix HLR fall-out]]
[2020.01.31-20.17.57:594][  0]LogInit: Going up to parent DeviceProfile []
[2020.01.31-20.17.57:594][  0]LogConfig: Applying CVar settings from Section [ViewDistanceQuality@3] File [C:/Users/h017026h/Documents/GitKra/Global Game Jam 2020/GGJ20/Saved/Config/Windows/Scalability.ini]
[2020.01.31-20.17.57:594][  0]LogConfig: Setting CVar [[r.SkeletalMeshLODBias:0]]
[2020.01.31-20.17.57:594][  0]LogConfig: Setting CVar [[r.ViewDistanceScale:1.0]]
[2020.01.31-20.17.57:595][  0]LogConfig: Applying CVar settings from Section [AntiAliasingQuality@3] File [C:/Users/h017026h/Documents/GitKra/Global Game Jam 2020/GGJ20/Saved/Config/Windows/Scalability.ini]
[2020.01.31-20.17.57:595][  0]LogConfig: Setting CVar [[r.PostProcessAAQuality:4]]
[2020.01.31-20.17.57:595][  0]LogConfig: Applying CVar settings from Section [ShadowQuality@3] File [C:/Users/h017026h/Documents/GitKra/Global Game Jam 2020/GGJ20/Saved/Config/Windows/Scalability.ini]
[2020.01.31-20.17.57:595][  0]LogConfig: Setting CVar [[r.LightFunctionQuality:1]]
[2020.01.31-20.17.57:595][  0]LogConfig: Setting CVar [[r.ShadowQuality:5]]
[2020.01.31-20.17.57:595][  0]LogConfig: Setting CVar [[r.Shadow.CSM.MaxCascades:10]]
[2020.01.31-20.17.57:595][  0]LogConfig: Setting CVar [[r.Shadow.MaxResolution:2048]]
[2020.01.31-20.17.57:595][  0]LogConfig: Setting CVar [[r.Shadow.MaxCSMResolution:2048]]
[2020.01.31-20.17.57:595][  0]LogConfig: Setting CVar [[r.Shadow.RadiusThreshold:0.01]]
[2020.01.31-20.17.57:595][  0]LogConfig: Setting CVar [[r.Shadow.DistanceScale:1.0]]
[2020.01.31-20.17.57:596][  0]LogConfig: Setting CVar [[r.Shadow.CSM.TransitionScale:1.0]]
[2020.01.31-20.17.57:596][  0]LogConfig: Setting CVar [[r.Shadow.PreShadowResolutionFactor:1.0]]
[2020.01.31-20.17.57:596][  0]LogConfig: Setting CVar [[r.DistanceFieldShadowing:1]]
[2020.01.31-20.17.57:596][  0]LogConfig: Setting CVar [[r.DistanceFieldAO:1]]
[2020.01.31-20.17.57:596][  0]LogConfig: Setting CVar [[r.AOQuality:2]]
[2020.01.31-20.17.57:596][  0]LogConfig: Setting CVar [[r.VolumetricFog:1]]
[2020.01.31-20.17.57:596][  0]LogConfig: Setting CVar [[r.VolumetricFog.GridPixelSize:8]]
[2020.01.31-20.17.57:596][  0]LogConfig: Setting CVar [[r.VolumetricFog.GridSizeZ:128]]
[2020.01.31-20.17.57:596][  0]LogConfig: Setting CVar [[r.VolumetricFog.HistoryMissSupersampleCount:4]]
[2020.01.31-20.17.57:596][  0]LogConfig: Setting CVar [[r.LightMaxDrawDistanceScale:1]]
[2020.01.31-20.17.57:597][  0]LogConfig: Setting CVar [[r.CapsuleShadows:1]]
[2020.01.31-20.17.57:597][  0]LogConfig: Applying CVar settings from Section [PostProcessQuality@3] File [C:/Users/h017026h/Documents/GitKra/Global Game Jam 2020/GGJ20/Saved/Config/Windows/Scalability.ini]
[2020.01.31-20.17.57:597][  0]LogConfig: Setting CVar [[r.MotionBlurQuality:4]]
[2020.01.31-20.17.57:597][  0]LogConfig: Setting CVar [[r.AmbientOcclusionMipLevelFactor:0.4]]
[2020.01.31-20.17.57:597][  0]LogConfig: Setting CVar [[r.AmbientOcclusionMaxQuality:100]]
[2020.01.31-20.17.57:597][  0]LogConfig: Setting CVar [[r.AmbientOcclusionLevels:-1]]
[2020.01.31-20.17.57:597][  0]LogConfig: Setting CVar [[r.AmbientOcclusionRadiusScale:1.0]]
[2020.01.31-20.17.57:597][  0]LogConfig: Setting CVar [[r.DepthOfFieldQuality:2]]
[2020.01.31-20.17.57:597][  0]LogConfig: Setting CVar [[r.RenderTargetPoolMin:400]]
[2020.01.31-20.17.57:597][  0]LogConfig: Setting CVar [[r.LensFlareQuality:2]]
[2020.01.31-20.17.57:597][  0]LogConfig: Setting CVar [[r.SceneColorFringeQuality:1]]
[2020.01.31-20.17.57:598][  0]LogConfig: Setting CVar [[r.EyeAdaptationQuality:2]]
[2020.01.31-20.17.57:598][  0]LogConfig: Setting CVar [[r.BloomQuality:5]]
[2020.01.31-20.17.57:598][  0]LogConfig: Setting CVar [[r.FastBlurThreshold:100]]
[2020.01.31-20.17.57:598][  0]LogConfig: Setting CVar [[r.Upscale.Quality:3]]
[2020.01.31-20.17.57:598][  0]LogConfig: Setting CVar [[r.Tonemapper.GrainQuantization:1]]
[2020.01.31-20.17.57:598][  0]LogConfig: Setting CVar [[r.LightShaftQuality:1]]
[2020.01.31-20.17.57:598][  0]LogConfig: Setting CVar [[r.Filter.SizeScale:1]]
[2020.01.31-20.17.57:598][  0]LogConfig: Setting CVar [[r.Tonemapper.Quality:5]]
[2020.01.31-20.17.57:599][  0]LogConfig: Setting CVar [[r.DOF.Gather.AccumulatorQuality:1        ; higher gathering accumulator quality]]
[2020.01.31-20.17.57:599][  0]LogConfig: Setting CVar [[r.DOF.Gather.PostfilterMethod:1          ; Median3x3 postfilering method]]
[2020.01.31-20.17.57:599][  0]LogConfig: Setting CVar [[r.DOF.Gather.EnableBokehSettings:0       ; no bokeh simulation when gathering]]
[2020.01.31-20.17.57:599][  0]LogConfig: Setting CVar [[r.DOF.Gather.RingCount:4                 ; medium number of samples when gathering]]
[2020.01.31-20.17.57:599][  0]LogConfig: Setting CVar [[r.DOF.Scatter.ForegroundCompositing:1    ; additive foreground scattering]]
[2020.01.31-20.17.57:599][  0]LogConfig: Setting CVar [[r.DOF.Scatter.BackgroundCompositing:2    ; additive background scattering]]
[2020.01.31-20.17.57:599][  0]LogConfig: Setting CVar [[r.DOF.Scatter.EnableBokehSettings:1      ; bokeh simulation when scattering]]
[2020.01.31-20.17.57:599][  0]LogConfig: Setting CVar [[r.DOF.Scatter.MaxSpriteRatio:0.1         ; only a maximum of 10% of scattered bokeh]]
[2020.01.31-20.17.57:599][  0]LogConfig: Setting CVar [[r.DOF.Recombine.Quality:1                ; cheap slight out of focus]]
[2020.01.31-20.17.57:599][  0]LogConfig: Setting CVar [[r.DOF.Recombine.EnableBokehSettings:0    ; no bokeh simulation on slight out of focus]]
[2020.01.31-20.17.57:600][  0]LogConfig: Setting CVar [[r.DOF.TemporalAAQuality:1                ; more stable temporal accumulation]]
[2020.01.31-20.17.57:600][  0]LogConfig: Setting CVar [[r.DOF.Kernel.MaxForegroundRadius:0.025]]
[2020.01.31-20.17.57:600][  0]LogConfig: Setting CVar [[r.DOF.Kernel.MaxBackgroundRadius:0.025]]
[2020.01.31-20.17.57:600][  0]LogConfig: Applying CVar settings from Section [TextureQuality@3] File [C:/Users/h017026h/Documents/GitKra/Global Game Jam 2020/GGJ20/Saved/Config/Windows/Scalability.ini]
[2020.01.31-20.17.57:600][  0]LogConfig: Setting CVar [[r.Streaming.MipBias:0]]
[2020.01.31-20.17.57:600][  0]LogConfig: Setting CVar [[r.Streaming.AmortizeCPUToGPUCopy:0]]
[2020.01.31-20.17.57:600][  0]LogConfig: Setting CVar [[r.Streaming.MaxNumTexturesToStreamPerFrame:0]]
[2020.01.31-20.17.57:600][  0]LogConfig: Setting CVar [[r.Streaming.Boost:1]]
[2020.01.31-20.17.57:600][  0]LogConfig: Setting CVar [[r.MaxAnisotropy:8]]
[2020.01.31-20.17.57:600][  0]LogConfig: Setting CVar [[r.Streaming.LimitPoolSizeToVRAM:0]]
[2020.01.31-20.17.57:600][  0]LogConfig: Setting CVar [[r.Streaming.PoolSize:1000]]
[2020.01.31-20.17.57:601][  0]LogConfig: Setting CVar [[r.Streaming.MaxEffectiveScreenSize:0]]
[2020.01.31-20.17.57:601][  0]LogConfig: Applying CVar settings from Section [EffectsQuality@3] File [C:/Users/h017026h/Documents/GitKra/Global Game Jam 2020/GGJ20/Saved/Config/Windows/Scalability.ini]
[2020.01.31-20.17.57:601][  0]LogConfig: Setting CVar [[r.TranslucencyLightingVolumeDim:64]]
[2020.01.31-20.17.57:601][  0]LogConfig: Setting CVar [[r.RefractionQuality:2]]
[2020.01.31-20.17.57:601][  0]LogConfig: Setting CVar [[r.SSR.Quality:3]]
[2020.01.31-20.17.57:601][  0]LogConfig: Setting CVar [[r.SceneColorFormat:4]]
[2020.01.31-20.17.57:601][  0]LogConfig: Setting CVar [[r.DetailMode:2]]
[2020.01.31-20.17.57:601][  0]LogConfig: Setting CVar [[r.TranslucencyVolumeBlur:1]]
[2020.01.31-20.17.57:601][  0]LogConfig: Setting CVar [[r.MaterialQualityLevel:1 ; High quality]]
[2020.01.31-20.17.57:601][  0]LogConfig: Setting CVar [[r.SSS.Scale:1]]
[2020.01.31-20.17.57:601][  0]LogConfig: Setting CVar [[r.SSS.SampleSet:2]]
[2020.01.31-20.17.57:601][  0]LogConfig: Setting CVar [[r.SSS.Quality:1]]
[2020.01.31-20.17.57:601][  0]LogConfig: Setting CVar [[r.SSS.HalfRes:1]]
[2020.01.31-20.17.57:601][  0]LogConfig: Setting CVar [[r.EmitterSpawnRateScale:1.0]]
[2020.01.31-20.17.57:601][  0]LogConfig: Setting CVar [[r.ParticleLightQuality:2]]
[2020.01.31-20.17.57:601][  0]LogConfig: Applying CVar settings from Section [FoliageQuality@3] File [C:/Users/h017026h/Documents/GitKra/Global Game Jam 2020/GGJ20/Saved/Config/Windows/Scalability.ini]
[2020.01.31-20.17.57:602][  0]LogConfig: Setting CVar [[foliage.DensityScale:1.0]]
[2020.01.31-20.17.57:602][  0]LogConfig: Setting CVar [[grass.DensityScale:1.0]]
[2020.01.31-20.17.57:602][  0]LogConfig: Applying CVar settings from Section [Startup] File [../../../Engine/Config/ConsoleVariables.ini]
[2020.01.31-20.17.57:602][  0]LogConfig: Setting CVar [[net.UseAdaptiveNetUpdateFrequency:0]]
[2020.01.31-20.17.57:602][  0]LogConfig: Setting CVar [[p.chaos.AllowCreatePhysxBodies:1]]
[2020.01.31-20.17.57:602][  0]LogConfig: Applying CVar settings from Section [ConsoleVariables] File [C:/Users/h017026h/Documents/GitKra/Global Game Jam 2020/GGJ20/Saved/Config/Windows/Engine.ini]
[2020.01.31-20.17.57:602][  0]LogInit: Computer: C117B-20
[2020.01.31-20.17.57:602][  0]LogInit: User: h017026h
[2020.01.31-20.17.57:603][  0]LogInit: CPU Page size=4096, Cores=4
[2020.01.31-20.17.57:603][  0]LogInit: High frequency timer resolution =10.000000 MHz
[2020.01.31-20.17.57:603][  0]LogMemory: Memory total: Physical=31.7GB (32GB approx)
[2020.01.31-20.17.57:603][  0]LogMemory: Platform Memory Stats for Windows
[2020.01.31-20.17.57:603][  0]LogMemory: Process Physical Memory: 96.66 MB used, 96.66 MB peak
[2020.01.31-20.17.57:603][  0]LogMemory: Process Virtual Memory: 90.86 MB used, 90.86 MB peak
[2020.01.31-20.17.57:603][  0]LogMemory: Physical Memory: 10677.27 MB used,  21810.46 MB free, 32487.73 MB total
[2020.01.31-20.17.57:603][  0]LogMemory: Virtual Memory: 4644.23 MB used,  134213080.00 MB free, 134217728.00 MB total
[2020.01.31-20.17.57:779][  0]LogInit: Using OS detected language (en-US).
[2020.01.31-20.17.57:779][  0]LogInit: Using OS detected locale (en-GB).
[2020.01.31-20.17.57:780][  0]LogTextLocalizationManager: No specific localization for 'en-US' exists, so the 'en' localization will be used.
[2020.01.31-20.17.57:980][  0]LogInit: Setting process to per monitor DPI aware
[2020.01.31-20.17.58:036][  0]LogSlate: New Slate User Created.  User Index 0, Is Virtual User: 0
[2020.01.31-20.17.58:036][  0]LogSlate: Slate User Registered.  User Index 0, Is Virtual User: 0
[2020.01.31-20.17.58:254][  0]LogHMD: Failed to initialize OpenVR with code 110
[2020.01.31-20.17.58:254][  0]LogD3D11RHI: D3D11 adapters:
[2020.01.31-20.17.58:338][  0]LogD3D11RHI:    0. 'NVIDIA GeForce GTX 1070' (Feature Level 11_0)
[2020.01.31-20.17.58:338][  0]LogD3D11RHI:       8088/0/16243 MB DedicatedVideo/DedicatedSystem/SharedSystem, Outputs:2, VendorId:0x10de
[2020.01.31-20.17.58:344][  0]LogD3D11RHI:    1. 'Microsoft Basic Render Driver' (Feature Level 11_0)
[2020.01.31-20.17.58:344][  0]LogD3D11RHI:       0/0/16243 MB DedicatedVideo/DedicatedSystem/SharedSystem, Outputs:0, VendorId:0x1414
[2020.01.31-20.17.58:344][  0]LogD3D11RHI: Chosen D3D11 Adapter: 0
[2020.01.31-20.17.58:352][  0]LogD3D11RHI: Creating new Direct3DDevice
[2020.01.31-20.17.58:353][  0]LogD3D11RHI:     GPU DeviceId: 0x1b81 (for the marketing name, search the web for "GPU Device Id")
[2020.01.31-20.17.58:353][  0]LogWindows: EnumDisplayDevices:
[2020.01.31-20.17.58:353][  0]LogWindows:    0. 'NVIDIA GeForce GTX 1070' (P:1 D:1)
[2020.01.31-20.17.58:353][  0]LogWindows:    1. 'NVIDIA GeForce GTX 1070' (P:0 D:1)
[2020.01.31-20.17.58:353][  0]LogWindows:    2. 'NVIDIA GeForce GTX 1070' (P:0 D:0)
[2020.01.31-20.17.58:354][  0]LogWindows:    3. 'NVIDIA GeForce GTX 1070' (P:0 D:0)
[2020.01.31-20.17.58:354][  0]LogWindows: DebugString: FoundDriverCount:4 
[2020.01.31-20.17.58:354][  0]LogD3D11RHI:     Adapter Name: NVIDIA GeForce GTX 1070
[2020.01.31-20.17.58:354][  0]LogD3D11RHI:   Driver Version: 441.66 (internal:26.21.14.4166, unified:441.66)
[2020.01.31-20.17.58:354][  0]LogD3D11RHI:      Driver Date: 12-6-2019
[2020.01.31-20.17.58:355][  0]LogRHI: Texture pool is 5661 MB (70% of 8088 MB)
[2020.01.31-20.17.58:404][  0]LogD3D11RHI: Async texture creation enabled
[2020.01.31-20.17.58:408][  0]LogRendererCore: FGlobalReadBuffer::InitRHI
[2020.01.31-20.17.58:408][  0]LogRendererCore: FGlobalReadBuffer::InitRHI
[2020.01.31-20.17.58:408][  0]LogRendererCore: FGlobalReadBuffer::InitRHI
[2020.01.31-20.17.58:416][  0]LogD3D11RHI: GPU Timing Frequency: 1000.000000 (Debug: 2 1)
[2020.01.31-20.17.58:726][  0]LogTemp: Display: Module 'AllDesktopTargetPlatform' loaded TargetPlatform 'AllDesktop'
[2020.01.31-20.17.58:741][  0]LogTemp: Display: Module 'MacClientTargetPlatform' loaded TargetPlatform 'MacClient'
[2020.01.31-20.17.58:760][  0]LogTemp: Display: Module 'MacNoEditorTargetPlatform' loaded TargetPlatform 'MacNoEditor'
[2020.01.31-20.17.58:776][  0]LogTemp: Display: Module 'MacServerTargetPlatform' loaded TargetPlatform 'MacServer'
[2020.01.31-20.17.58:801][  0]LogTemp: Display: Module 'MacTargetPlatform' loaded TargetPlatform 'Mac'
[2020.01.31-20.17.58:834][  0]LogTemp: Display: Module 'WindowsClientTargetPlatform' loaded TargetPlatform 'WindowsClient'
[2020.01.31-20.17.58:862][  0]LogTemp: Display: Module 'WindowsNoEditorTargetPlatform' loaded TargetPlatform 'WindowsNoEditor'
[2020.01.31-20.17.58:894][  0]LogTemp: Display: Module 'WindowsServerTargetPlatform' loaded TargetPlatform 'WindowsServer'
[2020.01.31-20.17.58:904][  0]LogTemp: Display: Module 'WindowsTargetPlatform' loaded TargetPlatform 'Windows'
[2020.01.31-20.17.58:985][  0]LogTemp: Display: Module 'AndroidTargetPlatform' loaded TargetPlatform 'Android'
[2020.01.31-20.17.58:985][  0]LogTemp: Display: Module 'AndroidTargetPlatform' loaded TargetPlatform 'Android_ASTC'
[2020.01.31-20.17.58:985][  0]LogTemp: Display: Module 'AndroidTargetPlatform' loaded TargetPlatform 'Android_ATC'
[2020.01.31-20.17.58:985][  0]LogTemp: Display: Module 'AndroidTargetPlatform' loaded TargetPlatform 'Android_DXT'
[2020.01.31-20.17.58:985][  0]LogTemp: Display: Module 'AndroidTargetPlatform' loaded TargetPlatform 'Android_ETC1'
[2020.01.31-20.17.58:986][  0]LogTemp: Display: Module 'AndroidTargetPlatform' loaded TargetPlatform 'Android_ETC1a'
[2020.01.31-20.17.58:986][  0]LogTemp: Display: Module 'AndroidTargetPlatform' loaded TargetPlatform 'Android_ETC2'
[2020.01.31-20.17.58:986][  0]LogTemp: Display: Module 'AndroidTargetPlatform' loaded TargetPlatform 'Android_PVRTC'
[2020.01.31-20.17.58:986][  0]LogTemp: Display: Module 'AndroidTargetPlatform' loaded TargetPlatform 'AndroidClient'
[2020.01.31-20.17.58:986][  0]LogTemp: Display: Module 'AndroidTargetPlatform' loaded TargetPlatform 'Android_ASTCClient'
[2020.01.31-20.17.58:986][  0]LogTemp: Display: Module 'AndroidTargetPlatform' loaded TargetPlatform 'Android_ATCClient'
[2020.01.31-20.17.58:986][  0]LogTemp: Display: Module 'AndroidTargetPlatform' loaded TargetPlatform 'Android_DXTClient'
[2020.01.31-20.17.58:986][  0]LogTemp: Display: Module 'AndroidTargetPlatform' loaded TargetPlatform 'Android_ETC1Client'
[2020.01.31-20.17.58:987][  0]LogTemp: Display: Module 'AndroidTargetPlatform' loaded TargetPlatform 'Android_ETC1aClient'
[2020.01.31-20.17.58:987][  0]LogTemp: Display: Module 'AndroidTargetPlatform' loaded TargetPlatform 'Android_ETC2Client'
[2020.01.31-20.17.58:987][  0]LogTemp: Display: Module 'AndroidTargetPlatform' loaded TargetPlatform 'Android_PVRTCClient'
[2020.01.31-20.17.58:987][  0]LogTemp: Display: Module 'AndroidTargetPlatform' loaded TargetPlatform 'Android_Multi'
[2020.01.31-20.17.58:987][  0]LogTemp: Display: Module 'AndroidTargetPlatform' loaded TargetPlatform 'Android_MultiClient'
[2020.01.31-20.17.58:993][  0]LogTemp: Display: Module 'HTML5TargetPlatform' loaded TargetPlatform 'HTML5'
[2020.01.31-20.17.59:067][  0]LogTemp: Display: Module 'IOSTargetPlatform' loaded TargetPlatform 'IOSClient'
[2020.01.31-20.17.59:067][  0]LogTemp: Display: Module 'IOSTargetPlatform' loaded TargetPlatform 'IOS'
[2020.01.31-20.17.59:095][  0]LogTemp: Display: Module 'TVOSTargetPlatform' loaded TargetPlatform 'TVOSClient'
[2020.01.31-20.17.59:095][  0]LogTemp: Display: Module 'TVOSTargetPlatform' loaded TargetPlatform 'TVOS'
[2020.01.31-20.17.59:119][  0]LogTemp: Display: Module 'LinuxClientTargetPlatform' loaded TargetPlatform 'LinuxClient'
[2020.01.31-20.17.59:149][  0]LogTemp: Display: Module 'LinuxNoEditorTargetPlatform' loaded TargetPlatform 'LinuxNoEditor'
[2020.01.31-20.17.59:167][  0]LogTemp: Display: Module 'LinuxServerTargetPlatform' loaded TargetPlatform 'LinuxServer'
[2020.01.31-20.17.59:197][  0]LogTemp: Display: Module 'LinuxTargetPlatform' loaded TargetPlatform 'Linux'
[2020.01.31-20.17.59:246][  0]LogTemp: Display: Module 'LuminTargetPlatform' loaded TargetPlatform 'Lumin'
[2020.01.31-20.17.59:246][  0]LogTemp: Display: Module 'LuminTargetPlatform' loaded TargetPlatform 'LuminClient'
[2020.01.31-20.17.59:246][  0]LogTargetPlatformManager: Display: Building Assets For Windows
[2020.01.31-20.17.59:263][  0]LogAudioDebug: Display: Lib vorbis DLL was dynamically loaded.
[2020.01.31-20.17.59:358][  0]LogShaderCompilers: Guid format shader working directory is -27 characters bigger than the processId version (../../../../../../Users/h017026h/Documents/GitKra/Global Game Jam 2020/GGJ20/Intermediate/Shaders/WorkingDirectory/5572/).
[2020.01.31-20.17.59:358][  0]LogShaderCompilers: Cleaned the shader compiler working directory 'C:/Users/h017026h/AppData/Local/Temp/UnrealShaderWorkingDir/52E4483A449F64AAC5C6B9951EE16526/'.
[2020.01.31-20.17.59:361][  0]LogXGEController: Cleaning working directory: C:/Users/h017026h/AppData/Local/Temp/UnrealXGEWorkingDir/
[2020.01.31-20.17.59:361][  0]LogXGEController: Cannot use XGE Controller as Incredibuild is not installed on this machine.
[2020.01.31-20.17.59:362][  0]LogShaderCompilers: Cannot use XGE Shader Compiler as Incredibuild is not installed on this machine.
[2020.01.31-20.17.59:362][  0]LogShaderCompilers: Display: Using Local Shader Compiler.
[2020.01.31-20.17.59:900][  0]LogDerivedDataCache: Display: Max Cache Size: 512 MB
[2020.01.31-20.17.59:963][  0]LogDerivedDataCache: Loaded boot cache 0.06s 71MB C:/Users/h017026h/AppData/Local/UnrealEngine/4.22/DerivedDataCache/Boot.ddc.
[2020.01.31-20.17.59:963][  0]LogDerivedDataCache: Display: Loaded Boot cache: C:/Users/h017026h/AppData/Local/UnrealEngine/4.22/DerivedDataCache/Boot.ddc
[2020.01.31-20.17.59:963][  0]LogDerivedDataCache: FDerivedDataBackendGraph:  Pak pak cache file ../../../../../../Users/h017026h/Documents/GitKra/Global Game Jam 2020/GGJ20/DerivedDataCache/DDC.ddp not found, will not use a pak cache.
[2020.01.31-20.17.59:963][  0]LogDerivedDataCache: Unable to find inner node Pak for hierarchical cache Hierarchy.
[2020.01.31-20.17.59:963][  0]LogDerivedDataCache: FDerivedDataBackendGraph:  CompressedPak pak cache file ../../../../../../Users/h017026h/Documents/GitKra/Global Game Jam 2020/GGJ20/DerivedDataCache/Compressed.ddp not found, will not use a pak cache.
[2020.01.31-20.17.59:963][  0]LogDerivedDataCache: Unable to find inner node CompressedPak for hierarchical cache Hierarchy.
[2020.01.31-20.17.59:977][  0]LogDerivedDataCache: Display: Pak cache opened for reading ../../../Engine/DerivedDataCache/Compressed.ddp.
[2020.01.31-20.17.59:977][  0]LogDerivedDataCache: FDerivedDataBackendGraph:  EnterprisePak pak cache file ../../../Enterprise/DerivedDataCache/Compressed.ddp not found, will not use a pak cache.
[2020.01.31-20.17.59:977][  0]LogDerivedDataCache: Unable to find inner node EnterprisePak for hierarchical cache Hierarchy.
[2020.01.31-20.17.59:990][  0]LogDerivedDataCache: Using Local data cache path C:/Users/h017026h/AppData/Local/UnrealEngine/Common/DerivedDataCache: Writable
[2020.01.31-20.17.59:990][  0]LogDerivedDataCache: Shared data cache path not found in *engine.ini, will not use an Shared cache.
[2020.01.31-20.17.59:990][  0]LogDerivedDataCache: Unable to find inner node Shared for hierarchical cache Hierarchy.
[2020.01.31-20.18.00:013][  0]LogMaterial: Verifying Global Shaders for PCD3D_SM5
[2020.01.31-20.18.00:014][  0]LogSlate: Using FreeType 2.6.0
[2020.01.31-20.18.00:015][  0]LogSlate: SlateFontServices - WITH_FREETYPE: 1, WITH_HARFBUZZ: 1
[2020.01.31-20.18.00:096][  0]LogAssetRegistry: FAssetRegistry took 0.0356 seconds to start up
[2020.01.31-20.18.00:481][  0]LogInit: Selected Device Profile: [Windows]
[2020.01.31-20.18.00:643][  0]LogMeshReduction: Using QuadricMeshReduction for automatic static mesh reduction
[2020.01.31-20.18.00:643][  0]LogMeshReduction: Using SimplygonMeshReduction for automatic skeletal mesh reduction
[2020.01.31-20.18.00:643][  0]LogMeshReduction: Using ProxyLODMeshReduction for automatic mesh merging
[2020.01.31-20.18.00:643][  0]LogMeshReduction: No distributed automatic mesh merging module available
[2020.01.31-20.18.00:643][  0]LogMeshMerging: No distributed automatic mesh merging module available
[2020.01.31-20.18.00:654][  0]LogNetVersion: GGJ20 1.0.0, NetCL: 5660361, EngineNetVer: 10, GameNetVer: 0 (Checksum: 2452190960)
[2020.01.31-20.18.01:098][  0]LogPackageLocalizationCache: Processed 10 localized package path(s) for 1 prioritized culture(s) in 0.066146 seconds
[2020.01.31-20.18.01:107][  0]LogUObjectArray: 42205 objects as part of root set at end of initial load.
[2020.01.31-20.18.01:107][  0]LogUObjectAllocator: 7325032 out of 0 bytes used by permanent object pool.
[2020.01.31-20.18.01:107][  0]LogUObjectArray: CloseDisregardForGC: 0/0 objects in disregard for GC pool
[2020.01.31-20.18.02:061][  0]LogTcpMessaging: Initializing TcpMessaging bridge
[2020.01.31-20.18.02:080][  0]LogUdpMessaging: Initializing bridge on interface 0.0.0.0:0 to multicast group 230.0.0.1:6666.
[2020.01.31-20.18.02:305][  0]SourceControl: Source control is disabled
[2020.01.31-20.18.02:305][  0]SourceControl: Source control is disabled
[2020.01.31-20.18.02:308][  0]SourceControl: Source control is disabled
[2020.01.31-20.18.02:311][  0]SourceControl: Source control is disabled
[2020.01.31-20.18.02:460][  0]LogAndroidPermission: UAndroidPermissionCallbackProxy::GetInstance
[2020.01.31-20.18.02:567][  0]LogOcInput: OculusInput pre-init called
[2020.01.31-20.18.03:212][  0]LogEngine: Initializing Engine...
[2020.01.31-20.18.03:213][  0]LogHMD: Failed to initialize OpenVR with code 110
[2020.01.31-20.18.03:216][  0]LogStats: UGameplayTagsManager::InitializeManager -  0.001 s
[2020.01.31-20.18.03:423][  0]LogInit: Initializing FReadOnlyCVARCache
[2020.01.31-20.18.03:440][  0]LogAIModule: Creating AISystem for world Untitled
[2020.01.31-20.18.03:464][  0]LogInit: XAudio2 using 'Speakers (2- Realtek High Definition Audio)' : 2 channels at 48 kHz using 32 bits per sample (channel mask 0x3)
[2020.01.31-20.18.03:513][  0]LogInit: FAudioDevice initialized.
[2020.01.31-20.18.03:513][  0]LogNetVersion: Set ProjectVersion to 1.0.0.0. Version Checksum will be recalculated on next use.
[2020.01.31-20.18.03:563][  0]LogDerivedDataCache: Saved boot cache 0.05s 71MB C:/Users/h017026h/AppData/Local/UnrealEngine/4.22/DerivedDataCache/Boot.ddc.
[2020.01.31-20.18.03:576][  0]LogInit: Texture streaming: Enabled
[2020.01.31-20.18.03:610][  0]LogEngineSessionManager: EngineSessionManager initialized
[2020.01.31-20.18.03:650][  0]LogInit: Transaction tracking system initialized
[2020.01.31-20.18.03:700][  0]BlueprintLog: New page: Editor Load
[2020.01.31-20.18.03:836][  0]LocalizationService: Localization service is disabled
[2020.01.31-20.18.04:188][  0]LogFileCache: Scanning file cache for directory 'C:/Users/h017026h/Documents/GitKra/Global Game Jam 2020/GGJ20/Content/' took 0.01s
[2020.01.31-20.18.04:188][  0]LogCook: Display: Max memory allowance for cook 16384mb min free memory 0mb
[2020.01.31-20.18.04:189][  0]LogCook: Display: Mobile HDR setting 1
[2020.01.31-20.18.04:427][  0]SourceControl: Source control is disabled
[2020.01.31-20.18.04:427][  0]Cmd: MAP LOAD FILE="../../../Engine/Content/Maps/Templates/Template_Default.umap" TEMPLATE=1 SHOWPROGRESS=1 FEATURELEVEL=3
[2020.01.31-20.18.04:428][  0]LightingResults: New page: Lighting Build
[2020.01.31-20.18.04:430][  0]MapCheck: New page: Map Check
[2020.01.31-20.18.04:431][  0]LightingResults: New page: Lighting Build
[2020.01.31-20.18.04:458][  0]LogUObjectHash: Compacting FUObjectHashTables data took   1.50ms
[2020.01.31-20.18.04:539][  0]LogAIModule: Creating AISystem for world Untitled_1
[2020.01.31-20.18.04:545][  0]LogEditorServer: Finished looking for orphan Actors (0.000 secs)
[2020.01.31-20.18.04:574][  0]LogUObjectHash: Compacting FUObjectHashTables data took   1.82ms
[2020.01.31-20.18.04:574][  0]Cmd: MAP CHECKDEP NOCLEARLOG
[2020.01.31-20.18.04:575][  0]MapCheck: Map check complete: 0 Error(s), 0 Warning(s), took 0.323ms to complete.
[2020.01.31-20.18.04:575][  0]LogFileHelpers: Loading map 'Template_Default' took 0.148
[2020.01.31-20.18.04:702][  0]LogSlate: Updating window title bar state: overlay mode, drag disabled, window buttons hidden, title bar hidden
[2020.01.31-20.18.04:711][  0]LogSlate: Updating window title bar state: overlay mode, drag disabled, window buttons hidden, title bar hidden
[2020.01.31-20.18.04:719][  0]LogSlate: Updating window title bar state: overlay mode, drag disabled, window buttons hidden, title bar hidden
[2020.01.31-20.18.04:726][  0]LogSlate: Updating window title bar state: overlay mode, drag disabled, window buttons hidden, title bar hidden
[2020.01.31-20.18.04:737][  0]LogCollectionManager: Loaded 0 collections in 0.001746 seconds
[2020.01.31-20.18.04:796][  0]LogFileCache: Scanning file cache for directory 'C:/Users/h017026h/Documents/GitKra/Global Game Jam 2020/GGJ20/Saved/Collections/' took 0.01s
[2020.01.31-20.18.04:796][  0]LogFileCache: Scanning file cache for directory 'C:/Users/h017026h/Documents/GitKra/Global Game Jam 2020/GGJ20/Content/Developers/h017026h/Collections/' took 0.02s
[2020.01.31-20.18.04:796][  0]LogFileCache: Scanning file cache for directory 'C:/Users/h017026h/Documents/GitKra/Global Game Jam 2020/GGJ20/Content/Collections/' took 0.02s
[2020.01.31-20.18.04:796][  0]LogCollectionManager: Rebuilt the GUID cache for 0 collections in 0.000001 seconds
[2020.01.31-20.18.04:817][  0]LogContentBrowser: Native class hierarchy populated in 0.0196 seconds. Added 2734 classes and 662 folders.
[2020.01.31-20.18.04:835][  0]LogContentBrowser: Native class hierarchy updated for 'WidgetCarousel' in 0.0012 seconds. Added 0 classes and 0 folders.
[2020.01.31-20.18.04:837][  0]LogPakFile: Registered encryption key '00000000000000000000000000000000': 0 pak files mounted, 0 remain pending
[2020.01.31-20.18.04:839][  0]LogPakFile: Registered encryption key '00000000000000000000000000000000': 0 pak files mounted, 0 remain pending
[2020.01.31-20.18.04:840][  0]LogPakFile: Registered encryption key '00000000000000000000000000000000': 0 pak files mounted, 0 remain pending
[2020.01.31-20.18.04:841][  0]LogPakFile: Registered encryption key '00000000000000000000000000000000': 0 pak files mounted, 0 remain pending
[2020.01.31-20.18.04:842][  0]LogPakFile: Registered encryption key '00000000000000000000000000000000': 0 pak files mounted, 0 remain pending
[2020.01.31-20.18.04:843][  0]LogPakFile: Registered encryption key '00000000000000000000000000000000': 0 pak files mounted, 0 remain pending
[2020.01.31-20.18.04:844][  0]LogPakFile: Registered encryption key '00000000000000000000000000000000': 0 pak files mounted, 0 remain pending
[2020.01.31-20.18.04:845][  0]LogPakFile: Registered encryption key '00000000000000000000000000000000': 0 pak files mounted, 0 remain pending
[2020.01.31-20.18.04:846][  0]LogPakFile: Registered encryption key '00000000000000000000000000000000': 0 pak files mounted, 0 remain pending
[2020.01.31-20.18.04:847][  0]LogPakFile: Registered encryption key '00000000000000000000000000000000': 0 pak files mounted, 0 remain pending
[2020.01.31-20.18.04:847][  0]LogPakFile: Registered encryption key '00000000000000000000000000000000': 0 pak files mounted, 0 remain pending
[2020.01.31-20.18.04:848][  0]LogPakFile: Registered encryption key '00000000000000000000000000000000': 0 pak files mounted, 0 remain pending
[2020.01.31-20.18.04:849][  0]LogPakFile: Registered encryption key '00000000000000000000000000000000': 0 pak files mounted, 0 remain pending
[2020.01.31-20.18.04:850][  0]LogPakFile: Registered encryption key '00000000000000000000000000000000': 0 pak files mounted, 0 remain pending
[2020.01.31-20.18.04:850][  0]LogPakFile: Registered encryption key '00000000000000000000000000000000': 0 pak files mounted, 0 remain pending
[2020.01.31-20.18.04:851][  0]LogPakFile: Registered encryption key '00000000000000000000000000000000': 0 pak files mounted, 0 remain pending
[2020.01.31-20.18.04:852][  0]LogPakFile: Registered encryption key '00000000000000000000000000000000': 0 pak files mounted, 0 remain pending
[2020.01.31-20.18.04:853][  0]LogPakFile: Registered encryption key '00000000000000000000000000000000': 0 pak files mounted, 0 remain pending
[2020.01.31-20.18.04:853][  0]LogPakFile: Registered encryption key '00000000000000000000000000000000': 0 pak files mounted, 0 remain pending
[2020.01.31-20.18.04:854][  0]LogPakFile: Registered encryption key '00000000000000000000000000000000': 0 pak files mounted, 0 remain pending
[2020.01.31-20.18.04:855][  0]LogPakFile: Registered encryption key '00000000000000000000000000000000': 0 pak files mounted, 0 remain pending
[2020.01.31-20.18.04:855][  0]LogPakFile: Registered encryption key '00000000000000000000000000000000': 0 pak files mounted, 0 remain pending
[2020.01.31-20.18.04:857][  0]LogPakFile: Registered encryption key '00000000000000000000000000000000': 0 pak files mounted, 0 remain pending
[2020.01.31-20.18.04:859][  0]LogPakFile: Registered encryption key '00000000000000000000000000000000': 0 pak files mounted, 0 remain pending
[2020.01.31-20.18.04:860][  0]LogPakFile: Registered encryption key '00000000000000000000000000000000': 0 pak files mounted, 0 remain pending
[2020.01.31-20.18.04:861][  0]LogPakFile: Registered encryption key '00000000000000000000000000000000': 0 pak files mounted, 0 remain pending
[2020.01.31-20.18.04:890][  0]LogContentBrowser: Native class hierarchy updated for 'AddContentDialog' in 0.0003 seconds. Added 0 classes and 0 folders.
[2020.01.31-20.18.04:899][  0]LogContentBrowser: Native class hierarchy updated for 'SceneOutliner' in 0.0004 seconds. Added 1 classes and 2 folders.
[2020.01.31-20.18.04:923][  0]LogSlate: Took 0.000379 seconds to synchronously load lazily loaded font '../../../Engine/Content/Slate/Fonts/Roboto-Regular.ttf' (155K)
[2020.01.31-20.18.04:929][  0]LogSlate: Took 0.000242 seconds to synchronously load lazily loaded font '../../../Engine/Content/Slate/Fonts/Roboto-Bold.ttf' (160K)
[2020.01.31-20.18.04:935][  0]LogSlate: Took 0.000199 seconds to synchronously load lazily loaded font '../../../Engine/Content/Editor/Slate/Fonts/FontAwesome.ttf' (139K)
[2020.01.31-20.18.04:991][  0]LogRenderer: Reallocating scene render targets to support 1208x572 Format 10 NumSamples 1 (Frame:1).
[2020.01.31-20.18.05:046][  0]LogSlate: Took 0.000186 seconds to synchronously load lazily loaded font '../../../Engine/Content/Slate/Fonts/Roboto-Light.ttf' (167K)
[2020.01.31-20.18.05:119][  0]LogContentBrowser: Native class hierarchy updated for 'HierarchicalLODOutliner' in 0.0005 seconds. Added 0 classes and 0 folders.
[2020.01.31-20.18.05:120][  0]LogLoad: (Engine Initialization) Total time: 9.56 seconds
[2020.01.31-20.18.05:120][  0]LogLoad: (Engine Initialization) Total Blueprint compile time: 0.00 seconds
[2020.01.31-20.18.05:154][  0]LogAssetRegistry: Asset discovery search completed in 5.0817 seconds
[2020.01.31-20.18.05:157][  0]LogCollectionManager: Rebuilt the object cache for 0 collections in 0.000001 seconds (found 0 objects)
[2020.01.31-20.18.05:157][  0]LogCollectionManager: Fixed up redirectors for 0 collections in 0.000150 seconds (updated 0 objects)
[2020.01.31-20.18.05:159][  0]LogContentStreaming: Texture pool size now 1000 MB
[2020.01.31-20.18.15:106][183]LogSlate: FSceneViewport::OnFocusLost() reason 0
[2020.01.31-20.18.18:551][568]LogSlate: FSceneViewport::OnFocusLost() reason 2
[2020.01.31-20.18.19:814][711]LogSlate: FSceneViewport::OnFocusLost() reason 2
[2020.01.31-20.18.20:716][711]LogSlate: Only BGRA pngs, bmps or icos are supported in by External Image Picker
[2020.01.31-20.18.27:460][446]LogSlate: Took 0.000189 seconds to synchronously load lazily loaded font '../../../Engine/Content/Slate/Fonts/Roboto-Light.ttf' (167K)
[2020.01.31-20.18.27:507][446]LogSlate: FSceneViewport::OnFocusLost() reason 2
[2020.01.31-20.18.36:497][388]LogSlate: Window 'Project Settings' being destroyed
[2020.01.31-20.18.36:500][388]LogSlate: Window 'Project Settings' being destroyed
[2020.01.31-20.18.37:718][529]LogSlate: FSceneViewport::OnFocusLost() reason 0
[2020.01.31-20.18.39:136][538]LogSlate: Window 'Save Level As' being destroyed
[2020.01.31-20.18.39:786][614]LogSlate: FSceneViewport::OnFocusLost() reason 0
[2020.01.31-20.18.39:869][624]LogTemp: Repeating last play command: Selected Viewport
[2020.01.31-20.18.39:880][624]LogBlueprintUserMessages: Early PlayInEditor Detection: Level '/Temp/Untitled_1.Untitled_1:PersistentLevel' has LevelScriptBlueprint '/Temp/Untitled_1.Untitled_1:PersistentLevel.Untitled' with GeneratedClass '/Temp/Untitled_1.Untitled_C' with ClassGeneratedBy '/Temp/Untitled_1.Untitled_1:PersistentLevel.Untitled'
[2020.01.31-20.18.39:880][624]LogPlayLevel: PlayLevel: No blueprints needed recompiling
[2020.01.31-20.18.39:881][624]PIE: New page: PIE session: Untitled_1 (31 Jan 2020 20:18:39)
[2020.01.31-20.18.39:896][624]LogPlayLevel: Creating play world package: /Temp/UEDPIE_0_Untitled_1
[2020.01.31-20.18.39:899][624]LogPlayLevel: PIE: StaticDuplicateObject took: (0.002475s)
[2020.01.31-20.18.39:899][624]LogAIModule: Creating AISystem for world Untitled_1
[2020.01.31-20.18.39:900][624]LogPlayLevel: PIE: World Init took: (0.000870s)
[2020.01.31-20.18.39:900][624]LogPlayLevel: PIE: Created PIE world by copying editor world from /Temp/Untitled_1.Untitled_1 to /Temp/UEDPIE_0_Untitled_1.Untitled_1 (0.004003s)
[2020.01.31-20.18.39:927][624]LogUObjectHash: Compacting FUObjectHashTables data took   1.49ms
[2020.01.31-20.18.39:934][624]LogInit: XAudio2 using 'Speakers (2- Realtek High Definition Audio)' : 2 channels at 48 kHz using 32 bits per sample (channel mask 0x3)
[2020.01.31-20.18.39:950][624]LogInit: FAudioDevice initialized.
[2020.01.31-20.18.40:006][624]LogLoad: Game class is 'TestLevel_C'
[2020.01.31-20.18.40:010][624]LogWorld: Bringing World /Temp/UEDPIE_0_Untitled_1.Untitled_1 up for play (max tick rate 0) at 2020.01.31-20.18.40
[2020.01.31-20.18.40:012][624]LogWorld: Bringing up level for play took: 0.002927
[2020.01.31-20.18.40:041][624]LogContentBrowser: Native class hierarchy updated for 'MovieSceneCapture' in 0.0009 seconds. Added 20 classes and 0 folders.
[2020.01.31-20.18.40:042][624]PIE: Play in editor start time for /Temp/UEDPIE_0_Untitled_1 -0.653
[2020.01.31-20.18.40:043][624]LogBlueprintUserMessages: Late PlayInEditor Detection: Level '/Temp/Untitled_1.Untitled_1:PersistentLevel' has LevelScriptBlueprint '/Temp/Untitled_1.Untitled_1:PersistentLevel.Untitled' with GeneratedClass '/Temp/Untitled_1.Untitled_C' with ClassGeneratedBy '/Temp/Untitled_1.Untitled_1:PersistentLevel.Untitled'
[2020.01.31-20.18.44:193][115]LogBlueprintUserMessages: Early EndPlayMap Detection: Level '/Temp/Untitled_1.Untitled_1:PersistentLevel' has LevelScriptBlueprint '/Temp/Untitled_1.Untitled_1:PersistentLevel.Untitled' with GeneratedClass '/Temp/Untitled_1.Untitled_C' with ClassGeneratedBy '/Temp/Untitled_1.Untitled_1:PersistentLevel.Untitled'
[2020.01.31-20.18.44:194][115]LogSlate: Updating window title bar state: overlay mode, drag disabled, window buttons hidden, title bar hidden
[2020.01.31-20.18.44:226][115]LogPlayLevel: Display: Shutting down PIE online subsystems
[2020.01.31-20.18.44:226][115]LogBlueprintUserMessages: Late EndPlayMap Detection: Level '/Temp/Untitled_1.Untitled_1:PersistentLevel' has LevelScriptBlueprint '/Temp/Untitled_1.Untitled_1:PersistentLevel.Untitled' with GeneratedClass '/Temp/Untitled_1.Untitled_C' with ClassGeneratedBy '/Temp/Untitled_1.Untitled_1:PersistentLevel.Untitled'
[2020.01.31-20.18.44:260][115]LogSlate: Updating window title bar state: overlay mode, drag disabled, window buttons hidden, title bar hidden
[2020.01.31-20.18.44:263][115]LogUObjectHash: Compacting FUObjectHashTables data took   1.44ms
[2020.01.31-20.18.44:298][117]LogPlayLevel: Display: Destroying online subsystem :Context_2
[2020.01.31-20.18.46:641][396]LogEditorViewport: Clicking on Actor (LMB): BP_Sky_Sphere_C (Sky Sphere)
[2020.01.31-20.18.47:485][492]LogEditorViewport: Clicking on Actor (LMB): BP_Sky_Sphere_C (Sky Sphere)
[2020.01.31-20.18.49:306][702]LogSlate: FSceneViewport::OnFocusLost() reason 2
[2020.01.31-20.18.50:432][833]LogSlate: FSceneViewport::OnFocusLost() reason 2
[2020.01.31-20.18.51:282][833]LogSlate: Only BGRA pngs, bmps or icos are supported in by External Image Picker
[2020.01.31-20.19.15:846][454]LogSlate: Window 'Project Settings' being destroyed
[2020.01.31-20.19.15:849][454]LogSlate: Window 'Project Settings' being destroyed
[2020.01.31-20.19.17:625][662]LogEditorViewport: Clicking on Actor (LMB): BP_Sky_Sphere_C (Sky Sphere)
[2020.01.31-20.19.18:764][794]LogEditorViewport: Clicking on Actor (LMB): BP_BasePlayer_C (BP_BasePlayer)
[2020.01.31-20.19.20:735][ 14]LogSlate: FSceneViewport::OnFocusLost() reason 0
[2020.01.31-20.19.20:912][ 34]LogAssetEditorManager: Opening Asset editor for Blueprint /Game/BP_BasePlayer.BP_BasePlayer
[2020.01.31-20.19.21:115][ 34]LogContentBrowser: Native class hierarchy updated for 'BlueprintGraph' in 0.0010 seconds. Added 121 classes and 0 folders.
[2020.01.31-20.19.24:062][264]LogSlate: Window 'BP_BasePlayer' being destroyed
[2020.01.31-20.19.24:127][264]LogSlate: FSceneViewport::OnFocusLost() reason 2
[2020.01.31-20.19.24:133][264]LogAssetEditorManager: Opening Asset editor for Blueprint /Game/BP_BasePlayer.BP_BasePlayer
[2020.01.31-20.19.24:473][264]LogSlate: Took 0.000219 seconds to synchronously load lazily loaded font '../../../Engine/Content/Slate/Fonts/Roboto-BoldCondensed.ttf' (158K)
[2020.01.31-20.19.25:361][333]LogSlate: Took 0.000203 seconds to synchronously load lazily loaded font '../../../Engine/Content/Slate/Fonts/Roboto-Italic.ttf' (157K)
[2020.01.31-20.19.38:490][504]BlueprintLog: New page: Compile BP_BasePlayer
[2020.01.31-20.19.38:730][504]LogUObjectHash: Compacting FUObjectHashTables data took   3.24ms
[2020.01.31-20.19.39:269][538]Cmd: OBJ SAVEPACKAGE PACKAGE="/Game/BP_BasePlayer" FILE="../../../../../../Users/h017026h/Documents/GitKra/Global Game Jam 2020/GGJ20/Content/BP_BasePlayer.uasset" SILENT=true
[2020.01.31-20.19.39:291][538]LogSavePackage: Moving '../../../../../../Users/h017026h/Documents/GitKra/Global Game Jam 2020/GGJ20/Saved/BP_BasePlayer36B9909D407D1ECE531B19B37CAA16A0.tmp' to '../../../../../../Users/h017026h/Documents/GitKra/Global Game Jam 2020/GGJ20/Content/BP_BasePlayer.uasset'
[2020.01.31-20.19.40:312][631]LogSlate: FSceneViewport::OnFocusLost() reason 0
[2020.01.31-20.19.42:638][836]LogRenderer: Reallocating scene render targets to support 1208x900 Format 10 NumSamples 1 (Frame:474).
[2020.01.31-20.19.42:683][840]LogSlate: Window 'BP_BasePlayer' being destroyed
[2020.01.31-20.19.43:204][902]LogSlate: FSceneViewport::OnFocusLost() reason 0
[2020.01.31-20.19.44:219][ 20]LogTemp: Repeating last play command: Selected Viewport
[2020.01.31-20.19.44:233][ 20]LogBlueprintUserMessages: Early PlayInEditor Detection: Level '/Temp/Untitled_1.Untitled_1:PersistentLevel' has LevelScriptBlueprint '/Temp/Untitled_1.Untitled_1:PersistentLevel.Untitled' with GeneratedClass '/Temp/Untitled_1.Untitled_C' with ClassGeneratedBy '/Temp/Untitled_1.Untitled_1:PersistentLevel.Untitled'
[2020.01.31-20.19.44:233][ 20]LogPlayLevel: PlayLevel: No blueprints needed recompiling
[2020.01.31-20.19.44:233][ 20]PIE: New page: PIE session: Untitled_1 (31 Jan 2020 20:19:44)
[2020.01.31-20.19.44:234][ 20]LogPlayLevel: Creating play world package: /Temp/UEDPIE_0_Untitled_1
[2020.01.31-20.19.44:236][ 20]LogPlayLevel: PIE: StaticDuplicateObject took: (0.002737s)
[2020.01.31-20.19.44:237][ 20]LogAIModule: Creating AISystem for world Untitled_1
[2020.01.31-20.19.44:237][ 20]LogPlayLevel: PIE: World Init took: (0.000841s)
[2020.01.31-20.19.44:238][ 20]LogPlayLevel: PIE: Created PIE world by copying editor world from /Temp/Untitled_1.Untitled_1 to /Temp/UEDPIE_0_Untitled_1.Untitled_1 (0.003997s)
[2020.01.31-20.19.44:273][ 20]LogUObjectHash: Compacting FUObjectHashTables data took   2.39ms
[2020.01.31-20.19.44:280][ 20]LogInit: XAudio2 using 'Speakers (2- Realtek High Definition Audio)' : 2 channels at 48 kHz using 32 bits per sample (channel mask 0x3)
[2020.01.31-20.19.44:295][ 20]LogInit: FAudioDevice initialized.
[2020.01.31-20.19.44:334][ 20]LogLoad: Game class is 'TestLevel_C'
[2020.01.31-20.19.44:336][ 20]LogWorld: Bringing World /Temp/UEDPIE_0_Untitled_1.Untitled_1 up for play (max tick rate 0) at 2020.01.31-20.19.44
[2020.01.31-20.19.44:337][ 20]LogWorld: Bringing up level for play took: 0.001862
[2020.01.31-20.19.44:355][ 20]PIE: Play in editor start time for /Temp/UEDPIE_0_Untitled_1 -0.341
[2020.01.31-20.19.44:356][ 20]LogBlueprintUserMessages: Late PlayInEditor Detection: Level '/Temp/Untitled_1.Untitled_1:PersistentLevel' has LevelScriptBlueprint '/Temp/Untitled_1.Untitled_1:PersistentLevel.Untitled' with GeneratedClass '/Temp/Untitled_1.Untitled_C' with ClassGeneratedBy '/Temp/Untitled_1.Untitled_1:PersistentLevel.Untitled'
[2020.01.31-20.19.47:773][420]LogBlueprintUserMessages: Early EndPlayMap Detection: Level '/Temp/Untitled_1.Untitled_1:PersistentLevel' has LevelScriptBlueprint '/Temp/Untitled_1.Untitled_1:PersistentLevel.Untitled' with GeneratedClass '/Temp/Untitled_1.Untitled_C' with ClassGeneratedBy '/Temp/Untitled_1.Untitled_1:PersistentLevel.Untitled'
[2020.01.31-20.19.47:774][420]LogSlate: Updating window title bar state: overlay mode, drag disabled, window buttons hidden, title bar hidden
[2020.01.31-20.19.47:813][420]LogPlayLevel: Display: Shutting down PIE online subsystems
[2020.01.31-20.19.47:813][420]LogBlueprintUserMessages: Late EndPlayMap Detection: Level '/Temp/Untitled_1.Untitled_1:PersistentLevel' has LevelScriptBlueprint '/Temp/Untitled_1.Untitled_1:PersistentLevel.Untitled' with GeneratedClass '/Temp/Untitled_1.Untitled_C' with ClassGeneratedBy '/Temp/Untitled_1.Untitled_1:PersistentLevel.Untitled'
[2020.01.31-20.19.47:868][420]LogSlate: Updating window title bar state: overlay mode, drag disabled, window buttons hidden, title bar hidden
[2020.01.31-20.19.47:872][420]LogUObjectHash: Compacting FUObjectHashTables data took   2.58ms
[2020.01.31-20.19.47:891][421]LogPlayLevel: Display: Destroying online subsystem :Context_5
