Log file open, 01/31/20 19:52:26
LogWindows: Failed to load 'aqProf.dll' (GetLastError=126)
LogWindows: File 'aqProf.dll' does not exist
LogWindows: Failed to load 'VtuneApi.dll' (GetLastError=126)
LogWindows: File 'VtuneApi.dll' does not exist
LogWindows: Failed to load 'VtuneApi32e.dll' (GetLastError=126)
LogWindows: File 'VtuneApi32e.dll' does not exist
LogConsoleResponse: Display: Failed to find resolution value strings in scalability ini. Falling back to default.
LogInit: Display: Running engine for game: GGJ20
LogPakFile: Registered encryption key '00000000000000000000000000000000': 0 pak files mounted, 0 remain pending
LogPlatformFile: Not using cached read wrapper
LogTaskGraph: Started task graph with 5 named threads and 23 total threads with 3 sets of task threads.
LogStats: Stats thread started at 0.701164
LogD3D11RHI: Loaded GFSDK_Aftermath_Lib.x64.dll
LogICUInternationalization: ICU TimeZone Detection - Raw Offset: +0:00, Platform Override: ''
LogPluginManager: Mounting plugin Paper2D
LogPluginManager: Mounting plugin AISupport
LogPluginManager: Mounting plugin LightPropagationVolume
LogPluginManager: Mounting plugin ActorLayerUtilities
LogPluginManager: Mounting plugin AnimationSharing
LogPluginManager: Mounting plugin CLionSourceCodeAccess
LogPluginManager: Mounting plugin CodeLiteSourceCodeAccess
LogPluginManager: Mounting plugin GitSourceControl
LogPluginManager: Mounting plugin KDevelopSourceCodeAccess
LogPluginManager: Mounting plugin NullSourceCodeAccess
LogPluginManager: Mounting plugin PerforceSourceControl
LogPluginManager: Mounting plugin SubversionSourceControl
LogPluginManager: Mounting plugin UObjectPlugin
LogPluginManager: Mounting plugin VisualStudioCodeSourceCodeAccess
LogPluginManager: Mounting plugin VisualStudioSourceCodeAccess
LogPluginManager: Mounting plugin XCodeSourceCodeAccess
LogPluginManager: Mounting plugin AssetManagerEditor
LogPluginManager: Mounting plugin CryptoKeys
LogPluginManager: Mounting plugin DataValidation
LogPluginManager: Mounting plugin FacialAnimation
LogPluginManager: Mounting plugin GameplayTagsEditor
LogPluginManager: Mounting plugin MacGraphicsSwitching
LogPluginManager: Mounting plugin MaterialAnalyzer
LogPluginManager: Mounting plugin MobileLauncherProfileWizard
LogPluginManager: Mounting plugin PluginBrowser
LogPluginManager: Mounting plugin SpeedTreeImporter
LogPluginManager: Mounting plugin DatasmithContent
LogPluginManager: Mounting plugin VariantManagerContent
LogPluginManager: Mounting plugin AlembicImporter
LogPluginManager: Mounting plugin AppleImageUtils
LogPluginManager: Mounting plugin AppleVision
LogPluginManager: Mounting plugin BackChannel
LogPluginManager: Mounting plugin CharacterAI
LogPluginManager: Mounting plugin GeometryCache
LogPluginManager: Mounting plugin HTML5Networking
LogPluginManager: Mounting plugin ProxyLODPlugin
LogPluginManager: Mounting plugin SkeletalReduction
LogPluginManager: Mounting plugin MagicLeap
LogPluginManager: Mounting plugin MagicLeapMedia
LogPluginManager: Mounting plugin AndroidMedia
LogPluginManager: Mounting plugin AvfMedia
LogPluginManager: Mounting plugin ImgMedia
LogPluginManager: Mounting plugin LinearTimecode
LogPluginManager: Mounting plugin MediaCompositing
LogPluginManager: Mounting plugin MediaPlayerEditor
LogPluginManager: Mounting plugin WebMMedia
LogPluginManager: Mounting plugin WmfMedia
LogPluginManager: Mounting plugin TcpMessaging
LogPluginManager: Mounting plugin UdpMessaging
LogPluginManager: Mounting plugin ActorSequence
LogPluginManager: Mounting plugin LevelSequenceEditor
LogPluginManager: Mounting plugin MatineeToLevelSequence
LogPluginManager: Mounting plugin NetcodeUnitTest
LogPluginManager: Mounting plugin NUTUnrealEngine4
LogPluginManager: Mounting plugin OnlineSubsystemGooglePlay
LogPluginManager: Mounting plugin OnlineSubsystemIOS
LogPluginManager: Mounting plugin OnlineSubsystem
LogPluginManager: Mounting plugin OnlineSubsystemNull
LogPluginManager: Mounting plugin OnlineSubsystemUtils
LogPluginManager: Mounting plugin LauncherChunkInstaller
LogPluginManager: Mounting plugin AndroidDeviceProfileSelector
LogPluginManager: Mounting plugin AndroidMoviePlayer
LogPluginManager: Mounting plugin AndroidPermission
LogPluginManager: Mounting plugin AppleMoviePlayer
LogPluginManager: Mounting plugin ArchVisCharacter
LogPluginManager: Mounting plugin AudioCapture
LogPluginManager: Mounting plugin CableComponent
LogPluginManager: Mounting plugin CustomMeshComponent
LogPluginManager: Mounting plugin EditableMesh
LogPluginManager: Mounting plugin ExampleDeviceProfileSelector
LogPluginManager: Mounting plugin Firebase
LogPluginManager: Mounting plugin GoogleCloudMessaging
LogPluginManager: Mounting plugin IOSDeviceProfileSelector
LogPluginManager: Mounting plugin LinuxDeviceProfileSelector
LogPluginManager: Mounting plugin LocationServicesBPLibrary
LogPluginManager: Mounting plugin MobilePatchingUtils
LogPluginManager: Mounting plugin OculusVR
LogPluginManager: Mounting plugin PhysXVehicles
LogPluginManager: Mounting plugin ProceduralMeshComponent
LogPluginManager: Mounting plugin RuntimePhysXCooking
LogPluginManager: Mounting plugin SignificanceManager
LogPluginManager: Mounting plugin SteamVR
LogPluginManager: Mounting plugin WebMMoviePlayer
LogPluginManager: Mounting plugin WindowsMoviePlayer
LogInit: Using libcurl 7.55.1-DEV
LogInit:  - built for x86_64-pc-win32
LogInit:  - supports SSL with OpenSSL/1.1.1
LogInit:  - supports HTTP deflate (compression) using libz 1.2.8
LogInit:  - other features:
LogInit:      CURL_VERSION_SSL
LogInit:      CURL_VERSION_LIBZ
LogInit:      CURL_VERSION_IPV6
LogInit:      CURL_VERSION_ASYNCHDNS
LogInit:      CURL_VERSION_LARGEFILE
LogInit:      CURL_VERSION_IDN
LogInit:  CurlRequestOptions (configurable via config and command line):
LogInit:  - bVerifyPeer = true  - Libcurl will verify peer certificate
LogInit:  - bUseHttpProxy = false  - Libcurl will NOT use HTTP proxy
LogInit:  - bDontReuseConnections = false  - Libcurl will reuse connections
LogInit:  - MaxHostConnections = 16  - Libcurl will limit the number of connections to a host
LogInit:  - LocalHostAddr = Default
LogInit:  - BufferSize = 65536
LogInit: WinSock: version 1.1 (2.2), MaxSocks=32767, MaxUdp=65467
LogInit: Build: ++UE4+Release-4.22-CL-7053642
LogInit: Engine Version: 4.22.3-7053642+++UE4+Release-4.22
LogInit: Compatible Engine Version: 4.22.0-5660361+++UE4+Release-4.22
LogInit: Net CL: 5660361
LogInit: OS: Windows 10 (Release 1909) (), CPU: Intel(R) Xeon(R) W-2123 CPU @ 3.60GHz, GPU: NVIDIA GeForce GTX 1070
LogInit: Compiled (64-bit): Jun 18 2019 03:09:11
LogInit: Compiled with Visual C++: 19.16.27025.01
LogInit: Build Configuration: Development
LogInit: Branch Name: ++UE4+Release-4.22
LogInit: Command Line:  -skipcompile
LogInit: Base Directory: C:/Epic/UE4/UE_4.22/Engine/Binaries/Win64/
LogInit: Installed Engine Build: 1
LogDevObjectVersion: Number of dev versions registered: 23
LogDevObjectVersion:   Dev-Blueprints (B0D832E4-1F89-4F0D-ACCF-7EB736FD4AA2): 10
LogDevObjectVersion:   Dev-Build (E1C64328-A22C-4D53-A36C-8E866417BD8C): 0
LogDevObjectVersion:   Dev-Core (375EC13C-06E4-48FB-B500-84F0262A717E): 3
LogDevObjectVersion:   Dev-Editor (E4B068ED-F494-42E9-A231-DA0B2E46BB41): 30
LogDevObjectVersion:   Dev-Framework (CFFC743F-43B0-4480-9391-14DF171D2073): 35
LogDevObjectVersion:   Dev-Mobile (B02B49B5-BB20-44E9-A304-32B752E40360): 2
LogDevObjectVersion:   Dev-Networking (A4E4105C-59A1-49B5-A7C5-40C4547EDFEE): 0
LogDevObjectVersion:   Dev-Online (39C831C9-5AE6-47DC-9A44-9C173E1C8E7C): 0
LogDevObjectVersion:   Dev-Physics (78F01B33-EBEA-4F98-B9B4-84EACCB95AA2): 0
LogDevObjectVersion:   Dev-Platform (6631380F-2D4D-43E0-8009-CF276956A95A): 0
LogDevObjectVersion:   Dev-Rendering (12F88B9F-8875-4AFC-A67C-D90C383ABD29): 28
LogDevObjectVersion:   Dev-Sequencer (7B5AE74C-D270-4C10-A958-57980B212A5A): 11
LogDevObjectVersion:   Dev-VR (D7296918-1DD6-4BDD-9DE2-64A83CC13884): 2
LogDevObjectVersion:   Dev-LoadTimes (C2A15278-BFE7-4AFE-6C17-90FF531DF755): 1
LogDevObjectVersion:   Private-Geometry (6EACA3D4-40EC-4CC1-B786-8BED09428FC5): 3
LogDevObjectVersion:   Dev-AnimPhys (29E575DD-E0A3-4627-9D10-D276232CDCEA): 17
LogDevObjectVersion:   Dev-Anim (AF43A65D-7FD3-4947-9873-3E8ED9C1BB05): 2
LogDevObjectVersion:   Dev-ReflectionCapture (6B266CEC-1EC7-4B8F-A30B-E4D90942FC07): 1
LogDevObjectVersion:   Dev-Automation (0DF73D61-A23F-47EA-B727-89E90C41499A): 1
LogDevObjectVersion:   FortniteMain (601D1886-AC64-4F84-AA16-D3DE0DEAC7D6): 25
LogDevObjectVersion:   Dev-Enterprise (9DFFBCD6-494F-0158-E221-12823C92A888): 6
LogDevObjectVersion:   Dev-Niagara (F2AED0AC-9AFE-416F-8664-AA7FFA26D6FC): 1
LogDevObjectVersion:   Dev-Destruction (174F1F0B-B4C6-45A5-B13F-2EE8D0FB917D): 2
LogInit: Presizing for max 16777216 objects, including 0 objects not considered by GC, pre-allocating 0 bytes for permanent pool.
LogInit: Object subsystem initialized
LogConfig: Setting CVar [[con.DebugEarlyDefault:1]]
LogConfig: Setting CVar [[r.setres:1280x720]]
[2020.01.31-19.52.27:400][  0]LogConfig: Setting CVar [[r.VSync:0]]
[2020.01.31-19.52.27:400][  0]LogConfig: Setting CVar [[r.RHICmdBypass:0]]
[2020.01.31-19.52.27:400][  0]LogConfig: Applying CVar settings from Section [/Script/Engine.RendererSettings] File [C:/Users/w017177h/Documents/GGJ2020/Global-Game-Jam-2020/GGJ20/Saved/Config/Windows/Engine.ini]
[2020.01.31-19.52.27:400][  0]LogConfig: Setting CVar [[r.GPUCrashDebugging:0]]
[2020.01.31-19.52.27:400][  0]LogConfig: Setting CVar [[r.DefaultFeature.AutoExposure.ExtendDefaultLuminanceRange:1]]
[2020.01.31-19.52.27:400][  0]LogConfig: Applying CVar settings from Section [/Script/Engine.RendererOverrideSettings] File [C:/Users/w017177h/Documents/GGJ2020/Global-Game-Jam-2020/GGJ20/Saved/Config/Windows/Engine.ini]
[2020.01.31-19.52.27:400][  0]LogConfig: Applying CVar settings from Section [/Script/Engine.StreamingSettings] File [C:/Users/w017177h/Documents/GGJ2020/Global-Game-Jam-2020/GGJ20/Saved/Config/Windows/Engine.ini]
[2020.01.31-19.52.27:400][  0]LogConfig: Setting CVar [[s.MinBulkDataSizeForAsyncLoading:131072]]
[2020.01.31-19.52.27:400][  0]LogConfig: Setting CVar [[s.AsyncLoadingThreadEnabled:0]]
[2020.01.31-19.52.27:400][  0]LogConfig: Setting CVar [[s.EventDrivenLoaderEnabled:1]]
[2020.01.31-19.52.27:400][  0]LogConfig: Setting CVar [[s.WarnIfTimeLimitExceeded:0]]
[2020.01.31-19.52.27:400][  0]LogConfig: Setting CVar [[s.TimeLimitExceededMultiplier:1.5]]
[2020.01.31-19.52.27:400][  0]LogConfig: Setting CVar [[s.TimeLimitExceededMinTime:0.005]]
[2020.01.31-19.52.27:400][  0]LogConfig: Setting CVar [[s.UseBackgroundLevelStreaming:1]]
[2020.01.31-19.52.27:401][  0]LogConfig: Setting CVar [[s.PriorityAsyncLoadingExtraTime:15.0]]
[2020.01.31-19.52.27:401][  0]LogConfig: Setting CVar [[s.LevelStreamingActorsUpdateTimeLimit:5.0]]
[2020.01.31-19.52.27:401][  0]LogConfig: Setting CVar [[s.PriorityLevelStreamingActorsUpdateExtraTime:5.0]]
[2020.01.31-19.52.27:401][  0]LogConfig: Setting CVar [[s.LevelStreamingComponentsRegistrationGranularity:10]]
[2020.01.31-19.52.27:401][  0]LogConfig: Setting CVar [[s.UnregisterComponentsTimeLimit:1.0]]
[2020.01.31-19.52.27:401][  0]LogConfig: Setting CVar [[s.LevelStreamingComponentsUnregistrationGranularity:5]]
[2020.01.31-19.52.27:401][  0]LogConfig: Applying CVar settings from Section [/Script/Engine.GarbageCollectionSettings] File [C:/Users/w017177h/Documents/GGJ2020/Global-Game-Jam-2020/GGJ20/Saved/Config/Windows/Engine.ini]
[2020.01.31-19.52.27:401][  0]LogConfig: Setting CVar [[gc.MaxObjectsNotConsideredByGC:1]]
[2020.01.31-19.52.27:401][  0]LogConfig: Setting CVar [[gc.SizeOfPermanentObjectPool:0]]
[2020.01.31-19.52.27:401][  0]LogConfig: Setting CVar [[gc.FlushStreamingOnGC:0]]
[2020.01.31-19.52.27:401][  0]LogConfig: Setting CVar [[gc.NumRetriesBeforeForcingGC:10]]
[2020.01.31-19.52.27:401][  0]LogConfig: Setting CVar [[gc.AllowParallelGC:1]]
[2020.01.31-19.52.27:401][  0]LogConfig: Setting CVar [[gc.TimeBetweenPurgingPendingKillObjects:61.1]]
[2020.01.31-19.52.27:401][  0]LogConfig: Setting CVar [[gc.MaxObjectsInEditor:16777216]]
[2020.01.31-19.52.27:402][  0]LogConfig: Setting CVar [[gc.IncrementalBeginDestroyEnabled:1]]
[2020.01.31-19.52.27:402][  0]LogConfig: Setting CVar [[gc.CreateGCClusters:1]]
[2020.01.31-19.52.27:402][  0]LogConfig: Setting CVar [[gc.MinGCClusterSize:5]]
[2020.01.31-19.52.27:402][  0]LogConfig: Setting CVar [[gc.ActorClusteringEnabled:0]]
[2020.01.31-19.52.27:402][  0]LogConfig: Setting CVar [[gc.BlueprintClusteringEnabled:0]]
[2020.01.31-19.52.27:402][  0]LogConfig: Setting CVar [[gc.UseDisregardForGCOnDedicatedServers:0]]
[2020.01.31-19.52.27:402][  0]LogConfig: Applying CVar settings from Section [/Script/Engine.NetworkSettings] File [C:/Users/w017177h/Documents/GGJ2020/Global-Game-Jam-2020/GGJ20/Saved/Config/Windows/Engine.ini]
[2020.01.31-19.52.27:402][  0]LogConfig: Applying CVar settings from Section [/Script/UnrealEd.CookerSettings] File [C:/Users/w017177h/Documents/GGJ2020/Global-Game-Jam-2020/GGJ20/Saved/Config/Windows/Engine.ini]
[2020.01.31-19.52.27:413][  0]LogConfig: Applying CVar settings from Section [ViewDistanceQuality@3] File [C:/Users/w017177h/Documents/GGJ2020/Global-Game-Jam-2020/GGJ20/Saved/Config/Windows/Scalability.ini]
[2020.01.31-19.52.27:416][  0]LogConfig: Setting CVar [[r.SkeletalMeshLODBias:0]]
[2020.01.31-19.52.27:416][  0]LogConfig: Setting CVar [[r.ViewDistanceScale:1.0]]
[2020.01.31-19.52.27:417][  0]LogConfig: Applying CVar settings from Section [AntiAliasingQuality@3] File [C:/Users/w017177h/Documents/GGJ2020/Global-Game-Jam-2020/GGJ20/Saved/Config/Windows/Scalability.ini]
[2020.01.31-19.52.27:417][  0]LogConfig: Setting CVar [[r.PostProcessAAQuality:4]]
[2020.01.31-19.52.27:417][  0]LogConfig: Applying CVar settings from Section [ShadowQuality@3] File [C:/Users/w017177h/Documents/GGJ2020/Global-Game-Jam-2020/GGJ20/Saved/Config/Windows/Scalability.ini]
[2020.01.31-19.52.27:417][  0]LogConfig: Setting CVar [[r.LightFunctionQuality:1]]
[2020.01.31-19.52.27:417][  0]LogConfig: Setting CVar [[r.ShadowQuality:5]]
[2020.01.31-19.52.27:417][  0]LogConfig: Setting CVar [[r.Shadow.CSM.MaxCascades:10]]
[2020.01.31-19.52.27:417][  0]LogConfig: Setting CVar [[r.Shadow.MaxResolution:2048]]
[2020.01.31-19.52.27:417][  0]LogConfig: Setting CVar [[r.Shadow.MaxCSMResolution:2048]]
[2020.01.31-19.52.27:418][  0]LogConfig: Setting CVar [[r.Shadow.RadiusThreshold:0.01]]
[2020.01.31-19.52.27:418][  0]LogConfig: Setting CVar [[r.Shadow.DistanceScale:1.0]]
[2020.01.31-19.52.27:418][  0]LogConfig: Setting CVar [[r.Shadow.CSM.TransitionScale:1.0]]
[2020.01.31-19.52.27:418][  0]LogConfig: Setting CVar [[r.Shadow.PreShadowResolutionFactor:1.0]]
[2020.01.31-19.52.27:418][  0]LogConfig: Setting CVar [[r.DistanceFieldShadowing:1]]
[2020.01.31-19.52.27:418][  0]LogConfig: Setting CVar [[r.DistanceFieldAO:1]]
[2020.01.31-19.52.27:419][  0]LogConfig: Setting CVar [[r.AOQuality:2]]
[2020.01.31-19.52.27:419][  0]LogConfig: Setting CVar [[r.VolumetricFog:1]]
[2020.01.31-19.52.27:419][  0]LogConfig: Setting CVar [[r.VolumetricFog.GridPixelSize:8]]
[2020.01.31-19.52.27:419][  0]LogConfig: Setting CVar [[r.VolumetricFog.GridSizeZ:128]]
[2020.01.31-19.52.27:419][  0]LogConfig: Setting CVar [[r.VolumetricFog.HistoryMissSupersampleCount:4]]
[2020.01.31-19.52.27:419][  0]LogConfig: Setting CVar [[r.LightMaxDrawDistanceScale:1]]
[2020.01.31-19.52.27:419][  0]LogConfig: Setting CVar [[r.CapsuleShadows:1]]
[2020.01.31-19.52.27:419][  0]LogConfig: Applying CVar settings from Section [PostProcessQuality@3] File [C:/Users/w017177h/Documents/GGJ2020/Global-Game-Jam-2020/GGJ20/Saved/Config/Windows/Scalability.ini]
[2020.01.31-19.52.27:419][  0]LogConfig: Setting CVar [[r.MotionBlurQuality:4]]
[2020.01.31-19.52.27:419][  0]LogConfig: Setting CVar [[r.AmbientOcclusionMipLevelFactor:0.4]]
[2020.01.31-19.52.27:419][  0]LogConfig: Setting CVar [[r.AmbientOcclusionMaxQuality:100]]
[2020.01.31-19.52.27:420][  0]LogConfig: Setting CVar [[r.AmbientOcclusionLevels:-1]]
[2020.01.31-19.52.27:420][  0]LogConfig: Setting CVar [[r.AmbientOcclusionRadiusScale:1.0]]
[2020.01.31-19.52.27:420][  0]LogConfig: Setting CVar [[r.DepthOfFieldQuality:2]]
[2020.01.31-19.52.27:420][  0]LogConfig: Setting CVar [[r.RenderTargetPoolMin:400]]
[2020.01.31-19.52.27:420][  0]LogConfig: Setting CVar [[r.LensFlareQuality:2]]
[2020.01.31-19.52.27:420][  0]LogConfig: Setting CVar [[r.SceneColorFringeQuality:1]]
[2020.01.31-19.52.27:420][  0]LogConfig: Setting CVar [[r.EyeAdaptationQuality:2]]
[2020.01.31-19.52.27:420][  0]LogConfig: Setting CVar [[r.BloomQuality:5]]
[2020.01.31-19.52.27:420][  0]LogConfig: Setting CVar [[r.FastBlurThreshold:100]]
[2020.01.31-19.52.27:420][  0]LogConfig: Setting CVar [[r.Upscale.Quality:3]]
[2020.01.31-19.52.27:420][  0]LogConfig: Setting CVar [[r.Tonemapper.GrainQuantization:1]]
[2020.01.31-19.52.27:420][  0]LogConfig: Setting CVar [[r.LightShaftQuality:1]]
[2020.01.31-19.52.27:420][  0]LogConfig: Setting CVar [[r.Filter.SizeScale:1]]
[2020.01.31-19.52.27:420][  0]LogConfig: Setting CVar [[r.Tonemapper.Quality:5]]
[2020.01.31-19.52.27:420][  0]LogConfig: Setting CVar [[r.DOF.Gather.AccumulatorQuality:1        ; higher gathering accumulator quality]]
[2020.01.31-19.52.27:421][  0]LogConfig: Setting CVar [[r.DOF.Gather.PostfilterMethod:1          ; Median3x3 postfilering method]]
[2020.01.31-19.52.27:421][  0]LogConfig: Setting CVar [[r.DOF.Gather.EnableBokehSettings:0       ; no bokeh simulation when gathering]]
[2020.01.31-19.52.27:421][  0]LogConfig: Setting CVar [[r.DOF.Gather.RingCount:4                 ; medium number of samples when gathering]]
[2020.01.31-19.52.27:421][  0]LogConfig: Setting CVar [[r.DOF.Scatter.ForegroundCompositing:1    ; additive foreground scattering]]
[2020.01.31-19.52.27:421][  0]LogConfig: Setting CVar [[r.DOF.Scatter.BackgroundCompositing:2    ; additive background scattering]]
[2020.01.31-19.52.27:421][  0]LogConfig: Setting CVar [[r.DOF.Scatter.EnableBokehSettings:1      ; bokeh simulation when scattering]]
[2020.01.31-19.52.27:421][  0]LogConfig: Setting CVar [[r.DOF.Scatter.MaxSpriteRatio:0.1         ; only a maximum of 10% of scattered bokeh]]
[2020.01.31-19.52.27:421][  0]LogConfig: Setting CVar [[r.DOF.Recombine.Quality:1                ; cheap slight out of focus]]
[2020.01.31-19.52.27:421][  0]LogConfig: Setting CVar [[r.DOF.Recombine.EnableBokehSettings:0    ; no bokeh simulation on slight out of focus]]
[2020.01.31-19.52.27:421][  0]LogConfig: Setting CVar [[r.DOF.TemporalAAQuality:1                ; more stable temporal accumulation]]
[2020.01.31-19.52.27:422][  0]LogConfig: Setting CVar [[r.DOF.Kernel.MaxForegroundRadius:0.025]]
[2020.01.31-19.52.27:422][  0]LogConfig: Setting CVar [[r.DOF.Kernel.MaxBackgroundRadius:0.025]]
[2020.01.31-19.52.27:422][  0]LogConfig: Applying CVar settings from Section [TextureQuality@3] File [C:/Users/w017177h/Documents/GGJ2020/Global-Game-Jam-2020/GGJ20/Saved/Config/Windows/Scalability.ini]
[2020.01.31-19.52.27:422][  0]LogConfig: Setting CVar [[r.Streaming.MipBias:0]]
[2020.01.31-19.52.27:422][  0]LogConfig: Setting CVar [[r.Streaming.AmortizeCPUToGPUCopy:0]]
[2020.01.31-19.52.27:423][  0]LogConfig: Setting CVar [[r.Streaming.MaxNumTexturesToStreamPerFrame:0]]
[2020.01.31-19.52.27:423][  0]LogConfig: Setting CVar [[r.Streaming.Boost:1]]
[2020.01.31-19.52.27:423][  0]LogConfig: Setting CVar [[r.MaxAnisotropy:8]]
[2020.01.31-19.52.27:423][  0]LogConfig: Setting CVar [[r.Streaming.LimitPoolSizeToVRAM:0]]
[2020.01.31-19.52.27:424][  0]LogConfig: Setting CVar [[r.Streaming.PoolSize:1000]]
[2020.01.31-19.52.27:424][  0]LogConfig: Setting CVar [[r.Streaming.MaxEffectiveScreenSize:0]]
[2020.01.31-19.52.27:424][  0]LogConfig: Applying CVar settings from Section [EffectsQuality@3] File [C:/Users/w017177h/Documents/GGJ2020/Global-Game-Jam-2020/GGJ20/Saved/Config/Windows/Scalability.ini]
[2020.01.31-19.52.27:424][  0]LogConfig: Setting CVar [[r.TranslucencyLightingVolumeDim:64]]
[2020.01.31-19.52.27:424][  0]LogConfig: Setting CVar [[r.RefractionQuality:2]]
[2020.01.31-19.52.27:424][  0]LogConfig: Setting CVar [[r.SSR.Quality:3]]
[2020.01.31-19.52.27:424][  0]LogConfig: Setting CVar [[r.SceneColorFormat:4]]
[2020.01.31-19.52.27:424][  0]LogConfig: Setting CVar [[r.DetailMode:2]]
[2020.01.31-19.52.27:424][  0]LogConfig: Setting CVar [[r.TranslucencyVolumeBlur:1]]
[2020.01.31-19.52.27:424][  0]LogConfig: Setting CVar [[r.MaterialQualityLevel:1 ; High quality]]
[2020.01.31-19.52.27:424][  0]LogConfig: Setting CVar [[r.SSS.Scale:1]]
[2020.01.31-19.52.27:424][  0]LogConfig: Setting CVar [[r.SSS.SampleSet:2]]
[2020.01.31-19.52.27:425][  0]LogConfig: Setting CVar [[r.SSS.Quality:1]]
[2020.01.31-19.52.27:425][  0]LogConfig: Setting CVar [[r.SSS.HalfRes:1]]
[2020.01.31-19.52.27:425][  0]LogConfig: Setting CVar [[r.EmitterSpawnRateScale:1.0]]
[2020.01.31-19.52.27:425][  0]LogConfig: Setting CVar [[r.ParticleLightQuality:2]]
[2020.01.31-19.52.27:425][  0]LogConfig: Applying CVar settings from Section [FoliageQuality@3] File [C:/Users/w017177h/Documents/GGJ2020/Global-Game-Jam-2020/GGJ20/Saved/Config/Windows/Scalability.ini]
[2020.01.31-19.52.27:425][  0]LogConfig: Setting CVar [[foliage.DensityScale:1.0]]
[2020.01.31-19.52.27:425][  0]LogConfig: Setting CVar [[grass.DensityScale:1.0]]
[2020.01.31-19.52.27:426][  0]LogInit: Selected Device Profile: [Windows]
[2020.01.31-19.52.27:426][  0]LogInit: Applying CVar settings loaded from the selected device profile: [Windows]
[2020.01.31-19.52.27:448][  0]LogHAL: Display: Platform has ~ 32 GB [34065854464 / 34359738368 / 32], which maps to Largest [LargestMinGB=32, LargerMinGB=12, DefaultMinGB=8, SmallerMinGB=6, SmallestMinGB=0)
[2020.01.31-19.52.27:448][  0]LogConfig: Setting CVar [[r.Vulkan.UseRealUBs:0		; Required until we fix HLR fall-out]]
[2020.01.31-19.52.27:448][  0]LogInit: Going up to parent DeviceProfile []
[2020.01.31-19.52.27:448][  0]LogConfig: Applying CVar settings from Section [ViewDistanceQuality@3] File [C:/Users/w017177h/Documents/GGJ2020/Global-Game-Jam-2020/GGJ20/Saved/Config/Windows/Scalability.ini]
[2020.01.31-19.52.27:449][  0]LogConfig: Setting CVar [[r.SkeletalMeshLODBias:0]]
[2020.01.31-19.52.27:449][  0]LogConfig: Setting CVar [[r.ViewDistanceScale:1.0]]
[2020.01.31-19.52.27:449][  0]LogConfig: Applying CVar settings from Section [AntiAliasingQuality@3] File [C:/Users/w017177h/Documents/GGJ2020/Global-Game-Jam-2020/GGJ20/Saved/Config/Windows/Scalability.ini]
[2020.01.31-19.52.27:449][  0]LogConfig: Setting CVar [[r.PostProcessAAQuality:4]]
[2020.01.31-19.52.27:449][  0]LogConfig: Applying CVar settings from Section [ShadowQuality@3] File [C:/Users/w017177h/Documents/GGJ2020/Global-Game-Jam-2020/GGJ20/Saved/Config/Windows/Scalability.ini]
[2020.01.31-19.52.27:449][  0]LogConfig: Setting CVar [[r.LightFunctionQuality:1]]
[2020.01.31-19.52.27:449][  0]LogConfig: Setting CVar [[r.ShadowQuality:5]]
[2020.01.31-19.52.27:449][  0]LogConfig: Setting CVar [[r.Shadow.CSM.MaxCascades:10]]
[2020.01.31-19.52.27:449][  0]LogConfig: Setting CVar [[r.Shadow.MaxResolution:2048]]
[2020.01.31-19.52.27:449][  0]LogConfig: Setting CVar [[r.Shadow.MaxCSMResolution:2048]]
[2020.01.31-19.52.27:449][  0]LogConfig: Setting CVar [[r.Shadow.RadiusThreshold:0.01]]
[2020.01.31-19.52.27:449][  0]LogConfig: Setting CVar [[r.Shadow.DistanceScale:1.0]]
[2020.01.31-19.52.27:449][  0]LogConfig: Setting CVar [[r.Shadow.CSM.TransitionScale:1.0]]
[2020.01.31-19.52.27:449][  0]LogConfig: Setting CVar [[r.Shadow.PreShadowResolutionFactor:1.0]]
[2020.01.31-19.52.27:449][  0]LogConfig: Setting CVar [[r.DistanceFieldShadowing:1]]
[2020.01.31-19.52.27:450][  0]LogConfig: Setting CVar [[r.DistanceFieldAO:1]]
[2020.01.31-19.52.27:450][  0]LogConfig: Setting CVar [[r.AOQuality:2]]
[2020.01.31-19.52.27:450][  0]LogConfig: Setting CVar [[r.VolumetricFog:1]]
[2020.01.31-19.52.27:450][  0]LogConfig: Setting CVar [[r.VolumetricFog.GridPixelSize:8]]
[2020.01.31-19.52.27:450][  0]LogConfig: Setting CVar [[r.VolumetricFog.GridSizeZ:128]]
[2020.01.31-19.52.27:450][  0]LogConfig: Setting CVar [[r.VolumetricFog.HistoryMissSupersampleCount:4]]
[2020.01.31-19.52.27:450][  0]LogConfig: Setting CVar [[r.LightMaxDrawDistanceScale:1]]
[2020.01.31-19.52.27:450][  0]LogConfig: Setting CVar [[r.CapsuleShadows:1]]
[2020.01.31-19.52.27:450][  0]LogConfig: Applying CVar settings from Section [PostProcessQuality@3] File [C:/Users/w017177h/Documents/GGJ2020/Global-Game-Jam-2020/GGJ20/Saved/Config/Windows/Scalability.ini]
[2020.01.31-19.52.27:450][  0]LogConfig: Setting CVar [[r.MotionBlurQuality:4]]
[2020.01.31-19.52.27:450][  0]LogConfig: Setting CVar [[r.AmbientOcclusionMipLevelFactor:0.4]]
[2020.01.31-19.52.27:450][  0]LogConfig: Setting CVar [[r.AmbientOcclusionMaxQuality:100]]
[2020.01.31-19.52.27:450][  0]LogConfig: Setting CVar [[r.AmbientOcclusionLevels:-1]]
[2020.01.31-19.52.27:450][  0]LogConfig: Setting CVar [[r.AmbientOcclusionRadiusScale:1.0]]
[2020.01.31-19.52.27:450][  0]LogConfig: Setting CVar [[r.DepthOfFieldQuality:2]]
[2020.01.31-19.52.27:450][  0]LogConfig: Setting CVar [[r.RenderTargetPoolMin:400]]
[2020.01.31-19.52.27:450][  0]LogConfig: Setting CVar [[r.LensFlareQuality:2]]
[2020.01.31-19.52.27:450][  0]LogConfig: Setting CVar [[r.SceneColorFringeQuality:1]]
[2020.01.31-19.52.27:451][  0]LogConfig: Setting CVar [[r.EyeAdaptationQuality:2]]
[2020.01.31-19.52.27:451][  0]LogConfig: Setting CVar [[r.BloomQuality:5]]
[2020.01.31-19.52.27:451][  0]LogConfig: Setting CVar [[r.FastBlurThreshold:100]]
[2020.01.31-19.52.27:451][  0]LogConfig: Setting CVar [[r.Upscale.Quality:3]]
[2020.01.31-19.52.27:451][  0]LogConfig: Setting CVar [[r.Tonemapper.GrainQuantization:1]]
[2020.01.31-19.52.27:451][  0]LogConfig: Setting CVar [[r.LightShaftQuality:1]]
[2020.01.31-19.52.27:451][  0]LogConfig: Setting CVar [[r.Filter.SizeScale:1]]
[2020.01.31-19.52.27:451][  0]LogConfig: Setting CVar [[r.Tonemapper.Quality:5]]
[2020.01.31-19.52.27:451][  0]LogConfig: Setting CVar [[r.DOF.Gather.AccumulatorQuality:1        ; higher gathering accumulator quality]]
[2020.01.31-19.52.27:451][  0]LogConfig: Setting CVar [[r.DOF.Gather.PostfilterMethod:1          ; Median3x3 postfilering method]]
[2020.01.31-19.52.27:451][  0]LogConfig: Setting CVar [[r.DOF.Gather.EnableBokehSettings:0       ; no bokeh simulation when gathering]]
[2020.01.31-19.52.27:451][  0]LogConfig: Setting CVar [[r.DOF.Gather.RingCount:4                 ; medium number of samples when gathering]]
[2020.01.31-19.52.27:451][  0]LogConfig: Setting CVar [[r.DOF.Scatter.ForegroundCompositing:1    ; additive foreground scattering]]
[2020.01.31-19.52.27:451][  0]LogConfig: Setting CVar [[r.DOF.Scatter.BackgroundCompositing:2    ; additive background scattering]]
[2020.01.31-19.52.27:451][  0]LogConfig: Setting CVar [[r.DOF.Scatter.EnableBokehSettings:1      ; bokeh simulation when scattering]]
[2020.01.31-19.52.27:451][  0]LogConfig: Setting CVar [[r.DOF.Scatter.MaxSpriteRatio:0.1         ; only a maximum of 10% of scattered bokeh]]
[2020.01.31-19.52.27:451][  0]LogConfig: Setting CVar [[r.DOF.Recombine.Quality:1                ; cheap slight out of focus]]
[2020.01.31-19.52.27:452][  0]LogConfig: Setting CVar [[r.DOF.Recombine.EnableBokehSettings:0    ; no bokeh simulation on slight out of focus]]
[2020.01.31-19.52.27:452][  0]LogConfig: Setting CVar [[r.DOF.TemporalAAQuality:1                ; more stable temporal accumulation]]
[2020.01.31-19.52.27:452][  0]LogConfig: Setting CVar [[r.DOF.Kernel.MaxForegroundRadius:0.025]]
[2020.01.31-19.52.27:452][  0]LogConfig: Setting CVar [[r.DOF.Kernel.MaxBackgroundRadius:0.025]]
[2020.01.31-19.52.27:452][  0]LogConfig: Applying CVar settings from Section [TextureQuality@3] File [C:/Users/w017177h/Documents/GGJ2020/Global-Game-Jam-2020/GGJ20/Saved/Config/Windows/Scalability.ini]
[2020.01.31-19.52.27:452][  0]LogConfig: Setting CVar [[r.Streaming.MipBias:0]]
[2020.01.31-19.52.27:452][  0]LogConfig: Setting CVar [[r.Streaming.AmortizeCPUToGPUCopy:0]]
[2020.01.31-19.52.27:452][  0]LogConfig: Setting CVar [[r.Streaming.MaxNumTexturesToStreamPerFrame:0]]
[2020.01.31-19.52.27:452][  0]LogConfig: Setting CVar [[r.Streaming.Boost:1]]
[2020.01.31-19.52.27:452][  0]LogConfig: Setting CVar [[r.MaxAnisotropy:8]]
[2020.01.31-19.52.27:452][  0]LogConfig: Setting CVar [[r.Streaming.LimitPoolSizeToVRAM:0]]
[2020.01.31-19.52.27:452][  0]LogConfig: Setting CVar [[r.Streaming.PoolSize:1000]]
[2020.01.31-19.52.27:452][  0]LogConfig: Setting CVar [[r.Streaming.MaxEffectiveScreenSize:0]]
[2020.01.31-19.52.27:452][  0]LogConfig: Applying CVar settings from Section [EffectsQuality@3] File [C:/Users/w017177h/Documents/GGJ2020/Global-Game-Jam-2020/GGJ20/Saved/Config/Windows/Scalability.ini]
[2020.01.31-19.52.27:452][  0]LogConfig: Setting CVar [[r.TranslucencyLightingVolumeDim:64]]
[2020.01.31-19.52.27:452][  0]LogConfig: Setting CVar [[r.RefractionQuality:2]]
[2020.01.31-19.52.27:452][  0]LogConfig: Setting CVar [[r.SSR.Quality:3]]
[2020.01.31-19.52.27:452][  0]LogConfig: Setting CVar [[r.SceneColorFormat:4]]
[2020.01.31-19.52.27:453][  0]LogConfig: Setting CVar [[r.DetailMode:2]]
[2020.01.31-19.52.27:453][  0]LogConfig: Setting CVar [[r.TranslucencyVolumeBlur:1]]
[2020.01.31-19.52.27:453][  0]LogConfig: Setting CVar [[r.MaterialQualityLevel:1 ; High quality]]
[2020.01.31-19.52.27:453][  0]LogConfig: Setting CVar [[r.SSS.Scale:1]]
[2020.01.31-19.52.27:453][  0]LogConfig: Setting CVar [[r.SSS.SampleSet:2]]
[2020.01.31-19.52.27:453][  0]LogConfig: Setting CVar [[r.SSS.Quality:1]]
[2020.01.31-19.52.27:453][  0]LogConfig: Setting CVar [[r.SSS.HalfRes:1]]
[2020.01.31-19.52.27:453][  0]LogConfig: Setting CVar [[r.EmitterSpawnRateScale:1.0]]
[2020.01.31-19.52.27:453][  0]LogConfig: Setting CVar [[r.ParticleLightQuality:2]]
[2020.01.31-19.52.27:453][  0]LogConfig: Applying CVar settings from Section [FoliageQuality@3] File [C:/Users/w017177h/Documents/GGJ2020/Global-Game-Jam-2020/GGJ20/Saved/Config/Windows/Scalability.ini]
[2020.01.31-19.52.27:453][  0]LogConfig: Setting CVar [[foliage.DensityScale:1.0]]
[2020.01.31-19.52.27:453][  0]LogConfig: Setting CVar [[grass.DensityScale:1.0]]
[2020.01.31-19.52.27:453][  0]LogConfig: Applying CVar settings from Section [Startup] File [../../../Engine/Config/ConsoleVariables.ini]
[2020.01.31-19.52.27:453][  0]LogConfig: Setting CVar [[net.UseAdaptiveNetUpdateFrequency:0]]
[2020.01.31-19.52.27:454][  0]LogConfig: Setting CVar [[p.chaos.AllowCreatePhysxBodies:1]]
[2020.01.31-19.52.27:454][  0]LogConfig: Applying CVar settings from Section [ConsoleVariables] File [C:/Users/w017177h/Documents/GGJ2020/Global-Game-Jam-2020/GGJ20/Saved/Config/Windows/Engine.ini]
[2020.01.31-19.52.27:455][  0]LogInit: Computer: C117B-19
[2020.01.31-19.52.27:455][  0]LogInit: User: w017177h
[2020.01.31-19.52.27:455][  0]LogInit: CPU Page size=4096, Cores=4
[2020.01.31-19.52.27:455][  0]LogInit: High frequency timer resolution =10.000000 MHz
[2020.01.31-19.52.27:456][  0]LogMemory: Memory total: Physical=31.7GB (32GB approx)
[2020.01.31-19.52.27:456][  0]LogMemory: Platform Memory Stats for Windows
[2020.01.31-19.52.27:456][  0]LogMemory: Process Physical Memory: 96.51 MB used, 96.51 MB peak
[2020.01.31-19.52.27:456][  0]LogMemory: Process Virtual Memory: 90.54 MB used, 90.54 MB peak
[2020.01.31-19.52.27:456][  0]LogMemory: Physical Memory: 10029.52 MB used,  22458.21 MB free, 32487.73 MB total
[2020.01.31-19.52.27:456][  0]LogMemory: Virtual Memory: 4644.23 MB used,  134213080.00 MB free, 134217728.00 MB total
[2020.01.31-19.52.27:856][  0]LogDirectoryWatcher: Warning: Failed to begin reading directory changes for ../../../../../../Users/w017177h/Documents/GGJ2020/Global-Game-Jam-2020/GGJ20/Content/. Error: The system cannot find the file specified. (0x00000002)
[2020.01.31-19.52.27:856][  0]LogInit: Using OS detected language (en-US).
[2020.01.31-19.52.27:857][  0]LogInit: Using OS detected locale (en-GB).
[2020.01.31-19.52.27:859][  0]LogTextLocalizationManager: No specific localization for 'en-US' exists, so the 'en' localization will be used.
[2020.01.31-19.52.28:153][  0]LogInit: Setting process to per monitor DPI aware
[2020.01.31-19.52.28:280][  0]LogSlate: New Slate User Created.  User Index 0, Is Virtual User: 0
[2020.01.31-19.52.28:280][  0]LogSlate: Slate User Registered.  User Index 0, Is Virtual User: 0
[2020.01.31-19.52.30:664][  0]LogHMD: Failed to initialize OpenVR with code 110
[2020.01.31-19.52.30:664][  0]LogD3D11RHI: D3D11 adapters:
[2020.01.31-19.52.30:754][  0]LogD3D11RHI:    0. 'NVIDIA GeForce GTX 1070' (Feature Level 11_0)
[2020.01.31-19.52.30:754][  0]LogD3D11RHI:       8088/0/16243 MB DedicatedVideo/DedicatedSystem/SharedSystem, Outputs:2, VendorId:0x10de
[2020.01.31-19.52.30:761][  0]LogD3D11RHI:    1. 'Microsoft Basic Render Driver' (Feature Level 11_0)
[2020.01.31-19.52.30:761][  0]LogD3D11RHI:       0/0/16243 MB DedicatedVideo/DedicatedSystem/SharedSystem, Outputs:0, VendorId:0x1414
[2020.01.31-19.52.30:762][  0]LogD3D11RHI: Chosen D3D11 Adapter: 0
[2020.01.31-19.52.30:770][  0]LogD3D11RHI: Creating new Direct3DDevice
[2020.01.31-19.52.30:771][  0]LogD3D11RHI:     GPU DeviceId: 0x1b81 (for the marketing name, search the web for "GPU Device Id")
[2020.01.31-19.52.30:771][  0]LogWindows: EnumDisplayDevices:
[2020.01.31-19.52.30:771][  0]LogWindows:    0. 'NVIDIA GeForce GTX 1070' (P:1 D:1)
[2020.01.31-19.52.30:771][  0]LogWindows:    1. 'NVIDIA GeForce GTX 1070' (P:0 D:1)
[2020.01.31-19.52.30:772][  0]LogWindows:    2. 'NVIDIA GeForce GTX 1070' (P:0 D:0)
[2020.01.31-19.52.30:772][  0]LogWindows:    3. 'NVIDIA GeForce GTX 1070' (P:0 D:0)
[2020.01.31-19.52.30:772][  0]LogWindows: DebugString: FoundDriverCount:4 
[2020.01.31-19.52.30:773][  0]LogD3D11RHI:     Adapter Name: NVIDIA GeForce GTX 1070
[2020.01.31-19.52.30:773][  0]LogD3D11RHI:   Driver Version: 441.66 (internal:26.21.14.4166, unified:441.66)
[2020.01.31-19.52.30:773][  0]LogD3D11RHI:      Driver Date: 12-6-2019
[2020.01.31-19.52.30:773][  0]LogRHI: Texture pool is 5661 MB (70% of 8088 MB)
[2020.01.31-19.52.30:825][  0]LogD3D11RHI: Async texture creation enabled
[2020.01.31-19.52.30:833][  0]LogRendererCore: FGlobalReadBuffer::InitRHI
[2020.01.31-19.52.30:833][  0]LogRendererCore: FGlobalReadBuffer::InitRHI
[2020.01.31-19.52.30:834][  0]LogRendererCore: FGlobalReadBuffer::InitRHI
[2020.01.31-19.52.30:843][  0]LogD3D11RHI: GPU Timing Frequency: 1000.000000 (Debug: 2 1)
[2020.01.31-19.52.31:182][  0]LogTemp: Display: Module 'AllDesktopTargetPlatform' loaded TargetPlatform 'AllDesktop'
[2020.01.31-19.52.31:201][  0]LogTemp: Display: Module 'MacClientTargetPlatform' loaded TargetPlatform 'MacClient'
[2020.01.31-19.52.31:218][  0]LogTemp: Display: Module 'MacNoEditorTargetPlatform' loaded TargetPlatform 'MacNoEditor'
[2020.01.31-19.52.31:241][  0]LogTemp: Display: Module 'MacServerTargetPlatform' loaded TargetPlatform 'MacServer'
[2020.01.31-19.52.31:267][  0]LogTemp: Display: Module 'MacTargetPlatform' loaded TargetPlatform 'Mac'
[2020.01.31-19.52.31:285][  0]LogTemp: Display: Module 'WindowsClientTargetPlatform' loaded TargetPlatform 'WindowsClient'
[2020.01.31-19.52.31:310][  0]LogTemp: Display: Module 'WindowsNoEditorTargetPlatform' loaded TargetPlatform 'WindowsNoEditor'
[2020.01.31-19.52.31:329][  0]LogTemp: Display: Module 'WindowsServerTargetPlatform' loaded TargetPlatform 'WindowsServer'
[2020.01.31-19.52.31:342][  0]LogTemp: Display: Module 'WindowsTargetPlatform' loaded TargetPlatform 'Windows'
[2020.01.31-19.52.31:458][  0]LogTemp: Display: Module 'AndroidTargetPlatform' loaded TargetPlatform 'Android'
[2020.01.31-19.52.31:458][  0]LogTemp: Display: Module 'AndroidTargetPlatform' loaded TargetPlatform 'Android_ASTC'
[2020.01.31-19.52.31:458][  0]LogTemp: Display: Module 'AndroidTargetPlatform' loaded TargetPlatform 'Android_ATC'
[2020.01.31-19.52.31:458][  0]LogTemp: Display: Module 'AndroidTargetPlatform' loaded TargetPlatform 'Android_DXT'
[2020.01.31-19.52.31:458][  0]LogTemp: Display: Module 'AndroidTargetPlatform' loaded TargetPlatform 'Android_ETC1'
[2020.01.31-19.52.31:458][  0]LogTemp: Display: Module 'AndroidTargetPlatform' loaded TargetPlatform 'Android_ETC1a'
[2020.01.31-19.52.31:458][  0]LogTemp: Display: Module 'AndroidTargetPlatform' loaded TargetPlatform 'Android_ETC2'
[2020.01.31-19.52.31:458][  0]LogTemp: Display: Module 'AndroidTargetPlatform' loaded TargetPlatform 'Android_PVRTC'
[2020.01.31-19.52.31:458][  0]LogTemp: Display: Module 'AndroidTargetPlatform' loaded TargetPlatform 'AndroidClient'
[2020.01.31-19.52.31:459][  0]LogTemp: Display: Module 'AndroidTargetPlatform' loaded TargetPlatform 'Android_ASTCClient'
[2020.01.31-19.52.31:459][  0]LogTemp: Display: Module 'AndroidTargetPlatform' loaded TargetPlatform 'Android_ATCClient'
[2020.01.31-19.52.31:459][  0]LogTemp: Display: Module 'AndroidTargetPlatform' loaded TargetPlatform 'Android_DXTClient'
[2020.01.31-19.52.31:459][  0]LogTemp: Display: Module 'AndroidTargetPlatform' loaded TargetPlatform 'Android_ETC1Client'
[2020.01.31-19.52.31:459][  0]LogTemp: Display: Module 'AndroidTargetPlatform' loaded TargetPlatform 'Android_ETC1aClient'
[2020.01.31-19.52.31:459][  0]LogTemp: Display: Module 'AndroidTargetPlatform' loaded TargetPlatform 'Android_ETC2Client'
[2020.01.31-19.52.31:459][  0]LogTemp: Display: Module 'AndroidTargetPlatform' loaded TargetPlatform 'Android_PVRTCClient'
[2020.01.31-19.52.31:459][  0]LogTemp: Display: Module 'AndroidTargetPlatform' loaded TargetPlatform 'Android_Multi'
[2020.01.31-19.52.31:459][  0]LogTemp: Display: Module 'AndroidTargetPlatform' loaded TargetPlatform 'Android_MultiClient'
[2020.01.31-19.52.31:464][  0]LogTemp: Display: Module 'HTML5TargetPlatform' loaded TargetPlatform 'HTML5'
[2020.01.31-19.52.31:539][  0]LogTemp: Display: Module 'IOSTargetPlatform' loaded TargetPlatform 'IOSClient'
[2020.01.31-19.52.31:539][  0]LogTemp: Display: Module 'IOSTargetPlatform' loaded TargetPlatform 'IOS'
[2020.01.31-19.52.31:569][  0]LogTemp: Display: Module 'TVOSTargetPlatform' loaded TargetPlatform 'TVOSClient'
[2020.01.31-19.52.31:569][  0]LogTemp: Display: Module 'TVOSTargetPlatform' loaded TargetPlatform 'TVOS'
[2020.01.31-19.52.31:586][  0]LogTemp: Display: Module 'LinuxClientTargetPlatform' loaded TargetPlatform 'LinuxClient'
[2020.01.31-19.52.31:601][  0]LogTemp: Display: Module 'LinuxNoEditorTargetPlatform' loaded TargetPlatform 'LinuxNoEditor'
[2020.01.31-19.52.31:622][  0]LogTemp: Display: Module 'LinuxServerTargetPlatform' loaded TargetPlatform 'LinuxServer'
[2020.01.31-19.52.31:645][  0]LogTemp: Display: Module 'LinuxTargetPlatform' loaded TargetPlatform 'Linux'
[2020.01.31-19.52.31:703][  0]LogTemp: Display: Module 'LuminTargetPlatform' loaded TargetPlatform 'Lumin'
[2020.01.31-19.52.31:703][  0]LogTemp: Display: Module 'LuminTargetPlatform' loaded TargetPlatform 'LuminClient'
[2020.01.31-19.52.31:703][  0]LogTargetPlatformManager: Display: Building Assets For Windows
[2020.01.31-19.52.31:727][  0]LogAudioDebug: Display: Lib vorbis DLL was dynamically loaded.
[2020.01.31-19.52.31:890][  0]LogShaderCompilers: Guid format shader working directory is -29 characters bigger than the processId version (../../../../../../Users/w017177h/Documents/GGJ2020/Global-Game-Jam-2020/GGJ20/Intermediate/Shaders/WorkingDirectory/17576/).
[2020.01.31-19.52.31:890][  0]LogShaderCompilers: Cleaned the shader compiler working directory 'C:/Users/w017177h/AppData/Local/Temp/UnrealShaderWorkingDir/D91D6A534892218F1402568BE8899569/'.
[2020.01.31-19.52.31:893][  0]LogXGEController: Cleaning working directory: C:/Users/w017177h/AppData/Local/Temp/UnrealXGEWorkingDir/
[2020.01.31-19.52.31:894][  0]LogXGEController: Cannot use XGE Controller as Incredibuild is not installed on this machine.
[2020.01.31-19.52.31:894][  0]LogShaderCompilers: Cannot use XGE Shader Compiler as Incredibuild is not installed on this machine.
[2020.01.31-19.52.31:894][  0]LogShaderCompilers: Display: Using Local Shader Compiler.
[2020.01.31-19.52.34:080][  0]LogDerivedDataCache: Display: Max Cache Size: 512 MB
[2020.01.31-19.52.34:080][  0]LogDerivedDataCache: Display: Starting with empty Boot cache
[2020.01.31-19.52.34:080][  0]LogDerivedDataCache: FDerivedDataBackendGraph:  Pak pak cache file ../../../../../../Users/w017177h/Documents/GGJ2020/Global-Game-Jam-2020/GGJ20/DerivedDataCache/DDC.ddp not found, will not use a pak cache.
[2020.01.31-19.52.34:080][  0]LogDerivedDataCache: Unable to find inner node Pak for hierarchical cache Hierarchy.
[2020.01.31-19.52.34:080][  0]LogDerivedDataCache: FDerivedDataBackendGraph:  CompressedPak pak cache file ../../../../../../Users/w017177h/Documents/GGJ2020/Global-Game-Jam-2020/GGJ20/DerivedDataCache/Compressed.ddp not found, will not use a pak cache.
[2020.01.31-19.52.34:080][  0]LogDerivedDataCache: Unable to find inner node CompressedPak for hierarchical cache Hierarchy.
[2020.01.31-19.52.34:100][  0]LogDerivedDataCache: Display: Pak cache opened for reading ../../../Engine/DerivedDataCache/Compressed.ddp.
[2020.01.31-19.52.34:100][  0]LogDerivedDataCache: FDerivedDataBackendGraph:  EnterprisePak pak cache file ../../../Enterprise/DerivedDataCache/Compressed.ddp not found, will not use a pak cache.
[2020.01.31-19.52.34:100][  0]LogDerivedDataCache: Unable to find inner node EnterprisePak for hierarchical cache Hierarchy.
[2020.01.31-19.52.34:113][  0]LogDerivedDataCache: Using Local data cache path C:/Users/w017177h/AppData/Local/UnrealEngine/Common/DerivedDataCache: Writable
[2020.01.31-19.52.34:113][  0]LogDerivedDataCache: Shared data cache path not found in *engine.ini, will not use an Shared cache.
[2020.01.31-19.52.34:113][  0]LogDerivedDataCache: Unable to find inner node Shared for hierarchical cache Hierarchy.
[2020.01.31-19.52.34:140][  0]LogMaterial: Verifying Global Shaders for PCD3D_SM5
[2020.01.31-19.52.34:144][  0]LogSlate: Using FreeType 2.6.0
[2020.01.31-19.52.34:159][  0]LogSlate: SlateFontServices - WITH_FREETYPE: 1, WITH_HARFBUZZ: 1
[2020.01.31-19.52.34:394][  0]LogAssetRegistry: FAssetRegistry took 0.0394 seconds to start up
[2020.01.31-19.52.34:840][  0]LogInit: Selected Device Profile: [Windows]
[2020.01.31-19.52.35:180][  0]LogMeshReduction: Using QuadricMeshReduction for automatic static mesh reduction
[2020.01.31-19.52.35:180][  0]LogMeshReduction: Using SimplygonMeshReduction for automatic skeletal mesh reduction
[2020.01.31-19.52.35:180][  0]LogMeshReduction: Using ProxyLODMeshReduction for automatic mesh merging
[2020.01.31-19.52.35:180][  0]LogMeshReduction: No distributed automatic mesh merging module available
[2020.01.31-19.52.35:181][  0]LogMeshMerging: No distributed automatic mesh merging module available
[2020.01.31-19.52.35:237][  0]LogNetVersion: GGJ20 1.0.0, NetCL: 5660361, EngineNetVer: 10, GameNetVer: 0 (Checksum: 2452190960)
[2020.01.31-19.52.36:631][  0]LogPackageLocalizationCache: Processed 10 localized package path(s) for 1 prioritized culture(s) in 0.049493 seconds
[2020.01.31-19.52.36:639][  0]LogUObjectArray: 42205 objects as part of root set at end of initial load.
[2020.01.31-19.52.36:639][  0]LogUObjectAllocator: 7325032 out of 0 bytes used by permanent object pool.
[2020.01.31-19.52.36:639][  0]LogUObjectArray: CloseDisregardForGC: 0/0 objects in disregard for GC pool
[2020.01.31-19.52.39:387][  0]LogTcpMessaging: Initializing TcpMessaging bridge
[2020.01.31-19.52.39:406][  0]LogUdpMessaging: Initializing bridge on interface 0.0.0.0:0 to multicast group 230.0.0.1:6666.
[2020.01.31-19.52.39:617][  0]SourceControl: Source control is disabled
[2020.01.31-19.52.39:617][  0]SourceControl: Source control is disabled
[2020.01.31-19.52.39:626][  0]SourceControl: Source control is disabled
[2020.01.31-19.52.39:631][  0]SourceControl: Source control is disabled
[2020.01.31-19.52.39:862][  0]LogAndroidPermission: UAndroidPermissionCallbackProxy::GetInstance
[2020.01.31-19.52.40:018][  0]LogOcInput: OculusInput pre-init called
[2020.01.31-19.52.41:016][  0]LogEngine: Initializing Engine...
[2020.01.31-19.52.41:018][  0]LogHMD: Failed to initialize OpenVR with code 110
[2020.01.31-19.52.41:020][  0]LogStats: UGameplayTagsManager::InitializeManager -  0.001 s
[2020.01.31-19.52.41:586][  0]LogInit: Initializing FReadOnlyCVARCache
[2020.01.31-19.52.41:613][  0]LogAIModule: Creating AISystem for world Untitled
[2020.01.31-19.52.41:654][  0]LogInit: XAudio2 using 'Headset Earphone (Corsair VOID PRO USB Gaming Headset )' : 2 channels at 48 kHz using 16 bits per sample (channel mask 0x3)
[2020.01.31-19.52.41:687][  0]LogInit: FAudioDevice initialized.
[2020.01.31-19.52.41:688][  0]LogNetVersion: Set ProjectVersion to 1.0.0.0. Version Checksum will be recalculated on next use.
[2020.01.31-19.52.41:728][  0]LogDerivedDataCache: Saved boot cache 0.04s 73MB C:/Users/w017177h/AppData/Local/UnrealEngine/4.22/DerivedDataCache/Boot.ddc.
[2020.01.31-19.52.41:736][  0]LogInit: Texture streaming: Enabled
[2020.01.31-19.52.41:770][  0]LogEngineSessionManager: EngineSessionManager initialized
[2020.01.31-19.52.41:804][  0]LogInit: Transaction tracking system initialized
[2020.01.31-19.52.41:861][  0]BlueprintLog: New page: Editor Load
[2020.01.31-19.52.42:080][  0]LocalizationService: Localization service is disabled
[2020.01.31-19.52.42:687][  0]LogAutoReimportManager: Warning: Unable to watch directory ../../../../../../Users/w017177h/Documents/GGJ2020/Global-Game-Jam-2020/GGJ20/Content/ as it doesn't exist.
[2020.01.31-19.52.42:697][  0]LogCook: Display: Max memory allowance for cook 16384mb min free memory 0mb
[2020.01.31-19.52.42:697][  0]LogCook: Display: Mobile HDR setting 1
[2020.01.31-19.52.43:240][  0]SourceControl: Source control is disabled
[2020.01.31-19.52.43:240][  0]Cmd: MAP LOAD FILE="../../../Engine/Content/Maps/Templates/Template_Default.umap" TEMPLATE=1 SHOWPROGRESS=1 FEATURELEVEL=3
[2020.01.31-19.52.43:245][  0]LightingResults: New page: Lighting Build
[2020.01.31-19.52.43:253][  0]MapCheck: New page: Map Check
[2020.01.31-19.52.43:253][  0]LightingResults: New page: Lighting Build
[2020.01.31-19.52.43:286][  0]LogUObjectHash: Compacting FUObjectHashTables data took   1.59ms
[2020.01.31-19.52.43:495][  0]LogAIModule: Creating AISystem for world Untitled_1
[2020.01.31-19.52.43:520][  0]LogEditorServer: Finished looking for orphan Actors (0.000 secs)
[2020.01.31-19.52.43:552][  0]LogUObjectHash: Compacting FUObjectHashTables data took   1.86ms
[2020.01.31-19.52.43:552][  0]Cmd: MAP CHECKDEP NOCLEARLOG
[2020.01.31-19.52.43:552][  0]MapCheck: Map check complete: 0 Error(s), 0 Warning(s), took 0.312ms to complete.
[2020.01.31-19.52.43:553][  0]LogFileHelpers: Loading map 'Template_Default' took 0.313
[2020.01.31-19.52.43:717][  0]LogSlate: Updating window title bar state: overlay mode, drag disabled, window buttons hidden, title bar hidden
[2020.01.31-19.52.43:724][  0]LogSlate: Updating window title bar state: overlay mode, drag disabled, window buttons hidden, title bar hidden
[2020.01.31-19.52.43:732][  0]LogSlate: Updating window title bar state: overlay mode, drag disabled, window buttons hidden, title bar hidden
[2020.01.31-19.52.43:740][  0]LogSlate: Updating window title bar state: overlay mode, drag disabled, window buttons hidden, title bar hidden
[2020.01.31-19.52.43:758][  0]LogCollectionManager: Loaded 0 collections in 0.001998 seconds
[2020.01.31-19.52.43:815][  0]LogFileCache: Scanning file cache for directory 'C:/Users/w017177h/Documents/GGJ2020/Global-Game-Jam-2020/GGJ20/Saved/Collections/' took 0.01s
[2020.01.31-19.52.43:815][  0]LogFileCache: Scanning file cache for directory 'C:/Users/w017177h/Documents/GGJ2020/Global-Game-Jam-2020/GGJ20/Content/Developers/w017177h/Collections/' took 0.01s
[2020.01.31-19.52.43:816][  0]LogFileCache: Scanning file cache for directory 'C:/Users/w017177h/Documents/GGJ2020/Global-Game-Jam-2020/GGJ20/Content/Collections/' took 0.01s
[2020.01.31-19.52.43:816][  0]LogCollectionManager: Rebuilt the GUID cache for 0 collections in 0.000001 seconds
[2020.01.31-19.52.43:828][  0]LogContentBrowser: Native class hierarchy populated in 0.0114 seconds. Added 2734 classes and 662 folders.
[2020.01.31-19.52.43:840][  0]LogContentBrowser: Native class hierarchy updated for 'WidgetCarousel' in 0.0004 seconds. Added 0 classes and 0 folders.
[2020.01.31-19.52.43:848][  0]LogPakFile: Registered encryption key '00000000000000000000000000000000': 0 pak files mounted, 0 remain pending
[2020.01.31-19.52.43:855][  0]LogPakFile: Registered encryption key '00000000000000000000000000000000': 0 pak files mounted, 0 remain pending
[2020.01.31-19.52.43:869][  0]LogPakFile: Registered encryption key '00000000000000000000000000000000': 0 pak files mounted, 0 remain pending
[2020.01.31-19.52.43:875][  0]LogPakFile: Registered encryption key '00000000000000000000000000000000': 0 pak files mounted, 0 remain pending
[2020.01.31-19.52.43:881][  0]LogPakFile: Registered encryption key '00000000000000000000000000000000': 0 pak files mounted, 0 remain pending
[2020.01.31-19.52.43:887][  0]LogPakFile: Registered encryption key '00000000000000000000000000000000': 0 pak files mounted, 0 remain pending
[2020.01.31-19.52.43:893][  0]LogPakFile: Registered encryption key '00000000000000000000000000000000': 0 pak files mounted, 0 remain pending
[2020.01.31-19.52.43:899][  0]LogPakFile: Registered encryption key '00000000000000000000000000000000': 0 pak files mounted, 0 remain pending
[2020.01.31-19.52.43:905][  0]LogPakFile: Registered encryption key '00000000000000000000000000000000': 0 pak files mounted, 0 remain pending
[2020.01.31-19.52.43:912][  0]LogPakFile: Registered encryption key '00000000000000000000000000000000': 0 pak files mounted, 0 remain pending
[2020.01.31-19.52.43:918][  0]LogPakFile: Registered encryption key '00000000000000000000000000000000': 0 pak files mounted, 0 remain pending
[2020.01.31-19.52.43:924][  0]LogPakFile: Registered encryption key '00000000000000000000000000000000': 0 pak files mounted, 0 remain pending
[2020.01.31-19.52.43:930][  0]LogPakFile: Registered encryption key '00000000000000000000000000000000': 0 pak files mounted, 0 remain pending
[2020.01.31-19.52.43:936][  0]LogPakFile: Registered encryption key '00000000000000000000000000000000': 0 pak files mounted, 0 remain pending
[2020.01.31-19.52.43:942][  0]LogPakFile: Registered encryption key '00000000000000000000000000000000': 0 pak files mounted, 0 remain pending
[2020.01.31-19.52.43:947][  0]LogPakFile: Registered encryption key '00000000000000000000000000000000': 0 pak files mounted, 0 remain pending
[2020.01.31-19.52.43:975][  0]LogPakFile: Registered encryption key '00000000000000000000000000000000': 0 pak files mounted, 0 remain pending
[2020.01.31-19.52.43:981][  0]LogPakFile: Registered encryption key '00000000000000000000000000000000': 0 pak files mounted, 0 remain pending
[2020.01.31-19.52.43:986][  0]LogPakFile: Registered encryption key '00000000000000000000000000000000': 0 pak files mounted, 0 remain pending
[2020.01.31-19.52.43:992][  0]LogPakFile: Registered encryption key '00000000000000000000000000000000': 0 pak files mounted, 0 remain pending
[2020.01.31-19.52.43:999][  0]LogPakFile: Registered encryption key '00000000000000000000000000000000': 0 pak files mounted, 0 remain pending
[2020.01.31-19.52.44:006][  0]LogPakFile: Registered encryption key '00000000000000000000000000000000': 0 pak files mounted, 0 remain pending
[2020.01.31-19.52.44:013][  0]LogPakFile: Registered encryption key '00000000000000000000000000000000': 0 pak files mounted, 0 remain pending
[2020.01.31-19.52.44:019][  0]LogPakFile: Registered encryption key '00000000000000000000000000000000': 0 pak files mounted, 0 remain pending
[2020.01.31-19.52.44:026][  0]LogPakFile: Registered encryption key '00000000000000000000000000000000': 0 pak files mounted, 0 remain pending
[2020.01.31-19.52.44:033][  0]LogPakFile: Registered encryption key '00000000000000000000000000000000': 0 pak files mounted, 0 remain pending
[2020.01.31-19.52.44:189][  0]LogContentBrowser: Native class hierarchy updated for 'AddContentDialog' in 0.0004 seconds. Added 0 classes and 0 folders.
[2020.01.31-19.52.44:203][  0]LogContentBrowser: Native class hierarchy updated for 'SceneOutliner' in 0.0004 seconds. Added 1 classes and 2 folders.
[2020.01.31-19.52.44:258][  0]LogSlate: Took 0.007148 seconds to synchronously load lazily loaded font '../../../Engine/Content/Slate/Fonts/Roboto-Regular.ttf' (155K)
[2020.01.31-19.52.44:266][  0]LogSlate: Took 0.005948 seconds to synchronously load lazily loaded font '../../../Engine/Content/Slate/Fonts/Roboto-Bold.ttf' (160K)
[2020.01.31-19.52.44:277][  0]LogSlate: Took 0.006839 seconds to synchronously load lazily loaded font '../../../Engine/Content/Editor/Slate/Fonts/FontAwesome.ttf' (139K)
[2020.01.31-19.52.44:413][  0]LogRenderer: Reallocating scene render targets to support 1208x572 Format 10 NumSamples 1 (Frame:1).
[2020.01.31-19.52.44:476][  0]LogSlate: Took 0.005846 seconds to synchronously load lazily loaded font '../../../Engine/Content/Slate/Fonts/Roboto-Light.ttf' (167K)
[2020.01.31-19.52.44:526][  0]LogSlate: FSceneViewport::OnFocusLost() reason 2
[2020.01.31-19.52.44:571][  0]LogSlate: Window 'Tutorials' being destroyed
[2020.01.31-19.52.44:613][  0]LogContentBrowser: Native class hierarchy updated for 'HierarchicalLODOutliner' in 0.0005 seconds. Added 0 classes and 0 folders.
[2020.01.31-19.52.44:613][  0]LogLoad: (Engine Initialization) Total time: 20.25 seconds
[2020.01.31-19.52.44:613][  0]LogLoad: (Engine Initialization) Total Blueprint compile time: 0.00 seconds
[2020.01.31-19.52.44:649][  0]LogAssetRegistry: Asset discovery search completed in 10.2791 seconds
[2020.01.31-19.52.44:652][  0]LogCollectionManager: Rebuilt the object cache for 0 collections in 0.000001 seconds (found 0 objects)
[2020.01.31-19.52.44:652][  0]LogCollectionManager: Fixed up redirectors for 0 collections in 0.000172 seconds (updated 0 objects)
[2020.01.31-19.52.44:655][  0]LogContentStreaming: Texture pool size now 1000 MB
[2020.01.31-19.54.07:623][310]LogSlate: FSceneViewport::OnFocusLost() reason 0
[2020.01.31-19.54.07:751][325]LogSlate: Took 0.000166 seconds to synchronously load lazily loaded font '../../../Engine/Content/Slate/Fonts/Roboto-Light.ttf' (167K)
[2020.01.31-19.54.07:760][325]LogAssetEditorManager: Opening Asset editor for Class /Script/GGJ20.BasePlayer
[2020.01.31-19.54.08:363][325]LogVSAccessor: Warning: Couldn't goto line number '1' in 'C:/Users/w017177h/Documents/GGJ2020/Global-Game-Jam-2020/GGJ20/Source/GGJ20/Public/BasePlayer.h'
[2020.01.31-19.54.13:532][742]LogSlate: Took 0.005633 seconds to synchronously load lazily loaded font '../../../Engine/Content/Slate/Fonts/Roboto-BoldCondensed.ttf' (158K)
[2020.01.31-19.54.14:975][912]LogAssetEditorManager: Opening Asset editor for Blueprint /Game/MyBasePlayer.MyBasePlayer
[2020.01.31-19.54.15:335][912]LogContentBrowser: Native class hierarchy updated for 'BlueprintGraph' in 0.0007 seconds. Added 121 classes and 0 folders.
[2020.01.31-19.54.16:253][912]LogSlate: Window 'Add Blueprint Class' being destroyed
[2020.01.31-19.54.20:499][293]LogSlate: Window 'MyBasePlayer' being destroyed
[2020.01.31-19.54.24:419][749]LogAssetEditorManager: Opening Asset editor for Blueprint /Game/MyBasePlayer.MyBasePlayer
[2020.01.31-19.54.28:432][149]LogSlate: Window 'MyBasePlayer' being destroyed
[2020.01.31-19.54.28:505][149]LogAssetEditorManager: Opening Asset editor for Blueprint /Game/MyBasePlayer.MyBasePlayer
[2020.01.31-19.54.29:582][204]LogSlate: Took 0.004738 seconds to synchronously load lazily loaded font '../../../Engine/Content/Slate/Fonts/Roboto-Italic.ttf' (157K)
[2020.01.31-19.54.39:694][176]LogSlate: Window 'MyBasePlayer' being destroyed
[2020.01.31-19.54.41:576][387]LogUObjectHash: Compacting FUObjectHashTables data took   3.29ms
[2020.01.31-19.54.43:022][387]LogSlate: Window 'Delete Assets' being destroyed
[2020.01.31-19.54.43:092][387]LogUObjectHash: Compacting FUObjectHashTables data took   2.07ms
[2020.01.31-20.01.21:526][188]LogSlate: Window 'Add C++ Class' being destroyed
[2020.01.31-20.01.53:527][972]Candidate modules for hot reload:
[2020.01.31-20.01.53:528][972]  GGJ20
[2020.01.31-20.01.53:528][972]Launching UnrealBuildTool... [C:/Epic/UE4/UE_4.22/Engine/Binaries/DotNET/UnrealBuildTool.exe  -ModuleWithSuffix=GGJ20,5271 Win64 Development -TargetType=Editor -Project="C:/Users/w017177h/Documents/GGJ2020/Global-Game-Jam-2020/GGJ20/GGJ20.uproject" "C:/Users/w017177h/Documents/GGJ2020/Global-Game-Jam-2020/GGJ20/GGJ20.uproject"  -IgnoreJunk]
[2020.01.31-20.02.06:006][972]CompilerResultsLog: New page: Compilation - 31 Jan 2020 20:02:06
[2020.01.31-20.02.06:006][972]CompilerResultsLog: Using 'git status' to determine working set for adaptive non-unity build (C:\Users\w017177h\Documents\GGJ2020\Global-Game-Jam-2020).
[2020.01.31-20.02.06:007][972]CompilerResultsLog: Creating makefile for GGJ20Editor (ini files are newer than makefile)
[2020.01.31-20.02.06:007][972]CompilerResultsLog: Parsing headers for GGJ20Editor
[2020.01.31-20.02.06:007][972]CompilerResultsLog:   Running UnrealHeaderTool "C:\Users\w017177h\Documents\GGJ2020\Global-Game-Jam-2020\GGJ20\GGJ20.uproject" "C:\Users\w017177h\Documents\GGJ2020\Global-Game-Jam-2020\GGJ20\Intermediate\Build\Win64\GGJ20Editor\Development\GGJ20Editor.uhtmanifest" -LogCmds="loginit warning, logexit warning, logdatabase error" -Unattended -WarningsAsErrors -installed
[2020.01.31-20.02.06:007][972]CompilerResultsLog: Reflection code generated for GGJ20Editor in 6.0106799 seconds
[2020.01.31-20.02.06:007][972]CompilerResultsLog: Failed to delete file 'C:\Users\w017177h\Documents\GGJ2020\Global-Game-Jam-2020\GGJ20\Binaries\Win64\UE4Editor-GGJ20.pdb'
[2020.01.31-20.02.06:007][972]CompilerResultsLog:     Exception: Access to the path 'C:\Users\w017177h\Documents\GGJ2020\Global-Game-Jam-2020\GGJ20\Binaries\Win64\UE4Editor-GGJ20.pdb' is denied.
[2020.01.31-20.02.06:007][972]CompilerResultsLog: Attempting to retry...
[2020.01.31-20.02.06:007][972]CompilerResultsLog: Failed to delete file 'C:\Users\w017177h\Documents\GGJ2020\Global-Game-Jam-2020\GGJ20\Binaries\Win64\UE4Editor-GGJ20.pdb'
[2020.01.31-20.02.06:007][972]CompilerResultsLog:     Exception: The process cannot access the file 'C:\Users\w017177h\Documents\GGJ2020\Global-Game-Jam-2020\GGJ20\Binaries\Win64\UE4Editor-GGJ20.pdb' because it is being used by another process.
[2020.01.31-20.02.06:007][972]CompilerResultsLog: Attempting to retry...
[2020.01.31-20.02.06:008][972]CompilerResultsLog: Failed to delete file 'C:\Users\w017177h\Documents\GGJ2020\Global-Game-Jam-2020\GGJ20\Binaries\Win64\UE4Editor-GGJ20.pdb'
[2020.01.31-20.02.06:008][972]CompilerResultsLog:     Exception: Access to the path 'C:\Users\w017177h\Documents\GGJ2020\Global-Game-Jam-2020\GGJ20\Binaries\Win64\UE4Editor-GGJ20.pdb' is denied.
[2020.01.31-20.02.06:008][972]CompilerResultsLog: ERROR: Exhausted all retries!
[2020.01.31-20.02.06:008][972]CompilerResultsLog: Using Visual Studio 2019 14.20.27508 toolchain (C:\Program Files (x86)\Microsoft Visual Studio\2019\Professional\VC\Tools\MSVC\14.20.27508) and Windows 10.0.17763.0 SDK (C:\Program Files (x86)\Windows Kits\10).
[2020.01.31-20.02.06:008][972]CompilerResultsLog: Building 6 actions with 8 processes...
[2020.01.31-20.02.06:008][972]CompilerResultsLog:   [1/6] IRepairableBase.cpp
[2020.01.31-20.02.06:008][972]CompilerResultsLog:   [2/6] GGJ20.init.gen.cpp
[2020.01.31-20.02.06:008][972]CompilerResultsLog:   [3/6] IRepairableBase.gen.cpp
[2020.01.31-20.02.06:008][972]CompilerResultsLog:   [4/6] UE4Editor-GGJ20-5271.lib
[2020.01.31-20.02.06:009][972]CompilerResultsLog:      Creating library C:\Users\w017177h\Documents\GGJ2020\Global-Game-Jam-2020\GGJ20\Intermediate\Build\Win64\UE4Editor\Development\GGJ20\UE4Editor-GGJ20-5271.lib and object C:\Users\w017177h\Documents\GGJ2020\Global-Game-Jam-2020\GGJ20\Intermediate\Build\Win64\UE4Editor\Development\GGJ20\UE4Editor-GGJ20-5271.exp
[2020.01.31-20.02.06:009][972]CompilerResultsLog:   [5/6] UE4Editor-GGJ20-5271.dll
[2020.01.31-20.02.06:009][972]CompilerResultsLog:      Creating library C:\Users\w017177h\Documents\GGJ2020\Global-Game-Jam-2020\GGJ20\Intermediate\Build\Win64\UE4Editor\Development\GGJ20\UE4Editor-GGJ20-5271.suppressed.lib and object C:\Users\w017177h\Documents\GGJ2020\Global-Game-Jam-2020\GGJ20\Intermediate\Build\Win64\UE4Editor\Development\GGJ20\UE4Editor-GGJ20-5271.suppressed.exp
[2020.01.31-20.02.06:009][972]CompilerResultsLog:   [6/6] GGJ20Editor.target
[2020.01.31-20.02.06:009][972]CompilerResultsLog: Total time in Parallel executor: 2.23 seconds
[2020.01.31-20.02.06:009][972]CompilerResultsLog: Total execution time: 12.39 seconds
[2020.01.31-20.02.06:009][972]LogMainFrame: MainFrame: Module compiling took 12.485 seconds
[2020.01.31-20.02.06:045][972]LogUObjectHash: Compacting FUObjectHashTables data took   1.03ms
[2020.01.31-20.02.06:046][972]LogBlueprintActionDatabase: Requesting refresh due to module change: GGJ20 (unloaded)
[2020.01.31-20.02.06:081][972]LogClass: Could not find existing class IRepairableBase in package /Script/GGJ20 for HotReload, assuming new class
[2020.01.31-20.02.06:087][972]LogBlueprintActionDatabase: Requesting refresh due to module change: GGJ20 (loaded)
[2020.01.31-20.02.06:088][972]LogContentBrowser: Native class hierarchy updated for 'GGJ20' in 0.0005 seconds. Added 3 classes and 3 folders.
[2020.01.31-20.02.06:092][972]Display: HotReload successful (0 functions remapped  0 scriptstructs remapped)
[2020.01.31-20.02.06:250][972]LogUObjectHash: Compacting FUObjectHashTables data took   1.77ms
[2020.01.31-20.02.06:250][972]LogBlueprintActionDatabase: Requesting refresh due to hot reload
[2020.01.31-20.02.06:268][972]LogContentBrowser: Native class hierarchy populated in 0.0094 seconds. Added 2736 classes and 664 folders.
[2020.01.31-20.02.06:268][972]Display: HotReload took 12.8s.
[2020.01.31-20.02.06:270][972]Warning: HotReload operation took 12.8s.
[2020.01.31-20.02.06:457][972]LogVSAccessor: Warning: Couldn't goto line number '1' in 'C:/Users/w017177h/Documents/GGJ2020/Global-Game-Jam-2020/GGJ20/Source/GGJ20/Public/IRepairableBase.h'
[2020.01.31-20.02.06:839][972]LogVSAccessor: Warning: Couldn't goto line number '1' in 'C:/Users/w017177h/Documents/GGJ2020/Global-Game-Jam-2020/GGJ20/Source/GGJ20/Private/IRepairableBase.cpp'
[2020.01.31-20.02.06:843][972]LogSlate: Window 'Add C++ Class' being destroyed
[2020.01.31-20.02.07:163][972]LogHotReload: New module detected: UE4Editor-GGJ20-5271.dll
[2020.01.31-20.02.07:203][973]LogHotReload: Starting Hot-Reload from IDE
[2020.01.31-20.02.07:298][973]LogUObjectHash: Compacting FUObjectHashTables data took   5.02ms
[2020.01.31-20.02.07:298][973]LogBlueprintActionDatabase: Requesting refresh due to module change: GGJ20 (unloaded)
[2020.01.31-20.02.07:304][973]LogBlueprintActionDatabase: Requesting refresh due to module change: GGJ20 (loaded)
[2020.01.31-20.02.07:304][973]LogContentBrowser: Native class hierarchy updated for 'GGJ20' in 0.0005 seconds. Added 3 classes and 3 folders.
[2020.01.31-20.02.07:310][973]Display: HotReload successful (0 functions remapped  0 scriptstructs remapped)
[2020.01.31-20.02.07:364][973]LogUObjectHash: Compacting FUObjectHashTables data took   2.19ms
[2020.01.31-20.02.07:364][973]LogBlueprintActionDatabase: Requesting refresh due to hot reload
[2020.01.31-20.02.07:380][973]LogContentBrowser: Native class hierarchy populated in 0.0089 seconds. Added 2736 classes and 664 folders.
[2020.01.31-20.02.07:382][973]Display: HotReload took  0.2s.
[2020.01.31-20.02.32:654][  2]Candidate modules for hot reload:
[2020.01.31-20.02.32:654][  2]  GGJ20
[2020.01.31-20.02.32:654][  2]Launching UnrealBuildTool... [C:/Epic/UE4/UE_4.22/Engine/Binaries/DotNET/UnrealBuildTool.exe  -ModuleWithSuffix=GGJ20,3398 Win64 Development -TargetType=Editor -Project="C:/Users/w017177h/Documents/GGJ2020/Global-Game-Jam-2020/GGJ20/GGJ20.uproject" "C:/Users/w017177h/Documents/GGJ2020/Global-Game-Jam-2020/GGJ20/GGJ20.uproject"  -IgnoreJunk]
[2020.01.31-20.02.43:017][  2]CompilerResultsLog: New page: Compilation - 31 Jan 2020 20:02:43
[2020.01.31-20.02.43:017][  2]CompilerResultsLog: Using 'git status' to determine working set for adaptive non-unity build (C:\Users\w017177h\Documents\GGJ2020\Global-Game-Jam-2020).
[2020.01.31-20.02.43:017][  2]CompilerResultsLog: Parsing headers for GGJ20Editor
[2020.01.31-20.02.43:017][  2]CompilerResultsLog:   Running UnrealHeaderTool "C:\Users\w017177h\Documents\GGJ2020\Global-Game-Jam-2020\GGJ20\GGJ20.uproject" "C:\Users\w017177h\Documents\GGJ2020\Global-Game-Jam-2020\GGJ20\Intermediate\Build\Win64\GGJ20Editor\Development\GGJ20Editor.uhtmanifest" -LogCmds="loginit warning, logexit warning, logdatabase error" -Unattended -WarningsAsErrors -installed
[2020.01.31-20.02.43:018][  2]CompilerResultsLog: Reflection code generated for GGJ20Editor in 5.8048055 seconds
[2020.01.31-20.02.43:018][  2]CompilerResultsLog: Failed to delete file 'C:\Users\w017177h\Documents\GGJ2020\Global-Game-Jam-2020\GGJ20\Binaries\Win64\UE4Editor-GGJ20.pdb'
[2020.01.31-20.02.43:018][  2]CompilerResultsLog:     Exception: Access to the path 'C:\Users\w017177h\Documents\GGJ2020\Global-Game-Jam-2020\GGJ20\Binaries\Win64\UE4Editor-GGJ20.pdb' is denied.
[2020.01.31-20.02.43:018][  2]CompilerResultsLog: Attempting to retry...
[2020.01.31-20.02.43:018][  2]CompilerResultsLog: Failed to delete file 'C:\Users\w017177h\Documents\GGJ2020\Global-Game-Jam-2020\GGJ20\Binaries\Win64\UE4Editor-GGJ20.pdb'
[2020.01.31-20.02.43:018][  2]CompilerResultsLog:     Exception: Access to the path 'C:\Users\w017177h\Documents\GGJ2020\Global-Game-Jam-2020\GGJ20\Binaries\Win64\UE4Editor-GGJ20.pdb' is denied.
[2020.01.31-20.02.43:018][  2]CompilerResultsLog: Attempting to retry...
[2020.01.31-20.02.43:018][  2]CompilerResultsLog: Failed to delete file 'C:\Users\w017177h\Documents\GGJ2020\Global-Game-Jam-2020\GGJ20\Binaries\Win64\UE4Editor-GGJ20.pdb'
[2020.01.31-20.02.43:018][  2]CompilerResultsLog:     Exception: Access to the path 'C:\Users\w017177h\Documents\GGJ2020\Global-Game-Jam-2020\GGJ20\Binaries\Win64\UE4Editor-GGJ20.pdb' is denied.
[2020.01.31-20.02.43:018][  2]CompilerResultsLog: ERROR: Exhausted all retries!
[2020.01.31-20.02.43:018][  2]CompilerResultsLog: Using Visual Studio 2019 14.20.27508 toolchain (C:\Program Files (x86)\Microsoft Visual Studio\2019\Professional\VC\Tools\MSVC\14.20.27508) and Windows 10.0.17763.0 SDK (C:\Program Files (x86)\Windows Kits\10).
[2020.01.31-20.02.43:019][  2]CompilerResultsLog: Building 3 actions with 8 processes...
[2020.01.31-20.02.43:019][  2]CompilerResultsLog:   [1/3] UE4Editor-GGJ20-3398.lib
[2020.01.31-20.02.43:019][  2]CompilerResultsLog:      Creating library C:\Users\w017177h\Documents\GGJ2020\Global-Game-Jam-2020\GGJ20\Intermediate\Build\Win64\UE4Editor\Development\GGJ20\UE4Editor-GGJ20-3398.lib and object C:\Users\w017177h\Documents\GGJ2020\Global-Game-Jam-2020\GGJ20\Intermediate\Build\Win64\UE4Editor\Development\GGJ20\UE4Editor-GGJ20-3398.exp
[2020.01.31-20.02.43:019][  2]CompilerResultsLog:   [2/3] UE4Editor-GGJ20-3398.dll
[2020.01.31-20.02.43:019][  2]CompilerResultsLog:      Creating library C:\Users\w017177h\Documents\GGJ2020\Global-Game-Jam-2020\GGJ20\Intermediate\Build\Win64\UE4Editor\Development\GGJ20\UE4Editor-GGJ20-3398.suppressed.lib and object C:\Users\w017177h\Documents\GGJ2020\Global-Game-Jam-2020\GGJ20\Intermediate\Build\Win64\UE4Editor\Development\GGJ20\UE4Editor-GGJ20-3398.suppressed.exp
[2020.01.31-20.02.43:019][  2]CompilerResultsLog:   [3/3] GGJ20Editor.target
[2020.01.31-20.02.43:019][  2]CompilerResultsLog: Total time in Parallel executor: 1.39 seconds
[2020.01.31-20.02.43:019][  2]CompilerResultsLog: Total execution time: 10.28 seconds
[2020.01.31-20.02.43:019][  2]LogMainFrame: MainFrame: Module compiling took 10.368 seconds
[2020.01.31-20.02.43:091][  2]LogUObjectHash: Compacting FUObjectHashTables data took   4.79ms
[2020.01.31-20.02.43:091][  2]LogBlueprintActionDatabase: Requesting refresh due to module change: GGJ20 (unloaded)
[2020.01.31-20.02.43:128][  2]LogBlueprintActionDatabase: Requesting refresh due to module change: GGJ20 (loaded)
[2020.01.31-20.02.43:129][  2]LogContentBrowser: Native class hierarchy updated for 'GGJ20' in 0.0005 seconds. Added 3 classes and 3 folders.
[2020.01.31-20.02.43:134][  2]Display: HotReload successful (0 functions remapped  0 scriptstructs remapped)
[2020.01.31-20.02.43:212][  2]LogUObjectHash: Compacting FUObjectHashTables data took   2.10ms
[2020.01.31-20.02.43:213][  2]LogBlueprintActionDatabase: Requesting refresh due to hot reload
[2020.01.31-20.02.43:230][  2]LogContentBrowser: Native class hierarchy populated in 0.0093 seconds. Added 2736 classes and 664 folders.
[2020.01.31-20.02.43:230][  2]Display: HotReload took 10.6s.
[2020.01.31-20.02.43:231][  2]Warning: HotReload operation took 10.6s.
[2020.01.31-20.02.44:082][  2]LogVSAccessor: Warning: Couldn't goto line number '1' in 'C:/Users/w017177h/Documents/GGJ2020/Global-Game-Jam-2020/GGJ20/Source/GGJ20/Private/ILightControllerBase.cpp'
[2020.01.31-20.02.44:084][  2]LogSlate: Window 'Add C++ Class' being destroyed
[2020.01.31-20.02.44:394][  2]LogHotReload: New module detected: UE4Editor-GGJ20-3398.dll
[2020.01.31-20.02.44:428][  3]LogHotReload: Starting Hot-Reload from IDE
[2020.01.31-20.02.44:523][  3]LogUObjectHash: Compacting FUObjectHashTables data took   3.28ms
[2020.01.31-20.02.44:524][  3]LogBlueprintActionDatabase: Requesting refresh due to module change: GGJ20 (unloaded)
[2020.01.31-20.02.44:529][  3]LogBlueprintActionDatabase: Requesting refresh due to module change: GGJ20 (loaded)
[2020.01.31-20.02.44:530][  3]LogContentBrowser: Native class hierarchy updated for 'GGJ20' in 0.0006 seconds. Added 3 classes and 3 folders.
[2020.01.31-20.02.44:535][  3]Display: HotReload successful (0 functions remapped  0 scriptstructs remapped)
[2020.01.31-20.02.44:582][  3]LogUObjectHash: Compacting FUObjectHashTables data took   1.62ms
[2020.01.31-20.02.44:582][  3]LogBlueprintActionDatabase: Requesting refresh due to hot reload
[2020.01.31-20.02.44:602][  3]LogContentBrowser: Native class hierarchy populated in 0.0108 seconds. Added 2736 classes and 664 folders.
[2020.01.31-20.02.44:605][  3]Display: HotReload took  0.2s.
