Log file open, 01/31/20 23:38:08
LogWindows: Failed to load 'aqProf.dll' (GetLastError=126)
LogWindows: File 'aqProf.dll' does not exist
LogWindows: Failed to load 'VtuneApi.dll' (GetLastError=126)
LogWindows: File 'VtuneApi.dll' does not exist
LogWindows: Failed to load 'VtuneApi32e.dll' (GetLastError=126)
LogWindows: File 'VtuneApi32e.dll' does not exist
LogConsoleResponse: Display: Failed to find resolution value strings in scalability ini. Falling back to default.
LogInit: Display: Running engine for game: GGJ20
LogPakFile: Registered encryption key '00000000000000000000000000000000': 0 pak files mounted, 0 remain pending
LogPlatformFile: Not using cached read wrapper
LogTaskGraph: Started task graph with 5 named threads and 23 total threads with 3 sets of task threads.
LogStats: Stats thread started at 0.351783
LogD3D11RHI: Loaded GFSDK_Aftermath_Lib.x64.dll
LogICUInternationalization: ICU TimeZone Detection - Raw Offset: +0:00, Platform Override: ''
LogPluginManager: Mounting plugin Paper2D
LogPluginManager: Mounting plugin AISupport
LogPluginManager: Mounting plugin LightPropagationVolume
LogPluginManager: Mounting plugin ActorLayerUtilities
LogPluginManager: Mounting plugin AnimationSharing
LogPluginManager: Mounting plugin CLionSourceCodeAccess
LogPluginManager: Mounting plugin CodeLiteSourceCodeAccess
LogPluginManager: Mounting plugin GitSourceControl
LogPluginManager: Mounting plugin KDevelopSourceCodeAccess
LogPluginManager: Mounting plugin NullSourceCodeAccess
LogPluginManager: Mounting plugin PerforceSourceControl
LogPluginManager: Mounting plugin SubversionSourceControl
LogPluginManager: Mounting plugin UObjectPlugin
LogPluginManager: Mounting plugin VisualStudioCodeSourceCodeAccess
LogPluginManager: Mounting plugin VisualStudioSourceCodeAccess
LogPluginManager: Mounting plugin XCodeSourceCodeAccess
LogPluginManager: Mounting plugin AssetManagerEditor
LogPluginManager: Mounting plugin CryptoKeys
LogPluginManager: Mounting plugin DataValidation
LogPluginManager: Mounting plugin FacialAnimation
LogPluginManager: Mounting plugin GameplayTagsEditor
LogPluginManager: Mounting plugin MacGraphicsSwitching
LogPluginManager: Mounting plugin MaterialAnalyzer
LogPluginManager: Mounting plugin MobileLauncherProfileWizard
LogPluginManager: Mounting plugin PluginBrowser
LogPluginManager: Mounting plugin SpeedTreeImporter
LogPluginManager: Mounting plugin DatasmithContent
LogPluginManager: Mounting plugin VariantManagerContent
LogPluginManager: Mounting plugin AlembicImporter
LogPluginManager: Mounting plugin AppleImageUtils
LogPluginManager: Mounting plugin AppleVision
LogPluginManager: Mounting plugin BackChannel
LogPluginManager: Mounting plugin CharacterAI
LogPluginManager: Mounting plugin GeometryCache
LogPluginManager: Mounting plugin HTML5Networking
LogPluginManager: Mounting plugin ProxyLODPlugin
LogPluginManager: Mounting plugin SkeletalReduction
LogPluginManager: Mounting plugin MagicLeap
LogPluginManager: Mounting plugin MagicLeapMedia
LogPluginManager: Mounting plugin AndroidMedia
LogPluginManager: Mounting plugin AvfMedia
LogPluginManager: Mounting plugin ImgMedia
LogPluginManager: Mounting plugin LinearTimecode
LogPluginManager: Mounting plugin MediaCompositing
LogPluginManager: Mounting plugin MediaPlayerEditor
LogPluginManager: Mounting plugin WebMMedia
LogPluginManager: Mounting plugin WmfMedia
LogPluginManager: Mounting plugin TcpMessaging
LogPluginManager: Mounting plugin UdpMessaging
LogPluginManager: Mounting plugin ActorSequence
LogPluginManager: Mounting plugin LevelSequenceEditor
LogPluginManager: Mounting plugin MatineeToLevelSequence
LogPluginManager: Mounting plugin NetcodeUnitTest
LogPluginManager: Mounting plugin NUTUnrealEngine4
LogPluginManager: Mounting plugin OnlineSubsystemGooglePlay
LogPluginManager: Mounting plugin OnlineSubsystemIOS
LogPluginManager: Mounting plugin OnlineSubsystem
LogPluginManager: Mounting plugin OnlineSubsystemNull
LogPluginManager: Mounting plugin OnlineSubsystemUtils
LogPluginManager: Mounting plugin LauncherChunkInstaller
LogPluginManager: Mounting plugin AndroidDeviceProfileSelector
LogPluginManager: Mounting plugin AndroidMoviePlayer
LogPluginManager: Mounting plugin AndroidPermission
LogPluginManager: Mounting plugin AppleMoviePlayer
LogPluginManager: Mounting plugin ArchVisCharacter
LogPluginManager: Mounting plugin AudioCapture
LogPluginManager: Mounting plugin CableComponent
LogPluginManager: Mounting plugin CustomMeshComponent
LogPluginManager: Mounting plugin EditableMesh
LogPluginManager: Mounting plugin ExampleDeviceProfileSelector
LogPluginManager: Mounting plugin Firebase
LogPluginManager: Mounting plugin GoogleCloudMessaging
LogPluginManager: Mounting plugin IOSDeviceProfileSelector
LogPluginManager: Mounting plugin LinuxDeviceProfileSelector
LogPluginManager: Mounting plugin LocationServicesBPLibrary
LogPluginManager: Mounting plugin MobilePatchingUtils
LogPluginManager: Mounting plugin OculusVR
LogPluginManager: Mounting plugin PhysXVehicles
LogPluginManager: Mounting plugin ProceduralMeshComponent
LogPluginManager: Mounting plugin RuntimePhysXCooking
LogPluginManager: Mounting plugin SignificanceManager
LogPluginManager: Mounting plugin SteamVR
LogPluginManager: Mounting plugin WebMMoviePlayer
LogPluginManager: Mounting plugin WindowsMoviePlayer
LogInit: Using libcurl 7.55.1-DEV
LogInit:  - built for x86_64-pc-win32
LogInit:  - supports SSL with OpenSSL/1.1.1
LogInit:  - supports HTTP deflate (compression) using libz 1.2.8
LogInit:  - other features:
LogInit:      CURL_VERSION_SSL
LogInit:      CURL_VERSION_LIBZ
LogInit:      CURL_VERSION_IPV6
LogInit:      CURL_VERSION_ASYNCHDNS
LogInit:      CURL_VERSION_LARGEFILE
LogInit:      CURL_VERSION_IDN
LogInit:  CurlRequestOptions (configurable via config and command line):
LogInit:  - bVerifyPeer = true  - Libcurl will verify peer certificate
LogInit:  - bUseHttpProxy = false  - Libcurl will NOT use HTTP proxy
LogInit:  - bDontReuseConnections = false  - Libcurl will reuse connections
LogInit:  - MaxHostConnections = 16  - Libcurl will limit the number of connections to a host
LogInit:  - LocalHostAddr = Default
LogInit:  - BufferSize = 65536
LogInit: WinSock: version 1.1 (2.2), MaxSocks=32767, MaxUdp=65467
LogInit: Build: ++UE4+Release-4.22-CL-7053642
LogInit: Engine Version: 4.22.3-7053642+++UE4+Release-4.22
LogInit: Compatible Engine Version: 4.22.0-5660361+++UE4+Release-4.22
LogInit: Net CL: 5660361
LogInit: OS: Windows 10 (Release 1909) (), CPU: Intel(R) Xeon(R) W-2123 CPU @ 3.60GHz, GPU: NVIDIA GeForce GTX 1070
LogInit: Compiled (64-bit): Jun 18 2019 03:09:11
LogInit: Compiled with Visual C++: 19.16.27025.01
LogInit: Build Configuration: Development
LogInit: Branch Name: ++UE4+Release-4.22
LogInit: Command Line:  -skipcompile
LogInit: Base Directory: C:/Epic/UE4/UE_4.22/Engine/Binaries/Win64/
LogInit: Installed Engine Build: 1
LogDevObjectVersion: Number of dev versions registered: 23
LogDevObjectVersion:   Dev-Blueprints (B0D832E4-1F89-4F0D-ACCF-7EB736FD4AA2): 10
LogDevObjectVersion:   Dev-Build (E1C64328-A22C-4D53-A36C-8E866417BD8C): 0
LogDevObjectVersion:   Dev-Core (375EC13C-06E4-48FB-B500-84F0262A717E): 3
LogDevObjectVersion:   Dev-Editor (E4B068ED-F494-42E9-A231-DA0B2E46BB41): 30
LogDevObjectVersion:   Dev-Framework (CFFC743F-43B0-4480-9391-14DF171D2073): 35
LogDevObjectVersion:   Dev-Mobile (B02B49B5-BB20-44E9-A304-32B752E40360): 2
LogDevObjectVersion:   Dev-Networking (A4E4105C-59A1-49B5-A7C5-40C4547EDFEE): 0
LogDevObjectVersion:   Dev-Online (39C831C9-5AE6-47DC-9A44-9C173E1C8E7C): 0
LogDevObjectVersion:   Dev-Physics (78F01B33-EBEA-4F98-B9B4-84EACCB95AA2): 0
LogDevObjectVersion:   Dev-Platform (6631380F-2D4D-43E0-8009-CF276956A95A): 0
LogDevObjectVersion:   Dev-Rendering (12F88B9F-8875-4AFC-A67C-D90C383ABD29): 28
LogDevObjectVersion:   Dev-Sequencer (7B5AE74C-D270-4C10-A958-57980B212A5A): 11
LogDevObjectVersion:   Dev-VR (D7296918-1DD6-4BDD-9DE2-64A83CC13884): 2
LogDevObjectVersion:   Dev-LoadTimes (C2A15278-BFE7-4AFE-6C17-90FF531DF755): 1
LogDevObjectVersion:   Private-Geometry (6EACA3D4-40EC-4CC1-B786-8BED09428FC5): 3
LogDevObjectVersion:   Dev-AnimPhys (29E575DD-E0A3-4627-9D10-D276232CDCEA): 17
LogDevObjectVersion:   Dev-Anim (AF43A65D-7FD3-4947-9873-3E8ED9C1BB05): 2
LogDevObjectVersion:   Dev-ReflectionCapture (6B266CEC-1EC7-4B8F-A30B-E4D90942FC07): 1
LogDevObjectVersion:   Dev-Automation (0DF73D61-A23F-47EA-B727-89E90C41499A): 1
LogDevObjectVersion:   FortniteMain (601D1886-AC64-4F84-AA16-D3DE0DEAC7D6): 25
LogDevObjectVersion:   Dev-Enterprise (9DFFBCD6-494F-0158-E221-12823C92A888): 6
LogDevObjectVersion:   Dev-Niagara (F2AED0AC-9AFE-416F-8664-AA7FFA26D6FC): 1
LogDevObjectVersion:   Dev-Destruction (174F1F0B-B4C6-45A5-B13F-2EE8D0FB917D): 2
LogInit: Presizing for max 16777216 objects, including 0 objects not considered by GC, pre-allocating 0 bytes for permanent pool.
LogInit: Object subsystem initialized
LogConfig: Setting CVar [[con.DebugEarlyDefault:1]]
LogConfig: Setting CVar [[r.setres:1280x720]]
[2020.01.31-23.38.08:986][  0]LogConfig: Setting CVar [[r.VSync:0]]
[2020.01.31-23.38.08:986][  0]LogConfig: Setting CVar [[r.RHICmdBypass:0]]
[2020.01.31-23.38.08:986][  0]LogConfig: Applying CVar settings from Section [/Script/Engine.RendererSettings] File [C:/Users/w017177h/Documents/GGJ2020/Global-Game-Jam-2020/GGJ20/Saved/Config/Windows/Engine.ini]
[2020.01.31-23.38.08:986][  0]LogConfig: Setting CVar [[r.GPUCrashDebugging:0]]
[2020.01.31-23.38.08:986][  0]LogConfig: Setting CVar [[r.DefaultFeature.AutoExposure.ExtendDefaultLuminanceRange:1]]
[2020.01.31-23.38.08:986][  0]LogConfig: Applying CVar settings from Section [/Script/Engine.RendererOverrideSettings] File [C:/Users/w017177h/Documents/GGJ2020/Global-Game-Jam-2020/GGJ20/Saved/Config/Windows/Engine.ini]
[2020.01.31-23.38.08:986][  0]LogConfig: Applying CVar settings from Section [/Script/Engine.StreamingSettings] File [C:/Users/w017177h/Documents/GGJ2020/Global-Game-Jam-2020/GGJ20/Saved/Config/Windows/Engine.ini]
[2020.01.31-23.38.08:986][  0]LogConfig: Setting CVar [[s.MinBulkDataSizeForAsyncLoading:131072]]
[2020.01.31-23.38.08:986][  0]LogConfig: Setting CVar [[s.AsyncLoadingThreadEnabled:0]]
[2020.01.31-23.38.08:986][  0]LogConfig: Setting CVar [[s.EventDrivenLoaderEnabled:1]]
[2020.01.31-23.38.08:986][  0]LogConfig: Setting CVar [[s.WarnIfTimeLimitExceeded:0]]
[2020.01.31-23.38.08:986][  0]LogConfig: Setting CVar [[s.TimeLimitExceededMultiplier:1.5]]
[2020.01.31-23.38.08:986][  0]LogConfig: Setting CVar [[s.TimeLimitExceededMinTime:0.005]]
[2020.01.31-23.38.08:987][  0]LogConfig: Setting CVar [[s.UseBackgroundLevelStreaming:1]]
[2020.01.31-23.38.08:987][  0]LogConfig: Setting CVar [[s.PriorityAsyncLoadingExtraTime:15.0]]
[2020.01.31-23.38.08:987][  0]LogConfig: Setting CVar [[s.LevelStreamingActorsUpdateTimeLimit:5.0]]
[2020.01.31-23.38.08:987][  0]LogConfig: Setting CVar [[s.PriorityLevelStreamingActorsUpdateExtraTime:5.0]]
[2020.01.31-23.38.08:987][  0]LogConfig: Setting CVar [[s.LevelStreamingComponentsRegistrationGranularity:10]]
[2020.01.31-23.38.08:987][  0]LogConfig: Setting CVar [[s.UnregisterComponentsTimeLimit:1.0]]
[2020.01.31-23.38.08:987][  0]LogConfig: Setting CVar [[s.LevelStreamingComponentsUnregistrationGranularity:5]]
[2020.01.31-23.38.08:987][  0]LogConfig: Applying CVar settings from Section [/Script/Engine.GarbageCollectionSettings] File [C:/Users/w017177h/Documents/GGJ2020/Global-Game-Jam-2020/GGJ20/Saved/Config/Windows/Engine.ini]
[2020.01.31-23.38.08:987][  0]LogConfig: Setting CVar [[gc.MaxObjectsNotConsideredByGC:1]]
[2020.01.31-23.38.08:987][  0]LogConfig: Setting CVar [[gc.SizeOfPermanentObjectPool:0]]
[2020.01.31-23.38.08:987][  0]LogConfig: Setting CVar [[gc.FlushStreamingOnGC:0]]
[2020.01.31-23.38.08:987][  0]LogConfig: Setting CVar [[gc.NumRetriesBeforeForcingGC:10]]
[2020.01.31-23.38.08:987][  0]LogConfig: Setting CVar [[gc.AllowParallelGC:1]]
[2020.01.31-23.38.08:987][  0]LogConfig: Setting CVar [[gc.TimeBetweenPurgingPendingKillObjects:61.1]]
[2020.01.31-23.38.08:987][  0]LogConfig: Setting CVar [[gc.MaxObjectsInEditor:16777216]]
[2020.01.31-23.38.08:987][  0]LogConfig: Setting CVar [[gc.IncrementalBeginDestroyEnabled:1]]
[2020.01.31-23.38.08:987][  0]LogConfig: Setting CVar [[gc.CreateGCClusters:1]]
[2020.01.31-23.38.08:987][  0]LogConfig: Setting CVar [[gc.MinGCClusterSize:5]]
[2020.01.31-23.38.08:988][  0]LogConfig: Setting CVar [[gc.ActorClusteringEnabled:0]]
[2020.01.31-23.38.08:988][  0]LogConfig: Setting CVar [[gc.BlueprintClusteringEnabled:0]]
[2020.01.31-23.38.08:988][  0]LogConfig: Setting CVar [[gc.UseDisregardForGCOnDedicatedServers:0]]
[2020.01.31-23.38.08:988][  0]LogConfig: Applying CVar settings from Section [/Script/Engine.NetworkSettings] File [C:/Users/w017177h/Documents/GGJ2020/Global-Game-Jam-2020/GGJ20/Saved/Config/Windows/Engine.ini]
[2020.01.31-23.38.08:988][  0]LogConfig: Applying CVar settings from Section [/Script/UnrealEd.CookerSettings] File [C:/Users/w017177h/Documents/GGJ2020/Global-Game-Jam-2020/GGJ20/Saved/Config/Windows/Engine.ini]
[2020.01.31-23.38.08:994][  0]LogConfig: Applying CVar settings from Section [ViewDistanceQuality@3] File [C:/Users/w017177h/Documents/GGJ2020/Global-Game-Jam-2020/GGJ20/Saved/Config/Windows/Scalability.ini]
[2020.01.31-23.38.08:994][  0]LogConfig: Setting CVar [[r.SkeletalMeshLODBias:0]]
[2020.01.31-23.38.08:994][  0]LogConfig: Setting CVar [[r.ViewDistanceScale:1.0]]
[2020.01.31-23.38.08:994][  0]LogConfig: Applying CVar settings from Section [AntiAliasingQuality@3] File [C:/Users/w017177h/Documents/GGJ2020/Global-Game-Jam-2020/GGJ20/Saved/Config/Windows/Scalability.ini]
[2020.01.31-23.38.08:995][  0]LogConfig: Setting CVar [[r.PostProcessAAQuality:4]]
[2020.01.31-23.38.08:995][  0]LogConfig: Applying CVar settings from Section [ShadowQuality@3] File [C:/Users/w017177h/Documents/GGJ2020/Global-Game-Jam-2020/GGJ20/Saved/Config/Windows/Scalability.ini]
[2020.01.31-23.38.08:995][  0]LogConfig: Setting CVar [[r.LightFunctionQuality:1]]
[2020.01.31-23.38.08:995][  0]LogConfig: Setting CVar [[r.ShadowQuality:5]]
[2020.01.31-23.38.08:995][  0]LogConfig: Setting CVar [[r.Shadow.CSM.MaxCascades:10]]
[2020.01.31-23.38.08:995][  0]LogConfig: Setting CVar [[r.Shadow.MaxResolution:2048]]
[2020.01.31-23.38.08:995][  0]LogConfig: Setting CVar [[r.Shadow.MaxCSMResolution:2048]]
[2020.01.31-23.38.08:995][  0]LogConfig: Setting CVar [[r.Shadow.RadiusThreshold:0.01]]
[2020.01.31-23.38.08:995][  0]LogConfig: Setting CVar [[r.Shadow.DistanceScale:1.0]]
[2020.01.31-23.38.08:995][  0]LogConfig: Setting CVar [[r.Shadow.CSM.TransitionScale:1.0]]
[2020.01.31-23.38.08:995][  0]LogConfig: Setting CVar [[r.Shadow.PreShadowResolutionFactor:1.0]]
[2020.01.31-23.38.08:995][  0]LogConfig: Setting CVar [[r.DistanceFieldShadowing:1]]
[2020.01.31-23.38.08:995][  0]LogConfig: Setting CVar [[r.DistanceFieldAO:1]]
[2020.01.31-23.38.08:995][  0]LogConfig: Setting CVar [[r.AOQuality:2]]
[2020.01.31-23.38.08:995][  0]LogConfig: Setting CVar [[r.VolumetricFog:1]]
[2020.01.31-23.38.08:995][  0]LogConfig: Setting CVar [[r.VolumetricFog.GridPixelSize:8]]
[2020.01.31-23.38.08:995][  0]LogConfig: Setting CVar [[r.VolumetricFog.GridSizeZ:128]]
[2020.01.31-23.38.08:996][  0]LogConfig: Setting CVar [[r.VolumetricFog.HistoryMissSupersampleCount:4]]
[2020.01.31-23.38.08:996][  0]LogConfig: Setting CVar [[r.LightMaxDrawDistanceScale:1]]
[2020.01.31-23.38.08:996][  0]LogConfig: Setting CVar [[r.CapsuleShadows:1]]
[2020.01.31-23.38.08:996][  0]LogConfig: Applying CVar settings from Section [PostProcessQuality@3] File [C:/Users/w017177h/Documents/GGJ2020/Global-Game-Jam-2020/GGJ20/Saved/Config/Windows/Scalability.ini]
[2020.01.31-23.38.08:996][  0]LogConfig: Setting CVar [[r.MotionBlurQuality:4]]
[2020.01.31-23.38.08:996][  0]LogConfig: Setting CVar [[r.AmbientOcclusionMipLevelFactor:0.4]]
[2020.01.31-23.38.08:996][  0]LogConfig: Setting CVar [[r.AmbientOcclusionMaxQuality:100]]
[2020.01.31-23.38.08:996][  0]LogConfig: Setting CVar [[r.AmbientOcclusionLevels:-1]]
[2020.01.31-23.38.08:996][  0]LogConfig: Setting CVar [[r.AmbientOcclusionRadiusScale:1.0]]
[2020.01.31-23.38.08:996][  0]LogConfig: Setting CVar [[r.DepthOfFieldQuality:2]]
[2020.01.31-23.38.08:996][  0]LogConfig: Setting CVar [[r.RenderTargetPoolMin:400]]
[2020.01.31-23.38.08:996][  0]LogConfig: Setting CVar [[r.LensFlareQuality:2]]
[2020.01.31-23.38.08:996][  0]LogConfig: Setting CVar [[r.SceneColorFringeQuality:1]]
[2020.01.31-23.38.08:996][  0]LogConfig: Setting CVar [[r.EyeAdaptationQuality:2]]
[2020.01.31-23.38.08:996][  0]LogConfig: Setting CVar [[r.BloomQuality:5]]
[2020.01.31-23.38.08:996][  0]LogConfig: Setting CVar [[r.FastBlurThreshold:100]]
[2020.01.31-23.38.08:996][  0]LogConfig: Setting CVar [[r.Upscale.Quality:3]]
[2020.01.31-23.38.08:996][  0]LogConfig: Setting CVar [[r.Tonemapper.GrainQuantization:1]]
[2020.01.31-23.38.08:996][  0]LogConfig: Setting CVar [[r.LightShaftQuality:1]]
[2020.01.31-23.38.08:997][  0]LogConfig: Setting CVar [[r.Filter.SizeScale:1]]
[2020.01.31-23.38.08:997][  0]LogConfig: Setting CVar [[r.Tonemapper.Quality:5]]
[2020.01.31-23.38.08:997][  0]LogConfig: Setting CVar [[r.DOF.Gather.AccumulatorQuality:1        ; higher gathering accumulator quality]]
[2020.01.31-23.38.08:997][  0]LogConfig: Setting CVar [[r.DOF.Gather.PostfilterMethod:1          ; Median3x3 postfilering method]]
[2020.01.31-23.38.08:997][  0]LogConfig: Setting CVar [[r.DOF.Gather.EnableBokehSettings:0       ; no bokeh simulation when gathering]]
[2020.01.31-23.38.08:997][  0]LogConfig: Setting CVar [[r.DOF.Gather.RingCount:4                 ; medium number of samples when gathering]]
[2020.01.31-23.38.08:997][  0]LogConfig: Setting CVar [[r.DOF.Scatter.ForegroundCompositing:1    ; additive foreground scattering]]
[2020.01.31-23.38.08:997][  0]LogConfig: Setting CVar [[r.DOF.Scatter.BackgroundCompositing:2    ; additive background scattering]]
[2020.01.31-23.38.08:997][  0]LogConfig: Setting CVar [[r.DOF.Scatter.EnableBokehSettings:1      ; bokeh simulation when scattering]]
[2020.01.31-23.38.08:997][  0]LogConfig: Setting CVar [[r.DOF.Scatter.MaxSpriteRatio:0.1         ; only a maximum of 10% of scattered bokeh]]
[2020.01.31-23.38.08:997][  0]LogConfig: Setting CVar [[r.DOF.Recombine.Quality:1                ; cheap slight out of focus]]
[2020.01.31-23.38.08:997][  0]LogConfig: Setting CVar [[r.DOF.Recombine.EnableBokehSettings:0    ; no bokeh simulation on slight out of focus]]
[2020.01.31-23.38.08:997][  0]LogConfig: Setting CVar [[r.DOF.TemporalAAQuality:1                ; more stable temporal accumulation]]
[2020.01.31-23.38.08:997][  0]LogConfig: Setting CVar [[r.DOF.Kernel.MaxForegroundRadius:0.025]]
[2020.01.31-23.38.08:997][  0]LogConfig: Setting CVar [[r.DOF.Kernel.MaxBackgroundRadius:0.025]]
[2020.01.31-23.38.08:997][  0]LogConfig: Applying CVar settings from Section [TextureQuality@3] File [C:/Users/w017177h/Documents/GGJ2020/Global-Game-Jam-2020/GGJ20/Saved/Config/Windows/Scalability.ini]
[2020.01.31-23.38.08:997][  0]LogConfig: Setting CVar [[r.Streaming.MipBias:0]]
[2020.01.31-23.38.08:997][  0]LogConfig: Setting CVar [[r.Streaming.AmortizeCPUToGPUCopy:0]]
[2020.01.31-23.38.08:998][  0]LogConfig: Setting CVar [[r.Streaming.MaxNumTexturesToStreamPerFrame:0]]
[2020.01.31-23.38.08:998][  0]LogConfig: Setting CVar [[r.Streaming.Boost:1]]
[2020.01.31-23.38.08:998][  0]LogConfig: Setting CVar [[r.MaxAnisotropy:8]]
[2020.01.31-23.38.08:998][  0]LogConfig: Setting CVar [[r.Streaming.LimitPoolSizeToVRAM:0]]
[2020.01.31-23.38.08:998][  0]LogConfig: Setting CVar [[r.Streaming.PoolSize:1000]]
[2020.01.31-23.38.08:998][  0]LogConfig: Setting CVar [[r.Streaming.MaxEffectiveScreenSize:0]]
[2020.01.31-23.38.08:998][  0]LogConfig: Applying CVar settings from Section [EffectsQuality@3] File [C:/Users/w017177h/Documents/GGJ2020/Global-Game-Jam-2020/GGJ20/Saved/Config/Windows/Scalability.ini]
[2020.01.31-23.38.08:998][  0]LogConfig: Setting CVar [[r.TranslucencyLightingVolumeDim:64]]
[2020.01.31-23.38.08:998][  0]LogConfig: Setting CVar [[r.RefractionQuality:2]]
[2020.01.31-23.38.08:998][  0]LogConfig: Setting CVar [[r.SSR.Quality:3]]
[2020.01.31-23.38.08:998][  0]LogConfig: Setting CVar [[r.SceneColorFormat:4]]
[2020.01.31-23.38.08:998][  0]LogConfig: Setting CVar [[r.DetailMode:2]]
[2020.01.31-23.38.08:998][  0]LogConfig: Setting CVar [[r.TranslucencyVolumeBlur:1]]
[2020.01.31-23.38.08:998][  0]LogConfig: Setting CVar [[r.MaterialQualityLevel:1 ; High quality]]
[2020.01.31-23.38.08:998][  0]LogConfig: Setting CVar [[r.SSS.Scale:1]]
[2020.01.31-23.38.08:998][  0]LogConfig: Setting CVar [[r.SSS.SampleSet:2]]
[2020.01.31-23.38.08:998][  0]LogConfig: Setting CVar [[r.SSS.Quality:1]]
[2020.01.31-23.38.08:998][  0]LogConfig: Setting CVar [[r.SSS.HalfRes:1]]
[2020.01.31-23.38.08:999][  0]LogConfig: Setting CVar [[r.EmitterSpawnRateScale:1.0]]
[2020.01.31-23.38.08:999][  0]LogConfig: Setting CVar [[r.ParticleLightQuality:2]]
[2020.01.31-23.38.08:999][  0]LogConfig: Applying CVar settings from Section [FoliageQuality@3] File [C:/Users/w017177h/Documents/GGJ2020/Global-Game-Jam-2020/GGJ20/Saved/Config/Windows/Scalability.ini]
[2020.01.31-23.38.08:999][  0]LogConfig: Setting CVar [[foliage.DensityScale:1.0]]
[2020.01.31-23.38.08:999][  0]LogConfig: Setting CVar [[grass.DensityScale:1.0]]
[2020.01.31-23.38.08:999][  0]LogInit: Selected Device Profile: [Windows]
[2020.01.31-23.38.08:999][  0]LogInit: Applying CVar settings loaded from the selected device profile: [Windows]
[2020.01.31-23.38.09:013][  0]LogHAL: Display: Platform has ~ 32 GB [34065854464 / 34359738368 / 32], which maps to Largest [LargestMinGB=32, LargerMinGB=12, DefaultMinGB=8, SmallerMinGB=6, SmallestMinGB=0)
[2020.01.31-23.38.09:013][  0]LogConfig: Setting CVar [[r.Vulkan.UseRealUBs:0		; Required until we fix HLR fall-out]]
[2020.01.31-23.38.09:013][  0]LogInit: Going up to parent DeviceProfile []
[2020.01.31-23.38.09:013][  0]LogConfig: Applying CVar settings from Section [ViewDistanceQuality@3] File [C:/Users/w017177h/Documents/GGJ2020/Global-Game-Jam-2020/GGJ20/Saved/Config/Windows/Scalability.ini]
[2020.01.31-23.38.09:013][  0]LogConfig: Setting CVar [[r.SkeletalMeshLODBias:0]]
[2020.01.31-23.38.09:013][  0]LogConfig: Setting CVar [[r.ViewDistanceScale:1.0]]
[2020.01.31-23.38.09:013][  0]LogConfig: Applying CVar settings from Section [AntiAliasingQuality@3] File [C:/Users/w017177h/Documents/GGJ2020/Global-Game-Jam-2020/GGJ20/Saved/Config/Windows/Scalability.ini]
[2020.01.31-23.38.09:013][  0]LogConfig: Setting CVar [[r.PostProcessAAQuality:4]]
[2020.01.31-23.38.09:013][  0]LogConfig: Applying CVar settings from Section [ShadowQuality@3] File [C:/Users/w017177h/Documents/GGJ2020/Global-Game-Jam-2020/GGJ20/Saved/Config/Windows/Scalability.ini]
[2020.01.31-23.38.09:013][  0]LogConfig: Setting CVar [[r.LightFunctionQuality:1]]
[2020.01.31-23.38.09:013][  0]LogConfig: Setting CVar [[r.ShadowQuality:5]]
[2020.01.31-23.38.09:013][  0]LogConfig: Setting CVar [[r.Shadow.CSM.MaxCascades:10]]
[2020.01.31-23.38.09:013][  0]LogConfig: Setting CVar [[r.Shadow.MaxResolution:2048]]
[2020.01.31-23.38.09:013][  0]LogConfig: Setting CVar [[r.Shadow.MaxCSMResolution:2048]]
[2020.01.31-23.38.09:014][  0]LogConfig: Setting CVar [[r.Shadow.RadiusThreshold:0.01]]
[2020.01.31-23.38.09:014][  0]LogConfig: Setting CVar [[r.Shadow.DistanceScale:1.0]]
[2020.01.31-23.38.09:014][  0]LogConfig: Setting CVar [[r.Shadow.CSM.TransitionScale:1.0]]
[2020.01.31-23.38.09:014][  0]LogConfig: Setting CVar [[r.Shadow.PreShadowResolutionFactor:1.0]]
[2020.01.31-23.38.09:014][  0]LogConfig: Setting CVar [[r.DistanceFieldShadowing:1]]
[2020.01.31-23.38.09:014][  0]LogConfig: Setting CVar [[r.DistanceFieldAO:1]]
[2020.01.31-23.38.09:014][  0]LogConfig: Setting CVar [[r.AOQuality:2]]
[2020.01.31-23.38.09:014][  0]LogConfig: Setting CVar [[r.VolumetricFog:1]]
[2020.01.31-23.38.09:014][  0]LogConfig: Setting CVar [[r.VolumetricFog.GridPixelSize:8]]
[2020.01.31-23.38.09:014][  0]LogConfig: Setting CVar [[r.VolumetricFog.GridSizeZ:128]]
[2020.01.31-23.38.09:014][  0]LogConfig: Setting CVar [[r.VolumetricFog.HistoryMissSupersampleCount:4]]
[2020.01.31-23.38.09:014][  0]LogConfig: Setting CVar [[r.LightMaxDrawDistanceScale:1]]
[2020.01.31-23.38.09:014][  0]LogConfig: Setting CVar [[r.CapsuleShadows:1]]
[2020.01.31-23.38.09:014][  0]LogConfig: Applying CVar settings from Section [PostProcessQuality@3] File [C:/Users/w017177h/Documents/GGJ2020/Global-Game-Jam-2020/GGJ20/Saved/Config/Windows/Scalability.ini]
[2020.01.31-23.38.09:014][  0]LogConfig: Setting CVar [[r.MotionBlurQuality:4]]
[2020.01.31-23.38.09:014][  0]LogConfig: Setting CVar [[r.AmbientOcclusionMipLevelFactor:0.4]]
[2020.01.31-23.38.09:014][  0]LogConfig: Setting CVar [[r.AmbientOcclusionMaxQuality:100]]
[2020.01.31-23.38.09:014][  0]LogConfig: Setting CVar [[r.AmbientOcclusionLevels:-1]]
[2020.01.31-23.38.09:014][  0]LogConfig: Setting CVar [[r.AmbientOcclusionRadiusScale:1.0]]
[2020.01.31-23.38.09:015][  0]LogConfig: Setting CVar [[r.DepthOfFieldQuality:2]]
[2020.01.31-23.38.09:015][  0]LogConfig: Setting CVar [[r.RenderTargetPoolMin:400]]
[2020.01.31-23.38.09:015][  0]LogConfig: Setting CVar [[r.LensFlareQuality:2]]
[2020.01.31-23.38.09:015][  0]LogConfig: Setting CVar [[r.SceneColorFringeQuality:1]]
[2020.01.31-23.38.09:015][  0]LogConfig: Setting CVar [[r.EyeAdaptationQuality:2]]
[2020.01.31-23.38.09:015][  0]LogConfig: Setting CVar [[r.BloomQuality:5]]
[2020.01.31-23.38.09:015][  0]LogConfig: Setting CVar [[r.FastBlurThreshold:100]]
[2020.01.31-23.38.09:015][  0]LogConfig: Setting CVar [[r.Upscale.Quality:3]]
[2020.01.31-23.38.09:015][  0]LogConfig: Setting CVar [[r.Tonemapper.GrainQuantization:1]]
[2020.01.31-23.38.09:015][  0]LogConfig: Setting CVar [[r.LightShaftQuality:1]]
[2020.01.31-23.38.09:015][  0]LogConfig: Setting CVar [[r.Filter.SizeScale:1]]
[2020.01.31-23.38.09:015][  0]LogConfig: Setting CVar [[r.Tonemapper.Quality:5]]
[2020.01.31-23.38.09:015][  0]LogConfig: Setting CVar [[r.DOF.Gather.AccumulatorQuality:1        ; higher gathering accumulator quality]]
[2020.01.31-23.38.09:015][  0]LogConfig: Setting CVar [[r.DOF.Gather.PostfilterMethod:1          ; Median3x3 postfilering method]]
[2020.01.31-23.38.09:015][  0]LogConfig: Setting CVar [[r.DOF.Gather.EnableBokehSettings:0       ; no bokeh simulation when gathering]]
[2020.01.31-23.38.09:015][  0]LogConfig: Setting CVar [[r.DOF.Gather.RingCount:4                 ; medium number of samples when gathering]]
[2020.01.31-23.38.09:015][  0]LogConfig: Setting CVar [[r.DOF.Scatter.ForegroundCompositing:1    ; additive foreground scattering]]
[2020.01.31-23.38.09:015][  0]LogConfig: Setting CVar [[r.DOF.Scatter.BackgroundCompositing:2    ; additive background scattering]]
[2020.01.31-23.38.09:015][  0]LogConfig: Setting CVar [[r.DOF.Scatter.EnableBokehSettings:1      ; bokeh simulation when scattering]]
[2020.01.31-23.38.09:015][  0]LogConfig: Setting CVar [[r.DOF.Scatter.MaxSpriteRatio:0.1         ; only a maximum of 10% of scattered bokeh]]
[2020.01.31-23.38.09:016][  0]LogConfig: Setting CVar [[r.DOF.Recombine.Quality:1                ; cheap slight out of focus]]
[2020.01.31-23.38.09:016][  0]LogConfig: Setting CVar [[r.DOF.Recombine.EnableBokehSettings:0    ; no bokeh simulation on slight out of focus]]
[2020.01.31-23.38.09:016][  0]LogConfig: Setting CVar [[r.DOF.TemporalAAQuality:1                ; more stable temporal accumulation]]
[2020.01.31-23.38.09:016][  0]LogConfig: Setting CVar [[r.DOF.Kernel.MaxForegroundRadius:0.025]]
[2020.01.31-23.38.09:016][  0]LogConfig: Setting CVar [[r.DOF.Kernel.MaxBackgroundRadius:0.025]]
[2020.01.31-23.38.09:016][  0]LogConfig: Applying CVar settings from Section [TextureQuality@3] File [C:/Users/w017177h/Documents/GGJ2020/Global-Game-Jam-2020/GGJ20/Saved/Config/Windows/Scalability.ini]
[2020.01.31-23.38.09:016][  0]LogConfig: Setting CVar [[r.Streaming.MipBias:0]]
[2020.01.31-23.38.09:016][  0]LogConfig: Setting CVar [[r.Streaming.AmortizeCPUToGPUCopy:0]]
[2020.01.31-23.38.09:016][  0]LogConfig: Setting CVar [[r.Streaming.MaxNumTexturesToStreamPerFrame:0]]
[2020.01.31-23.38.09:016][  0]LogConfig: Setting CVar [[r.Streaming.Boost:1]]
[2020.01.31-23.38.09:016][  0]LogConfig: Setting CVar [[r.MaxAnisotropy:8]]
[2020.01.31-23.38.09:016][  0]LogConfig: Setting CVar [[r.Streaming.LimitPoolSizeToVRAM:0]]
[2020.01.31-23.38.09:016][  0]LogConfig: Setting CVar [[r.Streaming.PoolSize:1000]]
[2020.01.31-23.38.09:016][  0]LogConfig: Setting CVar [[r.Streaming.MaxEffectiveScreenSize:0]]
[2020.01.31-23.38.09:016][  0]LogConfig: Applying CVar settings from Section [EffectsQuality@3] File [C:/Users/w017177h/Documents/GGJ2020/Global-Game-Jam-2020/GGJ20/Saved/Config/Windows/Scalability.ini]
[2020.01.31-23.38.09:016][  0]LogConfig: Setting CVar [[r.TranslucencyLightingVolumeDim:64]]
[2020.01.31-23.38.09:016][  0]LogConfig: Setting CVar [[r.RefractionQuality:2]]
[2020.01.31-23.38.09:016][  0]LogConfig: Setting CVar [[r.SSR.Quality:3]]
[2020.01.31-23.38.09:016][  0]LogConfig: Setting CVar [[r.SceneColorFormat:4]]
[2020.01.31-23.38.09:017][  0]LogConfig: Setting CVar [[r.DetailMode:2]]
[2020.01.31-23.38.09:017][  0]LogConfig: Setting CVar [[r.TranslucencyVolumeBlur:1]]
[2020.01.31-23.38.09:017][  0]LogConfig: Setting CVar [[r.MaterialQualityLevel:1 ; High quality]]
[2020.01.31-23.38.09:017][  0]LogConfig: Setting CVar [[r.SSS.Scale:1]]
[2020.01.31-23.38.09:017][  0]LogConfig: Setting CVar [[r.SSS.SampleSet:2]]
[2020.01.31-23.38.09:017][  0]LogConfig: Setting CVar [[r.SSS.Quality:1]]
[2020.01.31-23.38.09:017][  0]LogConfig: Setting CVar [[r.SSS.HalfRes:1]]
[2020.01.31-23.38.09:017][  0]LogConfig: Setting CVar [[r.EmitterSpawnRateScale:1.0]]
[2020.01.31-23.38.09:017][  0]LogConfig: Setting CVar [[r.ParticleLightQuality:2]]
[2020.01.31-23.38.09:017][  0]LogConfig: Applying CVar settings from Section [FoliageQuality@3] File [C:/Users/w017177h/Documents/GGJ2020/Global-Game-Jam-2020/GGJ20/Saved/Config/Windows/Scalability.ini]
[2020.01.31-23.38.09:017][  0]LogConfig: Setting CVar [[foliage.DensityScale:1.0]]
[2020.01.31-23.38.09:017][  0]LogConfig: Setting CVar [[grass.DensityScale:1.0]]
[2020.01.31-23.38.09:017][  0]LogConfig: Applying CVar settings from Section [Startup] File [../../../Engine/Config/ConsoleVariables.ini]
[2020.01.31-23.38.09:017][  0]LogConfig: Setting CVar [[net.UseAdaptiveNetUpdateFrequency:0]]
[2020.01.31-23.38.09:018][  0]LogConfig: Setting CVar [[p.chaos.AllowCreatePhysxBodies:1]]
[2020.01.31-23.38.09:018][  0]LogConfig: Applying CVar settings from Section [ConsoleVariables] File [C:/Users/w017177h/Documents/GGJ2020/Global-Game-Jam-2020/GGJ20/Saved/Config/Windows/Engine.ini]
[2020.01.31-23.38.09:018][  0]LogInit: Computer: C117B-19
[2020.01.31-23.38.09:018][  0]LogInit: User: w017177h
[2020.01.31-23.38.09:018][  0]LogInit: CPU Page size=4096, Cores=4
[2020.01.31-23.38.09:018][  0]LogInit: High frequency timer resolution =10.000000 MHz
[2020.01.31-23.38.09:018][  0]LogMemory: Memory total: Physical=31.7GB (32GB approx)
[2020.01.31-23.38.09:018][  0]LogMemory: Platform Memory Stats for Windows
[2020.01.31-23.38.09:018][  0]LogMemory: Process Physical Memory: 96.45 MB used, 96.45 MB peak
[2020.01.31-23.38.09:018][  0]LogMemory: Process Virtual Memory: 90.48 MB used, 90.48 MB peak
[2020.01.31-23.38.09:018][  0]LogMemory: Physical Memory: 11124.81 MB used,  21362.92 MB free, 32487.73 MB total
[2020.01.31-23.38.09:019][  0]LogMemory: Virtual Memory: 4644.23 MB used,  134213080.00 MB free, 134217728.00 MB total
[2020.01.31-23.38.09:187][  0]LogInit: Using OS detected language (en-US).
[2020.01.31-23.38.09:187][  0]LogInit: Using OS detected locale (en-GB).
[2020.01.31-23.38.09:188][  0]LogTextLocalizationManager: No specific localization for 'en-US' exists, so the 'en' localization will be used.
[2020.01.31-23.38.09:364][  0]LogInit: Setting process to per monitor DPI aware
[2020.01.31-23.38.09:419][  0]LogSlate: New Slate User Created.  User Index 0, Is Virtual User: 0
[2020.01.31-23.38.09:419][  0]LogSlate: Slate User Registered.  User Index 0, Is Virtual User: 0
[2020.01.31-23.38.09:614][  0]LogHMD: Failed to initialize OpenVR with code 110
[2020.01.31-23.38.09:614][  0]LogD3D11RHI: D3D11 adapters:
[2020.01.31-23.38.09:710][  0]LogD3D11RHI:    0. 'NVIDIA GeForce GTX 1070' (Feature Level 11_0)
[2020.01.31-23.38.09:710][  0]LogD3D11RHI:       8088/0/16243 MB DedicatedVideo/DedicatedSystem/SharedSystem, Outputs:2, VendorId:0x10de
[2020.01.31-23.38.09:717][  0]LogD3D11RHI:    1. 'Microsoft Basic Render Driver' (Feature Level 11_0)
[2020.01.31-23.38.09:717][  0]LogD3D11RHI:       0/0/16243 MB DedicatedVideo/DedicatedSystem/SharedSystem, Outputs:0, VendorId:0x1414
[2020.01.31-23.38.09:717][  0]LogD3D11RHI: Chosen D3D11 Adapter: 0
[2020.01.31-23.38.09:727][  0]LogD3D11RHI: Creating new Direct3DDevice
[2020.01.31-23.38.09:727][  0]LogD3D11RHI:     GPU DeviceId: 0x1b81 (for the marketing name, search the web for "GPU Device Id")
[2020.01.31-23.38.09:727][  0]LogWindows: EnumDisplayDevices:
[2020.01.31-23.38.09:727][  0]LogWindows:    0. 'NVIDIA GeForce GTX 1070' (P:1 D:1)
[2020.01.31-23.38.09:727][  0]LogWindows:    1. 'NVIDIA GeForce GTX 1070' (P:0 D:1)
[2020.01.31-23.38.09:728][  0]LogWindows:    2. 'NVIDIA GeForce GTX 1070' (P:0 D:0)
[2020.01.31-23.38.09:728][  0]LogWindows:    3. 'NVIDIA GeForce GTX 1070' (P:0 D:0)
[2020.01.31-23.38.09:728][  0]LogWindows: DebugString: FoundDriverCount:4 
[2020.01.31-23.38.09:728][  0]LogD3D11RHI:     Adapter Name: NVIDIA GeForce GTX 1070
[2020.01.31-23.38.09:728][  0]LogD3D11RHI:   Driver Version: 441.66 (internal:26.21.14.4166, unified:441.66)
[2020.01.31-23.38.09:729][  0]LogD3D11RHI:      Driver Date: 12-6-2019
[2020.01.31-23.38.09:729][  0]LogRHI: Texture pool is 5661 MB (70% of 8088 MB)
[2020.01.31-23.38.09:774][  0]LogD3D11RHI: Async texture creation enabled
[2020.01.31-23.38.09:778][  0]LogRendererCore: FGlobalReadBuffer::InitRHI
[2020.01.31-23.38.09:778][  0]LogRendererCore: FGlobalReadBuffer::InitRHI
[2020.01.31-23.38.09:778][  0]LogRendererCore: FGlobalReadBuffer::InitRHI
[2020.01.31-23.38.09:786][  0]LogD3D11RHI: GPU Timing Frequency: 1000.000000 (Debug: 2 1)
[2020.01.31-23.38.10:073][  0]LogTemp: Display: Module 'AllDesktopTargetPlatform' loaded TargetPlatform 'AllDesktop'
[2020.01.31-23.38.10:090][  0]LogTemp: Display: Module 'MacClientTargetPlatform' loaded TargetPlatform 'MacClient'
[2020.01.31-23.38.10:107][  0]LogTemp: Display: Module 'MacNoEditorTargetPlatform' loaded TargetPlatform 'MacNoEditor'
[2020.01.31-23.38.10:123][  0]LogTemp: Display: Module 'MacServerTargetPlatform' loaded TargetPlatform 'MacServer'
[2020.01.31-23.38.10:139][  0]LogTemp: Display: Module 'MacTargetPlatform' loaded TargetPlatform 'Mac'
[2020.01.31-23.38.10:155][  0]LogTemp: Display: Module 'WindowsClientTargetPlatform' loaded TargetPlatform 'WindowsClient'
[2020.01.31-23.38.10:171][  0]LogTemp: Display: Module 'WindowsNoEditorTargetPlatform' loaded TargetPlatform 'WindowsNoEditor'
[2020.01.31-23.38.10:186][  0]LogTemp: Display: Module 'WindowsServerTargetPlatform' loaded TargetPlatform 'WindowsServer'
[2020.01.31-23.38.10:195][  0]LogTemp: Display: Module 'WindowsTargetPlatform' loaded TargetPlatform 'Windows'
[2020.01.31-23.38.10:277][  0]LogTemp: Display: Module 'AndroidTargetPlatform' loaded TargetPlatform 'Android'
[2020.01.31-23.38.10:277][  0]LogTemp: Display: Module 'AndroidTargetPlatform' loaded TargetPlatform 'Android_ASTC'
[2020.01.31-23.38.10:277][  0]LogTemp: Display: Module 'AndroidTargetPlatform' loaded TargetPlatform 'Android_ATC'
[2020.01.31-23.38.10:277][  0]LogTemp: Display: Module 'AndroidTargetPlatform' loaded TargetPlatform 'Android_DXT'
[2020.01.31-23.38.10:277][  0]LogTemp: Display: Module 'AndroidTargetPlatform' loaded TargetPlatform 'Android_ETC1'
[2020.01.31-23.38.10:277][  0]LogTemp: Display: Module 'AndroidTargetPlatform' loaded TargetPlatform 'Android_ETC1a'
[2020.01.31-23.38.10:277][  0]LogTemp: Display: Module 'AndroidTargetPlatform' loaded TargetPlatform 'Android_ETC2'
[2020.01.31-23.38.10:277][  0]LogTemp: Display: Module 'AndroidTargetPlatform' loaded TargetPlatform 'Android_PVRTC'
[2020.01.31-23.38.10:277][  0]LogTemp: Display: Module 'AndroidTargetPlatform' loaded TargetPlatform 'AndroidClient'
[2020.01.31-23.38.10:277][  0]LogTemp: Display: Module 'AndroidTargetPlatform' loaded TargetPlatform 'Android_ASTCClient'
[2020.01.31-23.38.10:277][  0]LogTemp: Display: Module 'AndroidTargetPlatform' loaded TargetPlatform 'Android_ATCClient'
[2020.01.31-23.38.10:277][  0]LogTemp: Display: Module 'AndroidTargetPlatform' loaded TargetPlatform 'Android_DXTClient'
[2020.01.31-23.38.10:277][  0]LogTemp: Display: Module 'AndroidTargetPlatform' loaded TargetPlatform 'Android_ETC1Client'
[2020.01.31-23.38.10:277][  0]LogTemp: Display: Module 'AndroidTargetPlatform' loaded TargetPlatform 'Android_ETC1aClient'
[2020.01.31-23.38.10:277][  0]LogTemp: Display: Module 'AndroidTargetPlatform' loaded TargetPlatform 'Android_ETC2Client'
[2020.01.31-23.38.10:277][  0]LogTemp: Display: Module 'AndroidTargetPlatform' loaded TargetPlatform 'Android_PVRTCClient'
[2020.01.31-23.38.10:278][  0]LogTemp: Display: Module 'AndroidTargetPlatform' loaded TargetPlatform 'Android_Multi'
[2020.01.31-23.38.10:278][  0]LogTemp: Display: Module 'AndroidTargetPlatform' loaded TargetPlatform 'Android_MultiClient'
[2020.01.31-23.38.10:281][  0]LogTemp: Display: Module 'HTML5TargetPlatform' loaded TargetPlatform 'HTML5'
[2020.01.31-23.38.10:339][  0]LogTemp: Display: Module 'IOSTargetPlatform' loaded TargetPlatform 'IOSClient'
[2020.01.31-23.38.10:339][  0]LogTemp: Display: Module 'IOSTargetPlatform' loaded TargetPlatform 'IOS'
[2020.01.31-23.38.10:364][  0]LogTemp: Display: Module 'TVOSTargetPlatform' loaded TargetPlatform 'TVOSClient'
[2020.01.31-23.38.10:364][  0]LogTemp: Display: Module 'TVOSTargetPlatform' loaded TargetPlatform 'TVOS'
[2020.01.31-23.38.10:378][  0]LogTemp: Display: Module 'LinuxClientTargetPlatform' loaded TargetPlatform 'LinuxClient'
[2020.01.31-23.38.10:392][  0]LogTemp: Display: Module 'LinuxNoEditorTargetPlatform' loaded TargetPlatform 'LinuxNoEditor'
[2020.01.31-23.38.10:406][  0]LogTemp: Display: Module 'LinuxServerTargetPlatform' loaded TargetPlatform 'LinuxServer'
[2020.01.31-23.38.10:421][  0]LogTemp: Display: Module 'LinuxTargetPlatform' loaded TargetPlatform 'Linux'
[2020.01.31-23.38.10:466][  0]LogTemp: Display: Module 'LuminTargetPlatform' loaded TargetPlatform 'Lumin'
[2020.01.31-23.38.10:466][  0]LogTemp: Display: Module 'LuminTargetPlatform' loaded TargetPlatform 'LuminClient'
[2020.01.31-23.38.10:466][  0]LogTargetPlatformManager: Display: Building Assets For Windows
[2020.01.31-23.38.10:485][  0]LogAudioDebug: Display: Lib vorbis DLL was dynamically loaded.
[2020.01.31-23.38.10:582][  0]LogShaderCompilers: Guid format shader working directory is -29 characters bigger than the processId version (../../../../../../Users/w017177h/Documents/GGJ2020/Global-Game-Jam-2020/GGJ20/Intermediate/Shaders/WorkingDirectory/12824/).
[2020.01.31-23.38.10:582][  0]LogShaderCompilers: Cleaned the shader compiler working directory 'C:/Users/w017177h/AppData/Local/Temp/UnrealShaderWorkingDir/064D504B4C58BCB9D7CEE49E191271DD/'.
[2020.01.31-23.38.10:584][  0]LogXGEController: Cleaning working directory: C:/Users/w017177h/AppData/Local/Temp/UnrealXGEWorkingDir/
[2020.01.31-23.38.10:585][  0]LogXGEController: Cannot use XGE Controller as Incredibuild is not installed on this machine.
[2020.01.31-23.38.10:585][  0]LogShaderCompilers: Cannot use XGE Shader Compiler as Incredibuild is not installed on this machine.
[2020.01.31-23.38.10:585][  0]LogShaderCompilers: Display: Using Local Shader Compiler.
[2020.01.31-23.38.11:098][  0]LogDerivedDataCache: Display: Max Cache Size: 512 MB
[2020.01.31-23.38.11:148][  0]LogDerivedDataCache: Loaded boot cache 0.05s 71MB C:/Users/w017177h/AppData/Local/UnrealEngine/4.22/DerivedDataCache/Boot.ddc.
[2020.01.31-23.38.11:148][  0]LogDerivedDataCache: Display: Loaded Boot cache: C:/Users/w017177h/AppData/Local/UnrealEngine/4.22/DerivedDataCache/Boot.ddc
[2020.01.31-23.38.11:148][  0]LogDerivedDataCache: FDerivedDataBackendGraph:  Pak pak cache file ../../../../../../Users/w017177h/Documents/GGJ2020/Global-Game-Jam-2020/GGJ20/DerivedDataCache/DDC.ddp not found, will not use a pak cache.
[2020.01.31-23.38.11:148][  0]LogDerivedDataCache: Unable to find inner node Pak for hierarchical cache Hierarchy.
[2020.01.31-23.38.11:148][  0]LogDerivedDataCache: FDerivedDataBackendGraph:  CompressedPak pak cache file ../../../../../../Users/w017177h/Documents/GGJ2020/Global-Game-Jam-2020/GGJ20/DerivedDataCache/Compressed.ddp not found, will not use a pak cache.
[2020.01.31-23.38.11:148][  0]LogDerivedDataCache: Unable to find inner node CompressedPak for hierarchical cache Hierarchy.
[2020.01.31-23.38.11:160][  0]LogDerivedDataCache: Display: Pak cache opened for reading ../../../Engine/DerivedDataCache/Compressed.ddp.
[2020.01.31-23.38.11:160][  0]LogDerivedDataCache: FDerivedDataBackendGraph:  EnterprisePak pak cache file ../../../Enterprise/DerivedDataCache/Compressed.ddp not found, will not use a pak cache.
[2020.01.31-23.38.11:161][  0]LogDerivedDataCache: Unable to find inner node EnterprisePak for hierarchical cache Hierarchy.
[2020.01.31-23.38.11:174][  0]LogDerivedDataCache: Using Local data cache path C:/Users/w017177h/AppData/Local/UnrealEngine/Common/DerivedDataCache: Writable
[2020.01.31-23.38.11:174][  0]LogDerivedDataCache: Shared data cache path not found in *engine.ini, will not use an Shared cache.
[2020.01.31-23.38.11:174][  0]LogDerivedDataCache: Unable to find inner node Shared for hierarchical cache Hierarchy.
[2020.01.31-23.38.11:195][  0]LogMaterial: Verifying Global Shaders for PCD3D_SM5
[2020.01.31-23.38.11:196][  0]LogSlate: Using FreeType 2.6.0
[2020.01.31-23.38.11:197][  0]LogSlate: SlateFontServices - WITH_FREETYPE: 1, WITH_HARFBUZZ: 1
[2020.01.31-23.38.11:276][  0]LogAssetRegistry: FAssetRegistry took 0.0347 seconds to start up
[2020.01.31-23.38.11:623][  0]LogInit: Selected Device Profile: [Windows]
[2020.01.31-23.38.11:699][  0]LogMeshReduction: Using QuadricMeshReduction for automatic static mesh reduction
[2020.01.31-23.38.11:699][  0]LogMeshReduction: Using SimplygonMeshReduction for automatic skeletal mesh reduction
[2020.01.31-23.38.11:699][  0]LogMeshReduction: Using ProxyLODMeshReduction for automatic mesh merging
[2020.01.31-23.38.11:699][  0]LogMeshReduction: No distributed automatic mesh merging module available
[2020.01.31-23.38.11:699][  0]LogMeshMerging: No distributed automatic mesh merging module available
[2020.01.31-23.38.11:781][  0]LogNetVersion: GGJ20 1.0.0, NetCL: 5660361, EngineNetVer: 10, GameNetVer: 0 (Checksum: 2452190960)
[2020.01.31-23.38.12:143][  0]LogPackageLocalizationCache: Processed 10 localized package path(s) for 1 prioritized culture(s) in 0.046841 seconds
[2020.01.31-23.38.12:152][  0]LogUObjectArray: 42205 objects as part of root set at end of initial load.
[2020.01.31-23.38.12:152][  0]LogUObjectAllocator: 7325032 out of 0 bytes used by permanent object pool.
[2020.01.31-23.38.12:152][  0]LogUObjectArray: CloseDisregardForGC: 0/0 objects in disregard for GC pool
[2020.01.31-23.38.13:016][  0]LogTcpMessaging: Initializing TcpMessaging bridge
[2020.01.31-23.38.13:033][  0]LogUdpMessaging: Initializing bridge on interface 0.0.0.0:0 to multicast group 230.0.0.1:6666.
[2020.01.31-23.38.13:207][  0]SourceControl: Source control is disabled
[2020.01.31-23.38.13:207][  0]SourceControl: Source control is disabled
[2020.01.31-23.38.13:210][  0]SourceControl: Source control is disabled
[2020.01.31-23.38.13:213][  0]SourceControl: Source control is disabled
[2020.01.31-23.38.13:376][  0]LogAndroidPermission: UAndroidPermissionCallbackProxy::GetInstance
[2020.01.31-23.38.13:514][  0]LogOcInput: OculusInput pre-init called
[2020.01.31-23.38.14:132][  0]LogEngine: Initializing Engine...
[2020.01.31-23.38.14:133][  0]LogHMD: Failed to initialize OpenVR with code 110
[2020.01.31-23.38.14:134][  0]LogStats: UGameplayTagsManager::InitializeManager -  0.000 s
[2020.01.31-23.38.14:326][  0]LogInit: Initializing FReadOnlyCVARCache
[2020.01.31-23.38.14:342][  0]LogAIModule: Creating AISystem for world Untitled
[2020.01.31-23.38.14:367][  0]LogInit: XAudio2 using 'Headset Earphone (Corsair VOID PRO USB Gaming Headset )' : 2 channels at 48 kHz using 16 bits per sample (channel mask 0x3)
[2020.01.31-23.38.14:390][  0]LogInit: FAudioDevice initialized.
[2020.01.31-23.38.14:390][  0]LogNetVersion: Set ProjectVersion to 1.0.0.0. Version Checksum will be recalculated on next use.
[2020.01.31-23.38.14:439][  0]LogDerivedDataCache: Saved boot cache 0.05s 71MB C:/Users/w017177h/AppData/Local/UnrealEngine/4.22/DerivedDataCache/Boot.ddc.
[2020.01.31-23.38.14:447][  0]LogInit: Texture streaming: Enabled
[2020.01.31-23.38.14:474][  0]LogEngineSessionManager: EngineSessionManager initialized
[2020.01.31-23.38.14:494][  0]LogInit: Transaction tracking system initialized
[2020.01.31-23.38.14:530][  0]BlueprintLog: New page: Editor Load
[2020.01.31-23.38.14:661][  0]LocalizationService: Localization service is disabled
[2020.01.31-23.38.14:960][  0]LogFileCache: Scanning file cache for directory 'C:/Users/w017177h/Documents/GGJ2020/Global-Game-Jam-2020/GGJ20/Content/' took 0.01s
[2020.01.31-23.38.14:960][  0]LogCook: Display: Max memory allowance for cook 16384mb min free memory 0mb
[2020.01.31-23.38.14:961][  0]LogCook: Display: Mobile HDR setting 1
[2020.01.31-23.38.15:216][  0]SourceControl: Source control is disabled
[2020.01.31-23.38.15:217][  0]Cmd: MAP LOAD FILE="../../../Engine/Content/Maps/Templates/Template_Default.umap" TEMPLATE=1 SHOWPROGRESS=1 FEATURELEVEL=3
[2020.01.31-23.38.15:217][  0]LightingResults: New page: Lighting Build
[2020.01.31-23.38.15:220][  0]MapCheck: New page: Map Check
[2020.01.31-23.38.15:220][  0]LightingResults: New page: Lighting Build
[2020.01.31-23.38.15:250][  0]LogUObjectHash: Compacting FUObjectHashTables data took   1.66ms
[2020.01.31-23.38.15:326][  0]LogAIModule: Creating AISystem for world Untitled_1
[2020.01.31-23.38.15:332][  0]LogEditorServer: Finished looking for orphan Actors (0.000 secs)
[2020.01.31-23.38.15:364][  0]LogUObjectHash: Compacting FUObjectHashTables data took   1.85ms
[2020.01.31-23.38.15:364][  0]Cmd: MAP CHECKDEP NOCLEARLOG
[2020.01.31-23.38.15:364][  0]MapCheck: Map check complete: 0 Error(s), 0 Warning(s), took 0.317ms to complete.
[2020.01.31-23.38.15:365][  0]LogFileHelpers: Loading map 'Template_Default' took 0.149
[2020.01.31-23.38.15:479][  0]LogSlate: Updating window title bar state: overlay mode, drag disabled, window buttons hidden, title bar hidden
[2020.01.31-23.38.15:486][  0]LogSlate: Updating window title bar state: overlay mode, drag disabled, window buttons hidden, title bar hidden
[2020.01.31-23.38.15:493][  0]LogSlate: Updating window title bar state: overlay mode, drag disabled, window buttons hidden, title bar hidden
[2020.01.31-23.38.15:500][  0]LogSlate: Updating window title bar state: overlay mode, drag disabled, window buttons hidden, title bar hidden
[2020.01.31-23.38.15:508][  0]LogCollectionManager: Loaded 0 collections in 0.001763 seconds
[2020.01.31-23.38.15:552][  0]LogFileCache: Scanning file cache for directory 'C:/Users/w017177h/Documents/GGJ2020/Global-Game-Jam-2020/GGJ20/Saved/Collections/' took 0.01s
[2020.01.31-23.38.15:552][  0]LogFileCache: Scanning file cache for directory 'C:/Users/w017177h/Documents/GGJ2020/Global-Game-Jam-2020/GGJ20/Content/Developers/w017177h/Collections/' took 0.01s
[2020.01.31-23.38.15:552][  0]LogFileCache: Scanning file cache for directory 'C:/Users/w017177h/Documents/GGJ2020/Global-Game-Jam-2020/GGJ20/Content/Collections/' took 0.01s
[2020.01.31-23.38.15:552][  0]LogCollectionManager: Rebuilt the GUID cache for 0 collections in 0.000000 seconds
[2020.01.31-23.38.15:561][  0]LogContentBrowser: Native class hierarchy populated in 0.0087 seconds. Added 2736 classes and 662 folders.
[2020.01.31-23.38.15:567][  0]LogContentBrowser: Native class hierarchy updated for 'WidgetCarousel' in 0.0003 seconds. Added 0 classes and 0 folders.
[2020.01.31-23.38.15:569][  0]LogPakFile: Registered encryption key '00000000000000000000000000000000': 0 pak files mounted, 0 remain pending
[2020.01.31-23.38.15:569][  0]LogPakFile: Registered encryption key '00000000000000000000000000000000': 0 pak files mounted, 0 remain pending
[2020.01.31-23.38.15:570][  0]LogPakFile: Registered encryption key '00000000000000000000000000000000': 0 pak files mounted, 0 remain pending
[2020.01.31-23.38.15:571][  0]LogPakFile: Registered encryption key '00000000000000000000000000000000': 0 pak files mounted, 0 remain pending
[2020.01.31-23.38.15:571][  0]LogPakFile: Registered encryption key '00000000000000000000000000000000': 0 pak files mounted, 0 remain pending
[2020.01.31-23.38.15:572][  0]LogPakFile: Registered encryption key '00000000000000000000000000000000': 0 pak files mounted, 0 remain pending
[2020.01.31-23.38.15:573][  0]LogPakFile: Registered encryption key '00000000000000000000000000000000': 0 pak files mounted, 0 remain pending
[2020.01.31-23.38.15:573][  0]LogPakFile: Registered encryption key '00000000000000000000000000000000': 0 pak files mounted, 0 remain pending
[2020.01.31-23.38.15:574][  0]LogPakFile: Registered encryption key '00000000000000000000000000000000': 0 pak files mounted, 0 remain pending
[2020.01.31-23.38.15:575][  0]LogPakFile: Registered encryption key '00000000000000000000000000000000': 0 pak files mounted, 0 remain pending
[2020.01.31-23.38.15:575][  0]LogPakFile: Registered encryption key '00000000000000000000000000000000': 0 pak files mounted, 0 remain pending
[2020.01.31-23.38.15:576][  0]LogPakFile: Registered encryption key '00000000000000000000000000000000': 0 pak files mounted, 0 remain pending
[2020.01.31-23.38.15:576][  0]LogPakFile: Registered encryption key '00000000000000000000000000000000': 0 pak files mounted, 0 remain pending
[2020.01.31-23.38.15:577][  0]LogPakFile: Registered encryption key '00000000000000000000000000000000': 0 pak files mounted, 0 remain pending
[2020.01.31-23.38.15:577][  0]LogPakFile: Registered encryption key '00000000000000000000000000000000': 0 pak files mounted, 0 remain pending
[2020.01.31-23.38.15:578][  0]LogPakFile: Registered encryption key '00000000000000000000000000000000': 0 pak files mounted, 0 remain pending
[2020.01.31-23.38.15:578][  0]LogPakFile: Registered encryption key '00000000000000000000000000000000': 0 pak files mounted, 0 remain pending
[2020.01.31-23.38.15:579][  0]LogPakFile: Registered encryption key '00000000000000000000000000000000': 0 pak files mounted, 0 remain pending
[2020.01.31-23.38.15:580][  0]LogPakFile: Registered encryption key '00000000000000000000000000000000': 0 pak files mounted, 0 remain pending
[2020.01.31-23.38.15:580][  0]LogPakFile: Registered encryption key '00000000000000000000000000000000': 0 pak files mounted, 0 remain pending
[2020.01.31-23.38.15:581][  0]LogPakFile: Registered encryption key '00000000000000000000000000000000': 0 pak files mounted, 0 remain pending
[2020.01.31-23.38.15:581][  0]LogPakFile: Registered encryption key '00000000000000000000000000000000': 0 pak files mounted, 0 remain pending
[2020.01.31-23.38.15:582][  0]LogPakFile: Registered encryption key '00000000000000000000000000000000': 0 pak files mounted, 0 remain pending
[2020.01.31-23.38.15:582][  0]LogPakFile: Registered encryption key '00000000000000000000000000000000': 0 pak files mounted, 0 remain pending
[2020.01.31-23.38.15:583][  0]LogPakFile: Registered encryption key '00000000000000000000000000000000': 0 pak files mounted, 0 remain pending
[2020.01.31-23.38.15:584][  0]LogPakFile: Registered encryption key '00000000000000000000000000000000': 0 pak files mounted, 0 remain pending
[2020.01.31-23.38.15:607][  0]LogContentBrowser: Native class hierarchy updated for 'AddContentDialog' in 0.0004 seconds. Added 0 classes and 0 folders.
[2020.01.31-23.38.15:615][  0]LogContentBrowser: Native class hierarchy updated for 'SceneOutliner' in 0.0005 seconds. Added 1 classes and 2 folders.
[2020.01.31-23.38.15:630][  0]LogSlate: Took 0.000189 seconds to synchronously load lazily loaded font '../../../Engine/Content/Slate/Fonts/Roboto-Regular.ttf' (155K)
[2020.01.31-23.38.15:632][  0]LogSlate: Took 0.000136 seconds to synchronously load lazily loaded font '../../../Engine/Content/Slate/Fonts/Roboto-Bold.ttf' (160K)
[2020.01.31-23.38.15:637][  0]LogSlate: Took 0.000172 seconds to synchronously load lazily loaded font '../../../Engine/Content/Editor/Slate/Fonts/FontAwesome.ttf' (139K)
[2020.01.31-23.38.15:700][  0]LogRenderer: Reallocating scene render targets to support 1052x572 Format 10 NumSamples 1 (Frame:1).
[2020.01.31-23.38.15:735][  0]LogSlate: Took 0.000165 seconds to synchronously load lazily loaded font '../../../Engine/Content/Slate/Fonts/Roboto-Light.ttf' (167K)
[2020.01.31-23.38.15:780][  0]LogSlate: FSceneViewport::OnFocusLost() reason 2
[2020.01.31-23.38.15:793][  0]LogSlate: Window 'Tutorials' being destroyed
[2020.01.31-23.38.15:831][  0]LogContentBrowser: Native class hierarchy updated for 'HierarchicalLODOutliner' in 0.0005 seconds. Added 0 classes and 0 folders.
[2020.01.31-23.38.15:831][  0]LogLoad: (Engine Initialization) Total time: 8.66 seconds
[2020.01.31-23.38.15:831][  0]LogLoad: (Engine Initialization) Total Blueprint compile time: 0.00 seconds
[2020.01.31-23.38.15:909][  0]LogAssetRegistry: Asset discovery search completed in 4.6572 seconds
[2020.01.31-23.38.15:913][  0]LogCollectionManager: Rebuilt the object cache for 0 collections in 0.000001 seconds (found 0 objects)
[2020.01.31-23.38.15:913][  0]LogCollectionManager: Fixed up redirectors for 0 collections in 0.000137 seconds (updated 0 objects)
[2020.01.31-23.38.15:914][  0]LogContentStreaming: Texture pool size now 1000 MB
[2020.01.31-23.38.31:464][857]LogSlate: FSceneViewport::OnFocusLost() reason 0
[2020.01.31-23.38.31:578][870]LogEditor: Attempting to add actor of class 'IRepairableBase' to level at -620.00,-230.00,-30.00
[2020.01.31-23.38.31:978][917]LogEditor: Attempting to add actor of class 'IRepairableBase' to level at -340.00,-200.00,20.00
[2020.01.31-23.38.32:703][  2]LogSlate: FSceneViewport::OnFocusLost() reason 0
[2020.01.31-23.38.32:823][ 16]LogEditor: Attempting to add actor of class 'ILightControllerBase' to level at -640.00,-250.00,-40.00
[2020.01.31-23.38.32:823][ 16]LogActor: Warning: ILightControllerBase /Temp/Untitled_1.Untitled_1:PersistentLevel.ILightControllerBase_0 has natively added scene component(s), but none of them were set as the actor's RootComponent - picking one arbitrarily
[2020.01.31-23.38.33:322][ 74]LogEditor: Attempting to add actor of class 'ILightControllerBase' to level at -340.00,60.00,20.00
[2020.01.31-23.38.33:322][ 74]LogActor: Warning: ILightControllerBase /Temp/Untitled_1.Untitled_1:PersistentLevel.ILightControllerBase_1 has natively added scene component(s), but none of them were set as the actor's RootComponent - picking one arbitrarily
[2020.01.31-23.38.34:376][196]LogSlate: FSceneViewport::OnFocusLost() reason 0
[2020.01.31-23.38.52:235][332]LogSlate: Took 0.000228 seconds to synchronously load lazily loaded font '../../../Engine/Content/Slate/Fonts/Roboto-Italic.ttf' (157K)
[2020.01.31-23.38.57:852][996]LogSlate: Window 'Color Picker' being destroyed
[2020.01.31-23.39.01:702][450]LogSlate: FSceneViewport::OnFocusLost() reason 0
[2020.01.31-23.39.03:752][695]LogConsoleManager: Warning: Console object named 'ActorComponents.Enable' already exists but is being registered again, but we weren't expected it to be! (FConsoleManager::AddConsoleObject)
[2020.01.31-23.39.05:920][953]LogTemp: Repeating last play command: Selected Viewport
[2020.01.31-23.39.05:942][953]LogBlueprintUserMessages: Early PlayInEditor Detection: Level '/Temp/Untitled_1.Untitled_1:PersistentLevel' has LevelScriptBlueprint '/Temp/Untitled_1.Untitled_1:PersistentLevel.Untitled' with GeneratedClass '/Temp/Untitled_1.Untitled_C' with ClassGeneratedBy '/Temp/Untitled_1.Untitled_1:PersistentLevel.Untitled'
[2020.01.31-23.39.05:942][953]LogPlayLevel: PlayLevel: No blueprints needed recompiling
[2020.01.31-23.39.05:943][953]PIE: New page: PIE session: Untitled_1 (31 Jan 2020 23:39:05)
[2020.01.31-23.39.05:957][953]LogPlayLevel: Creating play world package: /Temp/UEDPIE_0_Untitled_1
[2020.01.31-23.39.05:961][953]LogPlayLevel: PIE: StaticDuplicateObject took: (0.002936s)
[2020.01.31-23.39.05:961][953]LogAIModule: Creating AISystem for world Untitled_1
[2020.01.31-23.39.05:962][953]LogPlayLevel: PIE: World Init took: (0.000849s)
[2020.01.31-23.39.05:962][953]LogPlayLevel: PIE: Created PIE world by copying editor world from /Temp/Untitled_1.Untitled_1 to /Temp/UEDPIE_0_Untitled_1.Untitled_1 (0.004512s)
[2020.01.31-23.39.05:989][953]LogUObjectHash: Compacting FUObjectHashTables data took   1.21ms
[2020.01.31-23.39.06:001][953]LogInit: XAudio2 using 'Headset Earphone (Corsair VOID PRO USB Gaming Headset )' : 2 channels at 48 kHz using 16 bits per sample (channel mask 0x3)
[2020.01.31-23.39.06:011][953]LogInit: FAudioDevice initialized.
[2020.01.31-23.39.06:055][953]LogLoad: Game class is 'GameModeBase'
[2020.01.31-23.39.06:057][953]LogWorld: Bringing World /Temp/UEDPIE_0_Untitled_1.Untitled_1 up for play (max tick rate 0) at 2020.01.31-23.39.06
[2020.01.31-23.39.06:057][953]LogWorld: Bringing up level for play took: 0.000776
[2020.01.31-23.39.06:075][953]LogContentBrowser: Native class hierarchy updated for 'MovieSceneCapture' in 0.0004 seconds. Added 20 classes and 0 folders.
[2020.01.31-23.39.06:076][953]PIE: Play in editor start time for /Temp/UEDPIE_0_Untitled_1 -0.056
[2020.01.31-23.39.06:076][953]LogBlueprintUserMessages: Late PlayInEditor Detection: Level '/Temp/Untitled_1.Untitled_1:PersistentLevel' has LevelScriptBlueprint '/Temp/Untitled_1.Untitled_1:PersistentLevel.Untitled' with GeneratedClass '/Temp/Untitled_1.Untitled_C' with ClassGeneratedBy '/Temp/Untitled_1.Untitled_1:PersistentLevel.Untitled'
[2020.01.31-23.39.43:103][185]LogBlueprintUserMessages: Early EndPlayMap Detection: Level '/Temp/Untitled_1.Untitled_1:PersistentLevel' has LevelScriptBlueprint '/Temp/Untitled_1.Untitled_1:PersistentLevel.Untitled' with GeneratedClass '/Temp/Untitled_1.Untitled_C' with ClassGeneratedBy '/Temp/Untitled_1.Untitled_1:PersistentLevel.Untitled'
[2020.01.31-23.39.43:104][185]LogSlate: Updating window title bar state: overlay mode, drag disabled, window buttons hidden, title bar hidden
[2020.01.31-23.39.43:139][185]LogPlayLevel: Display: Shutting down PIE online subsystems
[2020.01.31-23.39.43:139][185]LogBlueprintUserMessages: Late EndPlayMap Detection: Level '/Temp/Untitled_1.Untitled_1:PersistentLevel' has LevelScriptBlueprint '/Temp/Untitled_1.Untitled_1:PersistentLevel.Untitled' with GeneratedClass '/Temp/Untitled_1.Untitled_C' with ClassGeneratedBy '/Temp/Untitled_1.Untitled_1:PersistentLevel.Untitled'
[2020.01.31-23.39.43:171][185]LogSlate: Updating window title bar state: overlay mode, drag disabled, window buttons hidden, title bar hidden
[2020.01.31-23.39.43:174][185]LogUObjectHash: Compacting FUObjectHashTables data took   1.44ms
[2020.01.31-23.39.43:210][187]LogPlayLevel: Display: Destroying online subsystem :Context_1
[2020.01.31-23.39.43:977][279]LogSlate: FSceneViewport::OnFocusLost() reason 0
[2020.01.31-23.39.44:068][290]LogTemp: Repeating last play command: Selected Viewport
[2020.01.31-23.39.44:080][290]LogBlueprintUserMessages: Early PlayInEditor Detection: Level '/Temp/Untitled_1.Untitled_1:PersistentLevel' has LevelScriptBlueprint '/Temp/Untitled_1.Untitled_1:PersistentLevel.Untitled' with GeneratedClass '/Temp/Untitled_1.Untitled_C' with ClassGeneratedBy '/Temp/Untitled_1.Untitled_1:PersistentLevel.Untitled'
[2020.01.31-23.39.44:080][290]LogPlayLevel: PlayLevel: No blueprints needed recompiling
[2020.01.31-23.39.44:080][290]PIE: New page: PIE session: Untitled_1 (31 Jan 2020 23:39:44)
[2020.01.31-23.39.44:081][290]LogPlayLevel: Creating play world package: /Temp/UEDPIE_0_Untitled_1
[2020.01.31-23.39.44:084][290]LogPlayLevel: PIE: StaticDuplicateObject took: (0.002798s)
[2020.01.31-23.39.44:084][290]LogAIModule: Creating AISystem for world Untitled_1
[2020.01.31-23.39.44:085][290]LogPlayLevel: PIE: World Init took: (0.000854s)
[2020.01.31-23.39.44:085][290]LogPlayLevel: PIE: Created PIE world by copying editor world from /Temp/Untitled_1.Untitled_1 to /Temp/UEDPIE_0_Untitled_1.Untitled_1 (0.004388s)
[2020.01.31-23.39.44:111][290]LogUObjectHash: Compacting FUObjectHashTables data took   1.05ms
[2020.01.31-23.39.44:122][290]LogInit: XAudio2 using 'Headset Earphone (Corsair VOID PRO USB Gaming Headset )' : 2 channels at 48 kHz using 16 bits per sample (channel mask 0x3)
[2020.01.31-23.39.44:132][290]LogInit: FAudioDevice initialized.
[2020.01.31-23.39.44:163][290]LogLoad: Game class is 'GameModeBase'
[2020.01.31-23.39.44:164][290]LogWorld: Bringing World /Temp/UEDPIE_0_Untitled_1.Untitled_1 up for play (max tick rate 0) at 2020.01.31-23.39.44
[2020.01.31-23.39.44:164][290]LogWorld: Bringing up level for play took: 0.000574
[2020.01.31-23.39.44:178][290]PIE: Play in editor start time for /Temp/UEDPIE_0_Untitled_1 0.046
[2020.01.31-23.39.44:178][290]LogBlueprintUserMessages: Late PlayInEditor Detection: Level '/Temp/Untitled_1.Untitled_1:PersistentLevel' has LevelScriptBlueprint '/Temp/Untitled_1.Untitled_1:PersistentLevel.Untitled' with GeneratedClass '/Temp/Untitled_1.Untitled_C' with ClassGeneratedBy '/Temp/Untitled_1.Untitled_1:PersistentLevel.Untitled'
[2020.01.31-23.39.45:643][463]LogBlueprintUserMessages: Early EndPlayMap Detection: Level '/Temp/Untitled_1.Untitled_1:PersistentLevel' has LevelScriptBlueprint '/Temp/Untitled_1.Untitled_1:PersistentLevel.Untitled' with GeneratedClass '/Temp/Untitled_1.Untitled_C' with ClassGeneratedBy '/Temp/Untitled_1.Untitled_1:PersistentLevel.Untitled'
[2020.01.31-23.39.45:643][463]LogSlate: Updating window title bar state: overlay mode, drag disabled, window buttons hidden, title bar hidden
[2020.01.31-23.39.45:678][463]LogPlayLevel: Display: Shutting down PIE online subsystems
[2020.01.31-23.39.45:679][463]LogBlueprintUserMessages: Late EndPlayMap Detection: Level '/Temp/Untitled_1.Untitled_1:PersistentLevel' has LevelScriptBlueprint '/Temp/Untitled_1.Untitled_1:PersistentLevel.Untitled' with GeneratedClass '/Temp/Untitled_1.Untitled_C' with ClassGeneratedBy '/Temp/Untitled_1.Untitled_1:PersistentLevel.Untitled'
[2020.01.31-23.39.45:711][463]LogSlate: Updating window title bar state: overlay mode, drag disabled, window buttons hidden, title bar hidden
[2020.01.31-23.39.45:713][463]LogUObjectHash: Compacting FUObjectHashTables data took   1.06ms
[2020.01.31-23.39.45:749][465]LogPlayLevel: Display: Destroying online subsystem :Context_2
[2020.01.31-23.40.05:315][820]LogSlate: FSceneViewport::OnFocusLost() reason 2
[2020.01.31-23.40.06:146][918]Candidate modules for hot reload:
[2020.01.31-23.40.06:146][918]  GGJ20
[2020.01.31-23.40.06:147][918]Launching UnrealBuildTool... [C:/Epic/UE4/UE_4.22/Engine/Binaries/DotNET/UnrealBuildTool.exe  -ModuleWithSuffix=GGJ20,2274 Win64 Development -TargetType=Editor -Project="C:/Users/w017177h/Documents/GGJ2020/Global-Game-Jam-2020/GGJ20/GGJ20.uproject" "C:/Users/w017177h/Documents/GGJ2020/Global-Game-Jam-2020/GGJ20/GGJ20.uproject"  -IgnoreJunk]
[2020.01.31-23.40.06:161][918]Warning: Starting HotReload took  0.0s.
[2020.01.31-23.40.19:257][341]CompilerResultsLog: New page: Compilation - 31 Jan 2020 23:40:19
[2020.01.31-23.40.19:258][341]CompilerResultsLog: Using 'git status' to determine working set for adaptive non-unity build (C:\Users\w017177h\Documents\GGJ2020\Global-Game-Jam-2020).
[2020.01.31-23.40.19:258][341]CompilerResultsLog: Creating makefile for GGJ20Editor (ini files are newer than makefile)
[2020.01.31-23.40.19:258][341]CompilerResultsLog: Parsing headers for GGJ20Editor
[2020.01.31-23.40.19:258][341]CompilerResultsLog:   Running UnrealHeaderTool "C:\Users\w017177h\Documents\GGJ2020\Global-Game-Jam-2020\GGJ20\GGJ20.uproject" "C:\Users\w017177h\Documents\GGJ2020\Global-Game-Jam-2020\GGJ20\Intermediate\Build\Win64\GGJ20Editor\Development\GGJ20Editor.uhtmanifest" -LogCmds="loginit warning, logexit warning, logdatabase error" -Unattended -WarningsAsErrors -installed
[2020.01.31-23.40.19:258][341]CompilerResultsLog: Reflection code generated for GGJ20Editor in 6.4516537 seconds
[2020.01.31-23.40.19:258][341]CompilerResultsLog: Failed to delete file 'C:\Users\w017177h\Documents\GGJ2020\Global-Game-Jam-2020\GGJ20\Binaries\Win64\UE4Editor-GGJ20.pdb'
[2020.01.31-23.40.19:258][341]CompilerResultsLog:     Exception: Access to the path 'C:\Users\w017177h\Documents\GGJ2020\Global-Game-Jam-2020\GGJ20\Binaries\Win64\UE4Editor-GGJ20.pdb' is denied.
[2020.01.31-23.40.19:258][341]CompilerResultsLog: Attempting to retry...
[2020.01.31-23.40.19:259][341]CompilerResultsLog: Failed to delete file 'C:\Users\w017177h\Documents\GGJ2020\Global-Game-Jam-2020\GGJ20\Binaries\Win64\UE4Editor-GGJ20.pdb'
[2020.01.31-23.40.19:259][341]CompilerResultsLog:     Exception: Access to the path 'C:\Users\w017177h\Documents\GGJ2020\Global-Game-Jam-2020\GGJ20\Binaries\Win64\UE4Editor-GGJ20.pdb' is denied.
[2020.01.31-23.40.19:259][341]CompilerResultsLog: Attempting to retry...
[2020.01.31-23.40.19:259][341]CompilerResultsLog: Failed to delete file 'C:\Users\w017177h\Documents\GGJ2020\Global-Game-Jam-2020\GGJ20\Binaries\Win64\UE4Editor-GGJ20.pdb'
[2020.01.31-23.40.19:259][341]CompilerResultsLog:     Exception: Access to the path 'C:\Users\w017177h\Documents\GGJ2020\Global-Game-Jam-2020\GGJ20\Binaries\Win64\UE4Editor-GGJ20.pdb' is denied.
[2020.01.31-23.40.19:259][341]CompilerResultsLog: ERROR: Exhausted all retries!
[2020.01.31-23.40.19:259][341]CompilerResultsLog: Using Visual Studio 2019 14.20.27508 toolchain (C:\Program Files (x86)\Microsoft Visual Studio\2019\Professional\VC\Tools\MSVC\14.20.27508) and Windows 10.0.17763.0 SDK (C:\Program Files (x86)\Windows Kits\10).
[2020.01.31-23.40.19:259][341]CompilerResultsLog: Building 4 actions with 8 processes...
[2020.01.31-23.40.19:259][341]CompilerResultsLog:   [1/4] ILightControllerBase.cpp
[2020.01.31-23.40.19:259][341]CompilerResultsLog:   [2/4] UE4Editor-GGJ20-2274.lib
[2020.01.31-23.40.19:260][341]CompilerResultsLog:      Creating library C:\Users\w017177h\Documents\GGJ2020\Global-Game-Jam-2020\GGJ20\Intermediate\Build\Win64\UE4Editor\Development\GGJ20\UE4Editor-GGJ20-2274.lib and object C:\Users\w017177h\Documents\GGJ2020\Global-Game-Jam-2020\GGJ20\Intermediate\Build\Win64\UE4Editor\Development\GGJ20\UE4Editor-GGJ20-2274.exp
[2020.01.31-23.40.19:260][341]CompilerResultsLog:   [3/4] UE4Editor-GGJ20-2274.dll
[2020.01.31-23.40.19:260][341]CompilerResultsLog:      Creating library C:\Users\w017177h\Documents\GGJ2020\Global-Game-Jam-2020\GGJ20\Intermediate\Build\Win64\UE4Editor\Development\GGJ20\UE4Editor-GGJ20-2274.suppressed.lib and object C:\Users\w017177h\Documents\GGJ2020\Global-Game-Jam-2020\GGJ20\Intermediate\Build\Win64\UE4Editor\Development\GGJ20\UE4Editor-GGJ20-2274.suppressed.exp
[2020.01.31-23.40.19:260][341]CompilerResultsLog:   [4/4] GGJ20Editor.target
[2020.01.31-23.40.19:260][341]CompilerResultsLog: Total time in Parallel executor: 2.27 seconds
[2020.01.31-23.40.19:260][341]CompilerResultsLog: Total execution time: 13.01 seconds
[2020.01.31-23.40.19:260][341]LogMainFrame: MainFrame: Module compiling took 13.117 seconds
[2020.01.31-23.40.19:290][341]LogUObjectHash: Compacting FUObjectHashTables data took   0.69ms
[2020.01.31-23.40.19:353][341]LogClass: RepairTypes HotReload.
[2020.01.31-23.40.19:359][341]LogContentBrowser: Native class hierarchy updated for 'GGJ20' in 0.0005 seconds. Added 4 classes and 3 folders.
[2020.01.31-23.40.19:362][341]Display: HotReload successful (0 functions remapped  0 scriptstructs remapped)
[2020.01.31-23.40.19:493][341]LogUObjectHash: Compacting FUObjectHashTables data took   1.23ms
[2020.01.31-23.40.19:506][341]LogContentBrowser: Native class hierarchy populated in 0.0087 seconds. Added 2737 classes and 664 folders.
[2020.01.31-23.40.19:506][341]Display: HotReload took 13.4s.
[2020.01.31-23.40.27:759][658]LogSlate: FSceneViewport::OnFocusLost() reason 0
[2020.01.31-23.40.27:834][667]LogTemp: Repeating last play command: Selected Viewport
[2020.01.31-23.40.27:850][667]LogBlueprintUserMessages: Early PlayInEditor Detection: Level '/Temp/Untitled_1.Untitled_1:PersistentLevel' has LevelScriptBlueprint '/Temp/Untitled_1.Untitled_1:PersistentLevel.Untitled' with GeneratedClass '/Temp/Untitled_1.Untitled_C' with ClassGeneratedBy '/Temp/Untitled_1.Untitled_1:PersistentLevel.Untitled'
[2020.01.31-23.40.27:850][667]LogPlayLevel: PlayLevel: No blueprints needed recompiling
[2020.01.31-23.40.27:850][667]PIE: New page: PIE session: Untitled_1 (31 Jan 2020 23:40:27)
[2020.01.31-23.40.27:851][667]LogPlayLevel: Creating play world package: /Temp/UEDPIE_0_Untitled_1
[2020.01.31-23.40.27:854][667]LogPlayLevel: PIE: StaticDuplicateObject took: (0.003428s)
[2020.01.31-23.40.27:855][667]LogAIModule: Creating AISystem for world Untitled_1
[2020.01.31-23.40.27:855][667]LogPlayLevel: PIE: World Init took: (0.000891s)
[2020.01.31-23.40.27:855][667]LogPlayLevel: PIE: Created PIE world by copying editor world from /Temp/Untitled_1.Untitled_1 to /Temp/UEDPIE_0_Untitled_1.Untitled_1 (0.004786s)
[2020.01.31-23.40.27:884][667]LogUObjectHash: Compacting FUObjectHashTables data took   1.10ms
[2020.01.31-23.40.27:895][667]LogInit: XAudio2 using 'Headset Earphone (Corsair VOID PRO USB Gaming Headset )' : 2 channels at 48 kHz using 16 bits per sample (channel mask 0x3)
[2020.01.31-23.40.27:906][667]LogInit: FAudioDevice initialized.
[2020.01.31-23.40.27:938][667]LogLoad: Game class is 'GameModeBase'
[2020.01.31-23.40.27:939][667]LogWorld: Bringing World /Temp/UEDPIE_0_Untitled_1.Untitled_1 up for play (max tick rate 0) at 2020.01.31-23.40.27
[2020.01.31-23.40.27:939][667]LogWorld: Bringing up level for play took: 0.000609
[2020.01.31-23.40.27:953][667]PIE: Play in editor start time for /Temp/UEDPIE_0_Untitled_1 -0.179
[2020.01.31-23.40.27:953][667]LogBlueprintUserMessages: Late PlayInEditor Detection: Level '/Temp/Untitled_1.Untitled_1:PersistentLevel' has LevelScriptBlueprint '/Temp/Untitled_1.Untitled_1:PersistentLevel.Untitled' with GeneratedClass '/Temp/Untitled_1.Untitled_C' with ClassGeneratedBy '/Temp/Untitled_1.Untitled_1:PersistentLevel.Untitled'
