Log file open, 02/02/20 10:52:52
LogWindows: Failed to load 'aqProf.dll' (GetLastError=126)
LogWindows: File 'aqProf.dll' does not exist
LogWindows: Failed to load 'VtuneApi.dll' (GetLastError=126)
LogWindows: File 'VtuneApi.dll' does not exist
LogWindows: Failed to load 'VtuneApi32e.dll' (GetLastError=126)
LogWindows: File 'VtuneApi32e.dll' does not exist
LogConsoleResponse: Display: Failed to find resolution value strings in scalability ini. Falling back to default.
LogInit: Display: Running engine for game: GGJ20
LogPakFile: Registered encryption key '00000000000000000000000000000000': 0 pak files mounted, 0 remain pending
LogPlatformFile: Not using cached read wrapper
LogTaskGraph: Started task graph with 5 named threads and 23 total threads with 3 sets of task threads.
LogStats: Stats thread started at 0.373776
LogD3D11RHI: Loaded GFSDK_Aftermath_Lib.x64.dll
LogICUInternationalization: ICU TimeZone Detection - Raw Offset: +0:00, Platform Override: ''
LogPluginManager: Mounting plugin Paper2D
LogPluginManager: Mounting plugin AISupport
LogPluginManager: Mounting plugin LightPropagationVolume
LogPluginManager: Mounting plugin ActorLayerUtilities
LogPluginManager: Mounting plugin AnimationSharing
LogPluginManager: Mounting plugin CLionSourceCodeAccess
LogPluginManager: Mounting plugin CodeLiteSourceCodeAccess
LogPluginManager: Mounting plugin GitSourceControl
LogPluginManager: Mounting plugin KDevelopSourceCodeAccess
LogPluginManager: Mounting plugin NullSourceCodeAccess
LogPluginManager: Mounting plugin PerforceSourceControl
LogPluginManager: Mounting plugin SubversionSourceControl
LogPluginManager: Mounting plugin UObjectPlugin
LogPluginManager: Mounting plugin VisualStudioCodeSourceCodeAccess
LogPluginManager: Mounting plugin VisualStudioSourceCodeAccess
LogPluginManager: Mounting plugin XCodeSourceCodeAccess
LogPluginManager: Mounting plugin AssetManagerEditor
LogPluginManager: Mounting plugin CryptoKeys
LogPluginManager: Mounting plugin DataValidation
LogPluginManager: Mounting plugin FacialAnimation
LogPluginManager: Mounting plugin GameplayTagsEditor
LogPluginManager: Mounting plugin MacGraphicsSwitching
LogPluginManager: Mounting plugin MaterialAnalyzer
LogPluginManager: Mounting plugin MobileLauncherProfileWizard
LogPluginManager: Mounting plugin PluginBrowser
LogPluginManager: Mounting plugin SpeedTreeImporter
LogPluginManager: Mounting plugin DatasmithContent
LogPluginManager: Mounting plugin VariantManagerContent
LogPluginManager: Mounting plugin AlembicImporter
LogPluginManager: Mounting plugin AppleImageUtils
LogPluginManager: Mounting plugin AppleVision
LogPluginManager: Mounting plugin BackChannel
LogPluginManager: Mounting plugin CharacterAI
LogPluginManager: Mounting plugin GeometryCache
LogPluginManager: Mounting plugin HTML5Networking
LogPluginManager: Mounting plugin ProxyLODPlugin
LogPluginManager: Mounting plugin SkeletalReduction
LogPluginManager: Mounting plugin MagicLeap
LogPluginManager: Mounting plugin MagicLeapMedia
LogPluginManager: Mounting plugin AndroidMedia
LogPluginManager: Mounting plugin AvfMedia
LogPluginManager: Mounting plugin ImgMedia
LogPluginManager: Mounting plugin LinearTimecode
LogPluginManager: Mounting plugin MediaCompositing
LogPluginManager: Mounting plugin MediaPlayerEditor
LogPluginManager: Mounting plugin WebMMedia
LogPluginManager: Mounting plugin WmfMedia
LogPluginManager: Mounting plugin TcpMessaging
LogPluginManager: Mounting plugin UdpMessaging
LogPluginManager: Mounting plugin ActorSequence
LogPluginManager: Mounting plugin LevelSequenceEditor
LogPluginManager: Mounting plugin MatineeToLevelSequence
LogPluginManager: Mounting plugin NetcodeUnitTest
LogPluginManager: Mounting plugin NUTUnrealEngine4
LogPluginManager: Mounting plugin OnlineSubsystemGooglePlay
LogPluginManager: Mounting plugin OnlineSubsystemIOS
LogPluginManager: Mounting plugin OnlineSubsystem
LogPluginManager: Mounting plugin OnlineSubsystemNull
LogPluginManager: Mounting plugin OnlineSubsystemUtils
LogPluginManager: Mounting plugin LauncherChunkInstaller
LogPluginManager: Mounting plugin AndroidDeviceProfileSelector
LogPluginManager: Mounting plugin AndroidMoviePlayer
LogPluginManager: Mounting plugin AndroidPermission
LogPluginManager: Mounting plugin AppleMoviePlayer
LogPluginManager: Mounting plugin ArchVisCharacter
LogPluginManager: Mounting plugin AudioCapture
LogPluginManager: Mounting plugin CableComponent
LogPluginManager: Mounting plugin CustomMeshComponent
LogPluginManager: Mounting plugin EditableMesh
LogPluginManager: Mounting plugin ExampleDeviceProfileSelector
LogPluginManager: Mounting plugin Firebase
LogPluginManager: Mounting plugin GoogleCloudMessaging
LogPluginManager: Mounting plugin IOSDeviceProfileSelector
LogPluginManager: Mounting plugin LinuxDeviceProfileSelector
LogPluginManager: Mounting plugin LocationServicesBPLibrary
LogPluginManager: Mounting plugin MobilePatchingUtils
LogPluginManager: Mounting plugin OculusVR
LogPluginManager: Mounting plugin PhysXVehicles
LogPluginManager: Mounting plugin ProceduralMeshComponent
LogPluginManager: Mounting plugin RuntimePhysXCooking
LogPluginManager: Mounting plugin SignificanceManager
LogPluginManager: Mounting plugin SteamVR
LogPluginManager: Mounting plugin WebMMoviePlayer
LogPluginManager: Mounting plugin WindowsMoviePlayer
LogInit: Using libcurl 7.55.1-DEV
LogInit:  - built for x86_64-pc-win32
LogInit:  - supports SSL with OpenSSL/1.1.1
LogInit:  - supports HTTP deflate (compression) using libz 1.2.8
LogInit:  - other features:
LogInit:      CURL_VERSION_SSL
LogInit:      CURL_VERSION_LIBZ
LogInit:      CURL_VERSION_IPV6
LogInit:      CURL_VERSION_ASYNCHDNS
LogInit:      CURL_VERSION_LARGEFILE
LogInit:      CURL_VERSION_IDN
LogInit:  CurlRequestOptions (configurable via config and command line):
LogInit:  - bVerifyPeer = true  - Libcurl will verify peer certificate
LogInit:  - bUseHttpProxy = false  - Libcurl will NOT use HTTP proxy
LogInit:  - bDontReuseConnections = false  - Libcurl will reuse connections
LogInit:  - MaxHostConnections = 16  - Libcurl will limit the number of connections to a host
LogInit:  - LocalHostAddr = Default
LogInit:  - BufferSize = 65536
LogInit: WinSock: version 1.1 (2.2), MaxSocks=32767, MaxUdp=65467
LogInit: Build: ++UE4+Release-4.22-CL-7053642
LogInit: Engine Version: 4.22.3-7053642+++UE4+Release-4.22
LogInit: Compatible Engine Version: 4.22.0-5660361+++UE4+Release-4.22
LogInit: Net CL: 5660361
LogInit: OS: Windows 10 (Release 1909) (), CPU: Intel(R) Xeon(R) W-2123 CPU @ 3.60GHz, GPU: NVIDIA GeForce GTX 1070
LogInit: Compiled (64-bit): Jun 18 2019 03:09:11
LogInit: Compiled with Visual C++: 19.16.27025.01
LogInit: Build Configuration: Development
LogInit: Branch Name: ++UE4+Release-4.22
LogInit: Command Line:  -skipcompile
LogInit: Base Directory: C:/Epic/UE4/UE_4.22/Engine/Binaries/Win64/
LogInit: Installed Engine Build: 1
LogDevObjectVersion: Number of dev versions registered: 23
LogDevObjectVersion:   Dev-Blueprints (B0D832E4-1F89-4F0D-ACCF-7EB736FD4AA2): 10
LogDevObjectVersion:   Dev-Build (E1C64328-A22C-4D53-A36C-8E866417BD8C): 0
LogDevObjectVersion:   Dev-Core (375EC13C-06E4-48FB-B500-84F0262A717E): 3
LogDevObjectVersion:   Dev-Editor (E4B068ED-F494-42E9-A231-DA0B2E46BB41): 30
LogDevObjectVersion:   Dev-Framework (CFFC743F-43B0-4480-9391-14DF171D2073): 35
LogDevObjectVersion:   Dev-Mobile (B02B49B5-BB20-44E9-A304-32B752E40360): 2
LogDevObjectVersion:   Dev-Networking (A4E4105C-59A1-49B5-A7C5-40C4547EDFEE): 0
LogDevObjectVersion:   Dev-Online (39C831C9-5AE6-47DC-9A44-9C173E1C8E7C): 0
LogDevObjectVersion:   Dev-Physics (78F01B33-EBEA-4F98-B9B4-84EACCB95AA2): 0
LogDevObjectVersion:   Dev-Platform (6631380F-2D4D-43E0-8009-CF276956A95A): 0
LogDevObjectVersion:   Dev-Rendering (12F88B9F-8875-4AFC-A67C-D90C383ABD29): 28
LogDevObjectVersion:   Dev-Sequencer (7B5AE74C-D270-4C10-A958-57980B212A5A): 11
LogDevObjectVersion:   Dev-VR (D7296918-1DD6-4BDD-9DE2-64A83CC13884): 2
LogDevObjectVersion:   Dev-LoadTimes (C2A15278-BFE7-4AFE-6C17-90FF531DF755): 1
LogDevObjectVersion:   Private-Geometry (6EACA3D4-40EC-4CC1-B786-8BED09428FC5): 3
LogDevObjectVersion:   Dev-AnimPhys (29E575DD-E0A3-4627-9D10-D276232CDCEA): 17
LogDevObjectVersion:   Dev-Anim (AF43A65D-7FD3-4947-9873-3E8ED9C1BB05): 2
LogDevObjectVersion:   Dev-ReflectionCapture (6B266CEC-1EC7-4B8F-A30B-E4D90942FC07): 1
LogDevObjectVersion:   Dev-Automation (0DF73D61-A23F-47EA-B727-89E90C41499A): 1
LogDevObjectVersion:   FortniteMain (601D1886-AC64-4F84-AA16-D3DE0DEAC7D6): 25
LogDevObjectVersion:   Dev-Enterprise (9DFFBCD6-494F-0158-E221-12823C92A888): 6
LogDevObjectVersion:   Dev-Niagara (F2AED0AC-9AFE-416F-8664-AA7FFA26D6FC): 1
LogDevObjectVersion:   Dev-Destruction (174F1F0B-B4C6-45A5-B13F-2EE8D0FB917D): 2
LogInit: Presizing for max 16777216 objects, including 0 objects not considered by GC, pre-allocating 0 bytes for permanent pool.
LogInit: Object subsystem initialized
LogConfig: Setting CVar [[con.DebugEarlyDefault:1]]
LogConfig: Setting CVar [[r.setres:1280x720]]
[2020.02.02-10.52.53:354][  0]LogConfig: Setting CVar [[r.VSync:0]]
[2020.02.02-10.52.53:354][  0]LogConfig: Setting CVar [[r.RHICmdBypass:0]]
[2020.02.02-10.52.53:354][  0]LogConfig: Applying CVar settings from Section [/Script/Engine.RendererSettings] File [C:/Users/h017026h/Documents/GitKra/Global-Game-Jam-2020/GGJ20/Saved/Config/Windows/Engine.ini]
[2020.02.02-10.52.53:354][  0]LogConfig: Setting CVar [[r.GPUCrashDebugging:0]]
[2020.02.02-10.52.53:354][  0]LogConfig: Setting CVar [[r.DefaultFeature.AutoExposure.ExtendDefaultLuminanceRange:1]]
[2020.02.02-10.52.53:354][  0]LogConfig: Applying CVar settings from Section [/Script/Engine.RendererOverrideSettings] File [C:/Users/h017026h/Documents/GitKra/Global-Game-Jam-2020/GGJ20/Saved/Config/Windows/Engine.ini]
[2020.02.02-10.52.53:354][  0]LogConfig: Applying CVar settings from Section [/Script/Engine.StreamingSettings] File [C:/Users/h017026h/Documents/GitKra/Global-Game-Jam-2020/GGJ20/Saved/Config/Windows/Engine.ini]
[2020.02.02-10.52.53:354][  0]LogConfig: Setting CVar [[s.MinBulkDataSizeForAsyncLoading:131072]]
[2020.02.02-10.52.53:355][  0]LogConfig: Setting CVar [[s.AsyncLoadingThreadEnabled:0]]
[2020.02.02-10.52.53:355][  0]LogConfig: Setting CVar [[s.EventDrivenLoaderEnabled:1]]
[2020.02.02-10.52.53:355][  0]LogConfig: Setting CVar [[s.WarnIfTimeLimitExceeded:0]]
[2020.02.02-10.52.53:355][  0]LogConfig: Setting CVar [[s.TimeLimitExceededMultiplier:1.5]]
[2020.02.02-10.52.53:355][  0]LogConfig: Setting CVar [[s.TimeLimitExceededMinTime:0.005]]
[2020.02.02-10.52.53:355][  0]LogConfig: Setting CVar [[s.UseBackgroundLevelStreaming:1]]
[2020.02.02-10.52.53:355][  0]LogConfig: Setting CVar [[s.PriorityAsyncLoadingExtraTime:15.0]]
[2020.02.02-10.52.53:355][  0]LogConfig: Setting CVar [[s.LevelStreamingActorsUpdateTimeLimit:5.0]]
[2020.02.02-10.52.53:355][  0]LogConfig: Setting CVar [[s.PriorityLevelStreamingActorsUpdateExtraTime:5.0]]
[2020.02.02-10.52.53:355][  0]LogConfig: Setting CVar [[s.LevelStreamingComponentsRegistrationGranularity:10]]
[2020.02.02-10.52.53:355][  0]LogConfig: Setting CVar [[s.UnregisterComponentsTimeLimit:1.0]]
[2020.02.02-10.52.53:355][  0]LogConfig: Setting CVar [[s.LevelStreamingComponentsUnregistrationGranularity:5]]
[2020.02.02-10.52.53:355][  0]LogConfig: Applying CVar settings from Section [/Script/Engine.GarbageCollectionSettings] File [C:/Users/h017026h/Documents/GitKra/Global-Game-Jam-2020/GGJ20/Saved/Config/Windows/Engine.ini]
[2020.02.02-10.52.53:355][  0]LogConfig: Setting CVar [[gc.MaxObjectsNotConsideredByGC:1]]
[2020.02.02-10.52.53:355][  0]LogConfig: Setting CVar [[gc.SizeOfPermanentObjectPool:0]]
[2020.02.02-10.52.53:355][  0]LogConfig: Setting CVar [[gc.FlushStreamingOnGC:0]]
[2020.02.02-10.52.53:355][  0]LogConfig: Setting CVar [[gc.NumRetriesBeforeForcingGC:10]]
[2020.02.02-10.52.53:356][  0]LogConfig: Setting CVar [[gc.AllowParallelGC:1]]
[2020.02.02-10.52.53:356][  0]LogConfig: Setting CVar [[gc.TimeBetweenPurgingPendingKillObjects:61.1]]
[2020.02.02-10.52.53:356][  0]LogConfig: Setting CVar [[gc.MaxObjectsInEditor:16777216]]
[2020.02.02-10.52.53:356][  0]LogConfig: Setting CVar [[gc.IncrementalBeginDestroyEnabled:1]]
[2020.02.02-10.52.53:356][  0]LogConfig: Setting CVar [[gc.CreateGCClusters:1]]
[2020.02.02-10.52.53:356][  0]LogConfig: Setting CVar [[gc.MinGCClusterSize:5]]
[2020.02.02-10.52.53:356][  0]LogConfig: Setting CVar [[gc.ActorClusteringEnabled:0]]
[2020.02.02-10.52.53:356][  0]LogConfig: Setting CVar [[gc.BlueprintClusteringEnabled:0]]
[2020.02.02-10.52.53:356][  0]LogConfig: Setting CVar [[gc.UseDisregardForGCOnDedicatedServers:0]]
[2020.02.02-10.52.53:356][  0]LogConfig: Applying CVar settings from Section [/Script/Engine.NetworkSettings] File [C:/Users/h017026h/Documents/GitKra/Global-Game-Jam-2020/GGJ20/Saved/Config/Windows/Engine.ini]
[2020.02.02-10.52.53:356][  0]LogConfig: Applying CVar settings from Section [/Script/UnrealEd.CookerSettings] File [C:/Users/h017026h/Documents/GitKra/Global-Game-Jam-2020/GGJ20/Saved/Config/Windows/Engine.ini]
[2020.02.02-10.52.53:368][  0]LogConfig: Applying CVar settings from Section [ViewDistanceQuality@3] File [C:/Users/h017026h/Documents/GitKra/Global-Game-Jam-2020/GGJ20/Saved/Config/Windows/Scalability.ini]
[2020.02.02-10.52.53:369][  0]LogConfig: Setting CVar [[r.SkeletalMeshLODBias:0]]
[2020.02.02-10.52.53:369][  0]LogConfig: Setting CVar [[r.ViewDistanceScale:1.0]]
[2020.02.02-10.52.53:369][  0]LogConfig: Applying CVar settings from Section [AntiAliasingQuality@3] File [C:/Users/h017026h/Documents/GitKra/Global-Game-Jam-2020/GGJ20/Saved/Config/Windows/Scalability.ini]
[2020.02.02-10.52.53:369][  0]LogConfig: Setting CVar [[r.PostProcessAAQuality:4]]
[2020.02.02-10.52.53:369][  0]LogConfig: Applying CVar settings from Section [ShadowQuality@3] File [C:/Users/h017026h/Documents/GitKra/Global-Game-Jam-2020/GGJ20/Saved/Config/Windows/Scalability.ini]
[2020.02.02-10.52.53:369][  0]LogConfig: Setting CVar [[r.LightFunctionQuality:1]]
[2020.02.02-10.52.53:369][  0]LogConfig: Setting CVar [[r.ShadowQuality:5]]
[2020.02.02-10.52.53:369][  0]LogConfig: Setting CVar [[r.Shadow.CSM.MaxCascades:10]]
[2020.02.02-10.52.53:369][  0]LogConfig: Setting CVar [[r.Shadow.MaxResolution:2048]]
[2020.02.02-10.52.53:369][  0]LogConfig: Setting CVar [[r.Shadow.MaxCSMResolution:2048]]
[2020.02.02-10.52.53:369][  0]LogConfig: Setting CVar [[r.Shadow.RadiusThreshold:0.01]]
[2020.02.02-10.52.53:369][  0]LogConfig: Setting CVar [[r.Shadow.DistanceScale:1.0]]
[2020.02.02-10.52.53:370][  0]LogConfig: Setting CVar [[r.Shadow.CSM.TransitionScale:1.0]]
[2020.02.02-10.52.53:370][  0]LogConfig: Setting CVar [[r.Shadow.PreShadowResolutionFactor:1.0]]
[2020.02.02-10.52.53:370][  0]LogConfig: Setting CVar [[r.DistanceFieldShadowing:1]]
[2020.02.02-10.52.53:370][  0]LogConfig: Setting CVar [[r.DistanceFieldAO:1]]
[2020.02.02-10.52.53:370][  0]LogConfig: Setting CVar [[r.AOQuality:2]]
[2020.02.02-10.52.53:370][  0]LogConfig: Setting CVar [[r.VolumetricFog:1]]
[2020.02.02-10.52.53:370][  0]LogConfig: Setting CVar [[r.VolumetricFog.GridPixelSize:8]]
[2020.02.02-10.52.53:370][  0]LogConfig: Setting CVar [[r.VolumetricFog.GridSizeZ:128]]
[2020.02.02-10.52.53:370][  0]LogConfig: Setting CVar [[r.VolumetricFog.HistoryMissSupersampleCount:4]]
[2020.02.02-10.52.53:370][  0]LogConfig: Setting CVar [[r.LightMaxDrawDistanceScale:1]]
[2020.02.02-10.52.53:370][  0]LogConfig: Setting CVar [[r.CapsuleShadows:1]]
[2020.02.02-10.52.53:370][  0]LogConfig: Applying CVar settings from Section [PostProcessQuality@3] File [C:/Users/h017026h/Documents/GitKra/Global-Game-Jam-2020/GGJ20/Saved/Config/Windows/Scalability.ini]
[2020.02.02-10.52.53:370][  0]LogConfig: Setting CVar [[r.MotionBlurQuality:4]]
[2020.02.02-10.52.53:370][  0]LogConfig: Setting CVar [[r.AmbientOcclusionMipLevelFactor:0.4]]
[2020.02.02-10.52.53:370][  0]LogConfig: Setting CVar [[r.AmbientOcclusionMaxQuality:100]]
[2020.02.02-10.52.53:371][  0]LogConfig: Setting CVar [[r.AmbientOcclusionLevels:-1]]
[2020.02.02-10.52.53:371][  0]LogConfig: Setting CVar [[r.AmbientOcclusionRadiusScale:1.0]]
[2020.02.02-10.52.53:371][  0]LogConfig: Setting CVar [[r.DepthOfFieldQuality:2]]
[2020.02.02-10.52.53:371][  0]LogConfig: Setting CVar [[r.RenderTargetPoolMin:400]]
[2020.02.02-10.52.53:371][  0]LogConfig: Setting CVar [[r.LensFlareQuality:2]]
[2020.02.02-10.52.53:371][  0]LogConfig: Setting CVar [[r.SceneColorFringeQuality:1]]
[2020.02.02-10.52.53:371][  0]LogConfig: Setting CVar [[r.EyeAdaptationQuality:2]]
[2020.02.02-10.52.53:371][  0]LogConfig: Setting CVar [[r.BloomQuality:5]]
[2020.02.02-10.52.53:371][  0]LogConfig: Setting CVar [[r.FastBlurThreshold:100]]
[2020.02.02-10.52.53:371][  0]LogConfig: Setting CVar [[r.Upscale.Quality:3]]
[2020.02.02-10.52.53:371][  0]LogConfig: Setting CVar [[r.Tonemapper.GrainQuantization:1]]
[2020.02.02-10.52.53:371][  0]LogConfig: Setting CVar [[r.LightShaftQuality:1]]
[2020.02.02-10.52.53:371][  0]LogConfig: Setting CVar [[r.Filter.SizeScale:1]]
[2020.02.02-10.52.53:371][  0]LogConfig: Setting CVar [[r.Tonemapper.Quality:5]]
[2020.02.02-10.52.53:371][  0]LogConfig: Setting CVar [[r.DOF.Gather.AccumulatorQuality:1        ; higher gathering accumulator quality]]
[2020.02.02-10.52.53:371][  0]LogConfig: Setting CVar [[r.DOF.Gather.PostfilterMethod:1          ; Median3x3 postfilering method]]
[2020.02.02-10.52.53:371][  0]LogConfig: Setting CVar [[r.DOF.Gather.EnableBokehSettings:0       ; no bokeh simulation when gathering]]
[2020.02.02-10.52.53:372][  0]LogConfig: Setting CVar [[r.DOF.Gather.RingCount:4                 ; medium number of samples when gathering]]
[2020.02.02-10.52.53:372][  0]LogConfig: Setting CVar [[r.DOF.Scatter.ForegroundCompositing:1    ; additive foreground scattering]]
[2020.02.02-10.52.53:372][  0]LogConfig: Setting CVar [[r.DOF.Scatter.BackgroundCompositing:2    ; additive background scattering]]
[2020.02.02-10.52.53:372][  0]LogConfig: Setting CVar [[r.DOF.Scatter.EnableBokehSettings:1      ; bokeh simulation when scattering]]
[2020.02.02-10.52.53:372][  0]LogConfig: Setting CVar [[r.DOF.Scatter.MaxSpriteRatio:0.1         ; only a maximum of 10% of scattered bokeh]]
[2020.02.02-10.52.53:372][  0]LogConfig: Setting CVar [[r.DOF.Recombine.Quality:1                ; cheap slight out of focus]]
[2020.02.02-10.52.53:372][  0]LogConfig: Setting CVar [[r.DOF.Recombine.EnableBokehSettings:0    ; no bokeh simulation on slight out of focus]]
[2020.02.02-10.52.53:372][  0]LogConfig: Setting CVar [[r.DOF.TemporalAAQuality:1                ; more stable temporal accumulation]]
[2020.02.02-10.52.53:372][  0]LogConfig: Setting CVar [[r.DOF.Kernel.MaxForegroundRadius:0.025]]
[2020.02.02-10.52.53:372][  0]LogConfig: Setting CVar [[r.DOF.Kernel.MaxBackgroundRadius:0.025]]
[2020.02.02-10.52.53:372][  0]LogConfig: Applying CVar settings from Section [TextureQuality@3] File [C:/Users/h017026h/Documents/GitKra/Global-Game-Jam-2020/GGJ20/Saved/Config/Windows/Scalability.ini]
[2020.02.02-10.52.53:372][  0]LogConfig: Setting CVar [[r.Streaming.MipBias:0]]
[2020.02.02-10.52.53:372][  0]LogConfig: Setting CVar [[r.Streaming.AmortizeCPUToGPUCopy:0]]
[2020.02.02-10.52.53:372][  0]LogConfig: Setting CVar [[r.Streaming.MaxNumTexturesToStreamPerFrame:0]]
[2020.02.02-10.52.53:372][  0]LogConfig: Setting CVar [[r.Streaming.Boost:1]]
[2020.02.02-10.52.53:373][  0]LogConfig: Setting CVar [[r.MaxAnisotropy:8]]
[2020.02.02-10.52.53:373][  0]LogConfig: Setting CVar [[r.Streaming.LimitPoolSizeToVRAM:0]]
[2020.02.02-10.52.53:373][  0]LogConfig: Setting CVar [[r.Streaming.PoolSize:1000]]
[2020.02.02-10.52.53:373][  0]LogConfig: Setting CVar [[r.Streaming.MaxEffectiveScreenSize:0]]
[2020.02.02-10.52.53:373][  0]LogConfig: Applying CVar settings from Section [EffectsQuality@3] File [C:/Users/h017026h/Documents/GitKra/Global-Game-Jam-2020/GGJ20/Saved/Config/Windows/Scalability.ini]
[2020.02.02-10.52.53:373][  0]LogConfig: Setting CVar [[r.TranslucencyLightingVolumeDim:64]]
[2020.02.02-10.52.53:373][  0]LogConfig: Setting CVar [[r.RefractionQuality:2]]
[2020.02.02-10.52.53:373][  0]LogConfig: Setting CVar [[r.SSR.Quality:3]]
[2020.02.02-10.52.53:373][  0]LogConfig: Setting CVar [[r.SceneColorFormat:4]]
[2020.02.02-10.52.53:373][  0]LogConfig: Setting CVar [[r.DetailMode:2]]
[2020.02.02-10.52.53:373][  0]LogConfig: Setting CVar [[r.TranslucencyVolumeBlur:1]]
[2020.02.02-10.52.53:373][  0]LogConfig: Setting CVar [[r.MaterialQualityLevel:1 ; High quality]]
[2020.02.02-10.52.53:373][  0]LogConfig: Setting CVar [[r.SSS.Scale:1]]
[2020.02.02-10.52.53:373][  0]LogConfig: Setting CVar [[r.SSS.SampleSet:2]]
[2020.02.02-10.52.53:373][  0]LogConfig: Setting CVar [[r.SSS.Quality:1]]
[2020.02.02-10.52.53:374][  0]LogConfig: Setting CVar [[r.SSS.HalfRes:1]]
[2020.02.02-10.52.53:374][  0]LogConfig: Setting CVar [[r.EmitterSpawnRateScale:1.0]]
[2020.02.02-10.52.53:374][  0]LogConfig: Setting CVar [[r.ParticleLightQuality:2]]
[2020.02.02-10.52.53:374][  0]LogConfig: Applying CVar settings from Section [FoliageQuality@3] File [C:/Users/h017026h/Documents/GitKra/Global-Game-Jam-2020/GGJ20/Saved/Config/Windows/Scalability.ini]
[2020.02.02-10.52.53:374][  0]LogConfig: Setting CVar [[foliage.DensityScale:1.0]]
[2020.02.02-10.52.53:374][  0]LogConfig: Setting CVar [[grass.DensityScale:1.0]]
[2020.02.02-10.52.53:374][  0]LogInit: Selected Device Profile: [Windows]
[2020.02.02-10.52.53:374][  0]LogInit: Applying CVar settings loaded from the selected device profile: [Windows]
[2020.02.02-10.52.53:389][  0]LogHAL: Display: Platform has ~ 32 GB [34065854464 / 34359738368 / 32], which maps to Largest [LargestMinGB=32, LargerMinGB=12, DefaultMinGB=8, SmallerMinGB=6, SmallestMinGB=0)
[2020.02.02-10.52.53:389][  0]LogConfig: Setting CVar [[r.Vulkan.UseRealUBs:0		; Required until we fix HLR fall-out]]
[2020.02.02-10.52.53:390][  0]LogInit: Going up to parent DeviceProfile []
[2020.02.02-10.52.53:390][  0]LogConfig: Applying CVar settings from Section [ViewDistanceQuality@3] File [C:/Users/h017026h/Documents/GitKra/Global-Game-Jam-2020/GGJ20/Saved/Config/Windows/Scalability.ini]
[2020.02.02-10.52.53:390][  0]LogConfig: Setting CVar [[r.SkeletalMeshLODBias:0]]
[2020.02.02-10.52.53:390][  0]LogConfig: Setting CVar [[r.ViewDistanceScale:1.0]]
[2020.02.02-10.52.53:390][  0]LogConfig: Applying CVar settings from Section [AntiAliasingQuality@3] File [C:/Users/h017026h/Documents/GitKra/Global-Game-Jam-2020/GGJ20/Saved/Config/Windows/Scalability.ini]
[2020.02.02-10.52.53:390][  0]LogConfig: Setting CVar [[r.PostProcessAAQuality:4]]
[2020.02.02-10.52.53:391][  0]LogConfig: Applying CVar settings from Section [ShadowQuality@3] File [C:/Users/h017026h/Documents/GitKra/Global-Game-Jam-2020/GGJ20/Saved/Config/Windows/Scalability.ini]
[2020.02.02-10.52.53:392][  0]LogConfig: Setting CVar [[r.LightFunctionQuality:1]]
[2020.02.02-10.52.53:392][  0]LogConfig: Setting CVar [[r.ShadowQuality:5]]
[2020.02.02-10.52.53:392][  0]LogConfig: Setting CVar [[r.Shadow.CSM.MaxCascades:10]]
[2020.02.02-10.52.53:392][  0]LogConfig: Setting CVar [[r.Shadow.MaxResolution:2048]]
[2020.02.02-10.52.53:392][  0]LogConfig: Setting CVar [[r.Shadow.MaxCSMResolution:2048]]
[2020.02.02-10.52.53:392][  0]LogConfig: Setting CVar [[r.Shadow.RadiusThreshold:0.01]]
[2020.02.02-10.52.53:392][  0]LogConfig: Setting CVar [[r.Shadow.DistanceScale:1.0]]
[2020.02.02-10.52.53:392][  0]LogConfig: Setting CVar [[r.Shadow.CSM.TransitionScale:1.0]]
[2020.02.02-10.52.53:392][  0]LogConfig: Setting CVar [[r.Shadow.PreShadowResolutionFactor:1.0]]
[2020.02.02-10.52.53:392][  0]LogConfig: Setting CVar [[r.DistanceFieldShadowing:1]]
[2020.02.02-10.52.53:392][  0]LogConfig: Setting CVar [[r.DistanceFieldAO:1]]
[2020.02.02-10.52.53:393][  0]LogConfig: Setting CVar [[r.AOQuality:2]]
[2020.02.02-10.52.53:393][  0]LogConfig: Setting CVar [[r.VolumetricFog:1]]
[2020.02.02-10.52.53:393][  0]LogConfig: Setting CVar [[r.VolumetricFog.GridPixelSize:8]]
[2020.02.02-10.52.53:393][  0]LogConfig: Setting CVar [[r.VolumetricFog.GridSizeZ:128]]
[2020.02.02-10.52.53:393][  0]LogConfig: Setting CVar [[r.VolumetricFog.HistoryMissSupersampleCount:4]]
[2020.02.02-10.52.53:393][  0]LogConfig: Setting CVar [[r.LightMaxDrawDistanceScale:1]]
[2020.02.02-10.52.53:393][  0]LogConfig: Setting CVar [[r.CapsuleShadows:1]]
[2020.02.02-10.52.53:393][  0]LogConfig: Applying CVar settings from Section [PostProcessQuality@3] File [C:/Users/h017026h/Documents/GitKra/Global-Game-Jam-2020/GGJ20/Saved/Config/Windows/Scalability.ini]
[2020.02.02-10.52.53:393][  0]LogConfig: Setting CVar [[r.MotionBlurQuality:4]]
[2020.02.02-10.52.53:393][  0]LogConfig: Setting CVar [[r.AmbientOcclusionMipLevelFactor:0.4]]
[2020.02.02-10.52.53:393][  0]LogConfig: Setting CVar [[r.AmbientOcclusionMaxQuality:100]]
[2020.02.02-10.52.53:393][  0]LogConfig: Setting CVar [[r.AmbientOcclusionLevels:-1]]
[2020.02.02-10.52.53:393][  0]LogConfig: Setting CVar [[r.AmbientOcclusionRadiusScale:1.0]]
[2020.02.02-10.52.53:393][  0]LogConfig: Setting CVar [[r.DepthOfFieldQuality:2]]
[2020.02.02-10.52.53:394][  0]LogConfig: Setting CVar [[r.RenderTargetPoolMin:400]]
[2020.02.02-10.52.53:394][  0]LogConfig: Setting CVar [[r.LensFlareQuality:2]]
[2020.02.02-10.52.53:394][  0]LogConfig: Setting CVar [[r.SceneColorFringeQuality:1]]
[2020.02.02-10.52.53:394][  0]LogConfig: Setting CVar [[r.EyeAdaptationQuality:2]]
[2020.02.02-10.52.53:394][  0]LogConfig: Setting CVar [[r.BloomQuality:5]]
[2020.02.02-10.52.53:394][  0]LogConfig: Setting CVar [[r.FastBlurThreshold:100]]
[2020.02.02-10.52.53:394][  0]LogConfig: Setting CVar [[r.Upscale.Quality:3]]
[2020.02.02-10.52.53:394][  0]LogConfig: Setting CVar [[r.Tonemapper.GrainQuantization:1]]
[2020.02.02-10.52.53:394][  0]LogConfig: Setting CVar [[r.LightShaftQuality:1]]
[2020.02.02-10.52.53:394][  0]LogConfig: Setting CVar [[r.Filter.SizeScale:1]]
[2020.02.02-10.52.53:394][  0]LogConfig: Setting CVar [[r.Tonemapper.Quality:5]]
[2020.02.02-10.52.53:394][  0]LogConfig: Setting CVar [[r.DOF.Gather.AccumulatorQuality:1        ; higher gathering accumulator quality]]
[2020.02.02-10.52.53:394][  0]LogConfig: Setting CVar [[r.DOF.Gather.PostfilterMethod:1          ; Median3x3 postfilering method]]
[2020.02.02-10.52.53:394][  0]LogConfig: Setting CVar [[r.DOF.Gather.EnableBokehSettings:0       ; no bokeh simulation when gathering]]
[2020.02.02-10.52.53:394][  0]LogConfig: Setting CVar [[r.DOF.Gather.RingCount:4                 ; medium number of samples when gathering]]
[2020.02.02-10.52.53:394][  0]LogConfig: Setting CVar [[r.DOF.Scatter.ForegroundCompositing:1    ; additive foreground scattering]]
[2020.02.02-10.52.53:394][  0]LogConfig: Setting CVar [[r.DOF.Scatter.BackgroundCompositing:2    ; additive background scattering]]
[2020.02.02-10.52.53:395][  0]LogConfig: Setting CVar [[r.DOF.Scatter.EnableBokehSettings:1      ; bokeh simulation when scattering]]
[2020.02.02-10.52.53:395][  0]LogConfig: Setting CVar [[r.DOF.Scatter.MaxSpriteRatio:0.1         ; only a maximum of 10% of scattered bokeh]]
[2020.02.02-10.52.53:395][  0]LogConfig: Setting CVar [[r.DOF.Recombine.Quality:1                ; cheap slight out of focus]]
[2020.02.02-10.52.53:395][  0]LogConfig: Setting CVar [[r.DOF.Recombine.EnableBokehSettings:0    ; no bokeh simulation on slight out of focus]]
[2020.02.02-10.52.53:395][  0]LogConfig: Setting CVar [[r.DOF.TemporalAAQuality:1                ; more stable temporal accumulation]]
[2020.02.02-10.52.53:395][  0]LogConfig: Setting CVar [[r.DOF.Kernel.MaxForegroundRadius:0.025]]
[2020.02.02-10.52.53:395][  0]LogConfig: Setting CVar [[r.DOF.Kernel.MaxBackgroundRadius:0.025]]
[2020.02.02-10.52.53:395][  0]LogConfig: Applying CVar settings from Section [TextureQuality@3] File [C:/Users/h017026h/Documents/GitKra/Global-Game-Jam-2020/GGJ20/Saved/Config/Windows/Scalability.ini]
[2020.02.02-10.52.53:395][  0]LogConfig: Setting CVar [[r.Streaming.MipBias:0]]
[2020.02.02-10.52.53:395][  0]LogConfig: Setting CVar [[r.Streaming.AmortizeCPUToGPUCopy:0]]
[2020.02.02-10.52.53:395][  0]LogConfig: Setting CVar [[r.Streaming.MaxNumTexturesToStreamPerFrame:0]]
[2020.02.02-10.52.53:395][  0]LogConfig: Setting CVar [[r.Streaming.Boost:1]]
[2020.02.02-10.52.53:395][  0]LogConfig: Setting CVar [[r.MaxAnisotropy:8]]
[2020.02.02-10.52.53:396][  0]LogConfig: Setting CVar [[r.Streaming.LimitPoolSizeToVRAM:0]]
[2020.02.02-10.52.53:396][  0]LogConfig: Setting CVar [[r.Streaming.PoolSize:1000]]
[2020.02.02-10.52.53:396][  0]LogConfig: Setting CVar [[r.Streaming.MaxEffectiveScreenSize:0]]
[2020.02.02-10.52.53:396][  0]LogConfig: Applying CVar settings from Section [EffectsQuality@3] File [C:/Users/h017026h/Documents/GitKra/Global-Game-Jam-2020/GGJ20/Saved/Config/Windows/Scalability.ini]
[2020.02.02-10.52.53:396][  0]LogConfig: Setting CVar [[r.TranslucencyLightingVolumeDim:64]]
[2020.02.02-10.52.53:396][  0]LogConfig: Setting CVar [[r.RefractionQuality:2]]
[2020.02.02-10.52.53:396][  0]LogConfig: Setting CVar [[r.SSR.Quality:3]]
[2020.02.02-10.52.53:396][  0]LogConfig: Setting CVar [[r.SceneColorFormat:4]]
[2020.02.02-10.52.53:396][  0]LogConfig: Setting CVar [[r.DetailMode:2]]
[2020.02.02-10.52.53:396][  0]LogConfig: Setting CVar [[r.TranslucencyVolumeBlur:1]]
[2020.02.02-10.52.53:396][  0]LogConfig: Setting CVar [[r.MaterialQualityLevel:1 ; High quality]]
[2020.02.02-10.52.53:396][  0]LogConfig: Setting CVar [[r.SSS.Scale:1]]
[2020.02.02-10.52.53:396][  0]LogConfig: Setting CVar [[r.SSS.SampleSet:2]]
[2020.02.02-10.52.53:396][  0]LogConfig: Setting CVar [[r.SSS.Quality:1]]
[2020.02.02-10.52.53:396][  0]LogConfig: Setting CVar [[r.SSS.HalfRes:1]]
[2020.02.02-10.52.53:396][  0]LogConfig: Setting CVar [[r.EmitterSpawnRateScale:1.0]]
[2020.02.02-10.52.53:397][  0]LogConfig: Setting CVar [[r.ParticleLightQuality:2]]
[2020.02.02-10.52.53:397][  0]LogConfig: Applying CVar settings from Section [FoliageQuality@3] File [C:/Users/h017026h/Documents/GitKra/Global-Game-Jam-2020/GGJ20/Saved/Config/Windows/Scalability.ini]
[2020.02.02-10.52.53:397][  0]LogConfig: Setting CVar [[foliage.DensityScale:1.0]]
[2020.02.02-10.52.53:397][  0]LogConfig: Setting CVar [[grass.DensityScale:1.0]]
[2020.02.02-10.52.53:397][  0]LogConfig: Applying CVar settings from Section [Startup] File [../../../Engine/Config/ConsoleVariables.ini]
[2020.02.02-10.52.53:397][  0]LogConfig: Setting CVar [[net.UseAdaptiveNetUpdateFrequency:0]]
[2020.02.02-10.52.53:397][  0]LogConfig: Setting CVar [[p.chaos.AllowCreatePhysxBodies:1]]
[2020.02.02-10.52.53:397][  0]LogConfig: Applying CVar settings from Section [ConsoleVariables] File [C:/Users/h017026h/Documents/GitKra/Global-Game-Jam-2020/GGJ20/Saved/Config/Windows/Engine.ini]
[2020.02.02-10.52.53:398][  0]LogInit: Computer: C117B-20
[2020.02.02-10.52.53:398][  0]LogInit: User: h017026h
[2020.02.02-10.52.53:398][  0]LogInit: CPU Page size=4096, Cores=4
[2020.02.02-10.52.53:398][  0]LogInit: High frequency timer resolution =10.000000 MHz
[2020.02.02-10.52.53:398][  0]LogMemory: Memory total: Physical=31.7GB (32GB approx)
[2020.02.02-10.52.53:398][  0]LogMemory: Platform Memory Stats for Windows
[2020.02.02-10.52.53:398][  0]LogMemory: Process Physical Memory: 97.57 MB used, 97.58 MB peak
[2020.02.02-10.52.53:398][  0]LogMemory: Process Virtual Memory: 92.64 MB used, 92.64 MB peak
[2020.02.02-10.52.53:398][  0]LogMemory: Physical Memory: 11049.22 MB used,  21438.51 MB free, 32487.73 MB total
[2020.02.02-10.52.53:398][  0]LogMemory: Virtual Memory: 4647.30 MB used,  134213080.00 MB free, 134217728.00 MB total
[2020.02.02-10.52.53:566][  0]LogInit: Using OS detected language (en-US).
[2020.02.02-10.52.53:566][  0]LogInit: Using OS detected locale (en-GB).
[2020.02.02-10.52.53:567][  0]LogTextLocalizationManager: No specific localization for 'en-US' exists, so the 'en' localization will be used.
[2020.02.02-10.52.53:739][  0]LogInit: Setting process to per monitor DPI aware
[2020.02.02-10.52.53:799][  0]LogSlate: New Slate User Created.  User Index 0, Is Virtual User: 0
[2020.02.02-10.52.53:799][  0]LogSlate: Slate User Registered.  User Index 0, Is Virtual User: 0
[2020.02.02-10.52.53:992][  0]LogHMD: Failed to initialize OpenVR with code 110
[2020.02.02-10.52.53:992][  0]LogD3D11RHI: D3D11 adapters:
[2020.02.02-10.52.54:089][  0]LogD3D11RHI:    0. 'NVIDIA GeForce GTX 1070' (Feature Level 11_0)
[2020.02.02-10.52.54:089][  0]LogD3D11RHI:       8088/0/16243 MB DedicatedVideo/DedicatedSystem/SharedSystem, Outputs:2, VendorId:0x10de
[2020.02.02-10.52.54:096][  0]LogD3D11RHI:    1. 'Microsoft Basic Render Driver' (Feature Level 11_0)
[2020.02.02-10.52.54:096][  0]LogD3D11RHI:       0/0/16243 MB DedicatedVideo/DedicatedSystem/SharedSystem, Outputs:0, VendorId:0x1414
[2020.02.02-10.52.54:096][  0]LogD3D11RHI: Chosen D3D11 Adapter: 0
[2020.02.02-10.52.54:104][  0]LogD3D11RHI: Creating new Direct3DDevice
[2020.02.02-10.52.54:104][  0]LogD3D11RHI:     GPU DeviceId: 0x1b81 (for the marketing name, search the web for "GPU Device Id")
[2020.02.02-10.52.54:104][  0]LogWindows: EnumDisplayDevices:
[2020.02.02-10.52.54:104][  0]LogWindows:    0. 'NVIDIA GeForce GTX 1070' (P:1 D:1)
[2020.02.02-10.52.54:105][  0]LogWindows:    1. 'NVIDIA GeForce GTX 1070' (P:0 D:1)
[2020.02.02-10.52.54:105][  0]LogWindows:    2. 'NVIDIA GeForce GTX 1070' (P:0 D:0)
[2020.02.02-10.52.54:106][  0]LogWindows:    3. 'NVIDIA GeForce GTX 1070' (P:0 D:0)
[2020.02.02-10.52.54:106][  0]LogWindows: DebugString: FoundDriverCount:4 
[2020.02.02-10.52.54:106][  0]LogD3D11RHI:     Adapter Name: NVIDIA GeForce GTX 1070
[2020.02.02-10.52.54:106][  0]LogD3D11RHI:   Driver Version: 441.66 (internal:26.21.14.4166, unified:441.66)
[2020.02.02-10.52.54:106][  0]LogD3D11RHI:      Driver Date: 12-6-2019
[2020.02.02-10.52.54:106][  0]LogRHI: Texture pool is 5661 MB (70% of 8088 MB)
[2020.02.02-10.52.54:152][  0]LogD3D11RHI: Async texture creation enabled
[2020.02.02-10.52.54:155][  0]LogRendererCore: FGlobalReadBuffer::InitRHI
[2020.02.02-10.52.54:156][  0]LogRendererCore: FGlobalReadBuffer::InitRHI
[2020.02.02-10.52.54:156][  0]LogRendererCore: FGlobalReadBuffer::InitRHI
[2020.02.02-10.52.54:164][  0]LogD3D11RHI: GPU Timing Frequency: 1000.000000 (Debug: 2 1)
[2020.02.02-10.52.54:452][  0]LogTemp: Display: Module 'AllDesktopTargetPlatform' loaded TargetPlatform 'AllDesktop'
[2020.02.02-10.52.54:467][  0]LogTemp: Display: Module 'MacClientTargetPlatform' loaded TargetPlatform 'MacClient'
[2020.02.02-10.52.54:483][  0]LogTemp: Display: Module 'MacNoEditorTargetPlatform' loaded TargetPlatform 'MacNoEditor'
[2020.02.02-10.52.54:499][  0]LogTemp: Display: Module 'MacServerTargetPlatform' loaded TargetPlatform 'MacServer'
[2020.02.02-10.52.54:514][  0]LogTemp: Display: Module 'MacTargetPlatform' loaded TargetPlatform 'Mac'
[2020.02.02-10.52.54:532][  0]LogTemp: Display: Module 'WindowsClientTargetPlatform' loaded TargetPlatform 'WindowsClient'
[2020.02.02-10.52.54:547][  0]LogTemp: Display: Module 'WindowsNoEditorTargetPlatform' loaded TargetPlatform 'WindowsNoEditor'
[2020.02.02-10.52.54:566][  0]LogTemp: Display: Module 'WindowsServerTargetPlatform' loaded TargetPlatform 'WindowsServer'
[2020.02.02-10.52.54:579][  0]LogTemp: Display: Module 'WindowsTargetPlatform' loaded TargetPlatform 'Windows'
[2020.02.02-10.52.54:663][  0]LogTemp: Display: Module 'AndroidTargetPlatform' loaded TargetPlatform 'Android'
[2020.02.02-10.52.54:663][  0]LogTemp: Display: Module 'AndroidTargetPlatform' loaded TargetPlatform 'Android_ASTC'
[2020.02.02-10.52.54:663][  0]LogTemp: Display: Module 'AndroidTargetPlatform' loaded TargetPlatform 'Android_ATC'
[2020.02.02-10.52.54:663][  0]LogTemp: Display: Module 'AndroidTargetPlatform' loaded TargetPlatform 'Android_DXT'
[2020.02.02-10.52.54:663][  0]LogTemp: Display: Module 'AndroidTargetPlatform' loaded TargetPlatform 'Android_ETC1'
[2020.02.02-10.52.54:663][  0]LogTemp: Display: Module 'AndroidTargetPlatform' loaded TargetPlatform 'Android_ETC1a'
[2020.02.02-10.52.54:663][  0]LogTemp: Display: Module 'AndroidTargetPlatform' loaded TargetPlatform 'Android_ETC2'
[2020.02.02-10.52.54:664][  0]LogTemp: Display: Module 'AndroidTargetPlatform' loaded TargetPlatform 'Android_PVRTC'
[2020.02.02-10.52.54:664][  0]LogTemp: Display: Module 'AndroidTargetPlatform' loaded TargetPlatform 'AndroidClient'
[2020.02.02-10.52.54:664][  0]LogTemp: Display: Module 'AndroidTargetPlatform' loaded TargetPlatform 'Android_ASTCClient'
[2020.02.02-10.52.54:664][  0]LogTemp: Display: Module 'AndroidTargetPlatform' loaded TargetPlatform 'Android_ATCClient'
[2020.02.02-10.52.54:664][  0]LogTemp: Display: Module 'AndroidTargetPlatform' loaded TargetPlatform 'Android_DXTClient'
[2020.02.02-10.52.54:664][  0]LogTemp: Display: Module 'AndroidTargetPlatform' loaded TargetPlatform 'Android_ETC1Client'
[2020.02.02-10.52.54:664][  0]LogTemp: Display: Module 'AndroidTargetPlatform' loaded TargetPlatform 'Android_ETC1aClient'
[2020.02.02-10.52.54:664][  0]LogTemp: Display: Module 'AndroidTargetPlatform' loaded TargetPlatform 'Android_ETC2Client'
[2020.02.02-10.52.54:664][  0]LogTemp: Display: Module 'AndroidTargetPlatform' loaded TargetPlatform 'Android_PVRTCClient'
[2020.02.02-10.52.54:664][  0]LogTemp: Display: Module 'AndroidTargetPlatform' loaded TargetPlatform 'Android_Multi'
[2020.02.02-10.52.54:665][  0]LogTemp: Display: Module 'AndroidTargetPlatform' loaded TargetPlatform 'Android_MultiClient'
[2020.02.02-10.52.54:669][  0]LogTemp: Display: Module 'HTML5TargetPlatform' loaded TargetPlatform 'HTML5'
[2020.02.02-10.52.54:743][  0]LogTemp: Display: Module 'IOSTargetPlatform' loaded TargetPlatform 'IOSClient'
[2020.02.02-10.52.54:743][  0]LogTemp: Display: Module 'IOSTargetPlatform' loaded TargetPlatform 'IOS'
[2020.02.02-10.52.54:769][  0]LogTemp: Display: Module 'TVOSTargetPlatform' loaded TargetPlatform 'TVOSClient'
[2020.02.02-10.52.54:770][  0]LogTemp: Display: Module 'TVOSTargetPlatform' loaded TargetPlatform 'TVOS'
[2020.02.02-10.52.54:787][  0]LogTemp: Display: Module 'LinuxClientTargetPlatform' loaded TargetPlatform 'LinuxClient'
[2020.02.02-10.52.54:803][  0]LogTemp: Display: Module 'LinuxNoEditorTargetPlatform' loaded TargetPlatform 'LinuxNoEditor'
[2020.02.02-10.52.54:818][  0]LogTemp: Display: Module 'LinuxServerTargetPlatform' loaded TargetPlatform 'LinuxServer'
[2020.02.02-10.52.54:835][  0]LogTemp: Display: Module 'LinuxTargetPlatform' loaded TargetPlatform 'Linux'
[2020.02.02-10.52.54:883][  0]LogTemp: Display: Module 'LuminTargetPlatform' loaded TargetPlatform 'Lumin'
[2020.02.02-10.52.54:883][  0]LogTemp: Display: Module 'LuminTargetPlatform' loaded TargetPlatform 'LuminClient'
[2020.02.02-10.52.54:883][  0]LogTargetPlatformManager: Display: Building Assets For Windows
[2020.02.02-10.52.54:909][  0]LogAudioDebug: Display: Lib vorbis DLL was dynamically loaded.
[2020.02.02-10.52.55:012][  0]LogShaderCompilers: Guid format shader working directory is -27 characters bigger than the processId version (../../../../../../Users/h017026h/Documents/GitKra/Global-Game-Jam-2020/GGJ20/Intermediate/Shaders/WorkingDirectory/8352/).
[2020.02.02-10.52.55:012][  0]LogShaderCompilers: Cleaned the shader compiler working directory 'C:/Users/h017026h/AppData/Local/Temp/UnrealShaderWorkingDir/BFA07AB84B7ABD9ACBC78AABAB3D3799/'.
[2020.02.02-10.52.55:015][  0]LogXGEController: Cleaning working directory: C:/Users/h017026h/AppData/Local/Temp/UnrealXGEWorkingDir/
[2020.02.02-10.52.55:016][  0]LogXGEController: Cannot use XGE Controller as Incredibuild is not installed on this machine.
[2020.02.02-10.52.55:016][  0]LogShaderCompilers: Cannot use XGE Shader Compiler as Incredibuild is not installed on this machine.
[2020.02.02-10.52.55:016][  0]LogShaderCompilers: Display: Using Local Shader Compiler.
[2020.02.02-10.52.55:634][  0]LogDerivedDataCache: Display: Max Cache Size: 512 MB
[2020.02.02-10.52.55:695][  0]LogDerivedDataCache: Loaded boot cache 0.06s 71MB C:/Users/h017026h/AppData/Local/UnrealEngine/4.22/DerivedDataCache/Boot.ddc.
[2020.02.02-10.52.55:695][  0]LogDerivedDataCache: Display: Loaded Boot cache: C:/Users/h017026h/AppData/Local/UnrealEngine/4.22/DerivedDataCache/Boot.ddc
[2020.02.02-10.52.55:695][  0]LogDerivedDataCache: FDerivedDataBackendGraph:  Pak pak cache file ../../../../../../Users/h017026h/Documents/GitKra/Global-Game-Jam-2020/GGJ20/DerivedDataCache/DDC.ddp not found, will not use a pak cache.
[2020.02.02-10.52.55:696][  0]LogDerivedDataCache: Unable to find inner node Pak for hierarchical cache Hierarchy.
[2020.02.02-10.52.55:696][  0]LogDerivedDataCache: FDerivedDataBackendGraph:  CompressedPak pak cache file ../../../../../../Users/h017026h/Documents/GitKra/Global-Game-Jam-2020/GGJ20/DerivedDataCache/Compressed.ddp not found, will not use a pak cache.
[2020.02.02-10.52.55:696][  0]LogDerivedDataCache: Unable to find inner node CompressedPak for hierarchical cache Hierarchy.
[2020.02.02-10.52.55:708][  0]LogDerivedDataCache: Display: Pak cache opened for reading ../../../Engine/DerivedDataCache/Compressed.ddp.
[2020.02.02-10.52.55:708][  0]LogDerivedDataCache: FDerivedDataBackendGraph:  EnterprisePak pak cache file ../../../Enterprise/DerivedDataCache/Compressed.ddp not found, will not use a pak cache.
[2020.02.02-10.52.55:708][  0]LogDerivedDataCache: Unable to find inner node EnterprisePak for hierarchical cache Hierarchy.
[2020.02.02-10.52.55:721][  0]LogDerivedDataCache: Using Local data cache path C:/Users/h017026h/AppData/Local/UnrealEngine/Common/DerivedDataCache: Writable
[2020.02.02-10.52.55:721][  0]LogDerivedDataCache: Shared data cache path not found in *engine.ini, will not use an Shared cache.
[2020.02.02-10.52.55:721][  0]LogDerivedDataCache: Unable to find inner node Shared for hierarchical cache Hierarchy.
[2020.02.02-10.52.55:742][  0]LogMaterial: Verifying Global Shaders for PCD3D_SM5
[2020.02.02-10.52.55:744][  0]LogSlate: Using FreeType 2.6.0
[2020.02.02-10.52.55:745][  0]LogSlate: SlateFontServices - WITH_FREETYPE: 1, WITH_HARFBUZZ: 1
[2020.02.02-10.52.55:826][  0]LogAssetRegistry: FAssetRegistry took 0.0370 seconds to start up
[2020.02.02-10.52.56:169][  0]LogInit: Selected Device Profile: [Windows]
[2020.02.02-10.52.56:357][  0]LogMeshReduction: Using QuadricMeshReduction for automatic static mesh reduction
[2020.02.02-10.52.56:358][  0]LogMeshReduction: Using SimplygonMeshReduction for automatic skeletal mesh reduction
[2020.02.02-10.52.56:358][  0]LogMeshReduction: Using ProxyLODMeshReduction for automatic mesh merging
[2020.02.02-10.52.56:358][  0]LogMeshReduction: No distributed automatic mesh merging module available
[2020.02.02-10.52.56:358][  0]LogMeshMerging: No distributed automatic mesh merging module available
[2020.02.02-10.52.56:368][  0]LogNetVersion: GGJ20 1.0.0, NetCL: 5660361, EngineNetVer: 10, GameNetVer: 0 (Checksum: 2452190960)
[2020.02.02-10.52.56:800][  0]LogPackageLocalizationCache: Processed 10 localized package path(s) for 1 prioritized culture(s) in 0.058642 seconds
[2020.02.02-10.52.56:808][  0]LogUObjectArray: 42205 objects as part of root set at end of initial load.
[2020.02.02-10.52.56:808][  0]LogUObjectAllocator: 7325032 out of 0 bytes used by permanent object pool.
[2020.02.02-10.52.56:808][  0]LogUObjectArray: CloseDisregardForGC: 0/0 objects in disregard for GC pool
[2020.02.02-10.52.57:812][  0]LogTcpMessaging: Initializing TcpMessaging bridge
[2020.02.02-10.52.57:830][  0]LogUdpMessaging: Initializing bridge on interface 0.0.0.0:0 to multicast group 230.0.0.1:6666.
[2020.02.02-10.52.58:050][  0]SourceControl: Source control is disabled
[2020.02.02-10.52.58:050][  0]SourceControl: Source control is disabled
[2020.02.02-10.52.58:053][  0]SourceControl: Source control is disabled
[2020.02.02-10.52.58:056][  0]SourceControl: Source control is disabled
[2020.02.02-10.52.58:219][  0]LogAndroidPermission: UAndroidPermissionCallbackProxy::GetInstance
[2020.02.02-10.52.58:355][  0]LogOcInput: OculusInput pre-init called
[2020.02.02-10.52.59:058][  0]LogEngine: Initializing Engine...
[2020.02.02-10.52.59:059][  0]LogHMD: Failed to initialize OpenVR with code 110
[2020.02.02-10.52.59:060][  0]LogStats: UGameplayTagsManager::InitializeManager -  0.000 s
[2020.02.02-10.52.59:257][  0]LogInit: Initializing FReadOnlyCVARCache
[2020.02.02-10.52.59:280][  0]LogAIModule: Creating AISystem for world Untitled
[2020.02.02-10.52.59:297][  0]LogInit: XAudio2 using 'Realtek HD Audio 2nd output (2- Realtek High Definition Audio)' : 2 channels at 48 kHz using 32 bits per sample (channel mask 0x3)
[2020.02.02-10.52.59:352][  0]LogInit: FAudioDevice initialized.
[2020.02.02-10.52.59:353][  0]LogNetVersion: Set ProjectVersion to 1.0.0.0. Version Checksum will be recalculated on next use.
[2020.02.02-10.52.59:405][  0]LogDerivedDataCache: Saved boot cache 0.05s 71MB C:/Users/h017026h/AppData/Local/UnrealEngine/4.22/DerivedDataCache/Boot.ddc.
[2020.02.02-10.52.59:413][  0]LogInit: Texture streaming: Enabled
[2020.02.02-10.52.59:444][  0]LogEngineSessionManager: EngineSessionManager initialized
[2020.02.02-10.52.59:465][  0]LogInit: Transaction tracking system initialized
[2020.02.02-10.52.59:504][  0]BlueprintLog: New page: Editor Load
[2020.02.02-10.52.59:636][  0]LocalizationService: Localization service is disabled
[2020.02.02-10.52.59:978][  0]LogFileCache: Scanning file cache for directory 'C:/Users/h017026h/Documents/GitKra/Global-Game-Jam-2020/GGJ20/Content/' took 0.01s
[2020.02.02-10.52.59:978][  0]LogCook: Display: Max memory allowance for cook 16384mb min free memory 0mb
[2020.02.02-10.52.59:979][  0]LogCook: Display: Mobile HDR setting 1
[2020.02.02-10.53.00:236][  0]SourceControl: Source control is disabled
[2020.02.02-10.53.00:236][  0]Cmd: MAP LOAD FILE="../../../Engine/Content/Maps/Templates/Template_Default.umap" TEMPLATE=1 SHOWPROGRESS=1 FEATURELEVEL=3
[2020.02.02-10.53.00:237][  0]LightingResults: New page: Lighting Build
[2020.02.02-10.53.00:239][  0]MapCheck: New page: Map Check
[2020.02.02-10.53.00:239][  0]LightingResults: New page: Lighting Build
[2020.02.02-10.53.00:268][  0]LogUObjectHash: Compacting FUObjectHashTables data took   1.52ms
[2020.02.02-10.53.00:337][  0]LogAIModule: Creating AISystem for world Untitled_1
[2020.02.02-10.53.00:353][  0]LogEditorServer: Finished looking for orphan Actors (0.000 secs)
[2020.02.02-10.53.00:393][  0]LogUObjectHash: Compacting FUObjectHashTables data took   1.85ms
[2020.02.02-10.53.00:394][  0]Cmd: MAP CHECKDEP NOCLEARLOG
[2020.02.02-10.53.00:394][  0]MapCheck: Map check complete: 0 Error(s), 0 Warning(s), took 0.299ms to complete.
[2020.02.02-10.53.00:394][  0]LogFileHelpers: Loading map 'Template_Default' took 0.159
[2020.02.02-10.53.00:533][  0]LogSlate: Updating window title bar state: overlay mode, drag disabled, window buttons hidden, title bar hidden
[2020.02.02-10.53.00:540][  0]LogSlate: Updating window title bar state: overlay mode, drag disabled, window buttons hidden, title bar hidden
[2020.02.02-10.53.00:547][  0]LogSlate: Updating window title bar state: overlay mode, drag disabled, window buttons hidden, title bar hidden
[2020.02.02-10.53.00:554][  0]LogSlate: Updating window title bar state: overlay mode, drag disabled, window buttons hidden, title bar hidden
[2020.02.02-10.53.00:562][  0]LogCollectionManager: Loaded 0 collections in 0.002173 seconds
[2020.02.02-10.53.00:619][  0]LogFileCache: Scanning file cache for directory 'C:/Users/h017026h/Documents/GitKra/Global-Game-Jam-2020/GGJ20/Saved/Collections/' took 0.01s
[2020.02.02-10.53.00:619][  0]LogFileCache: Scanning file cache for directory 'C:/Users/h017026h/Documents/GitKra/Global-Game-Jam-2020/GGJ20/Content/Developers/h017026h/Collections/' took 0.02s
[2020.02.02-10.53.00:619][  0]LogFileCache: Scanning file cache for directory 'C:/Users/h017026h/Documents/GitKra/Global-Game-Jam-2020/GGJ20/Content/Collections/' took 0.02s
[2020.02.02-10.53.00:619][  0]LogCollectionManager: Rebuilt the GUID cache for 0 collections in 0.000001 seconds
[2020.02.02-10.53.00:638][  0]LogContentBrowser: Native class hierarchy populated in 0.0177 seconds. Added 2746 classes and 662 folders.
[2020.02.02-10.53.00:645][  0]LogContentBrowser: Native class hierarchy updated for 'WidgetCarousel' in 0.0004 seconds. Added 0 classes and 0 folders.
[2020.02.02-10.53.00:649][  0]LogPakFile: Registered encryption key '00000000000000000000000000000000': 0 pak files mounted, 0 remain pending
[2020.02.02-10.53.00:651][  0]LogPakFile: Registered encryption key '00000000000000000000000000000000': 0 pak files mounted, 0 remain pending
[2020.02.02-10.53.00:653][  0]LogPakFile: Registered encryption key '00000000000000000000000000000000': 0 pak files mounted, 0 remain pending
[2020.02.02-10.53.00:653][  0]LogPakFile: Registered encryption key '00000000000000000000000000000000': 0 pak files mounted, 0 remain pending
[2020.02.02-10.53.00:655][  0]LogPakFile: Registered encryption key '00000000000000000000000000000000': 0 pak files mounted, 0 remain pending
[2020.02.02-10.53.00:656][  0]LogPakFile: Registered encryption key '00000000000000000000000000000000': 0 pak files mounted, 0 remain pending
[2020.02.02-10.53.00:658][  0]LogPakFile: Registered encryption key '00000000000000000000000000000000': 0 pak files mounted, 0 remain pending
[2020.02.02-10.53.00:659][  0]LogPakFile: Registered encryption key '00000000000000000000000000000000': 0 pak files mounted, 0 remain pending
[2020.02.02-10.53.00:661][  0]LogPakFile: Registered encryption key '00000000000000000000000000000000': 0 pak files mounted, 0 remain pending
[2020.02.02-10.53.00:662][  0]LogPakFile: Registered encryption key '00000000000000000000000000000000': 0 pak files mounted, 0 remain pending
[2020.02.02-10.53.00:663][  0]LogPakFile: Registered encryption key '00000000000000000000000000000000': 0 pak files mounted, 0 remain pending
[2020.02.02-10.53.00:664][  0]LogPakFile: Registered encryption key '00000000000000000000000000000000': 0 pak files mounted, 0 remain pending
[2020.02.02-10.53.00:666][  0]LogPakFile: Registered encryption key '00000000000000000000000000000000': 0 pak files mounted, 0 remain pending
[2020.02.02-10.53.00:667][  0]LogPakFile: Registered encryption key '00000000000000000000000000000000': 0 pak files mounted, 0 remain pending
[2020.02.02-10.53.00:668][  0]LogPakFile: Registered encryption key '00000000000000000000000000000000': 0 pak files mounted, 0 remain pending
[2020.02.02-10.53.00:670][  0]LogPakFile: Registered encryption key '00000000000000000000000000000000': 0 pak files mounted, 0 remain pending
[2020.02.02-10.53.00:671][  0]LogPakFile: Registered encryption key '00000000000000000000000000000000': 0 pak files mounted, 0 remain pending
[2020.02.02-10.53.00:673][  0]LogPakFile: Registered encryption key '00000000000000000000000000000000': 0 pak files mounted, 0 remain pending
[2020.02.02-10.53.00:674][  0]LogPakFile: Registered encryption key '00000000000000000000000000000000': 0 pak files mounted, 0 remain pending
[2020.02.02-10.53.00:675][  0]LogPakFile: Registered encryption key '00000000000000000000000000000000': 0 pak files mounted, 0 remain pending
[2020.02.02-10.53.00:677][  0]LogPakFile: Registered encryption key '00000000000000000000000000000000': 0 pak files mounted, 0 remain pending
[2020.02.02-10.53.00:678][  0]LogPakFile: Registered encryption key '00000000000000000000000000000000': 0 pak files mounted, 0 remain pending
[2020.02.02-10.53.00:679][  0]LogPakFile: Registered encryption key '00000000000000000000000000000000': 0 pak files mounted, 0 remain pending
[2020.02.02-10.53.00:679][  0]LogPakFile: Registered encryption key '00000000000000000000000000000000': 0 pak files mounted, 0 remain pending
[2020.02.02-10.53.00:681][  0]LogPakFile: Registered encryption key '00000000000000000000000000000000': 0 pak files mounted, 0 remain pending
[2020.02.02-10.53.00:682][  0]LogPakFile: Registered encryption key '00000000000000000000000000000000': 0 pak files mounted, 0 remain pending
[2020.02.02-10.53.00:718][  0]LogContentBrowser: Native class hierarchy updated for 'AddContentDialog' in 0.0004 seconds. Added 0 classes and 0 folders.
[2020.02.02-10.53.00:727][  0]LogContentBrowser: Native class hierarchy updated for 'SceneOutliner' in 0.0004 seconds. Added 1 classes and 2 folders.
[2020.02.02-10.53.00:744][  0]LogSlate: Took 0.000193 seconds to synchronously load lazily loaded font '../../../Engine/Content/Slate/Fonts/Roboto-Regular.ttf' (155K)
[2020.02.02-10.53.00:746][  0]LogSlate: Took 0.000154 seconds to synchronously load lazily loaded font '../../../Engine/Content/Slate/Fonts/Roboto-Bold.ttf' (160K)
[2020.02.02-10.53.00:757][  0]LogSlate: Took 0.000238 seconds to synchronously load lazily loaded font '../../../Engine/Content/Editor/Slate/Fonts/FontAwesome.ttf' (139K)
[2020.02.02-10.53.00:817][  0]LogRenderer: Reallocating scene render targets to support 1208x572 Format 10 NumSamples 1 (Frame:1).
[2020.02.02-10.53.00:941][  0]LogContentBrowser: Native class hierarchy updated for 'HierarchicalLODOutliner' in 0.0008 seconds. Added 0 classes and 0 folders.
[2020.02.02-10.53.00:941][  0]LogLoad: (Engine Initialization) Total time: 9.55 seconds
[2020.02.02-10.53.00:942][  0]LogLoad: (Engine Initialization) Total Blueprint compile time: 0.00 seconds
[2020.02.02-10.53.00:983][  0]LogAssetRegistry: Asset discovery search completed in 5.1830 seconds
[2020.02.02-10.53.00:986][  0]LogCollectionManager: Rebuilt the object cache for 0 collections in 0.000001 seconds (found 0 objects)
[2020.02.02-10.53.00:986][  0]LogCollectionManager: Fixed up redirectors for 0 collections in 0.000135 seconds (updated 0 objects)
[2020.02.02-10.53.00:988][  0]LogContentStreaming: Texture pool size now 1000 MB
[2020.02.02-10.53.01:011][  0]LogSlate: Took 0.000160 seconds to synchronously load lazily loaded font '../../../Engine/Content/Slate/Fonts/Roboto-Light.ttf' (167K)
[2020.02.02-10.53.03:127][248]LogSlate: FSceneViewport::OnFocusLost() reason 0
[2020.02.02-10.53.04:125][366]LogSlate: Took 0.000164 seconds to synchronously load lazily loaded font '../../../Engine/Content/Slate/Fonts/Roboto-Light.ttf' (167K)
[2020.02.02-10.53.04:171][366]LogAIModule: Creating AISystem for world Untitled
[2020.02.02-10.53.04:179][366]LogAssetEditorManager: Opening Asset editor for World /Game/Maps/Untitled.Untitled
[2020.02.02-10.53.04:215][366]LogUObjectHash: Compacting FUObjectHashTables data took   1.77ms
[2020.02.02-10.53.04:217][366]Cmd: MAP LOAD FILE="../../../../../../Users/h017026h/Documents/GitKra/Global-Game-Jam-2020/GGJ20/Content/Maps/Untitled.umap" TEMPLATE=0 SHOWPROGRESS=1 FEATURELEVEL=3
[2020.02.02-10.53.04:217][366]LightingResults: New page: Lighting Build
[2020.02.02-10.53.04:217][366]LoadErrors: New page: Loading map: Untitled.umap
[2020.02.02-10.53.04:218][366]MapCheck: New page: Map Check
[2020.02.02-10.53.04:218][366]LightingResults: New page: Lighting Build
[2020.02.02-10.53.04:246][366]LogUObjectHash: Compacting FUObjectHashTables data took   1.59ms
[2020.02.02-10.53.04:250][366]LogEditorServer: Finished looking for orphan Actors (0.000 secs)
[2020.02.02-10.53.04:278][366]LogUObjectHash: Compacting FUObjectHashTables data took   1.45ms
[2020.02.02-10.53.04:301][366]Cmd: MAP CHECKDEP NOCLEARLOG
[2020.02.02-10.53.04:302][366]MapCheck: Map check complete: 0 Error(s), 0 Warning(s), took 0.23ms to complete.
[2020.02.02-10.53.04:302][366]LogFileHelpers: Loading map 'Untitled' took 0.087
[2020.02.02-10.53.07:639][757]MapCheck: New page: Map Check
[2020.02.02-10.53.07:654][757]LightingResults: New page: Lighting Build - 2 Feb 2020 10:53:07
[2020.02.02-10.53.07:705][757]LogSwarmInterface: [OpenConnection] Registering TCP channel ...
[2020.02.02-10.53.07:789][757]LogSwarmInterface: [OpenConnection] Connecting to agent ...
[2020.02.02-10.53.07:806][757]LogSwarmInterface: [TryOpenConnection] Testing the Agent
[2020.02.02-10.53.08:316][757]LogSwarmInterface: [TryOpenConnection] Opening Connection to Agent
[2020.02.02-10.53.08:316][757]LogSwarmInterface: [TryOpenConnection] Local Process ID is 8352
[2020.02.02-10.53.17:469][757]LogStaticLightingSystem: Warning: No importance volume found, so the scene bounding box was used.  You can optimize your scene's quality and lighting build times by adding importance volumes.
[2020.02.02-10.53.17:469][757]LogStaticLightingSystem: Running Lightmass w/ ImmediateImport mode ENABLED
[2020.02.02-10.53.17:470][757]LogStaticLightingSystem: Running Lightmass w/ ImmediateProcess mode ENABLED
[2020.02.02-10.53.17:470][757]LogStaticLightingSystem: Running Lightmass w/ Sorting mode ENABLED
[2020.02.02-10.53.17:470][757]LogStaticLightingSystem: Running Lightmass w/ Mapping paddings ENABLED
[2020.02.02-10.53.17:470][757]LogStaticLightingSystem: Running Lightmass w/ Mapping debug paddings DISABLED
[2020.02.02-10.53.17:650][757]LogEditorBuildUtils: Build time 0:10
[2020.02.02-10.53.17:761][761]LogUObjectHash: Compacting FUObjectHashTables data took   0.89ms
[2020.02.02-10.53.19:251][862]Job is a success!
[2020.02.02-10.53.19:295][864]LogVolumetricLightmapImport: Imported Volumetric Lightmap in 0.011s
[2020.02.02-10.53.19:296][864]LogVolumetricLightmapImport:      Indirection Texture 16x16x16 = 0.0Mb
[2020.02.02-10.53.19:296][864]LogVolumetricLightmapImport:      BrickData 100x5x5 = 0.1Mb
[2020.02.02-10.53.19:296][864]LogVolumetricLightmapImport:      Bricks at Level
[2020.02.02-10.53.19:296][864]LogVolumetricLightmapImport:          0: 5.0% covering 100.0% of volume
[2020.02.02-10.53.19:296][864]LogVolumetricLightmapImport:          1: 5.0% covering 1.6% of volume
[2020.02.02-10.53.19:296][864]LogVolumetricLightmapImport:          2: 90.0% covering 0.4% of volume
[2020.02.02-10.53.19:350][864]LogTexture: Display: Building textures: HQ_Lightmap0_1 (AutoDXT, 256X256)
[2020.02.02-10.53.19:351][864]LogTexture: Display: Building textures: LQ_Lightmap_0_2 (DXT1, 64X64)
[2020.02.02-10.53.19:351][864]LogTexture: Display: Building textures: HQ_Lightmap0_2 (AutoDXT, 64X64)
[2020.02.02-10.53.19:351][864]LogTexture: Display: Building textures: LQ_Lightmap_0_1 (DXT1, 256X256)
[2020.02.02-10.53.19:351][864]LogTexture: Display: Building textures: ShadowMapTexture2D_1 (G8, 32X32)
[2020.02.02-10.53.19:351][864]LogTexture: Display: Building textures: ShadowMapTexture2D_0 (G8, 256X128)
[2020.02.02-10.53.19:373][864]LogStaticLightingSystem: Untitled_BuiltData storing lightmap data for 5 meshes in 2 LightmapResourceClusters (2.5 Meshes per cluster).
[2020.02.02-10.53.19:402][864]Lightmass on C117B-20: 1.13 sec total, 150 ms importing, 29 ms setup, 409 ms photons, 504 ms processing, 0 ms extra exporting [5/5 mappings]. Threads: 3.36 sec total, 358 ms processing.
[2020.02.02-10.53.19:403][864]LogUObjectHash: Compacting FUObjectHashTables data took   0.65ms
[2020.02.02-10.53.19:412][864]LogStaticLightingSystem: Illumination: 11.7 sec (34 ms encoding lightmaps, 9 ms encoding shadowmaps)
[2020.02.02-10.53.19:412][864]LogStaticLightingSystem: Lightmap texture memory:  0.1 MB (0.1 MB streaming, 0.0 MB non-streaming), 4 textures
[2020.02.02-10.53.19:412][864]LogStaticLightingSystem: Shadowmap texture memory: 0.0 MB (0.0 MB streaming, 0.0 MB non-streaming), 2 textures
[2020.02.02-10.53.37:500][864]DumpUnbuiltLightIteractions
[2020.02.02-10.53.37:501][864]Lights with unbuilt interactions: 0
[2020.02.02-10.53.37:501][864]
[2020.02.02-10.53.37:501][864]Primitives with unbuilt interactions: 0
[2020.02.02-10.53.37:598][865]Cmd: MAP CHECK NOTIFYRESULTS
[2020.02.02-10.53.37:599][865]MapCheck: New page: Untitled - 2 Feb 2020 10:53:37
[2020.02.02-10.53.37:600][865]MapCheck: Warning: BP_WaterLevel_2 Static mesh actor has NULL StaticMesh property 
[2020.02.02-10.53.37:600][865]MapCheck: Map check complete: 0 Error(s), 1 Warning(s), took 1.57ms to complete.
[2020.02.02-10.53.41:509][204]LogUObjectHash: Compacting FUObjectHashTables data took   1.27ms
[2020.02.02-10.53.41:636][204]LogSavePackage: Moving '../../../../../../Users/h017026h/Documents/GitKra/Global-Game-Jam-2020/GGJ20/Saved/UntitledA1CF7F6646EFB0058E1B2DBC852D7B4E.tmp' to '../../../../../../Users/h017026h/Documents/GitKra/Global-Game-Jam-2020/GGJ20/Content/Maps/Untitled.umap'
[2020.02.02-10.53.41:664][204]Cmd: OBJ SAVEPACKAGE PACKAGE="/Game/Maps/Untitled_BuiltData" FILE="../../../../../../Users/h017026h/Documents/GitKra/Global-Game-Jam-2020/GGJ20/Content/Maps/Untitled_BuiltData.uasset" SILENT=true
[2020.02.02-10.53.41:687][204]LogSavePackage: Moving '../../../../../../Users/h017026h/Documents/GitKra/Global-Game-Jam-2020/GGJ20/Saved/Untitled_BuiltDataE9D679E64802A90314665B8BA3D79753.tmp' to '../../../../../../Users/h017026h/Documents/GitKra/Global-Game-Jam-2020/GGJ20/Content/Maps/Untitled_BuiltData.uasset'
[2020.02.02-10.53.43:838][455]LogActor: Warning: BP_WaterLevel_C /Engine/Transient.World_1:PersistentLevel.BP_WaterLevel_C_0 has natively added scene component(s), but none of them were set as the actor's RootComponent - picking one arbitrarily
[2020.02.02-10.53.43:856][456]LogActor: Warning: BPDefenseSystemRepairable_C /Engine/Transient.World_2:PersistentLevel.BPDefenseSystemRepairable_C_0 has natively added scene component(s), but none of them were set as the actor's RootComponent - picking one arbitrarily
[2020.02.02-10.53.48:937][ 45]LogAssetEditorManager: Opening Asset editor for Blueprint /Game/BPHullRepairable.BPHullRepairable
[2020.02.02-10.53.49:175][ 45]LogContentBrowser: Native class hierarchy updated for 'BlueprintGraph' in 0.0006 seconds. Added 121 classes and 0 folders.
[2020.02.02-10.53.50:025][ 45]LogSlate: Took 0.000198 seconds to synchronously load lazily loaded font '../../../Engine/Content/Slate/Fonts/Roboto-BoldCondensed.ttf' (158K)
[2020.02.02-10.53.51:534][197]LogSlate: Window 'BPHullRepairable' being destroyed
[2020.02.02-10.53.52:523][309]LogRenderer: Reallocating scene render targets to support 1208x708 Format 10 NumSamples 1 (Frame:1).
[2020.02.02-10.54.43:202][256]LogSlate: Took 0.000195 seconds to synchronously load lazily loaded font '../../../Engine/Content/Slate/Fonts/Roboto-Italic.ttf' (157K)
[2020.02.02-10.55.21:819][850]BlueprintLog: New page: Compile BPHullRepairable
[2020.02.02-10.55.22:048][850]LogUObjectHash: Compacting FUObjectHashTables data took   3.47ms
[2020.02.02-10.55.22:836][939]Cmd: OBJ SAVEPACKAGE PACKAGE="/Game/BPHullRepairable" FILE="../../../../../../Users/h017026h/Documents/GitKra/Global-Game-Jam-2020/GGJ20/Content/BPHullRepairable.uasset" SILENT=true
[2020.02.02-10.55.22:873][939]LogSavePackage: Moving '../../../../../../Users/h017026h/Documents/GitKra/Global-Game-Jam-2020/GGJ20/Saved/BPHullRepairable03BF60714F554B31115BC2963D487FD9.tmp' to '../../../../../../Users/h017026h/Documents/GitKra/Global-Game-Jam-2020/GGJ20/Content/BPHullRepairable.uasset'
[2020.02.02-10.55.24:987][182]LogTemp: Repeating last play command: Selected Viewport
[2020.02.02-10.55.25:011][182]LogBlueprintUserMessages: Early PlayInEditor Detection: Level '/Game/Maps/Untitled.Untitled:PersistentLevel' has LevelScriptBlueprint '/Game/Maps/Untitled.Untitled:PersistentLevel.Untitled' with GeneratedClass '/Game/Maps/Untitled.Untitled_C' with ClassGeneratedBy '/Game/Maps/Untitled.Untitled:PersistentLevel.Untitled'
[2020.02.02-10.55.25:011][182]LogPlayLevel: PlayLevel: No blueprints needed recompiling
[2020.02.02-10.55.25:012][182]PIE: New page: PIE session: Untitled (2 Feb 2020 10:55:25)
[2020.02.02-10.55.25:026][182]LogPlayLevel: Creating play world package: /Game/Maps/UEDPIE_0_Untitled
[2020.02.02-10.55.25:033][182]LogPlayLevel: PIE: StaticDuplicateObject took: (0.005898s)
[2020.02.02-10.55.25:033][182]LogAIModule: Creating AISystem for world Untitled
[2020.02.02-10.55.25:034][182]LogPlayLevel: PIE: World Init took: (0.000926s)
[2020.02.02-10.55.25:034][182]LogPlayLevel: PIE: Created PIE world by copying editor world from /Game/Maps/Untitled.Untitled to /Game/Maps/UEDPIE_0_Untitled.Untitled (0.007637s)
[2020.02.02-10.55.25:066][182]LogUObjectHash: Compacting FUObjectHashTables data took   2.81ms
[2020.02.02-10.55.25:076][182]LogInit: XAudio2 using 'Realtek HD Audio 2nd output (2- Realtek High Definition Audio)' : 2 channels at 48 kHz using 32 bits per sample (channel mask 0x3)
[2020.02.02-10.55.25:092][182]LogInit: FAudioDevice initialized.
[2020.02.02-10.55.25:162][182]LogLoad: Game class is 'TestLevel_C'
[2020.02.02-10.55.25:165][182]LogWorld: Bringing World /Game/Maps/UEDPIE_0_Untitled.Untitled up for play (max tick rate 0) at 2020.02.02-10.55.25
[2020.02.02-10.55.25:165][182]LogWorld: Bringing up level for play took: 0.001503
[2020.02.02-10.55.25:195][182]LogBlueprintActionDatabase: Requesting refresh due to module change: Voice (loaded)
[2020.02.02-10.55.25:201][182]LogBlueprintActionDatabase: Requesting refresh due to module change: MovieSceneCapture (loaded)
[2020.02.02-10.55.25:202][182]LogContentBrowser: Native class hierarchy updated for 'MovieSceneCapture' in 0.0006 seconds. Added 20 classes and 0 folders.
[2020.02.02-10.55.25:203][182]PIE: Play in editor start time for /Game/Maps/UEDPIE_0_Untitled 0.253
[2020.02.02-10.55.25:203][182]LogBlueprintUserMessages: Late PlayInEditor Detection: Level '/Game/Maps/Untitled.Untitled:PersistentLevel' has LevelScriptBlueprint '/Game/Maps/Untitled.Untitled:PersistentLevel.Untitled' with GeneratedClass '/Game/Maps/Untitled.Untitled_C' with ClassGeneratedBy '/Game/Maps/Untitled.Untitled:PersistentLevel.Untitled'
[2020.02.02-10.55.30:818][813]LogBlueprintUserMessages: Early EndPlayMap Detection: Level '/Game/Maps/Untitled.Untitled:PersistentLevel' has LevelScriptBlueprint '/Game/Maps/Untitled.Untitled:PersistentLevel.Untitled' with GeneratedClass '/Game/Maps/Untitled.Untitled_C' with ClassGeneratedBy '/Game/Maps/Untitled.Untitled:PersistentLevel.Untitled'
[2020.02.02-10.55.30:819][813]LogSlate: Updating window title bar state: overlay mode, drag disabled, window buttons hidden, title bar hidden
[2020.02.02-10.55.30:856][813]LogPlayLevel: Display: Shutting down PIE online subsystems
[2020.02.02-10.55.30:856][813]LogBlueprintUserMessages: Late EndPlayMap Detection: Level '/Game/Maps/Untitled.Untitled:PersistentLevel' has LevelScriptBlueprint '/Game/Maps/Untitled.Untitled:PersistentLevel.Untitled' with GeneratedClass '/Game/Maps/Untitled.Untitled_C' with ClassGeneratedBy '/Game/Maps/Untitled.Untitled:PersistentLevel.Untitled'
[2020.02.02-10.55.30:916][813]LogSlate: Updating window title bar state: overlay mode, drag disabled, window buttons hidden, title bar hidden
[2020.02.02-10.55.30:939][813]LogUObjectHash: Compacting FUObjectHashTables data took   5.49ms
[2020.02.02-10.55.30:961][814]LogPlayLevel: Display: Destroying online subsystem :Context_5
[2020.02.02-10.55.32:354][977]LogSlate: FSceneViewport::OnFocusLost() reason 0
[2020.02.02-10.55.37:180][554]LogEditorViewport: Clicking on Actor (LMB): StaticMeshActor (Floor)
[2020.02.02-10.55.41:179][ 12]LogEditorViewport: Clicking on Actor (LMB): StaticMeshActor (Floor)
[2020.02.02-10.55.41:664][ 67]LogEditorViewport: Clicking on Actor (LMB): StaticMeshActor (Floor)
[2020.02.02-10.55.42:564][171]LogEditorViewport: Clicking on Actor (LMB): StaticMeshActor (Floor)
[2020.02.02-10.55.43:255][251]LogEditorViewport: Clicking on Actor (LMB): StaticMeshActor (Floor)
[2020.02.02-10.55.45:240][479]LogEditorViewport: Clicking on Actor (LMB): PlayerStart (Player Start)
[2020.02.02-10.55.47:269][713]LogNavigationPoint: PostEditMove Clear paths rebuilt
[2020.02.02-10.55.49:195][939]LogNavigationPoint: PostEditMove Clear paths rebuilt
[2020.02.02-10.55.50:005][ 33]LogEditorViewport: Clicking on Actor (LMB): StaticMeshActor (Floor)
[2020.02.02-10.55.51:485][200]LogEditorViewport: Clicking on Actor (LMB): StaticMeshActor (Floor)
[2020.02.02-10.55.52:448][311]LogEditorViewport: Clicking on Actor (LMB): BPHullRepairable_C (BPHullRepairable)
[2020.02.02-10.55.55:167][621]LogSlate: FSceneViewport::OnFocusLost() reason 0
