Log file open, 01/31/20 23:50:34
LogWindows: Failed to load 'aqProf.dll' (GetLastError=126)
LogWindows: File 'aqProf.dll' does not exist
LogWindows: Failed to load 'VtuneApi.dll' (GetLastError=126)
LogWindows: File 'VtuneApi.dll' does not exist
LogWindows: Failed to load 'VtuneApi32e.dll' (GetLastError=126)
LogWindows: File 'VtuneApi32e.dll' does not exist
LogConsoleResponse: Display: Failed to find resolution value strings in scalability ini. Falling back to default.
LogInit: Display: Running engine for game: GGJ20
LogPakFile: Registered encryption key '00000000000000000000000000000000': 0 pak files mounted, 0 remain pending
LogPlatformFile: Not using cached read wrapper
LogTaskGraph: Started task graph with 5 named threads and 23 total threads with 3 sets of task threads.
LogStats: Stats thread started at 0.393208
LogD3D11RHI: Loaded GFSDK_Aftermath_Lib.x64.dll
LogICUInternationalization: ICU TimeZone Detection - Raw Offset: +0:00, Platform Override: ''
LogPluginManager: Mounting plugin Paper2D
LogPluginManager: Mounting plugin AISupport
LogPluginManager: Mounting plugin LightPropagationVolume
LogPluginManager: Mounting plugin ActorLayerUtilities
LogPluginManager: Mounting plugin AnimationSharing
LogPluginManager: Mounting plugin CLionSourceCodeAccess
LogPluginManager: Mounting plugin CodeLiteSourceCodeAccess
LogPluginManager: Mounting plugin GitSourceControl
LogPluginManager: Mounting plugin KDevelopSourceCodeAccess
LogPluginManager: Mounting plugin NullSourceCodeAccess
LogPluginManager: Mounting plugin PerforceSourceControl
LogPluginManager: Mounting plugin SubversionSourceControl
LogPluginManager: Mounting plugin UObjectPlugin
LogPluginManager: Mounting plugin VisualStudioCodeSourceCodeAccess
LogPluginManager: Mounting plugin VisualStudioSourceCodeAccess
LogPluginManager: Mounting plugin XCodeSourceCodeAccess
LogPluginManager: Mounting plugin AssetManagerEditor
LogPluginManager: Mounting plugin CryptoKeys
LogPluginManager: Mounting plugin DataValidation
LogPluginManager: Mounting plugin FacialAnimation
LogPluginManager: Mounting plugin GameplayTagsEditor
LogPluginManager: Mounting plugin MacGraphicsSwitching
LogPluginManager: Mounting plugin MaterialAnalyzer
LogPluginManager: Mounting plugin MobileLauncherProfileWizard
LogPluginManager: Mounting plugin PluginBrowser
LogPluginManager: Mounting plugin SpeedTreeImporter
LogPluginManager: Mounting plugin DatasmithContent
LogPluginManager: Mounting plugin VariantManagerContent
LogPluginManager: Mounting plugin AlembicImporter
LogPluginManager: Mounting plugin AppleImageUtils
LogPluginManager: Mounting plugin AppleVision
LogPluginManager: Mounting plugin BackChannel
LogPluginManager: Mounting plugin CharacterAI
LogPluginManager: Mounting plugin GeometryCache
LogPluginManager: Mounting plugin HTML5Networking
LogPluginManager: Mounting plugin ProxyLODPlugin
LogPluginManager: Mounting plugin SkeletalReduction
LogPluginManager: Mounting plugin MagicLeap
LogPluginManager: Mounting plugin MagicLeapMedia
LogPluginManager: Mounting plugin AndroidMedia
LogPluginManager: Mounting plugin AvfMedia
LogPluginManager: Mounting plugin ImgMedia
LogPluginManager: Mounting plugin LinearTimecode
LogPluginManager: Mounting plugin MediaCompositing
LogPluginManager: Mounting plugin MediaPlayerEditor
LogPluginManager: Mounting plugin WebMMedia
LogPluginManager: Mounting plugin WmfMedia
LogPluginManager: Mounting plugin TcpMessaging
LogPluginManager: Mounting plugin UdpMessaging
LogPluginManager: Mounting plugin ActorSequence
LogPluginManager: Mounting plugin LevelSequenceEditor
LogPluginManager: Mounting plugin MatineeToLevelSequence
LogPluginManager: Mounting plugin NetcodeUnitTest
LogPluginManager: Mounting plugin NUTUnrealEngine4
LogPluginManager: Mounting plugin OnlineSubsystemGooglePlay
LogPluginManager: Mounting plugin OnlineSubsystemIOS
LogPluginManager: Mounting plugin OnlineSubsystem
LogPluginManager: Mounting plugin OnlineSubsystemNull
LogPluginManager: Mounting plugin OnlineSubsystemUtils
LogPluginManager: Mounting plugin LauncherChunkInstaller
LogPluginManager: Mounting plugin AndroidDeviceProfileSelector
LogPluginManager: Mounting plugin AndroidMoviePlayer
LogPluginManager: Mounting plugin AndroidPermission
LogPluginManager: Mounting plugin AppleMoviePlayer
LogPluginManager: Mounting plugin ArchVisCharacter
LogPluginManager: Mounting plugin AudioCapture
LogPluginManager: Mounting plugin CableComponent
LogPluginManager: Mounting plugin CustomMeshComponent
LogPluginManager: Mounting plugin EditableMesh
LogPluginManager: Mounting plugin ExampleDeviceProfileSelector
LogPluginManager: Mounting plugin Firebase
LogPluginManager: Mounting plugin GoogleCloudMessaging
LogPluginManager: Mounting plugin IOSDeviceProfileSelector
LogPluginManager: Mounting plugin LinuxDeviceProfileSelector
LogPluginManager: Mounting plugin LocationServicesBPLibrary
LogPluginManager: Mounting plugin MobilePatchingUtils
LogPluginManager: Mounting plugin OculusVR
LogPluginManager: Mounting plugin PhysXVehicles
LogPluginManager: Mounting plugin ProceduralMeshComponent
LogPluginManager: Mounting plugin RuntimePhysXCooking
LogPluginManager: Mounting plugin SignificanceManager
LogPluginManager: Mounting plugin SteamVR
LogPluginManager: Mounting plugin WebMMoviePlayer
LogPluginManager: Mounting plugin WindowsMoviePlayer
LogInit: Using libcurl 7.55.1-DEV
LogInit:  - built for x86_64-pc-win32
LogInit:  - supports SSL with OpenSSL/1.1.1
LogInit:  - supports HTTP deflate (compression) using libz 1.2.8
LogInit:  - other features:
LogInit:      CURL_VERSION_SSL
LogInit:      CURL_VERSION_LIBZ
LogInit:      CURL_VERSION_IPV6
LogInit:      CURL_VERSION_ASYNCHDNS
LogInit:      CURL_VERSION_LARGEFILE
LogInit:      CURL_VERSION_IDN
LogInit:  CurlRequestOptions (configurable via config and command line):
LogInit:  - bVerifyPeer = true  - Libcurl will verify peer certificate
LogInit:  - bUseHttpProxy = false  - Libcurl will NOT use HTTP proxy
LogInit:  - bDontReuseConnections = false  - Libcurl will reuse connections
LogInit:  - MaxHostConnections = 16  - Libcurl will limit the number of connections to a host
LogInit:  - LocalHostAddr = Default
LogInit:  - BufferSize = 65536
LogInit: WinSock: version 1.1 (2.2), MaxSocks=32767, MaxUdp=65467
LogInit: Build: ++UE4+Release-4.22-CL-7053642
LogInit: Engine Version: 4.22.3-7053642+++UE4+Release-4.22
LogInit: Compatible Engine Version: 4.22.0-5660361+++UE4+Release-4.22
LogInit: Net CL: 5660361
LogInit: OS: Windows 10 (Release 1909) (), CPU: Intel(R) Xeon(R) W-2123 CPU @ 3.60GHz, GPU: NVIDIA GeForce GTX 1070
LogInit: Compiled (64-bit): Jun 18 2019 03:09:11
LogInit: Compiled with Visual C++: 19.16.27025.01
LogInit: Build Configuration: Development
LogInit: Branch Name: ++UE4+Release-4.22
LogInit: Command Line:  -skipcompile
LogInit: Base Directory: C:/Epic/UE4/UE_4.22/Engine/Binaries/Win64/
LogInit: Installed Engine Build: 1
LogDevObjectVersion: Number of dev versions registered: 23
LogDevObjectVersion:   Dev-Blueprints (B0D832E4-1F89-4F0D-ACCF-7EB736FD4AA2): 10
LogDevObjectVersion:   Dev-Build (E1C64328-A22C-4D53-A36C-8E866417BD8C): 0
LogDevObjectVersion:   Dev-Core (375EC13C-06E4-48FB-B500-84F0262A717E): 3
LogDevObjectVersion:   Dev-Editor (E4B068ED-F494-42E9-A231-DA0B2E46BB41): 30
LogDevObjectVersion:   Dev-Framework (CFFC743F-43B0-4480-9391-14DF171D2073): 35
LogDevObjectVersion:   Dev-Mobile (B02B49B5-BB20-44E9-A304-32B752E40360): 2
LogDevObjectVersion:   Dev-Networking (A4E4105C-59A1-49B5-A7C5-40C4547EDFEE): 0
LogDevObjectVersion:   Dev-Online (39C831C9-5AE6-47DC-9A44-9C173E1C8E7C): 0
LogDevObjectVersion:   Dev-Physics (78F01B33-EBEA-4F98-B9B4-84EACCB95AA2): 0
LogDevObjectVersion:   Dev-Platform (6631380F-2D4D-43E0-8009-CF276956A95A): 0
LogDevObjectVersion:   Dev-Rendering (12F88B9F-8875-4AFC-A67C-D90C383ABD29): 28
LogDevObjectVersion:   Dev-Sequencer (7B5AE74C-D270-4C10-A958-57980B212A5A): 11
LogDevObjectVersion:   Dev-VR (D7296918-1DD6-4BDD-9DE2-64A83CC13884): 2
LogDevObjectVersion:   Dev-LoadTimes (C2A15278-BFE7-4AFE-6C17-90FF531DF755): 1
LogDevObjectVersion:   Private-Geometry (6EACA3D4-40EC-4CC1-B786-8BED09428FC5): 3
LogDevObjectVersion:   Dev-AnimPhys (29E575DD-E0A3-4627-9D10-D276232CDCEA): 17
LogDevObjectVersion:   Dev-Anim (AF43A65D-7FD3-4947-9873-3E8ED9C1BB05): 2
LogDevObjectVersion:   Dev-ReflectionCapture (6B266CEC-1EC7-4B8F-A30B-E4D90942FC07): 1
LogDevObjectVersion:   Dev-Automation (0DF73D61-A23F-47EA-B727-89E90C41499A): 1
LogDevObjectVersion:   FortniteMain (601D1886-AC64-4F84-AA16-D3DE0DEAC7D6): 25
LogDevObjectVersion:   Dev-Enterprise (9DFFBCD6-494F-0158-E221-12823C92A888): 6
LogDevObjectVersion:   Dev-Niagara (F2AED0AC-9AFE-416F-8664-AA7FFA26D6FC): 1
LogDevObjectVersion:   Dev-Destruction (174F1F0B-B4C6-45A5-B13F-2EE8D0FB917D): 2
LogInit: Presizing for max 16777216 objects, including 0 objects not considered by GC, pre-allocating 0 bytes for permanent pool.
LogInit: Object subsystem initialized
LogConfig: Setting CVar [[con.DebugEarlyDefault:1]]
LogConfig: Setting CVar [[r.setres:1280x720]]
[2020.01.31-23.50.35:298][  0]LogConfig: Setting CVar [[r.VSync:0]]
[2020.01.31-23.50.35:298][  0]LogConfig: Setting CVar [[r.RHICmdBypass:0]]
[2020.01.31-23.50.35:298][  0]LogConfig: Applying CVar settings from Section [/Script/Engine.RendererSettings] File [C:/Users/w017177h/Documents/GGJ2020/Global-Game-Jam-2020/GGJ20/Saved/Config/Windows/Engine.ini]
[2020.01.31-23.50.35:299][  0]LogConfig: Setting CVar [[r.GPUCrashDebugging:0]]
[2020.01.31-23.50.35:299][  0]LogConfig: Setting CVar [[r.DefaultFeature.AutoExposure.ExtendDefaultLuminanceRange:1]]
[2020.01.31-23.50.35:299][  0]LogConfig: Applying CVar settings from Section [/Script/Engine.RendererOverrideSettings] File [C:/Users/w017177h/Documents/GGJ2020/Global-Game-Jam-2020/GGJ20/Saved/Config/Windows/Engine.ini]
[2020.01.31-23.50.35:299][  0]LogConfig: Applying CVar settings from Section [/Script/Engine.StreamingSettings] File [C:/Users/w017177h/Documents/GGJ2020/Global-Game-Jam-2020/GGJ20/Saved/Config/Windows/Engine.ini]
[2020.01.31-23.50.35:299][  0]LogConfig: Setting CVar [[s.MinBulkDataSizeForAsyncLoading:131072]]
[2020.01.31-23.50.35:299][  0]LogConfig: Setting CVar [[s.AsyncLoadingThreadEnabled:0]]
[2020.01.31-23.50.35:299][  0]LogConfig: Setting CVar [[s.EventDrivenLoaderEnabled:1]]
[2020.01.31-23.50.35:299][  0]LogConfig: Setting CVar [[s.WarnIfTimeLimitExceeded:0]]
[2020.01.31-23.50.35:299][  0]LogConfig: Setting CVar [[s.TimeLimitExceededMultiplier:1.5]]
[2020.01.31-23.50.35:299][  0]LogConfig: Setting CVar [[s.TimeLimitExceededMinTime:0.005]]
[2020.01.31-23.50.35:299][  0]LogConfig: Setting CVar [[s.UseBackgroundLevelStreaming:1]]
[2020.01.31-23.50.35:299][  0]LogConfig: Setting CVar [[s.PriorityAsyncLoadingExtraTime:15.0]]
[2020.01.31-23.50.35:299][  0]LogConfig: Setting CVar [[s.LevelStreamingActorsUpdateTimeLimit:5.0]]
[2020.01.31-23.50.35:299][  0]LogConfig: Setting CVar [[s.PriorityLevelStreamingActorsUpdateExtraTime:5.0]]
[2020.01.31-23.50.35:300][  0]LogConfig: Setting CVar [[s.LevelStreamingComponentsRegistrationGranularity:10]]
[2020.01.31-23.50.35:300][  0]LogConfig: Setting CVar [[s.UnregisterComponentsTimeLimit:1.0]]
[2020.01.31-23.50.35:300][  0]LogConfig: Setting CVar [[s.LevelStreamingComponentsUnregistrationGranularity:5]]
[2020.01.31-23.50.35:300][  0]LogConfig: Applying CVar settings from Section [/Script/Engine.GarbageCollectionSettings] File [C:/Users/w017177h/Documents/GGJ2020/Global-Game-Jam-2020/GGJ20/Saved/Config/Windows/Engine.ini]
[2020.01.31-23.50.35:300][  0]LogConfig: Setting CVar [[gc.MaxObjectsNotConsideredByGC:1]]
[2020.01.31-23.50.35:300][  0]LogConfig: Setting CVar [[gc.SizeOfPermanentObjectPool:0]]
[2020.01.31-23.50.35:300][  0]LogConfig: Setting CVar [[gc.FlushStreamingOnGC:0]]
[2020.01.31-23.50.35:300][  0]LogConfig: Setting CVar [[gc.NumRetriesBeforeForcingGC:10]]
[2020.01.31-23.50.35:300][  0]LogConfig: Setting CVar [[gc.AllowParallelGC:1]]
[2020.01.31-23.50.35:300][  0]LogConfig: Setting CVar [[gc.TimeBetweenPurgingPendingKillObjects:61.1]]
[2020.01.31-23.50.35:300][  0]LogConfig: Setting CVar [[gc.MaxObjectsInEditor:16777216]]
[2020.01.31-23.50.35:300][  0]LogConfig: Setting CVar [[gc.IncrementalBeginDestroyEnabled:1]]
[2020.01.31-23.50.35:300][  0]LogConfig: Setting CVar [[gc.CreateGCClusters:1]]
[2020.01.31-23.50.35:300][  0]LogConfig: Setting CVar [[gc.MinGCClusterSize:5]]
[2020.01.31-23.50.35:301][  0]LogConfig: Setting CVar [[gc.ActorClusteringEnabled:0]]
[2020.01.31-23.50.35:301][  0]LogConfig: Setting CVar [[gc.BlueprintClusteringEnabled:0]]
[2020.01.31-23.50.35:301][  0]LogConfig: Setting CVar [[gc.UseDisregardForGCOnDedicatedServers:0]]
[2020.01.31-23.50.35:301][  0]LogConfig: Applying CVar settings from Section [/Script/Engine.NetworkSettings] File [C:/Users/w017177h/Documents/GGJ2020/Global-Game-Jam-2020/GGJ20/Saved/Config/Windows/Engine.ini]
[2020.01.31-23.50.35:301][  0]LogConfig: Applying CVar settings from Section [/Script/UnrealEd.CookerSettings] File [C:/Users/w017177h/Documents/GGJ2020/Global-Game-Jam-2020/GGJ20/Saved/Config/Windows/Engine.ini]
[2020.01.31-23.50.35:314][  0]LogConfig: Applying CVar settings from Section [ViewDistanceQuality@3] File [C:/Users/w017177h/Documents/GGJ2020/Global-Game-Jam-2020/GGJ20/Saved/Config/Windows/Scalability.ini]
[2020.01.31-23.50.35:314][  0]LogConfig: Setting CVar [[r.SkeletalMeshLODBias:0]]
[2020.01.31-23.50.35:314][  0]LogConfig: Setting CVar [[r.ViewDistanceScale:1.0]]
[2020.01.31-23.50.35:314][  0]LogConfig: Applying CVar settings from Section [AntiAliasingQuality@3] File [C:/Users/w017177h/Documents/GGJ2020/Global-Game-Jam-2020/GGJ20/Saved/Config/Windows/Scalability.ini]
[2020.01.31-23.50.35:315][  0]LogConfig: Setting CVar [[r.PostProcessAAQuality:4]]
[2020.01.31-23.50.35:315][  0]LogConfig: Applying CVar settings from Section [ShadowQuality@3] File [C:/Users/w017177h/Documents/GGJ2020/Global-Game-Jam-2020/GGJ20/Saved/Config/Windows/Scalability.ini]
[2020.01.31-23.50.35:315][  0]LogConfig: Setting CVar [[r.LightFunctionQuality:1]]
[2020.01.31-23.50.35:315][  0]LogConfig: Setting CVar [[r.ShadowQuality:5]]
[2020.01.31-23.50.35:315][  0]LogConfig: Setting CVar [[r.Shadow.CSM.MaxCascades:10]]
[2020.01.31-23.50.35:315][  0]LogConfig: Setting CVar [[r.Shadow.MaxResolution:2048]]
[2020.01.31-23.50.35:315][  0]LogConfig: Setting CVar [[r.Shadow.MaxCSMResolution:2048]]
[2020.01.31-23.50.35:315][  0]LogConfig: Setting CVar [[r.Shadow.RadiusThreshold:0.01]]
[2020.01.31-23.50.35:315][  0]LogConfig: Setting CVar [[r.Shadow.DistanceScale:1.0]]
[2020.01.31-23.50.35:316][  0]LogConfig: Setting CVar [[r.Shadow.CSM.TransitionScale:1.0]]
[2020.01.31-23.50.35:316][  0]LogConfig: Setting CVar [[r.Shadow.PreShadowResolutionFactor:1.0]]
[2020.01.31-23.50.35:316][  0]LogConfig: Setting CVar [[r.DistanceFieldShadowing:1]]
[2020.01.31-23.50.35:316][  0]LogConfig: Setting CVar [[r.DistanceFieldAO:1]]
[2020.01.31-23.50.35:316][  0]LogConfig: Setting CVar [[r.AOQuality:2]]
[2020.01.31-23.50.35:316][  0]LogConfig: Setting CVar [[r.VolumetricFog:1]]
[2020.01.31-23.50.35:316][  0]LogConfig: Setting CVar [[r.VolumetricFog.GridPixelSize:8]]
[2020.01.31-23.50.35:316][  0]LogConfig: Setting CVar [[r.VolumetricFog.GridSizeZ:128]]
[2020.01.31-23.50.35:316][  0]LogConfig: Setting CVar [[r.VolumetricFog.HistoryMissSupersampleCount:4]]
[2020.01.31-23.50.35:316][  0]LogConfig: Setting CVar [[r.LightMaxDrawDistanceScale:1]]
[2020.01.31-23.50.35:316][  0]LogConfig: Setting CVar [[r.CapsuleShadows:1]]
[2020.01.31-23.50.35:316][  0]LogConfig: Applying CVar settings from Section [PostProcessQuality@3] File [C:/Users/w017177h/Documents/GGJ2020/Global-Game-Jam-2020/GGJ20/Saved/Config/Windows/Scalability.ini]
[2020.01.31-23.50.35:316][  0]LogConfig: Setting CVar [[r.MotionBlurQuality:4]]
[2020.01.31-23.50.35:317][  0]LogConfig: Setting CVar [[r.AmbientOcclusionMipLevelFactor:0.4]]
[2020.01.31-23.50.35:317][  0]LogConfig: Setting CVar [[r.AmbientOcclusionMaxQuality:100]]
[2020.01.31-23.50.35:317][  0]LogConfig: Setting CVar [[r.AmbientOcclusionLevels:-1]]
[2020.01.31-23.50.35:317][  0]LogConfig: Setting CVar [[r.AmbientOcclusionRadiusScale:1.0]]
[2020.01.31-23.50.35:317][  0]LogConfig: Setting CVar [[r.DepthOfFieldQuality:2]]
[2020.01.31-23.50.35:317][  0]LogConfig: Setting CVar [[r.RenderTargetPoolMin:400]]
[2020.01.31-23.50.35:317][  0]LogConfig: Setting CVar [[r.LensFlareQuality:2]]
[2020.01.31-23.50.35:317][  0]LogConfig: Setting CVar [[r.SceneColorFringeQuality:1]]
[2020.01.31-23.50.35:317][  0]LogConfig: Setting CVar [[r.EyeAdaptationQuality:2]]
[2020.01.31-23.50.35:317][  0]LogConfig: Setting CVar [[r.BloomQuality:5]]
[2020.01.31-23.50.35:317][  0]LogConfig: Setting CVar [[r.FastBlurThreshold:100]]
[2020.01.31-23.50.35:317][  0]LogConfig: Setting CVar [[r.Upscale.Quality:3]]
[2020.01.31-23.50.35:317][  0]LogConfig: Setting CVar [[r.Tonemapper.GrainQuantization:1]]
[2020.01.31-23.50.35:318][  0]LogConfig: Setting CVar [[r.LightShaftQuality:1]]
[2020.01.31-23.50.35:318][  0]LogConfig: Setting CVar [[r.Filter.SizeScale:1]]
[2020.01.31-23.50.35:318][  0]LogConfig: Setting CVar [[r.Tonemapper.Quality:5]]
[2020.01.31-23.50.35:318][  0]LogConfig: Setting CVar [[r.DOF.Gather.AccumulatorQuality:1        ; higher gathering accumulator quality]]
[2020.01.31-23.50.35:318][  0]LogConfig: Setting CVar [[r.DOF.Gather.PostfilterMethod:1          ; Median3x3 postfilering method]]
[2020.01.31-23.50.35:318][  0]LogConfig: Setting CVar [[r.DOF.Gather.EnableBokehSettings:0       ; no bokeh simulation when gathering]]
[2020.01.31-23.50.35:318][  0]LogConfig: Setting CVar [[r.DOF.Gather.RingCount:4                 ; medium number of samples when gathering]]
[2020.01.31-23.50.35:318][  0]LogConfig: Setting CVar [[r.DOF.Scatter.ForegroundCompositing:1    ; additive foreground scattering]]
[2020.01.31-23.50.35:318][  0]LogConfig: Setting CVar [[r.DOF.Scatter.BackgroundCompositing:2    ; additive background scattering]]
[2020.01.31-23.50.35:318][  0]LogConfig: Setting CVar [[r.DOF.Scatter.EnableBokehSettings:1      ; bokeh simulation when scattering]]
[2020.01.31-23.50.35:318][  0]LogConfig: Setting CVar [[r.DOF.Scatter.MaxSpriteRatio:0.1         ; only a maximum of 10% of scattered bokeh]]
[2020.01.31-23.50.35:318][  0]LogConfig: Setting CVar [[r.DOF.Recombine.Quality:1                ; cheap slight out of focus]]
[2020.01.31-23.50.35:318][  0]LogConfig: Setting CVar [[r.DOF.Recombine.EnableBokehSettings:0    ; no bokeh simulation on slight out of focus]]
[2020.01.31-23.50.35:318][  0]LogConfig: Setting CVar [[r.DOF.TemporalAAQuality:1                ; more stable temporal accumulation]]
[2020.01.31-23.50.35:318][  0]LogConfig: Setting CVar [[r.DOF.Kernel.MaxForegroundRadius:0.025]]
[2020.01.31-23.50.35:318][  0]LogConfig: Setting CVar [[r.DOF.Kernel.MaxBackgroundRadius:0.025]]
[2020.01.31-23.50.35:318][  0]LogConfig: Applying CVar settings from Section [TextureQuality@3] File [C:/Users/w017177h/Documents/GGJ2020/Global-Game-Jam-2020/GGJ20/Saved/Config/Windows/Scalability.ini]
[2020.01.31-23.50.35:318][  0]LogConfig: Setting CVar [[r.Streaming.MipBias:0]]
[2020.01.31-23.50.35:318][  0]LogConfig: Setting CVar [[r.Streaming.AmortizeCPUToGPUCopy:0]]
[2020.01.31-23.50.35:318][  0]LogConfig: Setting CVar [[r.Streaming.MaxNumTexturesToStreamPerFrame:0]]
[2020.01.31-23.50.35:318][  0]LogConfig: Setting CVar [[r.Streaming.Boost:1]]
[2020.01.31-23.50.35:319][  0]LogConfig: Setting CVar [[r.MaxAnisotropy:8]]
[2020.01.31-23.50.35:319][  0]LogConfig: Setting CVar [[r.Streaming.LimitPoolSizeToVRAM:0]]
[2020.01.31-23.50.35:319][  0]LogConfig: Setting CVar [[r.Streaming.PoolSize:1000]]
[2020.01.31-23.50.35:319][  0]LogConfig: Setting CVar [[r.Streaming.MaxEffectiveScreenSize:0]]
[2020.01.31-23.50.35:319][  0]LogConfig: Applying CVar settings from Section [EffectsQuality@3] File [C:/Users/w017177h/Documents/GGJ2020/Global-Game-Jam-2020/GGJ20/Saved/Config/Windows/Scalability.ini]
[2020.01.31-23.50.35:319][  0]LogConfig: Setting CVar [[r.TranslucencyLightingVolumeDim:64]]
[2020.01.31-23.50.35:319][  0]LogConfig: Setting CVar [[r.RefractionQuality:2]]
[2020.01.31-23.50.35:319][  0]LogConfig: Setting CVar [[r.SSR.Quality:3]]
[2020.01.31-23.50.35:319][  0]LogConfig: Setting CVar [[r.SceneColorFormat:4]]
[2020.01.31-23.50.35:319][  0]LogConfig: Setting CVar [[r.DetailMode:2]]
[2020.01.31-23.50.35:319][  0]LogConfig: Setting CVar [[r.TranslucencyVolumeBlur:1]]
[2020.01.31-23.50.35:319][  0]LogConfig: Setting CVar [[r.MaterialQualityLevel:1 ; High quality]]
[2020.01.31-23.50.35:319][  0]LogConfig: Setting CVar [[r.SSS.Scale:1]]
[2020.01.31-23.50.35:320][  0]LogConfig: Setting CVar [[r.SSS.SampleSet:2]]
[2020.01.31-23.50.35:320][  0]LogConfig: Setting CVar [[r.SSS.Quality:1]]
[2020.01.31-23.50.35:320][  0]LogConfig: Setting CVar [[r.SSS.HalfRes:1]]
[2020.01.31-23.50.35:320][  0]LogConfig: Setting CVar [[r.EmitterSpawnRateScale:1.0]]
[2020.01.31-23.50.35:320][  0]LogConfig: Setting CVar [[r.ParticleLightQuality:2]]
[2020.01.31-23.50.35:320][  0]LogConfig: Applying CVar settings from Section [FoliageQuality@3] File [C:/Users/w017177h/Documents/GGJ2020/Global-Game-Jam-2020/GGJ20/Saved/Config/Windows/Scalability.ini]
[2020.01.31-23.50.35:320][  0]LogConfig: Setting CVar [[foliage.DensityScale:1.0]]
[2020.01.31-23.50.35:320][  0]LogConfig: Setting CVar [[grass.DensityScale:1.0]]
[2020.01.31-23.50.35:320][  0]LogInit: Selected Device Profile: [Windows]
[2020.01.31-23.50.35:320][  0]LogInit: Applying CVar settings loaded from the selected device profile: [Windows]
[2020.01.31-23.50.35:345][  0]LogHAL: Display: Platform has ~ 32 GB [34065854464 / 34359738368 / 32], which maps to Largest [LargestMinGB=32, LargerMinGB=12, DefaultMinGB=8, SmallerMinGB=6, SmallestMinGB=0)
[2020.01.31-23.50.35:345][  0]LogConfig: Setting CVar [[r.Vulkan.UseRealUBs:0		; Required until we fix HLR fall-out]]
[2020.01.31-23.50.35:345][  0]LogInit: Going up to parent DeviceProfile []
[2020.01.31-23.50.35:346][  0]LogConfig: Applying CVar settings from Section [ViewDistanceQuality@3] File [C:/Users/w017177h/Documents/GGJ2020/Global-Game-Jam-2020/GGJ20/Saved/Config/Windows/Scalability.ini]
[2020.01.31-23.50.35:346][  0]LogConfig: Setting CVar [[r.SkeletalMeshLODBias:0]]
[2020.01.31-23.50.35:346][  0]LogConfig: Setting CVar [[r.ViewDistanceScale:1.0]]
[2020.01.31-23.50.35:346][  0]LogConfig: Applying CVar settings from Section [AntiAliasingQuality@3] File [C:/Users/w017177h/Documents/GGJ2020/Global-Game-Jam-2020/GGJ20/Saved/Config/Windows/Scalability.ini]
[2020.01.31-23.50.35:346][  0]LogConfig: Setting CVar [[r.PostProcessAAQuality:4]]
[2020.01.31-23.50.35:346][  0]LogConfig: Applying CVar settings from Section [ShadowQuality@3] File [C:/Users/w017177h/Documents/GGJ2020/Global-Game-Jam-2020/GGJ20/Saved/Config/Windows/Scalability.ini]
[2020.01.31-23.50.35:346][  0]LogConfig: Setting CVar [[r.LightFunctionQuality:1]]
[2020.01.31-23.50.35:346][  0]LogConfig: Setting CVar [[r.ShadowQuality:5]]
[2020.01.31-23.50.35:346][  0]LogConfig: Setting CVar [[r.Shadow.CSM.MaxCascades:10]]
[2020.01.31-23.50.35:346][  0]LogConfig: Setting CVar [[r.Shadow.MaxResolution:2048]]
[2020.01.31-23.50.35:346][  0]LogConfig: Setting CVar [[r.Shadow.MaxCSMResolution:2048]]
[2020.01.31-23.50.35:346][  0]LogConfig: Setting CVar [[r.Shadow.RadiusThreshold:0.01]]
[2020.01.31-23.50.35:347][  0]LogConfig: Setting CVar [[r.Shadow.DistanceScale:1.0]]
[2020.01.31-23.50.35:347][  0]LogConfig: Setting CVar [[r.Shadow.CSM.TransitionScale:1.0]]
[2020.01.31-23.50.35:347][  0]LogConfig: Setting CVar [[r.Shadow.PreShadowResolutionFactor:1.0]]
[2020.01.31-23.50.35:347][  0]LogConfig: Setting CVar [[r.DistanceFieldShadowing:1]]
[2020.01.31-23.50.35:347][  0]LogConfig: Setting CVar [[r.DistanceFieldAO:1]]
[2020.01.31-23.50.35:347][  0]LogConfig: Setting CVar [[r.AOQuality:2]]
[2020.01.31-23.50.35:347][  0]LogConfig: Setting CVar [[r.VolumetricFog:1]]
[2020.01.31-23.50.35:347][  0]LogConfig: Setting CVar [[r.VolumetricFog.GridPixelSize:8]]
[2020.01.31-23.50.35:347][  0]LogConfig: Setting CVar [[r.VolumetricFog.GridSizeZ:128]]
[2020.01.31-23.50.35:347][  0]LogConfig: Setting CVar [[r.VolumetricFog.HistoryMissSupersampleCount:4]]
[2020.01.31-23.50.35:347][  0]LogConfig: Setting CVar [[r.LightMaxDrawDistanceScale:1]]
[2020.01.31-23.50.35:347][  0]LogConfig: Setting CVar [[r.CapsuleShadows:1]]
[2020.01.31-23.50.35:347][  0]LogConfig: Applying CVar settings from Section [PostProcessQuality@3] File [C:/Users/w017177h/Documents/GGJ2020/Global-Game-Jam-2020/GGJ20/Saved/Config/Windows/Scalability.ini]
[2020.01.31-23.50.35:348][  0]LogConfig: Setting CVar [[r.MotionBlurQuality:4]]
[2020.01.31-23.50.35:348][  0]LogConfig: Setting CVar [[r.AmbientOcclusionMipLevelFactor:0.4]]
[2020.01.31-23.50.35:348][  0]LogConfig: Setting CVar [[r.AmbientOcclusionMaxQuality:100]]
[2020.01.31-23.50.35:348][  0]LogConfig: Setting CVar [[r.AmbientOcclusionLevels:-1]]
[2020.01.31-23.50.35:348][  0]LogConfig: Setting CVar [[r.AmbientOcclusionRadiusScale:1.0]]
[2020.01.31-23.50.35:348][  0]LogConfig: Setting CVar [[r.DepthOfFieldQuality:2]]
[2020.01.31-23.50.35:348][  0]LogConfig: Setting CVar [[r.RenderTargetPoolMin:400]]
[2020.01.31-23.50.35:348][  0]LogConfig: Setting CVar [[r.LensFlareQuality:2]]
[2020.01.31-23.50.35:348][  0]LogConfig: Setting CVar [[r.SceneColorFringeQuality:1]]
[2020.01.31-23.50.35:348][  0]LogConfig: Setting CVar [[r.EyeAdaptationQuality:2]]
[2020.01.31-23.50.35:348][  0]LogConfig: Setting CVar [[r.BloomQuality:5]]
[2020.01.31-23.50.35:348][  0]LogConfig: Setting CVar [[r.FastBlurThreshold:100]]
[2020.01.31-23.50.35:348][  0]LogConfig: Setting CVar [[r.Upscale.Quality:3]]
[2020.01.31-23.50.35:348][  0]LogConfig: Setting CVar [[r.Tonemapper.GrainQuantization:1]]
[2020.01.31-23.50.35:348][  0]LogConfig: Setting CVar [[r.LightShaftQuality:1]]
[2020.01.31-23.50.35:349][  0]LogConfig: Setting CVar [[r.Filter.SizeScale:1]]
[2020.01.31-23.50.35:349][  0]LogConfig: Setting CVar [[r.Tonemapper.Quality:5]]
[2020.01.31-23.50.35:349][  0]LogConfig: Setting CVar [[r.DOF.Gather.AccumulatorQuality:1        ; higher gathering accumulator quality]]
[2020.01.31-23.50.35:349][  0]LogConfig: Setting CVar [[r.DOF.Gather.PostfilterMethod:1          ; Median3x3 postfilering method]]
[2020.01.31-23.50.35:349][  0]LogConfig: Setting CVar [[r.DOF.Gather.EnableBokehSettings:0       ; no bokeh simulation when gathering]]
[2020.01.31-23.50.35:349][  0]LogConfig: Setting CVar [[r.DOF.Gather.RingCount:4                 ; medium number of samples when gathering]]
[2020.01.31-23.50.35:349][  0]LogConfig: Setting CVar [[r.DOF.Scatter.ForegroundCompositing:1    ; additive foreground scattering]]
[2020.01.31-23.50.35:349][  0]LogConfig: Setting CVar [[r.DOF.Scatter.BackgroundCompositing:2    ; additive background scattering]]
[2020.01.31-23.50.35:349][  0]LogConfig: Setting CVar [[r.DOF.Scatter.EnableBokehSettings:1      ; bokeh simulation when scattering]]
[2020.01.31-23.50.35:349][  0]LogConfig: Setting CVar [[r.DOF.Scatter.MaxSpriteRatio:0.1         ; only a maximum of 10% of scattered bokeh]]
[2020.01.31-23.50.35:349][  0]LogConfig: Setting CVar [[r.DOF.Recombine.Quality:1                ; cheap slight out of focus]]
[2020.01.31-23.50.35:349][  0]LogConfig: Setting CVar [[r.DOF.Recombine.EnableBokehSettings:0    ; no bokeh simulation on slight out of focus]]
[2020.01.31-23.50.35:349][  0]LogConfig: Setting CVar [[r.DOF.TemporalAAQuality:1                ; more stable temporal accumulation]]
[2020.01.31-23.50.35:349][  0]LogConfig: Setting CVar [[r.DOF.Kernel.MaxForegroundRadius:0.025]]
[2020.01.31-23.50.35:350][  0]LogConfig: Setting CVar [[r.DOF.Kernel.MaxBackgroundRadius:0.025]]
[2020.01.31-23.50.35:350][  0]LogConfig: Applying CVar settings from Section [TextureQuality@3] File [C:/Users/w017177h/Documents/GGJ2020/Global-Game-Jam-2020/GGJ20/Saved/Config/Windows/Scalability.ini]
[2020.01.31-23.50.35:350][  0]LogConfig: Setting CVar [[r.Streaming.MipBias:0]]
[2020.01.31-23.50.35:350][  0]LogConfig: Setting CVar [[r.Streaming.AmortizeCPUToGPUCopy:0]]
[2020.01.31-23.50.35:350][  0]LogConfig: Setting CVar [[r.Streaming.MaxNumTexturesToStreamPerFrame:0]]
[2020.01.31-23.50.35:350][  0]LogConfig: Setting CVar [[r.Streaming.Boost:1]]
[2020.01.31-23.50.35:350][  0]LogConfig: Setting CVar [[r.MaxAnisotropy:8]]
[2020.01.31-23.50.35:350][  0]LogConfig: Setting CVar [[r.Streaming.LimitPoolSizeToVRAM:0]]
[2020.01.31-23.50.35:350][  0]LogConfig: Setting CVar [[r.Streaming.PoolSize:1000]]
[2020.01.31-23.50.35:350][  0]LogConfig: Setting CVar [[r.Streaming.MaxEffectiveScreenSize:0]]
[2020.01.31-23.50.35:350][  0]LogConfig: Applying CVar settings from Section [EffectsQuality@3] File [C:/Users/w017177h/Documents/GGJ2020/Global-Game-Jam-2020/GGJ20/Saved/Config/Windows/Scalability.ini]
[2020.01.31-23.50.35:350][  0]LogConfig: Setting CVar [[r.TranslucencyLightingVolumeDim:64]]
[2020.01.31-23.50.35:350][  0]LogConfig: Setting CVar [[r.RefractionQuality:2]]
[2020.01.31-23.50.35:350][  0]LogConfig: Setting CVar [[r.SSR.Quality:3]]
[2020.01.31-23.50.35:350][  0]LogConfig: Setting CVar [[r.SceneColorFormat:4]]
[2020.01.31-23.50.35:350][  0]LogConfig: Setting CVar [[r.DetailMode:2]]
[2020.01.31-23.50.35:350][  0]LogConfig: Setting CVar [[r.TranslucencyVolumeBlur:1]]
[2020.01.31-23.50.35:351][  0]LogConfig: Setting CVar [[r.MaterialQualityLevel:1 ; High quality]]
[2020.01.31-23.50.35:351][  0]LogConfig: Setting CVar [[r.SSS.Scale:1]]
[2020.01.31-23.50.35:351][  0]LogConfig: Setting CVar [[r.SSS.SampleSet:2]]
[2020.01.31-23.50.35:351][  0]LogConfig: Setting CVar [[r.SSS.Quality:1]]
[2020.01.31-23.50.35:351][  0]LogConfig: Setting CVar [[r.SSS.HalfRes:1]]
[2020.01.31-23.50.35:351][  0]LogConfig: Setting CVar [[r.EmitterSpawnRateScale:1.0]]
[2020.01.31-23.50.35:351][  0]LogConfig: Setting CVar [[r.ParticleLightQuality:2]]
[2020.01.31-23.50.35:351][  0]LogConfig: Applying CVar settings from Section [FoliageQuality@3] File [C:/Users/w017177h/Documents/GGJ2020/Global-Game-Jam-2020/GGJ20/Saved/Config/Windows/Scalability.ini]
[2020.01.31-23.50.35:351][  0]LogConfig: Setting CVar [[foliage.DensityScale:1.0]]
[2020.01.31-23.50.35:351][  0]LogConfig: Setting CVar [[grass.DensityScale:1.0]]
[2020.01.31-23.50.35:351][  0]LogConfig: Applying CVar settings from Section [Startup] File [../../../Engine/Config/ConsoleVariables.ini]
[2020.01.31-23.50.35:351][  0]LogConfig: Setting CVar [[net.UseAdaptiveNetUpdateFrequency:0]]
[2020.01.31-23.50.35:351][  0]LogConfig: Setting CVar [[p.chaos.AllowCreatePhysxBodies:1]]
[2020.01.31-23.50.35:352][  0]LogConfig: Applying CVar settings from Section [ConsoleVariables] File [C:/Users/w017177h/Documents/GGJ2020/Global-Game-Jam-2020/GGJ20/Saved/Config/Windows/Engine.ini]
[2020.01.31-23.50.35:352][  0]LogInit: Computer: C117B-19
[2020.01.31-23.50.35:352][  0]LogInit: User: w017177h
[2020.01.31-23.50.35:352][  0]LogInit: CPU Page size=4096, Cores=4
[2020.01.31-23.50.35:352][  0]LogInit: High frequency timer resolution =10.000000 MHz
[2020.01.31-23.50.35:352][  0]LogMemory: Memory total: Physical=31.7GB (32GB approx)
[2020.01.31-23.50.35:352][  0]LogMemory: Platform Memory Stats for Windows
[2020.01.31-23.50.35:353][  0]LogMemory: Process Physical Memory: 96.68 MB used, 96.68 MB peak
[2020.01.31-23.50.35:353][  0]LogMemory: Process Virtual Memory: 90.60 MB used, 90.60 MB peak
[2020.01.31-23.50.35:353][  0]LogMemory: Physical Memory: 11066.46 MB used,  21421.27 MB free, 32487.73 MB total
[2020.01.31-23.50.35:353][  0]LogMemory: Virtual Memory: 4644.23 MB used,  134213080.00 MB free, 134217728.00 MB total
[2020.01.31-23.50.35:564][  0]LogInit: Using OS detected language (en-US).
[2020.01.31-23.50.35:564][  0]LogInit: Using OS detected locale (en-GB).
[2020.01.31-23.50.35:565][  0]LogTextLocalizationManager: No specific localization for 'en-US' exists, so the 'en' localization will be used.
[2020.01.31-23.50.35:795][  0]LogInit: Setting process to per monitor DPI aware
[2020.01.31-23.50.35:831][  0]LogSlate: New Slate User Created.  User Index 0, Is Virtual User: 0
[2020.01.31-23.50.35:832][  0]LogSlate: Slate User Registered.  User Index 0, Is Virtual User: 0
[2020.01.31-23.50.36:055][  0]LogHMD: Failed to initialize OpenVR with code 110
[2020.01.31-23.50.36:055][  0]LogD3D11RHI: D3D11 adapters:
[2020.01.31-23.50.36:155][  0]LogD3D11RHI:    0. 'NVIDIA GeForce GTX 1070' (Feature Level 11_0)
[2020.01.31-23.50.36:155][  0]LogD3D11RHI:       8088/0/16243 MB DedicatedVideo/DedicatedSystem/SharedSystem, Outputs:2, VendorId:0x10de
[2020.01.31-23.50.36:164][  0]LogD3D11RHI:    1. 'Microsoft Basic Render Driver' (Feature Level 11_0)
[2020.01.31-23.50.36:164][  0]LogD3D11RHI:       0/0/16243 MB DedicatedVideo/DedicatedSystem/SharedSystem, Outputs:0, VendorId:0x1414
[2020.01.31-23.50.36:164][  0]LogD3D11RHI: Chosen D3D11 Adapter: 0
[2020.01.31-23.50.36:174][  0]LogD3D11RHI: Creating new Direct3DDevice
[2020.01.31-23.50.36:174][  0]LogD3D11RHI:     GPU DeviceId: 0x1b81 (for the marketing name, search the web for "GPU Device Id")
[2020.01.31-23.50.36:174][  0]LogWindows: EnumDisplayDevices:
[2020.01.31-23.50.36:175][  0]LogWindows:    0. 'NVIDIA GeForce GTX 1070' (P:1 D:1)
[2020.01.31-23.50.36:175][  0]LogWindows:    1. 'NVIDIA GeForce GTX 1070' (P:0 D:1)
[2020.01.31-23.50.36:176][  0]LogWindows:    2. 'NVIDIA GeForce GTX 1070' (P:0 D:0)
[2020.01.31-23.50.36:176][  0]LogWindows:    3. 'NVIDIA GeForce GTX 1070' (P:0 D:0)
[2020.01.31-23.50.36:176][  0]LogWindows: DebugString: FoundDriverCount:4 
[2020.01.31-23.50.36:176][  0]LogD3D11RHI:     Adapter Name: NVIDIA GeForce GTX 1070
[2020.01.31-23.50.36:177][  0]LogD3D11RHI:   Driver Version: 441.66 (internal:26.21.14.4166, unified:441.66)
[2020.01.31-23.50.36:177][  0]LogD3D11RHI:      Driver Date: 12-6-2019
[2020.01.31-23.50.36:177][  0]LogRHI: Texture pool is 5661 MB (70% of 8088 MB)
[2020.01.31-23.50.36:229][  0]LogD3D11RHI: Async texture creation enabled
[2020.01.31-23.50.36:233][  0]LogRendererCore: FGlobalReadBuffer::InitRHI
[2020.01.31-23.50.36:234][  0]LogRendererCore: FGlobalReadBuffer::InitRHI
[2020.01.31-23.50.36:234][  0]LogRendererCore: FGlobalReadBuffer::InitRHI
[2020.01.31-23.50.36:242][  0]LogD3D11RHI: GPU Timing Frequency: 1000.000000 (Debug: 2 1)
[2020.01.31-23.50.36:590][  0]LogTemp: Display: Module 'AllDesktopTargetPlatform' loaded TargetPlatform 'AllDesktop'
[2020.01.31-23.50.36:607][  0]LogTemp: Display: Module 'MacClientTargetPlatform' loaded TargetPlatform 'MacClient'
[2020.01.31-23.50.36:624][  0]LogTemp: Display: Module 'MacNoEditorTargetPlatform' loaded TargetPlatform 'MacNoEditor'
[2020.01.31-23.50.36:645][  0]LogTemp: Display: Module 'MacServerTargetPlatform' loaded TargetPlatform 'MacServer'
[2020.01.31-23.50.36:666][  0]LogTemp: Display: Module 'MacTargetPlatform' loaded TargetPlatform 'Mac'
[2020.01.31-23.50.36:687][  0]LogTemp: Display: Module 'WindowsClientTargetPlatform' loaded TargetPlatform 'WindowsClient'
[2020.01.31-23.50.36:712][  0]LogTemp: Display: Module 'WindowsNoEditorTargetPlatform' loaded TargetPlatform 'WindowsNoEditor'
[2020.01.31-23.50.36:731][  0]LogTemp: Display: Module 'WindowsServerTargetPlatform' loaded TargetPlatform 'WindowsServer'
[2020.01.31-23.50.36:742][  0]LogTemp: Display: Module 'WindowsTargetPlatform' loaded TargetPlatform 'Windows'
[2020.01.31-23.50.36:865][  0]LogTemp: Display: Module 'AndroidTargetPlatform' loaded TargetPlatform 'Android'
[2020.01.31-23.50.36:865][  0]LogTemp: Display: Module 'AndroidTargetPlatform' loaded TargetPlatform 'Android_ASTC'
[2020.01.31-23.50.36:865][  0]LogTemp: Display: Module 'AndroidTargetPlatform' loaded TargetPlatform 'Android_ATC'
[2020.01.31-23.50.36:865][  0]LogTemp: Display: Module 'AndroidTargetPlatform' loaded TargetPlatform 'Android_DXT'
[2020.01.31-23.50.36:865][  0]LogTemp: Display: Module 'AndroidTargetPlatform' loaded TargetPlatform 'Android_ETC1'
[2020.01.31-23.50.36:865][  0]LogTemp: Display: Module 'AndroidTargetPlatform' loaded TargetPlatform 'Android_ETC1a'
[2020.01.31-23.50.36:865][  0]LogTemp: Display: Module 'AndroidTargetPlatform' loaded TargetPlatform 'Android_ETC2'
[2020.01.31-23.50.36:865][  0]LogTemp: Display: Module 'AndroidTargetPlatform' loaded TargetPlatform 'Android_PVRTC'
[2020.01.31-23.50.36:865][  0]LogTemp: Display: Module 'AndroidTargetPlatform' loaded TargetPlatform 'AndroidClient'
[2020.01.31-23.50.36:865][  0]LogTemp: Display: Module 'AndroidTargetPlatform' loaded TargetPlatform 'Android_ASTCClient'
[2020.01.31-23.50.36:866][  0]LogTemp: Display: Module 'AndroidTargetPlatform' loaded TargetPlatform 'Android_ATCClient'
[2020.01.31-23.50.36:866][  0]LogTemp: Display: Module 'AndroidTargetPlatform' loaded TargetPlatform 'Android_DXTClient'
[2020.01.31-23.50.36:866][  0]LogTemp: Display: Module 'AndroidTargetPlatform' loaded TargetPlatform 'Android_ETC1Client'
[2020.01.31-23.50.36:866][  0]LogTemp: Display: Module 'AndroidTargetPlatform' loaded TargetPlatform 'Android_ETC1aClient'
[2020.01.31-23.50.36:866][  0]LogTemp: Display: Module 'AndroidTargetPlatform' loaded TargetPlatform 'Android_ETC2Client'
[2020.01.31-23.50.36:866][  0]LogTemp: Display: Module 'AndroidTargetPlatform' loaded TargetPlatform 'Android_PVRTCClient'
[2020.01.31-23.50.36:866][  0]LogTemp: Display: Module 'AndroidTargetPlatform' loaded TargetPlatform 'Android_Multi'
[2020.01.31-23.50.36:866][  0]LogTemp: Display: Module 'AndroidTargetPlatform' loaded TargetPlatform 'Android_MultiClient'
[2020.01.31-23.50.36:872][  0]LogTemp: Display: Module 'HTML5TargetPlatform' loaded TargetPlatform 'HTML5'
[2020.01.31-23.50.36:942][  0]LogTemp: Display: Module 'IOSTargetPlatform' loaded TargetPlatform 'IOSClient'
[2020.01.31-23.50.36:942][  0]LogTemp: Display: Module 'IOSTargetPlatform' loaded TargetPlatform 'IOS'
[2020.01.31-23.50.36:981][  0]LogTemp: Display: Module 'TVOSTargetPlatform' loaded TargetPlatform 'TVOSClient'
[2020.01.31-23.50.36:981][  0]LogTemp: Display: Module 'TVOSTargetPlatform' loaded TargetPlatform 'TVOS'
[2020.01.31-23.50.37:003][  0]LogTemp: Display: Module 'LinuxClientTargetPlatform' loaded TargetPlatform 'LinuxClient'
[2020.01.31-23.50.37:021][  0]LogTemp: Display: Module 'LinuxNoEditorTargetPlatform' loaded TargetPlatform 'LinuxNoEditor'
[2020.01.31-23.50.37:038][  0]LogTemp: Display: Module 'LinuxServerTargetPlatform' loaded TargetPlatform 'LinuxServer'
[2020.01.31-23.50.37:054][  0]LogTemp: Display: Module 'LinuxTargetPlatform' loaded TargetPlatform 'Linux'
[2020.01.31-23.50.37:118][  0]LogTemp: Display: Module 'LuminTargetPlatform' loaded TargetPlatform 'Lumin'
[2020.01.31-23.50.37:118][  0]LogTemp: Display: Module 'LuminTargetPlatform' loaded TargetPlatform 'LuminClient'
[2020.01.31-23.50.37:118][  0]LogTargetPlatformManager: Display: Building Assets For Windows
[2020.01.31-23.50.37:144][  0]LogAudioDebug: Display: Lib vorbis DLL was dynamically loaded.
[2020.01.31-23.50.37:262][  0]LogShaderCompilers: Guid format shader working directory is -29 characters bigger than the processId version (../../../../../../Users/w017177h/Documents/GGJ2020/Global-Game-Jam-2020/GGJ20/Intermediate/Shaders/WorkingDirectory/14240/).
[2020.01.31-23.50.37:262][  0]LogShaderCompilers: Cleaned the shader compiler working directory 'C:/Users/w017177h/AppData/Local/Temp/UnrealShaderWorkingDir/471A112E4B0AB0B9C454498AF3A8095A/'.
[2020.01.31-23.50.37:265][  0]LogXGEController: Cleaning working directory: C:/Users/w017177h/AppData/Local/Temp/UnrealXGEWorkingDir/
[2020.01.31-23.50.37:266][  0]LogXGEController: Cannot use XGE Controller as Incredibuild is not installed on this machine.
[2020.01.31-23.50.37:266][  0]LogShaderCompilers: Cannot use XGE Shader Compiler as Incredibuild is not installed on this machine.
[2020.01.31-23.50.37:266][  0]LogShaderCompilers: Display: Using Local Shader Compiler.
[2020.01.31-23.50.37:999][  0]LogDerivedDataCache: Display: Max Cache Size: 512 MB
[2020.01.31-23.50.38:064][  0]LogDerivedDataCache: Loaded boot cache 0.06s 71MB C:/Users/w017177h/AppData/Local/UnrealEngine/4.22/DerivedDataCache/Boot.ddc.
[2020.01.31-23.50.38:064][  0]LogDerivedDataCache: Display: Loaded Boot cache: C:/Users/w017177h/AppData/Local/UnrealEngine/4.22/DerivedDataCache/Boot.ddc
[2020.01.31-23.50.38:065][  0]LogDerivedDataCache: FDerivedDataBackendGraph:  Pak pak cache file ../../../../../../Users/w017177h/Documents/GGJ2020/Global-Game-Jam-2020/GGJ20/DerivedDataCache/DDC.ddp not found, will not use a pak cache.
[2020.01.31-23.50.38:065][  0]LogDerivedDataCache: Unable to find inner node Pak for hierarchical cache Hierarchy.
[2020.01.31-23.50.38:065][  0]LogDerivedDataCache: FDerivedDataBackendGraph:  CompressedPak pak cache file ../../../../../../Users/w017177h/Documents/GGJ2020/Global-Game-Jam-2020/GGJ20/DerivedDataCache/Compressed.ddp not found, will not use a pak cache.
[2020.01.31-23.50.38:065][  0]LogDerivedDataCache: Unable to find inner node CompressedPak for hierarchical cache Hierarchy.
[2020.01.31-23.50.38:082][  0]LogDerivedDataCache: Display: Pak cache opened for reading ../../../Engine/DerivedDataCache/Compressed.ddp.
[2020.01.31-23.50.38:082][  0]LogDerivedDataCache: FDerivedDataBackendGraph:  EnterprisePak pak cache file ../../../Enterprise/DerivedDataCache/Compressed.ddp not found, will not use a pak cache.
[2020.01.31-23.50.38:082][  0]LogDerivedDataCache: Unable to find inner node EnterprisePak for hierarchical cache Hierarchy.
[2020.01.31-23.50.38:095][  0]LogDerivedDataCache: Using Local data cache path C:/Users/w017177h/AppData/Local/UnrealEngine/Common/DerivedDataCache: Writable
[2020.01.31-23.50.38:095][  0]LogDerivedDataCache: Shared data cache path not found in *engine.ini, will not use an Shared cache.
[2020.01.31-23.50.38:095][  0]LogDerivedDataCache: Unable to find inner node Shared for hierarchical cache Hierarchy.
[2020.01.31-23.50.38:123][  0]LogMaterial: Verifying Global Shaders for PCD3D_SM5
[2020.01.31-23.50.38:124][  0]LogSlate: Using FreeType 2.6.0
[2020.01.31-23.50.38:125][  0]LogSlate: SlateFontServices - WITH_FREETYPE: 1, WITH_HARFBUZZ: 1
[2020.01.31-23.50.38:222][  0]LogAssetRegistry: FAssetRegistry took 0.0427 seconds to start up
[2020.01.31-23.50.38:670][  0]LogInit: Selected Device Profile: [Windows]
[2020.01.31-23.50.38:871][  0]LogMeshReduction: Using QuadricMeshReduction for automatic static mesh reduction
[2020.01.31-23.50.38:871][  0]LogMeshReduction: Using SimplygonMeshReduction for automatic skeletal mesh reduction
[2020.01.31-23.50.38:871][  0]LogMeshReduction: Using ProxyLODMeshReduction for automatic mesh merging
[2020.01.31-23.50.38:872][  0]LogMeshReduction: No distributed automatic mesh merging module available
[2020.01.31-23.50.38:872][  0]LogMeshMerging: No distributed automatic mesh merging module available
[2020.01.31-23.50.38:886][  0]LogNetVersion: GGJ20 1.0.0, NetCL: 5660361, EngineNetVer: 10, GameNetVer: 0 (Checksum: 2452190960)
[2020.01.31-23.50.39:394][  0]LogPackageLocalizationCache: Processed 10 localized package path(s) for 1 prioritized culture(s) in 0.070735 seconds
[2020.01.31-23.50.39:409][  0]LogUObjectArray: 42205 objects as part of root set at end of initial load.
[2020.01.31-23.50.39:409][  0]LogUObjectAllocator: 7325032 out of 0 bytes used by permanent object pool.
[2020.01.31-23.50.39:411][  0]LogUObjectArray: CloseDisregardForGC: 0/0 objects in disregard for GC pool
[2020.01.31-23.50.40:469][  0]LogTcpMessaging: Initializing TcpMessaging bridge
[2020.01.31-23.50.40:487][  0]LogUdpMessaging: Initializing bridge on interface 0.0.0.0:0 to multicast group 230.0.0.1:6666.
[2020.01.31-23.50.40:674][  0]SourceControl: Source control is disabled
[2020.01.31-23.50.40:675][  0]SourceControl: Source control is disabled
[2020.01.31-23.50.40:680][  0]SourceControl: Source control is disabled
[2020.01.31-23.50.40:683][  0]SourceControl: Source control is disabled
[2020.01.31-23.50.40:909][  0]LogAndroidPermission: UAndroidPermissionCallbackProxy::GetInstance
[2020.01.31-23.50.41:091][  0]LogOcInput: OculusInput pre-init called
[2020.01.31-23.50.41:900][  0]LogEngine: Initializing Engine...
[2020.01.31-23.50.41:902][  0]LogHMD: Failed to initialize OpenVR with code 110
[2020.01.31-23.50.41:903][  0]LogStats: UGameplayTagsManager::InitializeManager -  0.000 s
[2020.01.31-23.50.42:158][  0]LogInit: Initializing FReadOnlyCVARCache
[2020.01.31-23.50.42:187][  0]LogAIModule: Creating AISystem for world Untitled
[2020.01.31-23.50.42:219][  0]LogInit: XAudio2 using 'Headset Earphone (Corsair VOID PRO USB Gaming Headset )' : 2 channels at 48 kHz using 16 bits per sample (channel mask 0x3)
[2020.01.31-23.50.42:259][  0]LogInit: FAudioDevice initialized.
[2020.01.31-23.50.42:260][  0]LogNetVersion: Set ProjectVersion to 1.0.0.0. Version Checksum will be recalculated on next use.
[2020.01.31-23.50.42:310][  0]LogDerivedDataCache: Saved boot cache 0.05s 71MB C:/Users/w017177h/AppData/Local/UnrealEngine/4.22/DerivedDataCache/Boot.ddc.
[2020.01.31-23.50.42:320][  0]LogInit: Texture streaming: Enabled
[2020.01.31-23.50.42:353][  0]LogEngineSessionManager: EngineSessionManager initialized
[2020.01.31-23.50.42:353][  0]LogEngineSessionManager: EngineSessionManager sent abnormal shutdown report. Type=Debugger, SessionId={9C84E4AE-4902-77C8-DF67-CC89B7689E05}
[2020.01.31-23.50.42:353][  0]LogEngineSessionManager: EngineSessionManager sent abnormal shutdown report. Type=Debugger, SessionId={27581C25-4DBA-8C3B-7395-6C8FC72058CD}
[2020.01.31-23.50.42:378][  0]LogInit: Transaction tracking system initialized
[2020.01.31-23.50.42:422][  0]BlueprintLog: New page: Editor Load
[2020.01.31-23.50.42:600][  0]LocalizationService: Localization service is disabled
[2020.01.31-23.50.43:035][  0]LogFileCache: Scanning file cache for directory 'C:/Users/w017177h/Documents/GGJ2020/Global-Game-Jam-2020/GGJ20/Content/' took 0.02s
[2020.01.31-23.50.43:035][  0]LogCook: Display: Max memory allowance for cook 16384mb min free memory 0mb
[2020.01.31-23.50.43:036][  0]LogCook: Display: Mobile HDR setting 1
[2020.01.31-23.50.43:337][  0]SourceControl: Source control is disabled
[2020.01.31-23.50.43:337][  0]Cmd: MAP LOAD FILE="../../../Engine/Content/Maps/Templates/Template_Default.umap" TEMPLATE=1 SHOWPROGRESS=1 FEATURELEVEL=3
[2020.01.31-23.50.43:337][  0]LightingResults: New page: Lighting Build
[2020.01.31-23.50.43:341][  0]MapCheck: New page: Map Check
[2020.01.31-23.50.43:341][  0]LightingResults: New page: Lighting Build
[2020.01.31-23.50.43:374][  0]LogUObjectHash: Compacting FUObjectHashTables data took   1.58ms
[2020.01.31-23.50.43:476][  0]LogAIModule: Creating AISystem for world Untitled_1
[2020.01.31-23.50.43:487][  0]LogEditorServer: Finished looking for orphan Actors (0.000 secs)
[2020.01.31-23.50.43:523][  0]LogUObjectHash: Compacting FUObjectHashTables data took   1.91ms
[2020.01.31-23.50.43:523][  0]Cmd: MAP CHECKDEP NOCLEARLOG
[2020.01.31-23.50.43:524][  0]MapCheck: Map check complete: 0 Error(s), 0 Warning(s), took 0.388ms to complete.
[2020.01.31-23.50.43:524][  0]LogFileHelpers: Loading map 'Template_Default' took 0.186
[2020.01.31-23.50.43:657][  0]LogSlate: Updating window title bar state: overlay mode, drag disabled, window buttons hidden, title bar hidden
[2020.01.31-23.50.43:665][  0]LogSlate: Updating window title bar state: overlay mode, drag disabled, window buttons hidden, title bar hidden
[2020.01.31-23.50.43:675][  0]LogSlate: Updating window title bar state: overlay mode, drag disabled, window buttons hidden, title bar hidden
[2020.01.31-23.50.43:685][  0]LogSlate: Updating window title bar state: overlay mode, drag disabled, window buttons hidden, title bar hidden
[2020.01.31-23.50.43:694][  0]LogCollectionManager: Loaded 0 collections in 0.002268 seconds
[2020.01.31-23.50.43:741][  0]LogFileCache: Scanning file cache for directory 'C:/Users/w017177h/Documents/GGJ2020/Global-Game-Jam-2020/GGJ20/Saved/Collections/' took 0.01s
[2020.01.31-23.50.43:742][  0]LogFileCache: Scanning file cache for directory 'C:/Users/w017177h/Documents/GGJ2020/Global-Game-Jam-2020/GGJ20/Content/Developers/w017177h/Collections/' took 0.01s
[2020.01.31-23.50.43:742][  0]LogFileCache: Scanning file cache for directory 'C:/Users/w017177h/Documents/GGJ2020/Global-Game-Jam-2020/GGJ20/Content/Collections/' took 0.01s
[2020.01.31-23.50.43:742][  0]LogCollectionManager: Rebuilt the GUID cache for 0 collections in 0.000000 seconds
[2020.01.31-23.50.43:754][  0]LogContentBrowser: Native class hierarchy populated in 0.0123 seconds. Added 2736 classes and 662 folders.
[2020.01.31-23.50.43:762][  0]LogContentBrowser: Native class hierarchy updated for 'WidgetCarousel' in 0.0004 seconds. Added 0 classes and 0 folders.
[2020.01.31-23.50.43:763][  0]LogPakFile: Registered encryption key '00000000000000000000000000000000': 0 pak files mounted, 0 remain pending
[2020.01.31-23.50.43:764][  0]LogPakFile: Registered encryption key '00000000000000000000000000000000': 0 pak files mounted, 0 remain pending
[2020.01.31-23.50.43:765][  0]LogPakFile: Registered encryption key '00000000000000000000000000000000': 0 pak files mounted, 0 remain pending
[2020.01.31-23.50.43:766][  0]LogPakFile: Registered encryption key '00000000000000000000000000000000': 0 pak files mounted, 0 remain pending
[2020.01.31-23.50.43:766][  0]LogPakFile: Registered encryption key '00000000000000000000000000000000': 0 pak files mounted, 0 remain pending
[2020.01.31-23.50.43:767][  0]LogPakFile: Registered encryption key '00000000000000000000000000000000': 0 pak files mounted, 0 remain pending
[2020.01.31-23.50.43:768][  0]LogPakFile: Registered encryption key '00000000000000000000000000000000': 0 pak files mounted, 0 remain pending
[2020.01.31-23.50.43:769][  0]LogPakFile: Registered encryption key '00000000000000000000000000000000': 0 pak files mounted, 0 remain pending
[2020.01.31-23.50.43:769][  0]LogPakFile: Registered encryption key '00000000000000000000000000000000': 0 pak files mounted, 0 remain pending
[2020.01.31-23.50.43:770][  0]LogPakFile: Registered encryption key '00000000000000000000000000000000': 0 pak files mounted, 0 remain pending
[2020.01.31-23.50.43:771][  0]LogPakFile: Registered encryption key '00000000000000000000000000000000': 0 pak files mounted, 0 remain pending
[2020.01.31-23.50.43:772][  0]LogPakFile: Registered encryption key '00000000000000000000000000000000': 0 pak files mounted, 0 remain pending
[2020.01.31-23.50.43:772][  0]LogPakFile: Registered encryption key '00000000000000000000000000000000': 0 pak files mounted, 0 remain pending
[2020.01.31-23.50.43:773][  0]LogPakFile: Registered encryption key '00000000000000000000000000000000': 0 pak files mounted, 0 remain pending
[2020.01.31-23.50.43:774][  0]LogPakFile: Registered encryption key '00000000000000000000000000000000': 0 pak files mounted, 0 remain pending
[2020.01.31-23.50.43:775][  0]LogPakFile: Registered encryption key '00000000000000000000000000000000': 0 pak files mounted, 0 remain pending
[2020.01.31-23.50.43:775][  0]LogPakFile: Registered encryption key '00000000000000000000000000000000': 0 pak files mounted, 0 remain pending
[2020.01.31-23.50.43:776][  0]LogPakFile: Registered encryption key '00000000000000000000000000000000': 0 pak files mounted, 0 remain pending
[2020.01.31-23.50.43:777][  0]LogPakFile: Registered encryption key '00000000000000000000000000000000': 0 pak files mounted, 0 remain pending
[2020.01.31-23.50.43:778][  0]LogPakFile: Registered encryption key '00000000000000000000000000000000': 0 pak files mounted, 0 remain pending
[2020.01.31-23.50.43:778][  0]LogPakFile: Registered encryption key '00000000000000000000000000000000': 0 pak files mounted, 0 remain pending
[2020.01.31-23.50.43:779][  0]LogPakFile: Registered encryption key '00000000000000000000000000000000': 0 pak files mounted, 0 remain pending
[2020.01.31-23.50.43:780][  0]LogPakFile: Registered encryption key '00000000000000000000000000000000': 0 pak files mounted, 0 remain pending
[2020.01.31-23.50.43:781][  0]LogPakFile: Registered encryption key '00000000000000000000000000000000': 0 pak files mounted, 0 remain pending
[2020.01.31-23.50.43:781][  0]LogPakFile: Registered encryption key '00000000000000000000000000000000': 0 pak files mounted, 0 remain pending
[2020.01.31-23.50.43:782][  0]LogPakFile: Registered encryption key '00000000000000000000000000000000': 0 pak files mounted, 0 remain pending
[2020.01.31-23.50.43:813][  0]LogContentBrowser: Native class hierarchy updated for 'AddContentDialog' in 0.0005 seconds. Added 0 classes and 0 folders.
[2020.01.31-23.50.43:823][  0]LogContentBrowser: Native class hierarchy updated for 'SceneOutliner' in 0.0005 seconds. Added 1 classes and 2 folders.
[2020.01.31-23.50.43:841][  0]LogSlate: Took 0.000187 seconds to synchronously load lazily loaded font '../../../Engine/Content/Slate/Fonts/Roboto-Regular.ttf' (155K)
[2020.01.31-23.50.43:844][  0]LogSlate: Took 0.000263 seconds to synchronously load lazily loaded font '../../../Engine/Content/Slate/Fonts/Roboto-Bold.ttf' (160K)
[2020.01.31-23.50.43:852][  0]LogSlate: Took 0.000155 seconds to synchronously load lazily loaded font '../../../Engine/Content/Editor/Slate/Fonts/FontAwesome.ttf' (139K)
[2020.01.31-23.50.43:920][  0]LogRenderer: Reallocating scene render targets to support 1052x572 Format 10 NumSamples 1 (Frame:1).
[2020.01.31-23.50.43:963][  0]LogSlate: Took 0.000176 seconds to synchronously load lazily loaded font '../../../Engine/Content/Slate/Fonts/Roboto-Light.ttf' (167K)
[2020.01.31-23.50.44:018][  0]LogSlate: FSceneViewport::OnFocusLost() reason 2
[2020.01.31-23.50.44:034][  0]LogSlate: Window 'Tutorials' being destroyed
[2020.01.31-23.50.44:071][  0]LogContentBrowser: Native class hierarchy updated for 'HierarchicalLODOutliner' in 0.0004 seconds. Added 0 classes and 0 folders.
[2020.01.31-23.50.44:072][  0]LogLoad: (Engine Initialization) Total time: 11.10 seconds
[2020.01.31-23.50.44:072][  0]LogLoad: (Engine Initialization) Total Blueprint compile time: 0.00 seconds
[2020.01.31-23.50.44:108][  0]LogAssetRegistry: Asset discovery search completed in 5.9102 seconds
[2020.01.31-23.50.44:111][  0]LogCollectionManager: Rebuilt the object cache for 0 collections in 0.000000 seconds (found 0 objects)
[2020.01.31-23.50.44:111][  0]LogCollectionManager: Fixed up redirectors for 0 collections in 0.000203 seconds (updated 0 objects)
[2020.01.31-23.50.44:114][  0]LogContentStreaming: Texture pool size now 1000 MB
[2020.01.31-23.51.09:476][308]LogSlate: FSceneViewport::OnFocusLost() reason 0
[2020.01.31-23.51.09:583][320]LogEditor: Attempting to add actor of class 'ILightControllerBase' to level at -540.00,-320.00,0.00
[2020.01.31-23.51.09:583][320]LogActor: Warning: ILightControllerBase /Temp/Untitled_1.Untitled_1:PersistentLevel.ILightControllerBase_0 has natively added scene component(s), but none of them were set as the actor's RootComponent - picking one arbitrarily
[2020.01.31-23.51.10:226][395]LogEditor: Attempting to add actor of class 'ILightControllerBase' to level at -170.00,-230.00,20.00
[2020.01.31-23.51.10:227][395]LogActor: Warning: ILightControllerBase /Temp/Untitled_1.Untitled_1:PersistentLevel.ILightControllerBase_1 has natively added scene component(s), but none of them were set as the actor's RootComponent - picking one arbitrarily
[2020.01.31-23.51.10:976][478]LogSlate: FSceneViewport::OnFocusLost() reason 0
[2020.01.31-23.51.11:122][494]LogEditor: Attempting to add actor of class 'IRepairableBase' to level at -500.00,-130.00,-50.00
[2020.01.31-23.51.11:799][574]LogEditor: Attempting to add actor of class 'IRepairableBase' to level at -190.00,150.00,20.00
[2020.01.31-23.51.13:599][786]LogEditorViewport: Clicking on Actor (LMB): ILightControllerBase (ILightControllerBase1)
[2020.01.31-23.51.17:953][277]LogSlate: FSceneViewport::OnFocusLost() reason 0
[2020.01.31-23.51.18:449][335]LogSlate: Took 0.000201 seconds to synchronously load lazily loaded font '../../../Engine/Content/Slate/Fonts/Roboto-Italic.ttf' (157K)
[2020.01.31-23.51.21:604][681]LogSlate: Window 'Color Picker' being destroyed
[2020.01.31-23.51.26:710][260]LogConsoleManager: Warning: Console object named 'ActorComponents.Enable' already exists but is being registered again, but we weren't expected it to be! (FConsoleManager::AddConsoleObject)
[2020.01.31-23.51.28:537][472]LogTemp: Repeating last play command: Selected Viewport
[2020.01.31-23.51.28:553][472]LogBlueprintUserMessages: Early PlayInEditor Detection: Level '/Temp/Untitled_1.Untitled_1:PersistentLevel' has LevelScriptBlueprint '/Temp/Untitled_1.Untitled_1:PersistentLevel.Untitled' with GeneratedClass '/Temp/Untitled_1.Untitled_C' with ClassGeneratedBy '/Temp/Untitled_1.Untitled_1:PersistentLevel.Untitled'
[2020.01.31-23.51.28:553][472]LogPlayLevel: PlayLevel: No blueprints needed recompiling
[2020.01.31-23.51.28:554][472]PIE: New page: PIE session: Untitled_1 (31 Jan 2020 23:51:28)
[2020.01.31-23.51.28:568][472]LogPlayLevel: Creating play world package: /Temp/UEDPIE_0_Untitled_1
[2020.01.31-23.51.28:572][472]LogPlayLevel: PIE: StaticDuplicateObject took: (0.003104s)
[2020.01.31-23.51.28:573][472]LogAIModule: Creating AISystem for world Untitled_1
[2020.01.31-23.51.28:573][472]LogPlayLevel: PIE: World Init took: (0.001003s)
[2020.01.31-23.51.28:573][472]LogPlayLevel: PIE: Created PIE world by copying editor world from /Temp/Untitled_1.Untitled_1 to /Temp/UEDPIE_0_Untitled_1.Untitled_1 (0.004901s)
[2020.01.31-23.51.28:603][472]LogUObjectHash: Compacting FUObjectHashTables data took   1.25ms
[2020.01.31-23.51.28:618][472]LogInit: XAudio2 using 'Headset Earphone (Corsair VOID PRO USB Gaming Headset )' : 2 channels at 48 kHz using 16 bits per sample (channel mask 0x3)
[2020.01.31-23.51.28:631][472]LogInit: FAudioDevice initialized.
[2020.01.31-23.51.28:676][472]LogLoad: Game class is 'GameModeBase'
[2020.01.31-23.51.28:678][472]LogWorld: Bringing World /Temp/UEDPIE_0_Untitled_1.Untitled_1 up for play (max tick rate 0) at 2020.01.31-23.51.28
[2020.01.31-23.51.28:679][472]LogWorld: Bringing up level for play took: 0.000930
[2020.01.31-23.51.28:698][472]LogContentBrowser: Native class hierarchy updated for 'MovieSceneCapture' in 0.0006 seconds. Added 20 classes and 0 folders.
[2020.01.31-23.51.28:699][472]PIE: Play in editor start time for /Temp/UEDPIE_0_Untitled_1 0.57
[2020.01.31-23.51.28:699][472]LogBlueprintUserMessages: Late PlayInEditor Detection: Level '/Temp/Untitled_1.Untitled_1:PersistentLevel' has LevelScriptBlueprint '/Temp/Untitled_1.Untitled_1:PersistentLevel.Untitled' with GeneratedClass '/Temp/Untitled_1.Untitled_C' with ClassGeneratedBy '/Temp/Untitled_1.Untitled_1:PersistentLevel.Untitled'
[2020.01.31-23.51.33:503][ 44]LogBlueprintUserMessages: Early EndPlayMap Detection: Level '/Temp/Untitled_1.Untitled_1:PersistentLevel' has LevelScriptBlueprint '/Temp/Untitled_1.Untitled_1:PersistentLevel.Untitled' with GeneratedClass '/Temp/Untitled_1.Untitled_C' with ClassGeneratedBy '/Temp/Untitled_1.Untitled_1:PersistentLevel.Untitled'
[2020.01.31-23.51.33:504][ 44]LogSlate: Updating window title bar state: overlay mode, drag disabled, window buttons hidden, title bar hidden
[2020.01.31-23.51.33:542][ 44]LogPlayLevel: Display: Shutting down PIE online subsystems
[2020.01.31-23.51.33:543][ 44]LogBlueprintUserMessages: Late EndPlayMap Detection: Level '/Temp/Untitled_1.Untitled_1:PersistentLevel' has LevelScriptBlueprint '/Temp/Untitled_1.Untitled_1:PersistentLevel.Untitled' with GeneratedClass '/Temp/Untitled_1.Untitled_C' with ClassGeneratedBy '/Temp/Untitled_1.Untitled_1:PersistentLevel.Untitled'
[2020.01.31-23.51.33:576][ 44]LogSlate: Updating window title bar state: overlay mode, drag disabled, window buttons hidden, title bar hidden
[2020.01.31-23.51.33:579][ 44]LogUObjectHash: Compacting FUObjectHashTables data took   1.49ms
[2020.01.31-23.51.33:619][ 46]LogPlayLevel: Display: Destroying online subsystem :Context_1
[2020.01.31-23.52.32:506][546]LogSlate: FSceneViewport::OnFocusLost() reason 0
[2020.01.31-23.52.32:581][555]LogTemp: Repeating last play command: Selected Viewport
[2020.01.31-23.52.32:593][555]LogBlueprintUserMessages: Early PlayInEditor Detection: Level '/Temp/Untitled_1.Untitled_1:PersistentLevel' has LevelScriptBlueprint '/Temp/Untitled_1.Untitled_1:PersistentLevel.Untitled' with GeneratedClass '/Temp/Untitled_1.Untitled_C' with ClassGeneratedBy '/Temp/Untitled_1.Untitled_1:PersistentLevel.Untitled'
[2020.01.31-23.52.32:593][555]LogPlayLevel: PlayLevel: No blueprints needed recompiling
[2020.01.31-23.52.32:593][555]PIE: New page: PIE session: Untitled_1 (31 Jan 2020 23:52:32)
[2020.01.31-23.52.32:594][555]LogPlayLevel: Creating play world package: /Temp/UEDPIE_0_Untitled_1
[2020.01.31-23.52.32:597][555]LogPlayLevel: PIE: StaticDuplicateObject took: (0.002482s)
[2020.01.31-23.52.32:597][555]LogAIModule: Creating AISystem for world Untitled_1
[2020.01.31-23.52.32:597][555]LogPlayLevel: PIE: World Init took: (0.000827s)
[2020.01.31-23.52.32:598][555]LogPlayLevel: PIE: Created PIE world by copying editor world from /Temp/Untitled_1.Untitled_1 to /Temp/UEDPIE_0_Untitled_1.Untitled_1 (0.004104s)
[2020.01.31-23.52.32:627][555]LogUObjectHash: Compacting FUObjectHashTables data took   1.21ms
[2020.01.31-23.52.32:639][555]LogInit: XAudio2 using 'Headset Earphone (Corsair VOID PRO USB Gaming Headset )' : 2 channels at 48 kHz using 16 bits per sample (channel mask 0x3)
[2020.01.31-23.52.32:650][555]LogInit: FAudioDevice initialized.
[2020.01.31-23.52.32:682][555]LogLoad: Game class is 'GameModeBase'
[2020.01.31-23.52.32:684][555]LogWorld: Bringing World /Temp/UEDPIE_0_Untitled_1.Untitled_1 up for play (max tick rate 0) at 2020.01.31-23.52.32
[2020.01.31-23.52.32:684][555]LogWorld: Bringing up level for play took: 0.000854
[2020.01.31-23.52.55:028][555]PIE: Play in editor start time for /Temp/UEDPIE_0_Untitled_1 22.899
[2020.01.31-23.52.55:029][555]LogBlueprintUserMessages: Late PlayInEditor Detection: Level '/Temp/Untitled_1.Untitled_1:PersistentLevel' has LevelScriptBlueprint '/Temp/Untitled_1.Untitled_1:PersistentLevel.Untitled' with GeneratedClass '/Temp/Untitled_1.Untitled_C' with ClassGeneratedBy '/Temp/Untitled_1.Untitled_1:PersistentLevel.Untitled'
[2020.01.31-23.52.59:347][954]LogBlueprintUserMessages: Early EndPlayMap Detection: Level '/Temp/Untitled_1.Untitled_1:PersistentLevel' has LevelScriptBlueprint '/Temp/Untitled_1.Untitled_1:PersistentLevel.Untitled' with GeneratedClass '/Temp/Untitled_1.Untitled_C' with ClassGeneratedBy '/Temp/Untitled_1.Untitled_1:PersistentLevel.Untitled'
[2020.01.31-23.52.59:348][954]LogSlate: Updating window title bar state: overlay mode, drag disabled, window buttons hidden, title bar hidden
[2020.01.31-23.52.59:385][954]LogPlayLevel: Display: Shutting down PIE online subsystems
[2020.01.31-23.52.59:386][954]LogBlueprintUserMessages: Late EndPlayMap Detection: Level '/Temp/Untitled_1.Untitled_1:PersistentLevel' has LevelScriptBlueprint '/Temp/Untitled_1.Untitled_1:PersistentLevel.Untitled' with GeneratedClass '/Temp/Untitled_1.Untitled_C' with ClassGeneratedBy '/Temp/Untitled_1.Untitled_1:PersistentLevel.Untitled'
[2020.01.31-23.52.59:418][954]LogSlate: Updating window title bar state: overlay mode, drag disabled, window buttons hidden, title bar hidden
[2020.01.31-23.52.59:421][954]LogUObjectHash: Compacting FUObjectHashTables data took   1.12ms
[2020.01.31-23.52.59:459][956]LogPlayLevel: Display: Destroying online subsystem :Context_2
[2020.01.31-23.53.44:140][124]LogUnrealEdMisc: Warning: Heartbeat event firing too frequently (49.088 sec). This should never happen. Something is wrong with the timer delegate!
