Log file open, 01/31/20 20:11:18
LogWindows: Failed to load 'aqProf.dll' (GetLastError=126)
LogWindows: File 'aqProf.dll' does not exist
LogWindows: Failed to load 'VtuneApi.dll' (GetLastError=126)
LogWindows: File 'VtuneApi.dll' does not exist
LogWindows: Failed to load 'VtuneApi32e.dll' (GetLastError=126)
LogWindows: File 'VtuneApi32e.dll' does not exist
LogConsoleResponse: Display: Failed to find resolution value strings in scalability ini. Falling back to default.
LogInit: Display: Running engine for game: GGJ20
LogPakFile: Registered encryption key '00000000000000000000000000000000': 0 pak files mounted, 0 remain pending
LogPlatformFile: Not using cached read wrapper
LogTaskGraph: Started task graph with 5 named threads and 23 total threads with 3 sets of task threads.
LogStats: Stats thread started at 0.392497
LogD3D11RHI: Loaded GFSDK_Aftermath_Lib.x64.dll
LogICUInternationalization: ICU TimeZone Detection - Raw Offset: +0:00, Platform Override: ''
LogPluginManager: Mounting plugin Paper2D
LogPluginManager: Mounting plugin AISupport
LogPluginManager: Mounting plugin LightPropagationVolume
LogPluginManager: Mounting plugin ActorLayerUtilities
LogPluginManager: Mounting plugin AnimationSharing
LogPluginManager: Mounting plugin CLionSourceCodeAccess
LogPluginManager: Mounting plugin CodeLiteSourceCodeAccess
LogPluginManager: Mounting plugin GitSourceControl
LogPluginManager: Mounting plugin KDevelopSourceCodeAccess
LogPluginManager: Mounting plugin NullSourceCodeAccess
LogPluginManager: Mounting plugin PerforceSourceControl
LogPluginManager: Mounting plugin SubversionSourceControl
LogPluginManager: Mounting plugin UObjectPlugin
LogPluginManager: Mounting plugin VisualStudioCodeSourceCodeAccess
LogPluginManager: Mounting plugin VisualStudioSourceCodeAccess
LogPluginManager: Mounting plugin XCodeSourceCodeAccess
LogPluginManager: Mounting plugin AssetManagerEditor
LogPluginManager: Mounting plugin CryptoKeys
LogPluginManager: Mounting plugin DataValidation
LogPluginManager: Mounting plugin FacialAnimation
LogPluginManager: Mounting plugin GameplayTagsEditor
LogPluginManager: Mounting plugin MacGraphicsSwitching
LogPluginManager: Mounting plugin MaterialAnalyzer
LogPluginManager: Mounting plugin MobileLauncherProfileWizard
LogPluginManager: Mounting plugin PluginBrowser
LogPluginManager: Mounting plugin SpeedTreeImporter
LogPluginManager: Mounting plugin DatasmithContent
LogPluginManager: Mounting plugin VariantManagerContent
LogPluginManager: Mounting plugin AlembicImporter
LogPluginManager: Mounting plugin AppleImageUtils
LogPluginManager: Mounting plugin AppleVision
LogPluginManager: Mounting plugin BackChannel
LogPluginManager: Mounting plugin CharacterAI
LogPluginManager: Mounting plugin GeometryCache
LogPluginManager: Mounting plugin HTML5Networking
LogPluginManager: Mounting plugin ProxyLODPlugin
LogPluginManager: Mounting plugin SkeletalReduction
LogPluginManager: Mounting plugin MagicLeap
LogPluginManager: Mounting plugin MagicLeapMedia
LogPluginManager: Mounting plugin AndroidMedia
LogPluginManager: Mounting plugin AvfMedia
LogPluginManager: Mounting plugin ImgMedia
LogPluginManager: Mounting plugin LinearTimecode
LogPluginManager: Mounting plugin MediaCompositing
LogPluginManager: Mounting plugin MediaPlayerEditor
LogPluginManager: Mounting plugin WebMMedia
LogPluginManager: Mounting plugin WmfMedia
LogPluginManager: Mounting plugin TcpMessaging
LogPluginManager: Mounting plugin UdpMessaging
LogPluginManager: Mounting plugin ActorSequence
LogPluginManager: Mounting plugin LevelSequenceEditor
LogPluginManager: Mounting plugin MatineeToLevelSequence
LogPluginManager: Mounting plugin NetcodeUnitTest
LogPluginManager: Mounting plugin NUTUnrealEngine4
LogPluginManager: Mounting plugin OnlineSubsystemGooglePlay
LogPluginManager: Mounting plugin OnlineSubsystemIOS
LogPluginManager: Mounting plugin OnlineSubsystem
LogPluginManager: Mounting plugin OnlineSubsystemNull
LogPluginManager: Mounting plugin OnlineSubsystemUtils
LogPluginManager: Mounting plugin LauncherChunkInstaller
LogPluginManager: Mounting plugin AndroidDeviceProfileSelector
LogPluginManager: Mounting plugin AndroidMoviePlayer
LogPluginManager: Mounting plugin AndroidPermission
LogPluginManager: Mounting plugin AppleMoviePlayer
LogPluginManager: Mounting plugin ArchVisCharacter
LogPluginManager: Mounting plugin AudioCapture
LogPluginManager: Mounting plugin CableComponent
LogPluginManager: Mounting plugin CustomMeshComponent
LogPluginManager: Mounting plugin EditableMesh
LogPluginManager: Mounting plugin ExampleDeviceProfileSelector
LogPluginManager: Mounting plugin Firebase
LogPluginManager: Mounting plugin GoogleCloudMessaging
LogPluginManager: Mounting plugin IOSDeviceProfileSelector
LogPluginManager: Mounting plugin LinuxDeviceProfileSelector
LogPluginManager: Mounting plugin LocationServicesBPLibrary
LogPluginManager: Mounting plugin MobilePatchingUtils
LogPluginManager: Mounting plugin OculusVR
LogPluginManager: Mounting plugin PhysXVehicles
LogPluginManager: Mounting plugin ProceduralMeshComponent
LogPluginManager: Mounting plugin RuntimePhysXCooking
LogPluginManager: Mounting plugin SignificanceManager
LogPluginManager: Mounting plugin SteamVR
LogPluginManager: Mounting plugin WebMMoviePlayer
LogPluginManager: Mounting plugin WindowsMoviePlayer
LogInit: Using libcurl 7.55.1-DEV
LogInit:  - built for x86_64-pc-win32
LogInit:  - supports SSL with OpenSSL/1.1.1
LogInit:  - supports HTTP deflate (compression) using libz 1.2.8
LogInit:  - other features:
LogInit:      CURL_VERSION_SSL
LogInit:      CURL_VERSION_LIBZ
LogInit:      CURL_VERSION_IPV6
LogInit:      CURL_VERSION_ASYNCHDNS
LogInit:      CURL_VERSION_LARGEFILE
LogInit:      CURL_VERSION_IDN
LogInit:  CurlRequestOptions (configurable via config and command line):
LogInit:  - bVerifyPeer = true  - Libcurl will verify peer certificate
LogInit:  - bUseHttpProxy = false  - Libcurl will NOT use HTTP proxy
LogInit:  - bDontReuseConnections = false  - Libcurl will reuse connections
LogInit:  - MaxHostConnections = 16  - Libcurl will limit the number of connections to a host
LogInit:  - LocalHostAddr = Default
LogInit:  - BufferSize = 65536
LogInit: WinSock: version 1.1 (2.2), MaxSocks=32767, MaxUdp=65467
LogInit: Build: ++UE4+Release-4.22-CL-7053642
LogInit: Engine Version: 4.22.3-7053642+++UE4+Release-4.22
LogInit: Compatible Engine Version: 4.22.0-5660361+++UE4+Release-4.22
LogInit: Net CL: 5660361
LogInit: OS: Windows 10 (Release 1909) (), CPU: Intel(R) Xeon(R) W-2123 CPU @ 3.60GHz, GPU: NVIDIA GeForce GTX 1070
LogInit: Compiled (64-bit): Jun 18 2019 03:09:11
LogInit: Compiled with Visual C++: 19.16.27025.01
LogInit: Build Configuration: Development
LogInit: Branch Name: ++UE4+Release-4.22
LogInit: Command Line:  -skipcompile
LogInit: Base Directory: C:/Epic/UE4/UE_4.22/Engine/Binaries/Win64/
LogInit: Installed Engine Build: 1
LogDevObjectVersion: Number of dev versions registered: 23
LogDevObjectVersion:   Dev-Blueprints (B0D832E4-1F89-4F0D-ACCF-7EB736FD4AA2): 10
LogDevObjectVersion:   Dev-Build (E1C64328-A22C-4D53-A36C-8E866417BD8C): 0
LogDevObjectVersion:   Dev-Core (375EC13C-06E4-48FB-B500-84F0262A717E): 3
LogDevObjectVersion:   Dev-Editor (E4B068ED-F494-42E9-A231-DA0B2E46BB41): 30
LogDevObjectVersion:   Dev-Framework (CFFC743F-43B0-4480-9391-14DF171D2073): 35
LogDevObjectVersion:   Dev-Mobile (B02B49B5-BB20-44E9-A304-32B752E40360): 2
LogDevObjectVersion:   Dev-Networking (A4E4105C-59A1-49B5-A7C5-40C4547EDFEE): 0
LogDevObjectVersion:   Dev-Online (39C831C9-5AE6-47DC-9A44-9C173E1C8E7C): 0
LogDevObjectVersion:   Dev-Physics (78F01B33-EBEA-4F98-B9B4-84EACCB95AA2): 0
LogDevObjectVersion:   Dev-Platform (6631380F-2D4D-43E0-8009-CF276956A95A): 0
LogDevObjectVersion:   Dev-Rendering (12F88B9F-8875-4AFC-A67C-D90C383ABD29): 28
LogDevObjectVersion:   Dev-Sequencer (7B5AE74C-D270-4C10-A958-57980B212A5A): 11
LogDevObjectVersion:   Dev-VR (D7296918-1DD6-4BDD-9DE2-64A83CC13884): 2
LogDevObjectVersion:   Dev-LoadTimes (C2A15278-BFE7-4AFE-6C17-90FF531DF755): 1
LogDevObjectVersion:   Private-Geometry (6EACA3D4-40EC-4CC1-B786-8BED09428FC5): 3
LogDevObjectVersion:   Dev-AnimPhys (29E575DD-E0A3-4627-9D10-D276232CDCEA): 17
LogDevObjectVersion:   Dev-Anim (AF43A65D-7FD3-4947-9873-3E8ED9C1BB05): 2
LogDevObjectVersion:   Dev-ReflectionCapture (6B266CEC-1EC7-4B8F-A30B-E4D90942FC07): 1
LogDevObjectVersion:   Dev-Automation (0DF73D61-A23F-47EA-B727-89E90C41499A): 1
LogDevObjectVersion:   FortniteMain (601D1886-AC64-4F84-AA16-D3DE0DEAC7D6): 25
LogDevObjectVersion:   Dev-Enterprise (9DFFBCD6-494F-0158-E221-12823C92A888): 6
LogDevObjectVersion:   Dev-Niagara (F2AED0AC-9AFE-416F-8664-AA7FFA26D6FC): 1
LogDevObjectVersion:   Dev-Destruction (174F1F0B-B4C6-45A5-B13F-2EE8D0FB917D): 2
LogInit: Presizing for max 16777216 objects, including 0 objects not considered by GC, pre-allocating 0 bytes for permanent pool.
LogInit: Object subsystem initialized
LogConfig: Setting CVar [[con.DebugEarlyDefault:1]]
LogConfig: Setting CVar [[r.setres:1280x720]]
[2020.01.31-20.11.19:001][  0]LogConfig: Setting CVar [[r.VSync:0]]
[2020.01.31-20.11.19:001][  0]LogConfig: Setting CVar [[r.RHICmdBypass:0]]
[2020.01.31-20.11.19:001][  0]LogConfig: Applying CVar settings from Section [/Script/Engine.RendererSettings] File [C:/Users/h017026h/Documents/GitKra/Global Game Jam 2020/GGJ20/Saved/Config/Windows/Engine.ini]
[2020.01.31-20.11.19:001][  0]LogConfig: Setting CVar [[r.GPUCrashDebugging:0]]
[2020.01.31-20.11.19:001][  0]LogConfig: Setting CVar [[r.DefaultFeature.AutoExposure.ExtendDefaultLuminanceRange:1]]
[2020.01.31-20.11.19:001][  0]LogConfig: Applying CVar settings from Section [/Script/Engine.RendererOverrideSettings] File [C:/Users/h017026h/Documents/GitKra/Global Game Jam 2020/GGJ20/Saved/Config/Windows/Engine.ini]
[2020.01.31-20.11.19:001][  0]LogConfig: Applying CVar settings from Section [/Script/Engine.StreamingSettings] File [C:/Users/h017026h/Documents/GitKra/Global Game Jam 2020/GGJ20/Saved/Config/Windows/Engine.ini]
[2020.01.31-20.11.19:001][  0]LogConfig: Setting CVar [[s.MinBulkDataSizeForAsyncLoading:131072]]
[2020.01.31-20.11.19:001][  0]LogConfig: Setting CVar [[s.AsyncLoadingThreadEnabled:0]]
[2020.01.31-20.11.19:002][  0]LogConfig: Setting CVar [[s.EventDrivenLoaderEnabled:1]]
[2020.01.31-20.11.19:002][  0]LogConfig: Setting CVar [[s.WarnIfTimeLimitExceeded:0]]
[2020.01.31-20.11.19:002][  0]LogConfig: Setting CVar [[s.TimeLimitExceededMultiplier:1.5]]
[2020.01.31-20.11.19:002][  0]LogConfig: Setting CVar [[s.TimeLimitExceededMinTime:0.005]]
[2020.01.31-20.11.19:002][  0]LogConfig: Setting CVar [[s.UseBackgroundLevelStreaming:1]]
[2020.01.31-20.11.19:002][  0]LogConfig: Setting CVar [[s.PriorityAsyncLoadingExtraTime:15.0]]
[2020.01.31-20.11.19:002][  0]LogConfig: Setting CVar [[s.LevelStreamingActorsUpdateTimeLimit:5.0]]
[2020.01.31-20.11.19:002][  0]LogConfig: Setting CVar [[s.PriorityLevelStreamingActorsUpdateExtraTime:5.0]]
[2020.01.31-20.11.19:002][  0]LogConfig: Setting CVar [[s.LevelStreamingComponentsRegistrationGranularity:10]]
[2020.01.31-20.11.19:002][  0]LogConfig: Setting CVar [[s.UnregisterComponentsTimeLimit:1.0]]
[2020.01.31-20.11.19:002][  0]LogConfig: Setting CVar [[s.LevelStreamingComponentsUnregistrationGranularity:5]]
[2020.01.31-20.11.19:002][  0]LogConfig: Applying CVar settings from Section [/Script/Engine.GarbageCollectionSettings] File [C:/Users/h017026h/Documents/GitKra/Global Game Jam 2020/GGJ20/Saved/Config/Windows/Engine.ini]
[2020.01.31-20.11.19:002][  0]LogConfig: Setting CVar [[gc.MaxObjectsNotConsideredByGC:1]]
[2020.01.31-20.11.19:002][  0]LogConfig: Setting CVar [[gc.SizeOfPermanentObjectPool:0]]
[2020.01.31-20.11.19:002][  0]LogConfig: Setting CVar [[gc.FlushStreamingOnGC:0]]
[2020.01.31-20.11.19:002][  0]LogConfig: Setting CVar [[gc.NumRetriesBeforeForcingGC:10]]
[2020.01.31-20.11.19:003][  0]LogConfig: Setting CVar [[gc.AllowParallelGC:1]]
[2020.01.31-20.11.19:003][  0]LogConfig: Setting CVar [[gc.TimeBetweenPurgingPendingKillObjects:61.1]]
[2020.01.31-20.11.19:003][  0]LogConfig: Setting CVar [[gc.MaxObjectsInEditor:16777216]]
[2020.01.31-20.11.19:003][  0]LogConfig: Setting CVar [[gc.IncrementalBeginDestroyEnabled:1]]
[2020.01.31-20.11.19:003][  0]LogConfig: Setting CVar [[gc.CreateGCClusters:1]]
[2020.01.31-20.11.19:003][  0]LogConfig: Setting CVar [[gc.MinGCClusterSize:5]]
[2020.01.31-20.11.19:003][  0]LogConfig: Setting CVar [[gc.ActorClusteringEnabled:0]]
[2020.01.31-20.11.19:003][  0]LogConfig: Setting CVar [[gc.BlueprintClusteringEnabled:0]]
[2020.01.31-20.11.19:003][  0]LogConfig: Setting CVar [[gc.UseDisregardForGCOnDedicatedServers:0]]
[2020.01.31-20.11.19:003][  0]LogConfig: Applying CVar settings from Section [/Script/Engine.NetworkSettings] File [C:/Users/h017026h/Documents/GitKra/Global Game Jam 2020/GGJ20/Saved/Config/Windows/Engine.ini]
[2020.01.31-20.11.19:003][  0]LogConfig: Applying CVar settings from Section [/Script/UnrealEd.CookerSettings] File [C:/Users/h017026h/Documents/GitKra/Global Game Jam 2020/GGJ20/Saved/Config/Windows/Engine.ini]
[2020.01.31-20.11.19:011][  0]LogConfig: Applying CVar settings from Section [ViewDistanceQuality@3] File [C:/Users/h017026h/Documents/GitKra/Global Game Jam 2020/GGJ20/Saved/Config/Windows/Scalability.ini]
[2020.01.31-20.11.19:011][  0]LogConfig: Setting CVar [[r.SkeletalMeshLODBias:0]]
[2020.01.31-20.11.19:012][  0]LogConfig: Setting CVar [[r.ViewDistanceScale:1.0]]
[2020.01.31-20.11.19:012][  0]LogConfig: Applying CVar settings from Section [AntiAliasingQuality@3] File [C:/Users/h017026h/Documents/GitKra/Global Game Jam 2020/GGJ20/Saved/Config/Windows/Scalability.ini]
[2020.01.31-20.11.19:012][  0]LogConfig: Setting CVar [[r.PostProcessAAQuality:4]]
[2020.01.31-20.11.19:012][  0]LogConfig: Applying CVar settings from Section [ShadowQuality@3] File [C:/Users/h017026h/Documents/GitKra/Global Game Jam 2020/GGJ20/Saved/Config/Windows/Scalability.ini]
[2020.01.31-20.11.19:012][  0]LogConfig: Setting CVar [[r.LightFunctionQuality:1]]
[2020.01.31-20.11.19:012][  0]LogConfig: Setting CVar [[r.ShadowQuality:5]]
[2020.01.31-20.11.19:012][  0]LogConfig: Setting CVar [[r.Shadow.CSM.MaxCascades:10]]
[2020.01.31-20.11.19:012][  0]LogConfig: Setting CVar [[r.Shadow.MaxResolution:2048]]
[2020.01.31-20.11.19:012][  0]LogConfig: Setting CVar [[r.Shadow.MaxCSMResolution:2048]]
[2020.01.31-20.11.19:012][  0]LogConfig: Setting CVar [[r.Shadow.RadiusThreshold:0.01]]
[2020.01.31-20.11.19:012][  0]LogConfig: Setting CVar [[r.Shadow.DistanceScale:1.0]]
[2020.01.31-20.11.19:012][  0]LogConfig: Setting CVar [[r.Shadow.CSM.TransitionScale:1.0]]
[2020.01.31-20.11.19:012][  0]LogConfig: Setting CVar [[r.Shadow.PreShadowResolutionFactor:1.0]]
[2020.01.31-20.11.19:012][  0]LogConfig: Setting CVar [[r.DistanceFieldShadowing:1]]
[2020.01.31-20.11.19:012][  0]LogConfig: Setting CVar [[r.DistanceFieldAO:1]]
[2020.01.31-20.11.19:013][  0]LogConfig: Setting CVar [[r.AOQuality:2]]
[2020.01.31-20.11.19:013][  0]LogConfig: Setting CVar [[r.VolumetricFog:1]]
[2020.01.31-20.11.19:013][  0]LogConfig: Setting CVar [[r.VolumetricFog.GridPixelSize:8]]
[2020.01.31-20.11.19:013][  0]LogConfig: Setting CVar [[r.VolumetricFog.GridSizeZ:128]]
[2020.01.31-20.11.19:013][  0]LogConfig: Setting CVar [[r.VolumetricFog.HistoryMissSupersampleCount:4]]
[2020.01.31-20.11.19:013][  0]LogConfig: Setting CVar [[r.LightMaxDrawDistanceScale:1]]
[2020.01.31-20.11.19:013][  0]LogConfig: Setting CVar [[r.CapsuleShadows:1]]
[2020.01.31-20.11.19:013][  0]LogConfig: Applying CVar settings from Section [PostProcessQuality@3] File [C:/Users/h017026h/Documents/GitKra/Global Game Jam 2020/GGJ20/Saved/Config/Windows/Scalability.ini]
[2020.01.31-20.11.19:013][  0]LogConfig: Setting CVar [[r.MotionBlurQuality:4]]
[2020.01.31-20.11.19:013][  0]LogConfig: Setting CVar [[r.AmbientOcclusionMipLevelFactor:0.4]]
[2020.01.31-20.11.19:013][  0]LogConfig: Setting CVar [[r.AmbientOcclusionMaxQuality:100]]
[2020.01.31-20.11.19:013][  0]LogConfig: Setting CVar [[r.AmbientOcclusionLevels:-1]]
[2020.01.31-20.11.19:013][  0]LogConfig: Setting CVar [[r.AmbientOcclusionRadiusScale:1.0]]
[2020.01.31-20.11.19:013][  0]LogConfig: Setting CVar [[r.DepthOfFieldQuality:2]]
[2020.01.31-20.11.19:013][  0]LogConfig: Setting CVar [[r.RenderTargetPoolMin:400]]
[2020.01.31-20.11.19:013][  0]LogConfig: Setting CVar [[r.LensFlareQuality:2]]
[2020.01.31-20.11.19:014][  0]LogConfig: Setting CVar [[r.SceneColorFringeQuality:1]]
[2020.01.31-20.11.19:014][  0]LogConfig: Setting CVar [[r.EyeAdaptationQuality:2]]
[2020.01.31-20.11.19:014][  0]LogConfig: Setting CVar [[r.BloomQuality:5]]
[2020.01.31-20.11.19:014][  0]LogConfig: Setting CVar [[r.FastBlurThreshold:100]]
[2020.01.31-20.11.19:014][  0]LogConfig: Setting CVar [[r.Upscale.Quality:3]]
[2020.01.31-20.11.19:014][  0]LogConfig: Setting CVar [[r.Tonemapper.GrainQuantization:1]]
[2020.01.31-20.11.19:014][  0]LogConfig: Setting CVar [[r.LightShaftQuality:1]]
[2020.01.31-20.11.19:014][  0]LogConfig: Setting CVar [[r.Filter.SizeScale:1]]
[2020.01.31-20.11.19:014][  0]LogConfig: Setting CVar [[r.Tonemapper.Quality:5]]
[2020.01.31-20.11.19:014][  0]LogConfig: Setting CVar [[r.DOF.Gather.AccumulatorQuality:1        ; higher gathering accumulator quality]]
[2020.01.31-20.11.19:014][  0]LogConfig: Setting CVar [[r.DOF.Gather.PostfilterMethod:1          ; Median3x3 postfilering method]]
[2020.01.31-20.11.19:014][  0]LogConfig: Setting CVar [[r.DOF.Gather.EnableBokehSettings:0       ; no bokeh simulation when gathering]]
[2020.01.31-20.11.19:014][  0]LogConfig: Setting CVar [[r.DOF.Gather.RingCount:4                 ; medium number of samples when gathering]]
[2020.01.31-20.11.19:014][  0]LogConfig: Setting CVar [[r.DOF.Scatter.ForegroundCompositing:1    ; additive foreground scattering]]
[2020.01.31-20.11.19:014][  0]LogConfig: Setting CVar [[r.DOF.Scatter.BackgroundCompositing:2    ; additive background scattering]]
[2020.01.31-20.11.19:014][  0]LogConfig: Setting CVar [[r.DOF.Scatter.EnableBokehSettings:1      ; bokeh simulation when scattering]]
[2020.01.31-20.11.19:014][  0]LogConfig: Setting CVar [[r.DOF.Scatter.MaxSpriteRatio:0.1         ; only a maximum of 10% of scattered bokeh]]
[2020.01.31-20.11.19:015][  0]LogConfig: Setting CVar [[r.DOF.Recombine.Quality:1                ; cheap slight out of focus]]
[2020.01.31-20.11.19:015][  0]LogConfig: Setting CVar [[r.DOF.Recombine.EnableBokehSettings:0    ; no bokeh simulation on slight out of focus]]
[2020.01.31-20.11.19:015][  0]LogConfig: Setting CVar [[r.DOF.TemporalAAQuality:1                ; more stable temporal accumulation]]
[2020.01.31-20.11.19:015][  0]LogConfig: Setting CVar [[r.DOF.Kernel.MaxForegroundRadius:0.025]]
[2020.01.31-20.11.19:015][  0]LogConfig: Setting CVar [[r.DOF.Kernel.MaxBackgroundRadius:0.025]]
[2020.01.31-20.11.19:015][  0]LogConfig: Applying CVar settings from Section [TextureQuality@3] File [C:/Users/h017026h/Documents/GitKra/Global Game Jam 2020/GGJ20/Saved/Config/Windows/Scalability.ini]
[2020.01.31-20.11.19:015][  0]LogConfig: Setting CVar [[r.Streaming.MipBias:0]]
[2020.01.31-20.11.19:015][  0]LogConfig: Setting CVar [[r.Streaming.AmortizeCPUToGPUCopy:0]]
[2020.01.31-20.11.19:015][  0]LogConfig: Setting CVar [[r.Streaming.MaxNumTexturesToStreamPerFrame:0]]
[2020.01.31-20.11.19:015][  0]LogConfig: Setting CVar [[r.Streaming.Boost:1]]
[2020.01.31-20.11.19:015][  0]LogConfig: Setting CVar [[r.MaxAnisotropy:8]]
[2020.01.31-20.11.19:015][  0]LogConfig: Setting CVar [[r.Streaming.LimitPoolSizeToVRAM:0]]
[2020.01.31-20.11.19:015][  0]LogConfig: Setting CVar [[r.Streaming.PoolSize:1000]]
[2020.01.31-20.11.19:015][  0]LogConfig: Setting CVar [[r.Streaming.MaxEffectiveScreenSize:0]]
[2020.01.31-20.11.19:015][  0]LogConfig: Applying CVar settings from Section [EffectsQuality@3] File [C:/Users/h017026h/Documents/GitKra/Global Game Jam 2020/GGJ20/Saved/Config/Windows/Scalability.ini]
[2020.01.31-20.11.19:015][  0]LogConfig: Setting CVar [[r.TranslucencyLightingVolumeDim:64]]
[2020.01.31-20.11.19:015][  0]LogConfig: Setting CVar [[r.RefractionQuality:2]]
[2020.01.31-20.11.19:015][  0]LogConfig: Setting CVar [[r.SSR.Quality:3]]
[2020.01.31-20.11.19:016][  0]LogConfig: Setting CVar [[r.SceneColorFormat:4]]
[2020.01.31-20.11.19:016][  0]LogConfig: Setting CVar [[r.DetailMode:2]]
[2020.01.31-20.11.19:016][  0]LogConfig: Setting CVar [[r.TranslucencyVolumeBlur:1]]
[2020.01.31-20.11.19:016][  0]LogConfig: Setting CVar [[r.MaterialQualityLevel:1 ; High quality]]
[2020.01.31-20.11.19:016][  0]LogConfig: Setting CVar [[r.SSS.Scale:1]]
[2020.01.31-20.11.19:016][  0]LogConfig: Setting CVar [[r.SSS.SampleSet:2]]
[2020.01.31-20.11.19:016][  0]LogConfig: Setting CVar [[r.SSS.Quality:1]]
[2020.01.31-20.11.19:016][  0]LogConfig: Setting CVar [[r.SSS.HalfRes:1]]
[2020.01.31-20.11.19:016][  0]LogConfig: Setting CVar [[r.EmitterSpawnRateScale:1.0]]
[2020.01.31-20.11.19:016][  0]LogConfig: Setting CVar [[r.ParticleLightQuality:2]]
[2020.01.31-20.11.19:016][  0]LogConfig: Applying CVar settings from Section [FoliageQuality@3] File [C:/Users/h017026h/Documents/GitKra/Global Game Jam 2020/GGJ20/Saved/Config/Windows/Scalability.ini]
[2020.01.31-20.11.19:016][  0]LogConfig: Setting CVar [[foliage.DensityScale:1.0]]
[2020.01.31-20.11.19:016][  0]LogConfig: Setting CVar [[grass.DensityScale:1.0]]
[2020.01.31-20.11.19:016][  0]LogInit: Selected Device Profile: [Windows]
[2020.01.31-20.11.19:016][  0]LogInit: Applying CVar settings loaded from the selected device profile: [Windows]
[2020.01.31-20.11.19:031][  0]LogHAL: Display: Platform has ~ 32 GB [34065854464 / 34359738368 / 32], which maps to Largest [LargestMinGB=32, LargerMinGB=12, DefaultMinGB=8, SmallerMinGB=6, SmallestMinGB=0)
[2020.01.31-20.11.19:031][  0]LogConfig: Setting CVar [[r.Vulkan.UseRealUBs:0		; Required until we fix HLR fall-out]]
[2020.01.31-20.11.19:031][  0]LogInit: Going up to parent DeviceProfile []
[2020.01.31-20.11.19:031][  0]LogConfig: Applying CVar settings from Section [ViewDistanceQuality@3] File [C:/Users/h017026h/Documents/GitKra/Global Game Jam 2020/GGJ20/Saved/Config/Windows/Scalability.ini]
[2020.01.31-20.11.19:031][  0]LogConfig: Setting CVar [[r.SkeletalMeshLODBias:0]]
[2020.01.31-20.11.19:031][  0]LogConfig: Setting CVar [[r.ViewDistanceScale:1.0]]
[2020.01.31-20.11.19:031][  0]LogConfig: Applying CVar settings from Section [AntiAliasingQuality@3] File [C:/Users/h017026h/Documents/GitKra/Global Game Jam 2020/GGJ20/Saved/Config/Windows/Scalability.ini]
[2020.01.31-20.11.19:031][  0]LogConfig: Setting CVar [[r.PostProcessAAQuality:4]]
[2020.01.31-20.11.19:032][  0]LogConfig: Applying CVar settings from Section [ShadowQuality@3] File [C:/Users/h017026h/Documents/GitKra/Global Game Jam 2020/GGJ20/Saved/Config/Windows/Scalability.ini]
[2020.01.31-20.11.19:032][  0]LogConfig: Setting CVar [[r.LightFunctionQuality:1]]
[2020.01.31-20.11.19:032][  0]LogConfig: Setting CVar [[r.ShadowQuality:5]]
[2020.01.31-20.11.19:032][  0]LogConfig: Setting CVar [[r.Shadow.CSM.MaxCascades:10]]
[2020.01.31-20.11.19:032][  0]LogConfig: Setting CVar [[r.Shadow.MaxResolution:2048]]
[2020.01.31-20.11.19:032][  0]LogConfig: Setting CVar [[r.Shadow.MaxCSMResolution:2048]]
[2020.01.31-20.11.19:032][  0]LogConfig: Setting CVar [[r.Shadow.RadiusThreshold:0.01]]
[2020.01.31-20.11.19:032][  0]LogConfig: Setting CVar [[r.Shadow.DistanceScale:1.0]]
[2020.01.31-20.11.19:032][  0]LogConfig: Setting CVar [[r.Shadow.CSM.TransitionScale:1.0]]
[2020.01.31-20.11.19:032][  0]LogConfig: Setting CVar [[r.Shadow.PreShadowResolutionFactor:1.0]]
[2020.01.31-20.11.19:032][  0]LogConfig: Setting CVar [[r.DistanceFieldShadowing:1]]
[2020.01.31-20.11.19:032][  0]LogConfig: Setting CVar [[r.DistanceFieldAO:1]]
[2020.01.31-20.11.19:032][  0]LogConfig: Setting CVar [[r.AOQuality:2]]
[2020.01.31-20.11.19:033][  0]LogConfig: Setting CVar [[r.VolumetricFog:1]]
[2020.01.31-20.11.19:033][  0]LogConfig: Setting CVar [[r.VolumetricFog.GridPixelSize:8]]
[2020.01.31-20.11.19:033][  0]LogConfig: Setting CVar [[r.VolumetricFog.GridSizeZ:128]]
[2020.01.31-20.11.19:033][  0]LogConfig: Setting CVar [[r.VolumetricFog.HistoryMissSupersampleCount:4]]
[2020.01.31-20.11.19:033][  0]LogConfig: Setting CVar [[r.LightMaxDrawDistanceScale:1]]
[2020.01.31-20.11.19:033][  0]LogConfig: Setting CVar [[r.CapsuleShadows:1]]
[2020.01.31-20.11.19:033][  0]LogConfig: Applying CVar settings from Section [PostProcessQuality@3] File [C:/Users/h017026h/Documents/GitKra/Global Game Jam 2020/GGJ20/Saved/Config/Windows/Scalability.ini]
[2020.01.31-20.11.19:033][  0]LogConfig: Setting CVar [[r.MotionBlurQuality:4]]
[2020.01.31-20.11.19:033][  0]LogConfig: Setting CVar [[r.AmbientOcclusionMipLevelFactor:0.4]]
[2020.01.31-20.11.19:033][  0]LogConfig: Setting CVar [[r.AmbientOcclusionMaxQuality:100]]
[2020.01.31-20.11.19:033][  0]LogConfig: Setting CVar [[r.AmbientOcclusionLevels:-1]]
[2020.01.31-20.11.19:033][  0]LogConfig: Setting CVar [[r.AmbientOcclusionRadiusScale:1.0]]
[2020.01.31-20.11.19:033][  0]LogConfig: Setting CVar [[r.DepthOfFieldQuality:2]]
[2020.01.31-20.11.19:033][  0]LogConfig: Setting CVar [[r.RenderTargetPoolMin:400]]
[2020.01.31-20.11.19:034][  0]LogConfig: Setting CVar [[r.LensFlareQuality:2]]
[2020.01.31-20.11.19:034][  0]LogConfig: Setting CVar [[r.SceneColorFringeQuality:1]]
[2020.01.31-20.11.19:034][  0]LogConfig: Setting CVar [[r.EyeAdaptationQuality:2]]
[2020.01.31-20.11.19:034][  0]LogConfig: Setting CVar [[r.BloomQuality:5]]
[2020.01.31-20.11.19:034][  0]LogConfig: Setting CVar [[r.FastBlurThreshold:100]]
[2020.01.31-20.11.19:034][  0]LogConfig: Setting CVar [[r.Upscale.Quality:3]]
[2020.01.31-20.11.19:034][  0]LogConfig: Setting CVar [[r.Tonemapper.GrainQuantization:1]]
[2020.01.31-20.11.19:034][  0]LogConfig: Setting CVar [[r.LightShaftQuality:1]]
[2020.01.31-20.11.19:034][  0]LogConfig: Setting CVar [[r.Filter.SizeScale:1]]
[2020.01.31-20.11.19:034][  0]LogConfig: Setting CVar [[r.Tonemapper.Quality:5]]
[2020.01.31-20.11.19:034][  0]LogConfig: Setting CVar [[r.DOF.Gather.AccumulatorQuality:1        ; higher gathering accumulator quality]]
[2020.01.31-20.11.19:034][  0]LogConfig: Setting CVar [[r.DOF.Gather.PostfilterMethod:1          ; Median3x3 postfilering method]]
[2020.01.31-20.11.19:034][  0]LogConfig: Setting CVar [[r.DOF.Gather.EnableBokehSettings:0       ; no bokeh simulation when gathering]]
[2020.01.31-20.11.19:034][  0]LogConfig: Setting CVar [[r.DOF.Gather.RingCount:4                 ; medium number of samples when gathering]]
[2020.01.31-20.11.19:034][  0]LogConfig: Setting CVar [[r.DOF.Scatter.ForegroundCompositing:1    ; additive foreground scattering]]
[2020.01.31-20.11.19:034][  0]LogConfig: Setting CVar [[r.DOF.Scatter.BackgroundCompositing:2    ; additive background scattering]]
[2020.01.31-20.11.19:035][  0]LogConfig: Setting CVar [[r.DOF.Scatter.EnableBokehSettings:1      ; bokeh simulation when scattering]]
[2020.01.31-20.11.19:035][  0]LogConfig: Setting CVar [[r.DOF.Scatter.MaxSpriteRatio:0.1         ; only a maximum of 10% of scattered bokeh]]
[2020.01.31-20.11.19:035][  0]LogConfig: Setting CVar [[r.DOF.Recombine.Quality:1                ; cheap slight out of focus]]
[2020.01.31-20.11.19:035][  0]LogConfig: Setting CVar [[r.DOF.Recombine.EnableBokehSettings:0    ; no bokeh simulation on slight out of focus]]
[2020.01.31-20.11.19:035][  0]LogConfig: Setting CVar [[r.DOF.TemporalAAQuality:1                ; more stable temporal accumulation]]
[2020.01.31-20.11.19:035][  0]LogConfig: Setting CVar [[r.DOF.Kernel.MaxForegroundRadius:0.025]]
[2020.01.31-20.11.19:035][  0]LogConfig: Setting CVar [[r.DOF.Kernel.MaxBackgroundRadius:0.025]]
[2020.01.31-20.11.19:035][  0]LogConfig: Applying CVar settings from Section [TextureQuality@3] File [C:/Users/h017026h/Documents/GitKra/Global Game Jam 2020/GGJ20/Saved/Config/Windows/Scalability.ini]
[2020.01.31-20.11.19:035][  0]LogConfig: Setting CVar [[r.Streaming.MipBias:0]]
[2020.01.31-20.11.19:035][  0]LogConfig: Setting CVar [[r.Streaming.AmortizeCPUToGPUCopy:0]]
[2020.01.31-20.11.19:035][  0]LogConfig: Setting CVar [[r.Streaming.MaxNumTexturesToStreamPerFrame:0]]
[2020.01.31-20.11.19:035][  0]LogConfig: Setting CVar [[r.Streaming.Boost:1]]
[2020.01.31-20.11.19:035][  0]LogConfig: Setting CVar [[r.MaxAnisotropy:8]]
[2020.01.31-20.11.19:035][  0]LogConfig: Setting CVar [[r.Streaming.LimitPoolSizeToVRAM:0]]
[2020.01.31-20.11.19:035][  0]LogConfig: Setting CVar [[r.Streaming.PoolSize:1000]]
[2020.01.31-20.11.19:036][  0]LogConfig: Setting CVar [[r.Streaming.MaxEffectiveScreenSize:0]]
[2020.01.31-20.11.19:036][  0]LogConfig: Applying CVar settings from Section [EffectsQuality@3] File [C:/Users/h017026h/Documents/GitKra/Global Game Jam 2020/GGJ20/Saved/Config/Windows/Scalability.ini]
[2020.01.31-20.11.19:036][  0]LogConfig: Setting CVar [[r.TranslucencyLightingVolumeDim:64]]
[2020.01.31-20.11.19:036][  0]LogConfig: Setting CVar [[r.RefractionQuality:2]]
[2020.01.31-20.11.19:036][  0]LogConfig: Setting CVar [[r.SSR.Quality:3]]
[2020.01.31-20.11.19:036][  0]LogConfig: Setting CVar [[r.SceneColorFormat:4]]
[2020.01.31-20.11.19:036][  0]LogConfig: Setting CVar [[r.DetailMode:2]]
[2020.01.31-20.11.19:036][  0]LogConfig: Setting CVar [[r.TranslucencyVolumeBlur:1]]
[2020.01.31-20.11.19:036][  0]LogConfig: Setting CVar [[r.MaterialQualityLevel:1 ; High quality]]
[2020.01.31-20.11.19:036][  0]LogConfig: Setting CVar [[r.SSS.Scale:1]]
[2020.01.31-20.11.19:036][  0]LogConfig: Setting CVar [[r.SSS.SampleSet:2]]
[2020.01.31-20.11.19:036][  0]LogConfig: Setting CVar [[r.SSS.Quality:1]]
[2020.01.31-20.11.19:036][  0]LogConfig: Setting CVar [[r.SSS.HalfRes:1]]
[2020.01.31-20.11.19:036][  0]LogConfig: Setting CVar [[r.EmitterSpawnRateScale:1.0]]
[2020.01.31-20.11.19:037][  0]LogConfig: Setting CVar [[r.ParticleLightQuality:2]]
[2020.01.31-20.11.19:037][  0]LogConfig: Applying CVar settings from Section [FoliageQuality@3] File [C:/Users/h017026h/Documents/GitKra/Global Game Jam 2020/GGJ20/Saved/Config/Windows/Scalability.ini]
[2020.01.31-20.11.19:037][  0]LogConfig: Setting CVar [[foliage.DensityScale:1.0]]
[2020.01.31-20.11.19:037][  0]LogConfig: Setting CVar [[grass.DensityScale:1.0]]
[2020.01.31-20.11.19:037][  0]LogConfig: Applying CVar settings from Section [Startup] File [../../../Engine/Config/ConsoleVariables.ini]
[2020.01.31-20.11.19:037][  0]LogConfig: Setting CVar [[net.UseAdaptiveNetUpdateFrequency:0]]
[2020.01.31-20.11.19:037][  0]LogConfig: Setting CVar [[p.chaos.AllowCreatePhysxBodies:1]]
[2020.01.31-20.11.19:037][  0]LogConfig: Applying CVar settings from Section [ConsoleVariables] File [C:/Users/h017026h/Documents/GitKra/Global Game Jam 2020/GGJ20/Saved/Config/Windows/Engine.ini]
[2020.01.31-20.11.19:037][  0]LogInit: Computer: C117B-20
[2020.01.31-20.11.19:038][  0]LogInit: User: h017026h
[2020.01.31-20.11.19:038][  0]LogInit: CPU Page size=4096, Cores=4
[2020.01.31-20.11.19:038][  0]LogInit: High frequency timer resolution =10.000000 MHz
[2020.01.31-20.11.19:038][  0]LogMemory: Memory total: Physical=31.7GB (32GB approx)
[2020.01.31-20.11.19:038][  0]LogMemory: Platform Memory Stats for Windows
[2020.01.31-20.11.19:038][  0]LogMemory: Process Physical Memory: 96.63 MB used, 96.63 MB peak
[2020.01.31-20.11.19:038][  0]LogMemory: Process Virtual Memory: 90.68 MB used, 90.68 MB peak
[2020.01.31-20.11.19:038][  0]LogMemory: Physical Memory: 10601.47 MB used,  21886.26 MB free, 32487.73 MB total
[2020.01.31-20.11.19:038][  0]LogMemory: Virtual Memory: 4644.23 MB used,  134213080.00 MB free, 134217728.00 MB total
[2020.01.31-20.11.19:200][  0]LogInit: Using OS detected language (en-US).
[2020.01.31-20.11.19:200][  0]LogInit: Using OS detected locale (en-GB).
[2020.01.31-20.11.19:201][  0]LogTextLocalizationManager: No specific localization for 'en-US' exists, so the 'en' localization will be used.
[2020.01.31-20.11.19:368][  0]LogInit: Setting process to per monitor DPI aware
[2020.01.31-20.11.19:424][  0]LogSlate: New Slate User Created.  User Index 0, Is Virtual User: 0
[2020.01.31-20.11.19:424][  0]LogSlate: Slate User Registered.  User Index 0, Is Virtual User: 0
[2020.01.31-20.11.19:626][  0]LogHMD: Failed to initialize OpenVR with code 110
[2020.01.31-20.11.19:626][  0]LogD3D11RHI: D3D11 adapters:
[2020.01.31-20.11.19:712][  0]LogD3D11RHI:    0. 'NVIDIA GeForce GTX 1070' (Feature Level 11_0)
[2020.01.31-20.11.19:712][  0]LogD3D11RHI:       8088/0/16243 MB DedicatedVideo/DedicatedSystem/SharedSystem, Outputs:2, VendorId:0x10de
[2020.01.31-20.11.19:718][  0]LogD3D11RHI:    1. 'Microsoft Basic Render Driver' (Feature Level 11_0)
[2020.01.31-20.11.19:718][  0]LogD3D11RHI:       0/0/16243 MB DedicatedVideo/DedicatedSystem/SharedSystem, Outputs:0, VendorId:0x1414
[2020.01.31-20.11.19:718][  0]LogD3D11RHI: Chosen D3D11 Adapter: 0
[2020.01.31-20.11.19:726][  0]LogD3D11RHI: Creating new Direct3DDevice
[2020.01.31-20.11.19:726][  0]LogD3D11RHI:     GPU DeviceId: 0x1b81 (for the marketing name, search the web for "GPU Device Id")
[2020.01.31-20.11.19:726][  0]LogWindows: EnumDisplayDevices:
[2020.01.31-20.11.19:726][  0]LogWindows:    0. 'NVIDIA GeForce GTX 1070' (P:1 D:1)
[2020.01.31-20.11.19:727][  0]LogWindows:    1. 'NVIDIA GeForce GTX 1070' (P:0 D:1)
[2020.01.31-20.11.19:727][  0]LogWindows:    2. 'NVIDIA GeForce GTX 1070' (P:0 D:0)
[2020.01.31-20.11.19:727][  0]LogWindows:    3. 'NVIDIA GeForce GTX 1070' (P:0 D:0)
[2020.01.31-20.11.19:728][  0]LogWindows: DebugString: FoundDriverCount:4 
[2020.01.31-20.11.19:728][  0]LogD3D11RHI:     Adapter Name: NVIDIA GeForce GTX 1070
[2020.01.31-20.11.19:728][  0]LogD3D11RHI:   Driver Version: 441.66 (internal:26.21.14.4166, unified:441.66)
[2020.01.31-20.11.19:728][  0]LogD3D11RHI:      Driver Date: 12-6-2019
[2020.01.31-20.11.19:728][  0]LogRHI: Texture pool is 5661 MB (70% of 8088 MB)
[2020.01.31-20.11.19:774][  0]LogD3D11RHI: Async texture creation enabled
[2020.01.31-20.11.19:777][  0]LogRendererCore: FGlobalReadBuffer::InitRHI
[2020.01.31-20.11.19:778][  0]LogRendererCore: FGlobalReadBuffer::InitRHI
[2020.01.31-20.11.19:778][  0]LogRendererCore: FGlobalReadBuffer::InitRHI
[2020.01.31-20.11.19:787][  0]LogD3D11RHI: GPU Timing Frequency: 1000.000000 (Debug: 2 1)
[2020.01.31-20.11.20:124][  0]LogTemp: Display: Module 'AllDesktopTargetPlatform' loaded TargetPlatform 'AllDesktop'
[2020.01.31-20.11.20:140][  0]LogTemp: Display: Module 'MacClientTargetPlatform' loaded TargetPlatform 'MacClient'
[2020.01.31-20.11.20:156][  0]LogTemp: Display: Module 'MacNoEditorTargetPlatform' loaded TargetPlatform 'MacNoEditor'
[2020.01.31-20.11.20:171][  0]LogTemp: Display: Module 'MacServerTargetPlatform' loaded TargetPlatform 'MacServer'
[2020.01.31-20.11.20:202][  0]LogTemp: Display: Module 'MacTargetPlatform' loaded TargetPlatform 'Mac'
[2020.01.31-20.11.20:224][  0]LogTemp: Display: Module 'WindowsClientTargetPlatform' loaded TargetPlatform 'WindowsClient'
[2020.01.31-20.11.20:258][  0]LogTemp: Display: Module 'WindowsNoEditorTargetPlatform' loaded TargetPlatform 'WindowsNoEditor'
[2020.01.31-20.11.20:279][  0]LogTemp: Display: Module 'WindowsServerTargetPlatform' loaded TargetPlatform 'WindowsServer'
[2020.01.31-20.11.20:292][  0]LogTemp: Display: Module 'WindowsTargetPlatform' loaded TargetPlatform 'Windows'
[2020.01.31-20.11.20:410][  0]LogTemp: Display: Module 'AndroidTargetPlatform' loaded TargetPlatform 'Android'
[2020.01.31-20.11.20:410][  0]LogTemp: Display: Module 'AndroidTargetPlatform' loaded TargetPlatform 'Android_ASTC'
[2020.01.31-20.11.20:410][  0]LogTemp: Display: Module 'AndroidTargetPlatform' loaded TargetPlatform 'Android_ATC'
[2020.01.31-20.11.20:410][  0]LogTemp: Display: Module 'AndroidTargetPlatform' loaded TargetPlatform 'Android_DXT'
[2020.01.31-20.11.20:410][  0]LogTemp: Display: Module 'AndroidTargetPlatform' loaded TargetPlatform 'Android_ETC1'
[2020.01.31-20.11.20:410][  0]LogTemp: Display: Module 'AndroidTargetPlatform' loaded TargetPlatform 'Android_ETC1a'
[2020.01.31-20.11.20:410][  0]LogTemp: Display: Module 'AndroidTargetPlatform' loaded TargetPlatform 'Android_ETC2'
[2020.01.31-20.11.20:410][  0]LogTemp: Display: Module 'AndroidTargetPlatform' loaded TargetPlatform 'Android_PVRTC'
[2020.01.31-20.11.20:410][  0]LogTemp: Display: Module 'AndroidTargetPlatform' loaded TargetPlatform 'AndroidClient'
[2020.01.31-20.11.20:410][  0]LogTemp: Display: Module 'AndroidTargetPlatform' loaded TargetPlatform 'Android_ASTCClient'
[2020.01.31-20.11.20:410][  0]LogTemp: Display: Module 'AndroidTargetPlatform' loaded TargetPlatform 'Android_ATCClient'
[2020.01.31-20.11.20:410][  0]LogTemp: Display: Module 'AndroidTargetPlatform' loaded TargetPlatform 'Android_DXTClient'
[2020.01.31-20.11.20:410][  0]LogTemp: Display: Module 'AndroidTargetPlatform' loaded TargetPlatform 'Android_ETC1Client'
[2020.01.31-20.11.20:410][  0]LogTemp: Display: Module 'AndroidTargetPlatform' loaded TargetPlatform 'Android_ETC1aClient'
[2020.01.31-20.11.20:411][  0]LogTemp: Display: Module 'AndroidTargetPlatform' loaded TargetPlatform 'Android_ETC2Client'
[2020.01.31-20.11.20:411][  0]LogTemp: Display: Module 'AndroidTargetPlatform' loaded TargetPlatform 'Android_PVRTCClient'
[2020.01.31-20.11.20:411][  0]LogTemp: Display: Module 'AndroidTargetPlatform' loaded TargetPlatform 'Android_Multi'
[2020.01.31-20.11.20:411][  0]LogTemp: Display: Module 'AndroidTargetPlatform' loaded TargetPlatform 'Android_MultiClient'
[2020.01.31-20.11.20:414][  0]LogTemp: Display: Module 'HTML5TargetPlatform' loaded TargetPlatform 'HTML5'
[2020.01.31-20.11.20:498][  0]LogTemp: Display: Module 'IOSTargetPlatform' loaded TargetPlatform 'IOSClient'
[2020.01.31-20.11.20:498][  0]LogTemp: Display: Module 'IOSTargetPlatform' loaded TargetPlatform 'IOS'
[2020.01.31-20.11.20:526][  0]LogTemp: Display: Module 'TVOSTargetPlatform' loaded TargetPlatform 'TVOSClient'
[2020.01.31-20.11.20:527][  0]LogTemp: Display: Module 'TVOSTargetPlatform' loaded TargetPlatform 'TVOS'
[2020.01.31-20.11.20:541][  0]LogTemp: Display: Module 'LinuxClientTargetPlatform' loaded TargetPlatform 'LinuxClient'
[2020.01.31-20.11.20:554][  0]LogTemp: Display: Module 'LinuxNoEditorTargetPlatform' loaded TargetPlatform 'LinuxNoEditor'
[2020.01.31-20.11.20:568][  0]LogTemp: Display: Module 'LinuxServerTargetPlatform' loaded TargetPlatform 'LinuxServer'
[2020.01.31-20.11.20:583][  0]LogTemp: Display: Module 'LinuxTargetPlatform' loaded TargetPlatform 'Linux'
[2020.01.31-20.11.20:643][  0]LogTemp: Display: Module 'LuminTargetPlatform' loaded TargetPlatform 'Lumin'
[2020.01.31-20.11.20:643][  0]LogTemp: Display: Module 'LuminTargetPlatform' loaded TargetPlatform 'LuminClient'
[2020.01.31-20.11.20:644][  0]LogTargetPlatformManager: Display: Building Assets For Windows
[2020.01.31-20.11.20:674][  0]LogAudioDebug: Display: Lib vorbis DLL was dynamically loaded.
[2020.01.31-20.11.20:780][  0]LogShaderCompilers: Guid format shader working directory is -28 characters bigger than the processId version (../../../../../../Users/h017026h/Documents/GitKra/Global Game Jam 2020/GGJ20/Intermediate/Shaders/WorkingDirectory/20360/).
[2020.01.31-20.11.20:781][  0]LogShaderCompilers: Cleaned the shader compiler working directory 'C:/Users/h017026h/AppData/Local/Temp/UnrealShaderWorkingDir/5C32A97340536662ED95889BD1CB4420/'.
[2020.01.31-20.11.20:783][  0]LogXGEController: Cleaning working directory: C:/Users/h017026h/AppData/Local/Temp/UnrealXGEWorkingDir/
[2020.01.31-20.11.20:784][  0]LogXGEController: Cannot use XGE Controller as Incredibuild is not installed on this machine.
[2020.01.31-20.11.20:784][  0]LogShaderCompilers: Cannot use XGE Shader Compiler as Incredibuild is not installed on this machine.
[2020.01.31-20.11.20:784][  0]LogShaderCompilers: Display: Using Local Shader Compiler.
[2020.01.31-20.11.21:302][  0]LogDerivedDataCache: Display: Max Cache Size: 512 MB
[2020.01.31-20.11.21:365][  0]LogDerivedDataCache: Loaded boot cache 0.06s 71MB C:/Users/h017026h/AppData/Local/UnrealEngine/4.22/DerivedDataCache/Boot.ddc.
[2020.01.31-20.11.21:365][  0]LogDerivedDataCache: Display: Loaded Boot cache: C:/Users/h017026h/AppData/Local/UnrealEngine/4.22/DerivedDataCache/Boot.ddc
[2020.01.31-20.11.21:365][  0]LogDerivedDataCache: FDerivedDataBackendGraph:  Pak pak cache file ../../../../../../Users/h017026h/Documents/GitKra/Global Game Jam 2020/GGJ20/DerivedDataCache/DDC.ddp not found, will not use a pak cache.
[2020.01.31-20.11.21:365][  0]LogDerivedDataCache: Unable to find inner node Pak for hierarchical cache Hierarchy.
[2020.01.31-20.11.21:365][  0]LogDerivedDataCache: FDerivedDataBackendGraph:  CompressedPak pak cache file ../../../../../../Users/h017026h/Documents/GitKra/Global Game Jam 2020/GGJ20/DerivedDataCache/Compressed.ddp not found, will not use a pak cache.
[2020.01.31-20.11.21:365][  0]LogDerivedDataCache: Unable to find inner node CompressedPak for hierarchical cache Hierarchy.
[2020.01.31-20.11.21:388][  0]LogDerivedDataCache: Display: Pak cache opened for reading ../../../Engine/DerivedDataCache/Compressed.ddp.
[2020.01.31-20.11.21:389][  0]LogDerivedDataCache: FDerivedDataBackendGraph:  EnterprisePak pak cache file ../../../Enterprise/DerivedDataCache/Compressed.ddp not found, will not use a pak cache.
[2020.01.31-20.11.21:389][  0]LogDerivedDataCache: Unable to find inner node EnterprisePak for hierarchical cache Hierarchy.
[2020.01.31-20.11.21:402][  0]LogDerivedDataCache: Using Local data cache path C:/Users/h017026h/AppData/Local/UnrealEngine/Common/DerivedDataCache: Writable
[2020.01.31-20.11.21:403][  0]LogDerivedDataCache: Shared data cache path not found in *engine.ini, will not use an Shared cache.
[2020.01.31-20.11.21:403][  0]LogDerivedDataCache: Unable to find inner node Shared for hierarchical cache Hierarchy.
[2020.01.31-20.11.21:438][  0]LogMaterial: Verifying Global Shaders for PCD3D_SM5
[2020.01.31-20.11.21:439][  0]LogSlate: Using FreeType 2.6.0
[2020.01.31-20.11.21:440][  0]LogSlate: SlateFontServices - WITH_FREETYPE: 1, WITH_HARFBUZZ: 1
[2020.01.31-20.11.21:539][  0]LogAssetRegistry: FAssetRegistry took 0.0483 seconds to start up
[2020.01.31-20.11.21:872][  0]LogInit: Selected Device Profile: [Windows]
[2020.01.31-20.11.22:026][  0]LogMeshReduction: Using QuadricMeshReduction for automatic static mesh reduction
[2020.01.31-20.11.22:026][  0]LogMeshReduction: Using SimplygonMeshReduction for automatic skeletal mesh reduction
[2020.01.31-20.11.22:026][  0]LogMeshReduction: Using ProxyLODMeshReduction for automatic mesh merging
[2020.01.31-20.11.22:026][  0]LogMeshReduction: No distributed automatic mesh merging module available
[2020.01.31-20.11.22:026][  0]LogMeshMerging: No distributed automatic mesh merging module available
[2020.01.31-20.11.22:036][  0]LogNetVersion: GGJ20 1.0.0, NetCL: 5660361, EngineNetVer: 10, GameNetVer: 0 (Checksum: 2452190960)
[2020.01.31-20.11.22:440][  0]LogPackageLocalizationCache: Processed 10 localized package path(s) for 1 prioritized culture(s) in 0.056442 seconds
[2020.01.31-20.11.22:448][  0]LogUObjectArray: 42205 objects as part of root set at end of initial load.
[2020.01.31-20.11.22:448][  0]LogUObjectAllocator: 7325032 out of 0 bytes used by permanent object pool.
[2020.01.31-20.11.22:448][  0]LogUObjectArray: CloseDisregardForGC: 0/0 objects in disregard for GC pool
[2020.01.31-20.11.23:440][  0]LogTcpMessaging: Initializing TcpMessaging bridge
[2020.01.31-20.11.23:461][  0]LogUdpMessaging: Initializing bridge on interface 0.0.0.0:0 to multicast group 230.0.0.1:6666.
[2020.01.31-20.11.23:678][  0]SourceControl: Source control is disabled
[2020.01.31-20.11.23:678][  0]SourceControl: Source control is disabled
[2020.01.31-20.11.23:681][  0]SourceControl: Source control is disabled
[2020.01.31-20.11.23:684][  0]SourceControl: Source control is disabled
[2020.01.31-20.11.23:857][  0]LogAndroidPermission: UAndroidPermissionCallbackProxy::GetInstance
[2020.01.31-20.11.23:968][  0]LogOcInput: OculusInput pre-init called
[2020.01.31-20.11.24:667][  0]LogEngine: Initializing Engine...
[2020.01.31-20.11.24:670][  0]LogHMD: Failed to initialize OpenVR with code 110
[2020.01.31-20.11.24:671][  0]LogStats: UGameplayTagsManager::InitializeManager -  0.000 s
[2020.01.31-20.11.24:908][  0]LogInit: Initializing FReadOnlyCVARCache
[2020.01.31-20.11.24:934][  0]LogAIModule: Creating AISystem for world Untitled
[2020.01.31-20.11.24:954][  0]LogInit: XAudio2 using 'Speakers (2- Realtek High Definition Audio)' : 2 channels at 48 kHz using 32 bits per sample (channel mask 0x3)
[2020.01.31-20.11.25:067][  0]LogInit: FAudioDevice initialized.
[2020.01.31-20.11.25:068][  0]LogNetVersion: Set ProjectVersion to 1.0.0.0. Version Checksum will be recalculated on next use.
[2020.01.31-20.11.25:115][  0]LogDerivedDataCache: Saved boot cache 0.05s 71MB C:/Users/h017026h/AppData/Local/UnrealEngine/4.22/DerivedDataCache/Boot.ddc.
[2020.01.31-20.11.25:133][  0]LogInit: Texture streaming: Enabled
[2020.01.31-20.11.25:184][  0]LogEngineSessionManager: EngineSessionManager initialized
[2020.01.31-20.11.25:184][  0]LogEngineSessionManager: EngineSessionManager sent abnormal shutdown report. Type=Debugger, SessionId={DE160FC9-46C7-F5D5-BDE5-C49EB391F59E}
[2020.01.31-20.11.25:184][  0]LogEngineSessionManager: EngineSessionManager sent abnormal shutdown report. Type=Debugger, SessionId={2361A3E9-4CDA-D91C-924A-9C8B3AFA2FE5}
[2020.01.31-20.11.25:208][  0]LogInit: Transaction tracking system initialized
[2020.01.31-20.11.25:261][  0]BlueprintLog: New page: Editor Load
[2020.01.31-20.11.25:401][  0]LocalizationService: Localization service is disabled
[2020.01.31-20.11.25:782][  0]LogFileCache: Scanning file cache for directory 'C:/Users/h017026h/Documents/GitKra/Global Game Jam 2020/GGJ20/Content/' took 0.01s
[2020.01.31-20.11.25:782][  0]LogCook: Display: Max memory allowance for cook 16384mb min free memory 0mb
[2020.01.31-20.11.25:782][  0]LogCook: Display: Mobile HDR setting 1
[2020.01.31-20.11.26:034][  0]SourceControl: Source control is disabled
[2020.01.31-20.11.26:034][  0]Cmd: MAP LOAD FILE="../../../Engine/Content/Maps/Templates/Template_Default.umap" TEMPLATE=1 SHOWPROGRESS=1 FEATURELEVEL=3
[2020.01.31-20.11.26:035][  0]LightingResults: New page: Lighting Build
[2020.01.31-20.11.26:043][  0]MapCheck: New page: Map Check
[2020.01.31-20.11.26:043][  0]LightingResults: New page: Lighting Build
[2020.01.31-20.11.26:077][  0]LogUObjectHash: Compacting FUObjectHashTables data took   1.50ms
[2020.01.31-20.11.26:158][  0]LogAIModule: Creating AISystem for world Untitled_1
[2020.01.31-20.11.26:170][  0]LogEditorServer: Finished looking for orphan Actors (0.000 secs)
[2020.01.31-20.11.26:211][  0]LogUObjectHash: Compacting FUObjectHashTables data took   1.80ms
[2020.01.31-20.11.26:211][  0]Cmd: MAP CHECKDEP NOCLEARLOG
[2020.01.31-20.11.26:212][  0]MapCheck: Map check complete: 0 Error(s), 0 Warning(s), took 0.335ms to complete.
[2020.01.31-20.11.26:212][  0]LogFileHelpers: Loading map 'Template_Default' took 0.178
[2020.01.31-20.11.26:318][  0]LogSlate: Updating window title bar state: overlay mode, drag disabled, window buttons hidden, title bar hidden
[2020.01.31-20.11.26:325][  0]LogSlate: Updating window title bar state: overlay mode, drag disabled, window buttons hidden, title bar hidden
[2020.01.31-20.11.26:332][  0]LogSlate: Updating window title bar state: overlay mode, drag disabled, window buttons hidden, title bar hidden
[2020.01.31-20.11.26:339][  0]LogSlate: Updating window title bar state: overlay mode, drag disabled, window buttons hidden, title bar hidden
[2020.01.31-20.11.26:347][  0]LogCollectionManager: Loaded 0 collections in 0.001784 seconds
[2020.01.31-20.11.26:392][  0]LogFileCache: Scanning file cache for directory 'C:/Users/h017026h/Documents/GitKra/Global Game Jam 2020/GGJ20/Saved/Collections/' took 0.01s
[2020.01.31-20.11.26:392][  0]LogFileCache: Scanning file cache for directory 'C:/Users/h017026h/Documents/GitKra/Global Game Jam 2020/GGJ20/Content/Developers/h017026h/Collections/' took 0.01s
[2020.01.31-20.11.26:392][  0]LogFileCache: Scanning file cache for directory 'C:/Users/h017026h/Documents/GitKra/Global Game Jam 2020/GGJ20/Content/Collections/' took 0.01s
[2020.01.31-20.11.26:392][  0]LogCollectionManager: Rebuilt the GUID cache for 0 collections in 0.000000 seconds
[2020.01.31-20.11.26:401][  0]LogContentBrowser: Native class hierarchy populated in 0.0084 seconds. Added 2734 classes and 662 folders.
[2020.01.31-20.11.26:407][  0]LogContentBrowser: Native class hierarchy updated for 'WidgetCarousel' in 0.0003 seconds. Added 0 classes and 0 folders.
[2020.01.31-20.11.26:409][  0]LogPakFile: Registered encryption key '00000000000000000000000000000000': 0 pak files mounted, 0 remain pending
[2020.01.31-20.11.26:409][  0]LogPakFile: Registered encryption key '00000000000000000000000000000000': 0 pak files mounted, 0 remain pending
[2020.01.31-20.11.26:410][  0]LogPakFile: Registered encryption key '00000000000000000000000000000000': 0 pak files mounted, 0 remain pending
[2020.01.31-20.11.26:411][  0]LogPakFile: Registered encryption key '00000000000000000000000000000000': 0 pak files mounted, 0 remain pending
[2020.01.31-20.11.26:411][  0]LogPakFile: Registered encryption key '00000000000000000000000000000000': 0 pak files mounted, 0 remain pending
[2020.01.31-20.11.26:412][  0]LogPakFile: Registered encryption key '00000000000000000000000000000000': 0 pak files mounted, 0 remain pending
[2020.01.31-20.11.26:412][  0]LogPakFile: Registered encryption key '00000000000000000000000000000000': 0 pak files mounted, 0 remain pending
[2020.01.31-20.11.26:413][  0]LogPakFile: Registered encryption key '00000000000000000000000000000000': 0 pak files mounted, 0 remain pending
[2020.01.31-20.11.26:413][  0]LogPakFile: Registered encryption key '00000000000000000000000000000000': 0 pak files mounted, 0 remain pending
[2020.01.31-20.11.26:415][  0]LogPakFile: Registered encryption key '00000000000000000000000000000000': 0 pak files mounted, 0 remain pending
[2020.01.31-20.11.26:416][  0]LogPakFile: Registered encryption key '00000000000000000000000000000000': 0 pak files mounted, 0 remain pending
[2020.01.31-20.11.26:417][  0]LogPakFile: Registered encryption key '00000000000000000000000000000000': 0 pak files mounted, 0 remain pending
[2020.01.31-20.11.26:419][  0]LogPakFile: Registered encryption key '00000000000000000000000000000000': 0 pak files mounted, 0 remain pending
[2020.01.31-20.11.26:420][  0]LogPakFile: Registered encryption key '00000000000000000000000000000000': 0 pak files mounted, 0 remain pending
[2020.01.31-20.11.26:422][  0]LogPakFile: Registered encryption key '00000000000000000000000000000000': 0 pak files mounted, 0 remain pending
[2020.01.31-20.11.26:423][  0]LogPakFile: Registered encryption key '00000000000000000000000000000000': 0 pak files mounted, 0 remain pending
[2020.01.31-20.11.26:425][  0]LogPakFile: Registered encryption key '00000000000000000000000000000000': 0 pak files mounted, 0 remain pending
[2020.01.31-20.11.26:426][  0]LogPakFile: Registered encryption key '00000000000000000000000000000000': 0 pak files mounted, 0 remain pending
[2020.01.31-20.11.26:426][  0]LogPakFile: Registered encryption key '00000000000000000000000000000000': 0 pak files mounted, 0 remain pending
[2020.01.31-20.11.26:428][  0]LogPakFile: Registered encryption key '00000000000000000000000000000000': 0 pak files mounted, 0 remain pending
[2020.01.31-20.11.26:429][  0]LogPakFile: Registered encryption key '00000000000000000000000000000000': 0 pak files mounted, 0 remain pending
[2020.01.31-20.11.26:430][  0]LogPakFile: Registered encryption key '00000000000000000000000000000000': 0 pak files mounted, 0 remain pending
[2020.01.31-20.11.26:431][  0]LogPakFile: Registered encryption key '00000000000000000000000000000000': 0 pak files mounted, 0 remain pending
[2020.01.31-20.11.26:432][  0]LogPakFile: Registered encryption key '00000000000000000000000000000000': 0 pak files mounted, 0 remain pending
[2020.01.31-20.11.26:434][  0]LogPakFile: Registered encryption key '00000000000000000000000000000000': 0 pak files mounted, 0 remain pending
[2020.01.31-20.11.26:435][  0]LogPakFile: Registered encryption key '00000000000000000000000000000000': 0 pak files mounted, 0 remain pending
[2020.01.31-20.11.26:459][  0]LogContentBrowser: Native class hierarchy updated for 'AddContentDialog' in 0.0003 seconds. Added 0 classes and 0 folders.
[2020.01.31-20.11.26:469][  0]LogContentBrowser: Native class hierarchy updated for 'SceneOutliner' in 0.0004 seconds. Added 1 classes and 2 folders.
[2020.01.31-20.11.26:488][  0]LogSlate: Took 0.000195 seconds to synchronously load lazily loaded font '../../../Engine/Content/Slate/Fonts/Roboto-Regular.ttf' (155K)
[2020.01.31-20.11.26:491][  0]LogSlate: Took 0.000223 seconds to synchronously load lazily loaded font '../../../Engine/Content/Slate/Fonts/Roboto-Bold.ttf' (160K)
[2020.01.31-20.11.26:496][  0]LogSlate: Took 0.000142 seconds to synchronously load lazily loaded font '../../../Engine/Content/Editor/Slate/Fonts/FontAwesome.ttf' (139K)
[2020.01.31-20.11.26:554][  0]LogRenderer: Reallocating scene render targets to support 1208x572 Format 10 NumSamples 1 (Frame:1).
[2020.01.31-20.11.26:606][  0]LogSlate: Took 0.000165 seconds to synchronously load lazily loaded font '../../../Engine/Content/Slate/Fonts/Roboto-Light.ttf' (167K)
[2020.01.31-20.11.26:685][  0]LogContentBrowser: Native class hierarchy updated for 'HierarchicalLODOutliner' in 0.0010 seconds. Added 0 classes and 0 folders.
[2020.01.31-20.11.26:685][  0]LogLoad: (Engine Initialization) Total time: 9.70 seconds
[2020.01.31-20.11.26:685][  0]LogLoad: (Engine Initialization) Total Blueprint compile time: 0.00 seconds
[2020.01.31-20.11.26:724][  0]LogAssetRegistry: Asset discovery search completed in 5.2096 seconds
[2020.01.31-20.11.26:726][  0]LogCollectionManager: Rebuilt the object cache for 0 collections in 0.000001 seconds (found 0 objects)
[2020.01.31-20.11.26:726][  0]LogCollectionManager: Fixed up redirectors for 0 collections in 0.000137 seconds (updated 0 objects)
[2020.01.31-20.11.26:728][  0]LogContentStreaming: Texture pool size now 1000 MB
[2020.01.31-20.11.30:353][426]LogSlate: FSceneViewport::OnFocusLost() reason 0
[2020.01.31-20.11.36:687][183]LogSlate: Took 0.000158 seconds to synchronously load lazily loaded font '../../../Engine/Content/Slate/Fonts/Roboto-Light.ttf' (167K)
[2020.01.31-20.11.36:697][183]LogAssetEditorManager: Opening Asset editor for Blueprint /Game/BP_BasePlayer.BP_BasePlayer
[2020.01.31-20.11.36:936][183]LogContentBrowser: Native class hierarchy updated for 'BlueprintGraph' in 0.0009 seconds. Added 121 classes and 0 folders.
[2020.01.31-20.11.41:894][559]LogSlate: Window 'BP_BasePlayer' being destroyed
[2020.01.31-20.11.43:846][780]LogAssetEditorManager: Opening Asset editor for Blueprint /Game/BP_BasePlayer.BP_BasePlayer
[2020.01.31-20.11.44:161][780]LogSlate: Took 0.000195 seconds to synchronously load lazily loaded font '../../../Engine/Content/Slate/Fonts/Roboto-BoldCondensed.ttf' (158K)
[2020.01.31-20.11.44:385][797]LogSlate: Took 0.000230 seconds to synchronously load lazily loaded font '../../../Engine/Content/Slate/Fonts/Roboto-Italic.ttf' (157K)
[2020.01.31-20.11.45:961][965]LogSlate: Window 'BP_BasePlayer' being destroyed
[2020.01.31-20.11.47:405][126]LogRenderer: Reallocating scene render targets to support 1208x900 Format 10 NumSamples 1 (Frame:1).
[2020.01.31-20.12.20:173][995]LogSlate: FSceneViewport::OnFocusLost() reason 0
[2020.01.31-20.12.20:275][  7]LogTemp: Repeating last play command: Selected Viewport
[2020.01.31-20.12.20:294][  7]LogBlueprintUserMessages: Early PlayInEditor Detection: Level '/Temp/Untitled_1.Untitled_1:PersistentLevel' has LevelScriptBlueprint '/Temp/Untitled_1.Untitled_1:PersistentLevel.Untitled' with GeneratedClass '/Temp/Untitled_1.Untitled_C' with ClassGeneratedBy '/Temp/Untitled_1.Untitled_1:PersistentLevel.Untitled'
[2020.01.31-20.12.20:295][  7]LogPlayLevel: PlayLevel: No blueprints needed recompiling
[2020.01.31-20.12.20:295][  7]PIE: New page: PIE session: Untitled_1 (31 Jan 2020 20:12:20)
[2020.01.31-20.12.20:310][  7]LogPlayLevel: Creating play world package: /Temp/UEDPIE_0_Untitled_1
[2020.01.31-20.12.20:312][  7]LogPlayLevel: PIE: StaticDuplicateObject took: (0.002397s)
[2020.01.31-20.12.20:313][  7]LogAIModule: Creating AISystem for world Untitled_1
[2020.01.31-20.12.20:313][  7]LogPlayLevel: PIE: World Init took: (0.000717s)
[2020.01.31-20.12.20:313][  7]LogPlayLevel: PIE: Created PIE world by copying editor world from /Temp/Untitled_1.Untitled_1 to /Temp/UEDPIE_0_Untitled_1.Untitled_1 (0.003756s)
[2020.01.31-20.12.20:352][  7]LogUObjectHash: Compacting FUObjectHashTables data took   3.00ms
[2020.01.31-20.12.20:360][  7]LogInit: XAudio2 using 'Speakers (2- Realtek High Definition Audio)' : 2 channels at 48 kHz using 32 bits per sample (channel mask 0x3)
[2020.01.31-20.12.20:378][  7]LogInit: FAudioDevice initialized.
[2020.01.31-20.12.20:427][  7]LogLoad: Game class is 'GameModeBase'
[2020.01.31-20.12.20:429][  7]LogWorld: Bringing World /Temp/UEDPIE_0_Untitled_1.Untitled_1 up for play (max tick rate 0) at 2020.01.31-20.12.20
[2020.01.31-20.12.20:430][  7]LogWorld: Bringing up level for play took: 0.001849
[2020.01.31-20.12.20:449][  7]LogBlueprintActionDatabase: Requesting refresh due to module change: Voice (loaded)
[2020.01.31-20.12.20:454][  7]LogBlueprintActionDatabase: Requesting refresh due to module change: MovieSceneCapture (loaded)
[2020.01.31-20.12.20:455][  7]LogContentBrowser: Native class hierarchy updated for 'MovieSceneCapture' in 0.0008 seconds. Added 20 classes and 0 folders.
[2020.01.31-20.12.20:456][  7]PIE: Play in editor start time for /Temp/UEDPIE_0_Untitled_1 -0.24
[2020.01.31-20.12.20:456][  7]LogBlueprintUserMessages: Late PlayInEditor Detection: Level '/Temp/Untitled_1.Untitled_1:PersistentLevel' has LevelScriptBlueprint '/Temp/Untitled_1.Untitled_1:PersistentLevel.Untitled' with GeneratedClass '/Temp/Untitled_1.Untitled_C' with ClassGeneratedBy '/Temp/Untitled_1.Untitled_1:PersistentLevel.Untitled'
[2020.01.31-20.12.26:003][630]LogBlueprintUserMessages: Early EndPlayMap Detection: Level '/Temp/Untitled_1.Untitled_1:PersistentLevel' has LevelScriptBlueprint '/Temp/Untitled_1.Untitled_1:PersistentLevel.Untitled' with GeneratedClass '/Temp/Untitled_1.Untitled_C' with ClassGeneratedBy '/Temp/Untitled_1.Untitled_1:PersistentLevel.Untitled'
[2020.01.31-20.12.26:004][630]LogSlate: Updating window title bar state: overlay mode, drag disabled, window buttons hidden, title bar hidden
[2020.01.31-20.12.26:045][630]LogPlayLevel: Display: Shutting down PIE online subsystems
[2020.01.31-20.12.26:046][630]LogBlueprintUserMessages: Late EndPlayMap Detection: Level '/Temp/Untitled_1.Untitled_1:PersistentLevel' has LevelScriptBlueprint '/Temp/Untitled_1.Untitled_1:PersistentLevel.Untitled' with GeneratedClass '/Temp/Untitled_1.Untitled_C' with ClassGeneratedBy '/Temp/Untitled_1.Untitled_1:PersistentLevel.Untitled'
[2020.01.31-20.12.26:112][630]LogSlate: Updating window title bar state: overlay mode, drag disabled, window buttons hidden, title bar hidden
[2020.01.31-20.12.26:146][630]LogUObjectHash: Compacting FUObjectHashTables data took   5.11ms
[2020.01.31-20.12.26:165][631]LogPlayLevel: Display: Destroying online subsystem :Context_3
[2020.01.31-20.12.27:934][837]LogEditorViewport: Clicking on Actor (LMB): BP_Sky_Sphere_C (Sky Sphere)
[2020.01.31-20.12.37:372][932]LogSlate: FSceneViewport::OnFocusLost() reason 0
[2020.01.31-20.12.44:733][794]LogUObjectHash: Compacting FUObjectHashTables data took   2.15ms
[2020.01.31-20.12.46:681][794]LogSlate: Window 'Save Level As' being destroyed
[2020.01.31-20.14.04:439][432]LogTemp: Repeating last play command: Selected Viewport
[2020.01.31-20.14.04:450][432]LogBlueprintUserMessages: Early PlayInEditor Detection: Level '/Temp/Untitled_1.Untitled_1:PersistentLevel' has LevelScriptBlueprint '/Temp/Untitled_1.Untitled_1:PersistentLevel.Untitled' with GeneratedClass '/Temp/Untitled_1.Untitled_C' with ClassGeneratedBy '/Temp/Untitled_1.Untitled_1:PersistentLevel.Untitled'
[2020.01.31-20.14.04:450][432]LogPlayLevel: PlayLevel: No blueprints needed recompiling
[2020.01.31-20.14.04:451][432]PIE: New page: PIE session: Untitled_1 (31 Jan 2020 20:14:04)
[2020.01.31-20.14.04:451][432]LogPlayLevel: Creating play world package: /Temp/UEDPIE_0_Untitled_1
[2020.01.31-20.14.04:454][432]LogPlayLevel: PIE: StaticDuplicateObject took: (0.002568s)
[2020.01.31-20.14.04:454][432]LogAIModule: Creating AISystem for world Untitled_1
[2020.01.31-20.14.04:455][432]LogPlayLevel: PIE: World Init took: (0.000733s)
[2020.01.31-20.14.04:455][432]LogPlayLevel: PIE: Created PIE world by copying editor world from /Temp/Untitled_1.Untitled_1 to /Temp/UEDPIE_0_Untitled_1.Untitled_1 (0.003923s)
[2020.01.31-20.14.04:486][432]LogUObjectHash: Compacting FUObjectHashTables data took   2.03ms
[2020.01.31-20.14.04:493][432]LogInit: XAudio2 using 'Speakers (2- Realtek High Definition Audio)' : 2 channels at 48 kHz using 32 bits per sample (channel mask 0x3)
[2020.01.31-20.14.04:511][432]LogInit: FAudioDevice initialized.
[2020.01.31-20.14.04:546][432]LogLoad: Game class is 'GameModeBase'
[2020.01.31-20.14.04:547][432]LogWorld: Bringing World /Temp/UEDPIE_0_Untitled_1.Untitled_1 up for play (max tick rate 0) at 2020.01.31-20.14.04
[2020.01.31-20.14.04:548][432]LogWorld: Bringing up level for play took: 0.001070
[2020.01.31-20.14.04:563][432]PIE: Play in editor start time for /Temp/UEDPIE_0_Untitled_1 -0.133
[2020.01.31-20.14.04:563][432]LogBlueprintUserMessages: Late PlayInEditor Detection: Level '/Temp/Untitled_1.Untitled_1:PersistentLevel' has LevelScriptBlueprint '/Temp/Untitled_1.Untitled_1:PersistentLevel.Untitled' with GeneratedClass '/Temp/Untitled_1.Untitled_C' with ClassGeneratedBy '/Temp/Untitled_1.Untitled_1:PersistentLevel.Untitled'
[2020.01.31-20.14.08:730][929]LogBlueprintUserMessages: Early EndPlayMap Detection: Level '/Temp/Untitled_1.Untitled_1:PersistentLevel' has LevelScriptBlueprint '/Temp/Untitled_1.Untitled_1:PersistentLevel.Untitled' with GeneratedClass '/Temp/Untitled_1.Untitled_C' with ClassGeneratedBy '/Temp/Untitled_1.Untitled_1:PersistentLevel.Untitled'
[2020.01.31-20.14.08:730][929]LogSlate: Updating window title bar state: overlay mode, drag disabled, window buttons hidden, title bar hidden
[2020.01.31-20.14.08:776][929]LogPlayLevel: Display: Shutting down PIE online subsystems
[2020.01.31-20.14.08:776][929]LogBlueprintUserMessages: Late EndPlayMap Detection: Level '/Temp/Untitled_1.Untitled_1:PersistentLevel' has LevelScriptBlueprint '/Temp/Untitled_1.Untitled_1:PersistentLevel.Untitled' with GeneratedClass '/Temp/Untitled_1.Untitled_C' with ClassGeneratedBy '/Temp/Untitled_1.Untitled_1:PersistentLevel.Untitled'
[2020.01.31-20.14.08:842][929]LogSlate: Updating window title bar state: overlay mode, drag disabled, window buttons hidden, title bar hidden
[2020.01.31-20.14.08:847][929]LogUObjectHash: Compacting FUObjectHashTables data took   2.03ms
[2020.01.31-20.14.08:865][930]LogPlayLevel: Display: Destroying online subsystem :Context_4
[2020.01.31-20.14.12:377][347]LogSlate: FSceneViewport::OnFocusLost() reason 2
[2020.01.31-20.14.12:607][373]LogSlate: FSceneViewport::OnFocusLost() reason 2
[2020.01.31-20.14.13:120][433]LogSlate: FSceneViewport::OnFocusLost() reason 2
[2020.01.31-20.14.15:250][686]LogSlate: FSceneViewport::OnFocusLost() reason 2
[2020.01.31-20.14.15:278][686]LogBlueprintActionDatabase: Requesting refresh due to module change: ExternalImagePicker (loaded)
[2020.01.31-20.14.16:182][686]LogSlate: Only BGRA pngs, bmps or icos are supported in by External Image Picker
[2020.01.31-20.14.33:702][648]LogSlate: Window 'Project Settings' being destroyed
[2020.01.31-20.14.33:705][648]LogSlate: Window 'Project Settings' being destroyed
[2020.01.31-20.14.37:075][ 50]LogSlate: FSceneViewport::OnFocusLost() reason 0
[2020.01.31-20.14.49:580][130]LogSlate: Window 'Pick Parent Class' being destroyed
[2020.01.31-20.14.57:365][ 54]LogAssetEditorManager: Opening Asset editor for Blueprint /Game/TestLevel.TestLevel
[2020.01.31-20.15.04:963][912]Cmd: OBJ SAVEPACKAGE PACKAGE="/Game/TestLevel" FILE="../../../../../../Users/h017026h/Documents/GitKra/Global Game Jam 2020/GGJ20/Content/TestLevel.uasset" SILENT=true
[2020.01.31-20.15.04:977][912]LogSavePackage: Moving '../../../../../../Users/h017026h/Documents/GitKra/Global Game Jam 2020/GGJ20/Saved/TestLevelE1745CA4409CEFDF7A79648A5773A397.tmp' to '../../../../../../Users/h017026h/Documents/GitKra/Global Game Jam 2020/GGJ20/Content/TestLevel.uasset'
[2020.01.31-20.15.12:458][677]LogSlate: Only BGRA pngs, bmps or icos are supported in by External Image Picker
[2020.01.31-20.15.15:340][998]LogSlate: Prevented a slow task dialog from being summoned while a context menu was open
[2020.01.31-20.15.35:278][276]LogSlate: Window 'Project Settings' being destroyed
[2020.01.31-20.15.35:281][276]LogSlate: Window 'Project Settings' being destroyed
[2020.01.31-20.15.36:799][456]LogTemp: Repeating last play command: Selected Viewport
[2020.01.31-20.15.36:811][456]LogBlueprintUserMessages: Early PlayInEditor Detection: Level '/Temp/Untitled_1.Untitled_1:PersistentLevel' has LevelScriptBlueprint '/Temp/Untitled_1.Untitled_1:PersistentLevel.Untitled' with GeneratedClass '/Temp/Untitled_1.Untitled_C' with ClassGeneratedBy '/Temp/Untitled_1.Untitled_1:PersistentLevel.Untitled'
[2020.01.31-20.15.36:811][456]LogPlayLevel: PlayLevel: No blueprints needed recompiling
[2020.01.31-20.15.36:811][456]PIE: New page: PIE session: Untitled_1 (31 Jan 2020 20:15:36)
[2020.01.31-20.15.36:811][456]LogPlayLevel: Creating play world package: /Temp/UEDPIE_0_Untitled_1
[2020.01.31-20.15.36:814][456]LogPlayLevel: PIE: StaticDuplicateObject took: (0.002566s)
[2020.01.31-20.15.36:815][456]LogAIModule: Creating AISystem for world Untitled_1
[2020.01.31-20.15.36:815][456]LogPlayLevel: PIE: World Init took: (0.000788s)
[2020.01.31-20.15.36:815][456]LogPlayLevel: PIE: Created PIE world by copying editor world from /Temp/Untitled_1.Untitled_1 to /Temp/UEDPIE_0_Untitled_1.Untitled_1 (0.003741s)
[2020.01.31-20.15.36:899][456]LogUObjectHash: Compacting FUObjectHashTables data took   5.99ms
[2020.01.31-20.15.36:906][456]LogInit: XAudio2 using 'Speakers (2- Realtek High Definition Audio)' : 2 channels at 48 kHz using 32 bits per sample (channel mask 0x3)
[2020.01.31-20.15.36:926][456]LogInit: FAudioDevice initialized.
[2020.01.31-20.15.36:959][456]LogLoad: Game class is 'TestLevel_C'
[2020.01.31-20.15.36:961][456]LogWorld: Bringing World /Temp/UEDPIE_0_Untitled_1.Untitled_1 up for play (max tick rate 0) at 2020.01.31-20.15.36
[2020.01.31-20.15.36:962][456]LogWorld: Bringing up level for play took: 0.001841
[2020.01.31-20.15.36:978][456]PIE: Play in editor start time for /Temp/UEDPIE_0_Untitled_1 0.283
[2020.01.31-20.15.36:979][456]LogBlueprintUserMessages: Late PlayInEditor Detection: Level '/Temp/Untitled_1.Untitled_1:PersistentLevel' has LevelScriptBlueprint '/Temp/Untitled_1.Untitled_1:PersistentLevel.Untitled' with GeneratedClass '/Temp/Untitled_1.Untitled_C' with ClassGeneratedBy '/Temp/Untitled_1.Untitled_1:PersistentLevel.Untitled'
[2020.01.31-20.15.41:978][ 50]LogBlueprintUserMessages: Early EndPlayMap Detection: Level '/Temp/Untitled_1.Untitled_1:PersistentLevel' has LevelScriptBlueprint '/Temp/Untitled_1.Untitled_1:PersistentLevel.Untitled' with GeneratedClass '/Temp/Untitled_1.Untitled_C' with ClassGeneratedBy '/Temp/Untitled_1.Untitled_1:PersistentLevel.Untitled'
[2020.01.31-20.15.41:978][ 50]LogSlate: Updating window title bar state: overlay mode, drag disabled, window buttons hidden, title bar hidden
[2020.01.31-20.15.42:016][ 50]LogPlayLevel: Display: Shutting down PIE online subsystems
[2020.01.31-20.15.42:016][ 50]LogBlueprintUserMessages: Late EndPlayMap Detection: Level '/Temp/Untitled_1.Untitled_1:PersistentLevel' has LevelScriptBlueprint '/Temp/Untitled_1.Untitled_1:PersistentLevel.Untitled' with GeneratedClass '/Temp/Untitled_1.Untitled_C' with ClassGeneratedBy '/Temp/Untitled_1.Untitled_1:PersistentLevel.Untitled'
[2020.01.31-20.15.42:084][ 50]LogSlate: Updating window title bar state: overlay mode, drag disabled, window buttons hidden, title bar hidden
[2020.01.31-20.15.42:115][ 50]LogUObjectHash: Compacting FUObjectHashTables data took   4.61ms
[2020.01.31-20.15.42:136][ 51]LogPlayLevel: Display: Destroying online subsystem :Context_7
[2020.01.31-20.16.04:183][470]LogSlate: FSceneViewport::OnFocusLost() reason 0
[2020.01.31-20.16.04:408][470]LogTemp: Repeating last play command: Selected Viewport
[2020.01.31-20.16.04:421][470]LogBlueprintUserMessages: Early PlayInEditor Detection: Level '/Temp/Untitled_1.Untitled_1:PersistentLevel' has LevelScriptBlueprint '/Temp/Untitled_1.Untitled_1:PersistentLevel.Untitled' with GeneratedClass '/Temp/Untitled_1.Untitled_C' with ClassGeneratedBy '/Temp/Untitled_1.Untitled_1:PersistentLevel.Untitled'
[2020.01.31-20.16.04:422][470]LogPlayLevel: PlayLevel: No blueprints needed recompiling
[2020.01.31-20.16.04:422][470]PIE: New page: PIE session: Untitled_1 (31 Jan 2020 20:16:04)
[2020.01.31-20.16.04:422][470]LogPlayLevel: Creating play world package: /Temp/UEDPIE_0_Untitled_1
[2020.01.31-20.16.04:426][470]LogPlayLevel: PIE: StaticDuplicateObject took: (0.003897s)
[2020.01.31-20.16.04:427][470]LogAIModule: Creating AISystem for world Untitled_1
[2020.01.31-20.16.04:427][470]LogPlayLevel: PIE: World Init took: (0.000866s)
[2020.01.31-20.16.04:427][470]LogPlayLevel: PIE: Created PIE world by copying editor world from /Temp/Untitled_1.Untitled_1 to /Temp/UEDPIE_0_Untitled_1.Untitled_1 (0.005270s)
[2020.01.31-20.16.04:469][470]LogUObjectHash: Compacting FUObjectHashTables data took   2.36ms
[2020.01.31-20.16.04:475][470]LogInit: XAudio2 using 'Speakers (2- Realtek High Definition Audio)' : 2 channels at 48 kHz using 32 bits per sample (channel mask 0x3)
[2020.01.31-20.16.04:491][470]LogInit: FAudioDevice initialized.
[2020.01.31-20.16.04:525][470]LogLoad: Game class is 'TestLevel_C'
[2020.01.31-20.16.04:527][470]LogWorld: Bringing World /Temp/UEDPIE_0_Untitled_1.Untitled_1 up for play (max tick rate 0) at 2020.01.31-20.16.04
[2020.01.31-20.16.04:528][470]LogWorld: Bringing up level for play took: 0.001778
[2020.01.31-20.16.04:546][470]PIE: Play in editor start time for /Temp/UEDPIE_0_Untitled_1 -0.15
[2020.01.31-20.16.04:546][470]LogBlueprintUserMessages: Late PlayInEditor Detection: Level '/Temp/Untitled_1.Untitled_1:PersistentLevel' has LevelScriptBlueprint '/Temp/Untitled_1.Untitled_1:PersistentLevel.Untitled' with GeneratedClass '/Temp/Untitled_1.Untitled_C' with ClassGeneratedBy '/Temp/Untitled_1.Untitled_1:PersistentLevel.Untitled'
