Log file open, 02/01/20 05:23:36
LogWindows: Failed to load 'aqProf.dll' (GetLastError=126)
LogWindows: File 'aqProf.dll' does not exist
LogWindows: Failed to load 'VtuneApi.dll' (GetLastError=126)
LogWindows: File 'VtuneApi.dll' does not exist
LogWindows: Failed to load 'VtuneApi32e.dll' (GetLastError=126)
LogWindows: File 'VtuneApi32e.dll' does not exist
LogConsoleResponse: Display: Failed to find resolution value strings in scalability ini. Falling back to default.
LogInit: Display: Running engine for game: GGJ20
LogPakFile: Registered encryption key '00000000000000000000000000000000': 0 pak files mounted, 0 remain pending
LogPlatformFile: Not using cached read wrapper
LogTaskGraph: Started task graph with 5 named threads and 23 total threads with 3 sets of task threads.
LogStats: Stats thread started at 0.650561
LogD3D11RHI: Loaded GFSDK_Aftermath_Lib.x64.dll
LogICUInternationalization: ICU TimeZone Detection - Raw Offset: +0:00, Platform Override: ''
LogPluginManager: Mounting plugin Paper2D
LogPluginManager: Mounting plugin AISupport
LogPluginManager: Mounting plugin LightPropagationVolume
LogPluginManager: Mounting plugin ActorLayerUtilities
LogPluginManager: Mounting plugin AnimationSharing
LogPluginManager: Mounting plugin CLionSourceCodeAccess
LogPluginManager: Mounting plugin CodeLiteSourceCodeAccess
LogPluginManager: Mounting plugin GitSourceControl
LogPluginManager: Mounting plugin KDevelopSourceCodeAccess
LogPluginManager: Mounting plugin NullSourceCodeAccess
LogPluginManager: Mounting plugin PerforceSourceControl
LogPluginManager: Mounting plugin SubversionSourceControl
LogPluginManager: Mounting plugin UObjectPlugin
LogPluginManager: Mounting plugin VisualStudioCodeSourceCodeAccess
LogPluginManager: Mounting plugin VisualStudioSourceCodeAccess
LogPluginManager: Mounting plugin XCodeSourceCodeAccess
LogPluginManager: Mounting plugin AssetManagerEditor
LogPluginManager: Mounting plugin CryptoKeys
LogPluginManager: Mounting plugin DataValidation
LogPluginManager: Mounting plugin FacialAnimation
LogPluginManager: Mounting plugin GameplayTagsEditor
LogPluginManager: Mounting plugin MacGraphicsSwitching
LogPluginManager: Mounting plugin MaterialAnalyzer
LogPluginManager: Mounting plugin MobileLauncherProfileWizard
LogPluginManager: Mounting plugin PluginBrowser
LogPluginManager: Mounting plugin SpeedTreeImporter
LogPluginManager: Mounting plugin DatasmithContent
LogPluginManager: Mounting plugin VariantManagerContent
LogPluginManager: Mounting plugin AlembicImporter
LogPluginManager: Mounting plugin AppleImageUtils
LogPluginManager: Mounting plugin AppleVision
LogPluginManager: Mounting plugin BackChannel
LogPluginManager: Mounting plugin CharacterAI
LogPluginManager: Mounting plugin GeometryCache
LogPluginManager: Mounting plugin HTML5Networking
LogPluginManager: Mounting plugin ProxyLODPlugin
LogPluginManager: Mounting plugin SkeletalReduction
LogPluginManager: Mounting plugin MagicLeap
LogPluginManager: Mounting plugin MagicLeapMedia
LogPluginManager: Mounting plugin AndroidMedia
LogPluginManager: Mounting plugin AvfMedia
LogPluginManager: Mounting plugin ImgMedia
LogPluginManager: Mounting plugin LinearTimecode
LogPluginManager: Mounting plugin MediaCompositing
LogPluginManager: Mounting plugin MediaPlayerEditor
LogPluginManager: Mounting plugin WebMMedia
LogPluginManager: Mounting plugin WmfMedia
LogPluginManager: Mounting plugin TcpMessaging
LogPluginManager: Mounting plugin UdpMessaging
LogPluginManager: Mounting plugin ActorSequence
LogPluginManager: Mounting plugin LevelSequenceEditor
LogPluginManager: Mounting plugin MatineeToLevelSequence
LogPluginManager: Mounting plugin NetcodeUnitTest
LogPluginManager: Mounting plugin NUTUnrealEngine4
LogPluginManager: Mounting plugin OnlineSubsystemGooglePlay
LogPluginManager: Mounting plugin OnlineSubsystemIOS
LogPluginManager: Mounting plugin OnlineSubsystem
LogPluginManager: Mounting plugin OnlineSubsystemNull
LogPluginManager: Mounting plugin OnlineSubsystemUtils
LogPluginManager: Mounting plugin LauncherChunkInstaller
LogPluginManager: Mounting plugin AndroidDeviceProfileSelector
LogPluginManager: Mounting plugin AndroidMoviePlayer
LogPluginManager: Mounting plugin AndroidPermission
LogPluginManager: Mounting plugin AppleMoviePlayer
LogPluginManager: Mounting plugin ArchVisCharacter
LogPluginManager: Mounting plugin AudioCapture
LogPluginManager: Mounting plugin CableComponent
LogPluginManager: Mounting plugin CustomMeshComponent
LogPluginManager: Mounting plugin EditableMesh
LogPluginManager: Mounting plugin ExampleDeviceProfileSelector
LogPluginManager: Mounting plugin Firebase
LogPluginManager: Mounting plugin GoogleCloudMessaging
LogPluginManager: Mounting plugin IOSDeviceProfileSelector
LogPluginManager: Mounting plugin LinuxDeviceProfileSelector
LogPluginManager: Mounting plugin LocationServicesBPLibrary
LogPluginManager: Mounting plugin MobilePatchingUtils
LogPluginManager: Mounting plugin OculusVR
LogPluginManager: Mounting plugin PhysXVehicles
LogPluginManager: Mounting plugin ProceduralMeshComponent
LogPluginManager: Mounting plugin RuntimePhysXCooking
LogPluginManager: Mounting plugin SignificanceManager
LogPluginManager: Mounting plugin SteamVR
LogPluginManager: Mounting plugin WebMMoviePlayer
LogPluginManager: Mounting plugin WindowsMoviePlayer
LogInit: Using libcurl 7.55.1-DEV
LogInit:  - built for x86_64-pc-win32
LogInit:  - supports SSL with OpenSSL/1.1.1
LogInit:  - supports HTTP deflate (compression) using libz 1.2.8
LogInit:  - other features:
LogInit:      CURL_VERSION_SSL
LogInit:      CURL_VERSION_LIBZ
LogInit:      CURL_VERSION_IPV6
LogInit:      CURL_VERSION_ASYNCHDNS
LogInit:      CURL_VERSION_LARGEFILE
LogInit:      CURL_VERSION_IDN
LogInit:  CurlRequestOptions (configurable via config and command line):
LogInit:  - bVerifyPeer = true  - Libcurl will verify peer certificate
LogInit:  - bUseHttpProxy = false  - Libcurl will NOT use HTTP proxy
LogInit:  - bDontReuseConnections = false  - Libcurl will reuse connections
LogInit:  - MaxHostConnections = 16  - Libcurl will limit the number of connections to a host
LogInit:  - LocalHostAddr = Default
LogInit:  - BufferSize = 65536
LogInit: WinSock: version 1.1 (2.2), MaxSocks=32767, MaxUdp=65467
LogInit: Build: ++UE4+Release-4.22-CL-7053642
LogInit: Engine Version: 4.22.3-7053642+++UE4+Release-4.22
LogInit: Compatible Engine Version: 4.22.0-5660361+++UE4+Release-4.22
LogInit: Net CL: 5660361
LogInit: OS: Windows 10 (Release 1909) (), CPU: Intel(R) Xeon(R) W-2123 CPU @ 3.60GHz, GPU: NVIDIA GeForce GTX 1070
LogInit: Compiled (64-bit): Jun 18 2019 03:09:11
LogInit: Compiled with Visual C++: 19.16.27025.01
LogInit: Build Configuration: Development
LogInit: Branch Name: ++UE4+Release-4.22
LogInit: Command Line:  -skipcompile
LogInit: Base Directory: C:/Epic/UE4/UE_4.22/Engine/Binaries/Win64/
LogInit: Installed Engine Build: 1
LogDevObjectVersion: Number of dev versions registered: 23
LogDevObjectVersion:   Dev-Blueprints (B0D832E4-1F89-4F0D-ACCF-7EB736FD4AA2): 10
LogDevObjectVersion:   Dev-Build (E1C64328-A22C-4D53-A36C-8E866417BD8C): 0
LogDevObjectVersion:   Dev-Core (375EC13C-06E4-48FB-B500-84F0262A717E): 3
LogDevObjectVersion:   Dev-Editor (E4B068ED-F494-42E9-A231-DA0B2E46BB41): 30
LogDevObjectVersion:   Dev-Framework (CFFC743F-43B0-4480-9391-14DF171D2073): 35
LogDevObjectVersion:   Dev-Mobile (B02B49B5-BB20-44E9-A304-32B752E40360): 2
LogDevObjectVersion:   Dev-Networking (A4E4105C-59A1-49B5-A7C5-40C4547EDFEE): 0
LogDevObjectVersion:   Dev-Online (39C831C9-5AE6-47DC-9A44-9C173E1C8E7C): 0
LogDevObjectVersion:   Dev-Physics (78F01B33-EBEA-4F98-B9B4-84EACCB95AA2): 0
LogDevObjectVersion:   Dev-Platform (6631380F-2D4D-43E0-8009-CF276956A95A): 0
LogDevObjectVersion:   Dev-Rendering (12F88B9F-8875-4AFC-A67C-D90C383ABD29): 28
LogDevObjectVersion:   Dev-Sequencer (7B5AE74C-D270-4C10-A958-57980B212A5A): 11
LogDevObjectVersion:   Dev-VR (D7296918-1DD6-4BDD-9DE2-64A83CC13884): 2
LogDevObjectVersion:   Dev-LoadTimes (C2A15278-BFE7-4AFE-6C17-90FF531DF755): 1
LogDevObjectVersion:   Private-Geometry (6EACA3D4-40EC-4CC1-B786-8BED09428FC5): 3
LogDevObjectVersion:   Dev-AnimPhys (29E575DD-E0A3-4627-9D10-D276232CDCEA): 17
LogDevObjectVersion:   Dev-Anim (AF43A65D-7FD3-4947-9873-3E8ED9C1BB05): 2
LogDevObjectVersion:   Dev-ReflectionCapture (6B266CEC-1EC7-4B8F-A30B-E4D90942FC07): 1
LogDevObjectVersion:   Dev-Automation (0DF73D61-A23F-47EA-B727-89E90C41499A): 1
LogDevObjectVersion:   FortniteMain (601D1886-AC64-4F84-AA16-D3DE0DEAC7D6): 25
LogDevObjectVersion:   Dev-Enterprise (9DFFBCD6-494F-0158-E221-12823C92A888): 6
LogDevObjectVersion:   Dev-Niagara (F2AED0AC-9AFE-416F-8664-AA7FFA26D6FC): 1
LogDevObjectVersion:   Dev-Destruction (174F1F0B-B4C6-45A5-B13F-2EE8D0FB917D): 2
LogInit: Presizing for max 16777216 objects, including 0 objects not considered by GC, pre-allocating 0 bytes for permanent pool.
LogInit: Object subsystem initialized
LogConfig: Setting CVar [[con.DebugEarlyDefault:1]]
LogConfig: Setting CVar [[r.setres:1280x720]]
[2020.02.01-05.23.37:040][  0]LogConfig: Setting CVar [[r.VSync:0]]
[2020.02.01-05.23.37:040][  0]LogConfig: Setting CVar [[r.RHICmdBypass:0]]
[2020.02.01-05.23.37:040][  0]LogConfig: Applying CVar settings from Section [/Script/Engine.RendererSettings] File [C:/Users/w017177h/Documents/GGJ2020/Global-Game-Jam-2020/GGJ20/Saved/Config/Windows/Engine.ini]
[2020.02.01-05.23.37:040][  0]LogConfig: Setting CVar [[r.GPUCrashDebugging:0]]
[2020.02.01-05.23.37:040][  0]LogConfig: Setting CVar [[r.DefaultFeature.AutoExposure.ExtendDefaultLuminanceRange:1]]
[2020.02.01-05.23.37:040][  0]LogConfig: Applying CVar settings from Section [/Script/Engine.RendererOverrideSettings] File [C:/Users/w017177h/Documents/GGJ2020/Global-Game-Jam-2020/GGJ20/Saved/Config/Windows/Engine.ini]
[2020.02.01-05.23.37:040][  0]LogConfig: Applying CVar settings from Section [/Script/Engine.StreamingSettings] File [C:/Users/w017177h/Documents/GGJ2020/Global-Game-Jam-2020/GGJ20/Saved/Config/Windows/Engine.ini]
[2020.02.01-05.23.37:040][  0]LogConfig: Setting CVar [[s.MinBulkDataSizeForAsyncLoading:131072]]
[2020.02.01-05.23.37:040][  0]LogConfig: Setting CVar [[s.AsyncLoadingThreadEnabled:0]]
[2020.02.01-05.23.37:040][  0]LogConfig: Setting CVar [[s.EventDrivenLoaderEnabled:1]]
[2020.02.01-05.23.37:041][  0]LogConfig: Setting CVar [[s.WarnIfTimeLimitExceeded:0]]
[2020.02.01-05.23.37:041][  0]LogConfig: Setting CVar [[s.TimeLimitExceededMultiplier:1.5]]
[2020.02.01-05.23.37:041][  0]LogConfig: Setting CVar [[s.TimeLimitExceededMinTime:0.005]]
[2020.02.01-05.23.37:041][  0]LogConfig: Setting CVar [[s.UseBackgroundLevelStreaming:1]]
[2020.02.01-05.23.37:041][  0]LogConfig: Setting CVar [[s.PriorityAsyncLoadingExtraTime:15.0]]
[2020.02.01-05.23.37:041][  0]LogConfig: Setting CVar [[s.LevelStreamingActorsUpdateTimeLimit:5.0]]
[2020.02.01-05.23.37:041][  0]LogConfig: Setting CVar [[s.PriorityLevelStreamingActorsUpdateExtraTime:5.0]]
[2020.02.01-05.23.37:041][  0]LogConfig: Setting CVar [[s.LevelStreamingComponentsRegistrationGranularity:10]]
[2020.02.01-05.23.37:041][  0]LogConfig: Setting CVar [[s.UnregisterComponentsTimeLimit:1.0]]
[2020.02.01-05.23.37:041][  0]LogConfig: Setting CVar [[s.LevelStreamingComponentsUnregistrationGranularity:5]]
[2020.02.01-05.23.37:041][  0]LogConfig: Applying CVar settings from Section [/Script/Engine.GarbageCollectionSettings] File [C:/Users/w017177h/Documents/GGJ2020/Global-Game-Jam-2020/GGJ20/Saved/Config/Windows/Engine.ini]
[2020.02.01-05.23.37:042][  0]LogConfig: Setting CVar [[gc.MaxObjectsNotConsideredByGC:1]]
[2020.02.01-05.23.37:042][  0]LogConfig: Setting CVar [[gc.SizeOfPermanentObjectPool:0]]
[2020.02.01-05.23.37:042][  0]LogConfig: Setting CVar [[gc.FlushStreamingOnGC:0]]
[2020.02.01-05.23.37:042][  0]LogConfig: Setting CVar [[gc.NumRetriesBeforeForcingGC:10]]
[2020.02.01-05.23.37:042][  0]LogConfig: Setting CVar [[gc.AllowParallelGC:1]]
[2020.02.01-05.23.37:042][  0]LogConfig: Setting CVar [[gc.TimeBetweenPurgingPendingKillObjects:61.1]]
[2020.02.01-05.23.37:042][  0]LogConfig: Setting CVar [[gc.MaxObjectsInEditor:16777216]]
[2020.02.01-05.23.37:042][  0]LogConfig: Setting CVar [[gc.IncrementalBeginDestroyEnabled:1]]
[2020.02.01-05.23.37:042][  0]LogConfig: Setting CVar [[gc.CreateGCClusters:1]]
[2020.02.01-05.23.37:042][  0]LogConfig: Setting CVar [[gc.MinGCClusterSize:5]]
[2020.02.01-05.23.37:042][  0]LogConfig: Setting CVar [[gc.ActorClusteringEnabled:0]]
[2020.02.01-05.23.37:042][  0]LogConfig: Setting CVar [[gc.BlueprintClusteringEnabled:0]]
[2020.02.01-05.23.37:042][  0]LogConfig: Setting CVar [[gc.UseDisregardForGCOnDedicatedServers:0]]
[2020.02.01-05.23.37:042][  0]LogConfig: Applying CVar settings from Section [/Script/Engine.NetworkSettings] File [C:/Users/w017177h/Documents/GGJ2020/Global-Game-Jam-2020/GGJ20/Saved/Config/Windows/Engine.ini]
[2020.02.01-05.23.37:042][  0]LogConfig: Applying CVar settings from Section [/Script/UnrealEd.CookerSettings] File [C:/Users/w017177h/Documents/GGJ2020/Global-Game-Jam-2020/GGJ20/Saved/Config/Windows/Engine.ini]
[2020.02.01-05.23.37:056][  0]LogConfig: Applying CVar settings from Section [ViewDistanceQuality@3] File [C:/Users/w017177h/Documents/GGJ2020/Global-Game-Jam-2020/GGJ20/Saved/Config/Windows/Scalability.ini]
[2020.02.01-05.23.37:056][  0]LogConfig: Setting CVar [[r.SkeletalMeshLODBias:0]]
[2020.02.01-05.23.37:056][  0]LogConfig: Setting CVar [[r.ViewDistanceScale:1.0]]
[2020.02.01-05.23.37:056][  0]LogConfig: Applying CVar settings from Section [AntiAliasingQuality@3] File [C:/Users/w017177h/Documents/GGJ2020/Global-Game-Jam-2020/GGJ20/Saved/Config/Windows/Scalability.ini]
[2020.02.01-05.23.37:056][  0]LogConfig: Setting CVar [[r.PostProcessAAQuality:4]]
[2020.02.01-05.23.37:057][  0]LogConfig: Applying CVar settings from Section [ShadowQuality@3] File [C:/Users/w017177h/Documents/GGJ2020/Global-Game-Jam-2020/GGJ20/Saved/Config/Windows/Scalability.ini]
[2020.02.01-05.23.37:057][  0]LogConfig: Setting CVar [[r.LightFunctionQuality:1]]
[2020.02.01-05.23.37:057][  0]LogConfig: Setting CVar [[r.ShadowQuality:5]]
[2020.02.01-05.23.37:057][  0]LogConfig: Setting CVar [[r.Shadow.CSM.MaxCascades:10]]
[2020.02.01-05.23.37:057][  0]LogConfig: Setting CVar [[r.Shadow.MaxResolution:2048]]
[2020.02.01-05.23.37:057][  0]LogConfig: Setting CVar [[r.Shadow.MaxCSMResolution:2048]]
[2020.02.01-05.23.37:057][  0]LogConfig: Setting CVar [[r.Shadow.RadiusThreshold:0.01]]
[2020.02.01-05.23.37:057][  0]LogConfig: Setting CVar [[r.Shadow.DistanceScale:1.0]]
[2020.02.01-05.23.37:057][  0]LogConfig: Setting CVar [[r.Shadow.CSM.TransitionScale:1.0]]
[2020.02.01-05.23.37:057][  0]LogConfig: Setting CVar [[r.Shadow.PreShadowResolutionFactor:1.0]]
[2020.02.01-05.23.37:057][  0]LogConfig: Setting CVar [[r.DistanceFieldShadowing:1]]
[2020.02.01-05.23.37:057][  0]LogConfig: Setting CVar [[r.DistanceFieldAO:1]]
[2020.02.01-05.23.37:057][  0]LogConfig: Setting CVar [[r.AOQuality:2]]
[2020.02.01-05.23.37:057][  0]LogConfig: Setting CVar [[r.VolumetricFog:1]]
[2020.02.01-05.23.37:058][  0]LogConfig: Setting CVar [[r.VolumetricFog.GridPixelSize:8]]
[2020.02.01-05.23.37:058][  0]LogConfig: Setting CVar [[r.VolumetricFog.GridSizeZ:128]]
[2020.02.01-05.23.37:058][  0]LogConfig: Setting CVar [[r.VolumetricFog.HistoryMissSupersampleCount:4]]
[2020.02.01-05.23.37:058][  0]LogConfig: Setting CVar [[r.LightMaxDrawDistanceScale:1]]
[2020.02.01-05.23.37:058][  0]LogConfig: Setting CVar [[r.CapsuleShadows:1]]
[2020.02.01-05.23.37:058][  0]LogConfig: Applying CVar settings from Section [PostProcessQuality@3] File [C:/Users/w017177h/Documents/GGJ2020/Global-Game-Jam-2020/GGJ20/Saved/Config/Windows/Scalability.ini]
[2020.02.01-05.23.37:058][  0]LogConfig: Setting CVar [[r.MotionBlurQuality:4]]
[2020.02.01-05.23.37:058][  0]LogConfig: Setting CVar [[r.AmbientOcclusionMipLevelFactor:0.4]]
[2020.02.01-05.23.37:058][  0]LogConfig: Setting CVar [[r.AmbientOcclusionMaxQuality:100]]
[2020.02.01-05.23.37:058][  0]LogConfig: Setting CVar [[r.AmbientOcclusionLevels:-1]]
[2020.02.01-05.23.37:058][  0]LogConfig: Setting CVar [[r.AmbientOcclusionRadiusScale:1.0]]
[2020.02.01-05.23.37:058][  0]LogConfig: Setting CVar [[r.DepthOfFieldQuality:2]]
[2020.02.01-05.23.37:058][  0]LogConfig: Setting CVar [[r.RenderTargetPoolMin:400]]
[2020.02.01-05.23.37:058][  0]LogConfig: Setting CVar [[r.LensFlareQuality:2]]
[2020.02.01-05.23.37:058][  0]LogConfig: Setting CVar [[r.SceneColorFringeQuality:1]]
[2020.02.01-05.23.37:058][  0]LogConfig: Setting CVar [[r.EyeAdaptationQuality:2]]
[2020.02.01-05.23.37:058][  0]LogConfig: Setting CVar [[r.BloomQuality:5]]
[2020.02.01-05.23.37:059][  0]LogConfig: Setting CVar [[r.FastBlurThreshold:100]]
[2020.02.01-05.23.37:059][  0]LogConfig: Setting CVar [[r.Upscale.Quality:3]]
[2020.02.01-05.23.37:059][  0]LogConfig: Setting CVar [[r.Tonemapper.GrainQuantization:1]]
[2020.02.01-05.23.37:059][  0]LogConfig: Setting CVar [[r.LightShaftQuality:1]]
[2020.02.01-05.23.37:059][  0]LogConfig: Setting CVar [[r.Filter.SizeScale:1]]
[2020.02.01-05.23.37:059][  0]LogConfig: Setting CVar [[r.Tonemapper.Quality:5]]
[2020.02.01-05.23.37:059][  0]LogConfig: Setting CVar [[r.DOF.Gather.AccumulatorQuality:1        ; higher gathering accumulator quality]]
[2020.02.01-05.23.37:059][  0]LogConfig: Setting CVar [[r.DOF.Gather.PostfilterMethod:1          ; Median3x3 postfilering method]]
[2020.02.01-05.23.37:059][  0]LogConfig: Setting CVar [[r.DOF.Gather.EnableBokehSettings:0       ; no bokeh simulation when gathering]]
[2020.02.01-05.23.37:059][  0]LogConfig: Setting CVar [[r.DOF.Gather.RingCount:4                 ; medium number of samples when gathering]]
[2020.02.01-05.23.37:059][  0]LogConfig: Setting CVar [[r.DOF.Scatter.ForegroundCompositing:1    ; additive foreground scattering]]
[2020.02.01-05.23.37:059][  0]LogConfig: Setting CVar [[r.DOF.Scatter.BackgroundCompositing:2    ; additive background scattering]]
[2020.02.01-05.23.37:059][  0]LogConfig: Setting CVar [[r.DOF.Scatter.EnableBokehSettings:1      ; bokeh simulation when scattering]]
[2020.02.01-05.23.37:059][  0]LogConfig: Setting CVar [[r.DOF.Scatter.MaxSpriteRatio:0.1         ; only a maximum of 10% of scattered bokeh]]
[2020.02.01-05.23.37:059][  0]LogConfig: Setting CVar [[r.DOF.Recombine.Quality:1                ; cheap slight out of focus]]
[2020.02.01-05.23.37:059][  0]LogConfig: Setting CVar [[r.DOF.Recombine.EnableBokehSettings:0    ; no bokeh simulation on slight out of focus]]
[2020.02.01-05.23.37:060][  0]LogConfig: Setting CVar [[r.DOF.TemporalAAQuality:1                ; more stable temporal accumulation]]
[2020.02.01-05.23.37:060][  0]LogConfig: Setting CVar [[r.DOF.Kernel.MaxForegroundRadius:0.025]]
[2020.02.01-05.23.37:060][  0]LogConfig: Setting CVar [[r.DOF.Kernel.MaxBackgroundRadius:0.025]]
[2020.02.01-05.23.37:060][  0]LogConfig: Applying CVar settings from Section [TextureQuality@3] File [C:/Users/w017177h/Documents/GGJ2020/Global-Game-Jam-2020/GGJ20/Saved/Config/Windows/Scalability.ini]
[2020.02.01-05.23.37:060][  0]LogConfig: Setting CVar [[r.Streaming.MipBias:0]]
[2020.02.01-05.23.37:060][  0]LogConfig: Setting CVar [[r.Streaming.AmortizeCPUToGPUCopy:0]]
[2020.02.01-05.23.37:060][  0]LogConfig: Setting CVar [[r.Streaming.MaxNumTexturesToStreamPerFrame:0]]
[2020.02.01-05.23.37:060][  0]LogConfig: Setting CVar [[r.Streaming.Boost:1]]
[2020.02.01-05.23.37:060][  0]LogConfig: Setting CVar [[r.MaxAnisotropy:8]]
[2020.02.01-05.23.37:060][  0]LogConfig: Setting CVar [[r.Streaming.LimitPoolSizeToVRAM:0]]
[2020.02.01-05.23.37:060][  0]LogConfig: Setting CVar [[r.Streaming.PoolSize:1000]]
[2020.02.01-05.23.37:060][  0]LogConfig: Setting CVar [[r.Streaming.MaxEffectiveScreenSize:0]]
[2020.02.01-05.23.37:060][  0]LogConfig: Applying CVar settings from Section [EffectsQuality@3] File [C:/Users/w017177h/Documents/GGJ2020/Global-Game-Jam-2020/GGJ20/Saved/Config/Windows/Scalability.ini]
[2020.02.01-05.23.37:060][  0]LogConfig: Setting CVar [[r.TranslucencyLightingVolumeDim:64]]
[2020.02.01-05.23.37:060][  0]LogConfig: Setting CVar [[r.RefractionQuality:2]]
[2020.02.01-05.23.37:060][  0]LogConfig: Setting CVar [[r.SSR.Quality:3]]
[2020.02.01-05.23.37:060][  0]LogConfig: Setting CVar [[r.SceneColorFormat:4]]
[2020.02.01-05.23.37:061][  0]LogConfig: Setting CVar [[r.DetailMode:2]]
[2020.02.01-05.23.37:061][  0]LogConfig: Setting CVar [[r.TranslucencyVolumeBlur:1]]
[2020.02.01-05.23.37:061][  0]LogConfig: Setting CVar [[r.MaterialQualityLevel:1 ; High quality]]
[2020.02.01-05.23.37:061][  0]LogConfig: Setting CVar [[r.SSS.Scale:1]]
[2020.02.01-05.23.37:061][  0]LogConfig: Setting CVar [[r.SSS.SampleSet:2]]
[2020.02.01-05.23.37:061][  0]LogConfig: Setting CVar [[r.SSS.Quality:1]]
[2020.02.01-05.23.37:061][  0]LogConfig: Setting CVar [[r.SSS.HalfRes:1]]
[2020.02.01-05.23.37:061][  0]LogConfig: Setting CVar [[r.EmitterSpawnRateScale:1.0]]
[2020.02.01-05.23.37:061][  0]LogConfig: Setting CVar [[r.ParticleLightQuality:2]]
[2020.02.01-05.23.37:061][  0]LogConfig: Applying CVar settings from Section [FoliageQuality@3] File [C:/Users/w017177h/Documents/GGJ2020/Global-Game-Jam-2020/GGJ20/Saved/Config/Windows/Scalability.ini]
[2020.02.01-05.23.37:061][  0]LogConfig: Setting CVar [[foliage.DensityScale:1.0]]
[2020.02.01-05.23.37:061][  0]LogConfig: Setting CVar [[grass.DensityScale:1.0]]
[2020.02.01-05.23.37:062][  0]LogInit: Selected Device Profile: [Windows]
[2020.02.01-05.23.37:062][  0]LogInit: Applying CVar settings loaded from the selected device profile: [Windows]
[2020.02.01-05.23.37:090][  0]LogHAL: Display: Platform has ~ 32 GB [34065854464 / 34359738368 / 32], which maps to Largest [LargestMinGB=32, LargerMinGB=12, DefaultMinGB=8, SmallerMinGB=6, SmallestMinGB=0)
[2020.02.01-05.23.37:090][  0]LogConfig: Setting CVar [[r.Vulkan.UseRealUBs:0		; Required until we fix HLR fall-out]]
[2020.02.01-05.23.37:090][  0]LogInit: Going up to parent DeviceProfile []
[2020.02.01-05.23.37:091][  0]LogConfig: Applying CVar settings from Section [ViewDistanceQuality@3] File [C:/Users/w017177h/Documents/GGJ2020/Global-Game-Jam-2020/GGJ20/Saved/Config/Windows/Scalability.ini]
[2020.02.01-05.23.37:091][  0]LogConfig: Setting CVar [[r.SkeletalMeshLODBias:0]]
[2020.02.01-05.23.37:091][  0]LogConfig: Setting CVar [[r.ViewDistanceScale:1.0]]
[2020.02.01-05.23.37:091][  0]LogConfig: Applying CVar settings from Section [AntiAliasingQuality@3] File [C:/Users/w017177h/Documents/GGJ2020/Global-Game-Jam-2020/GGJ20/Saved/Config/Windows/Scalability.ini]
[2020.02.01-05.23.37:091][  0]LogConfig: Setting CVar [[r.PostProcessAAQuality:4]]
[2020.02.01-05.23.37:091][  0]LogConfig: Applying CVar settings from Section [ShadowQuality@3] File [C:/Users/w017177h/Documents/GGJ2020/Global-Game-Jam-2020/GGJ20/Saved/Config/Windows/Scalability.ini]
[2020.02.01-05.23.37:091][  0]LogConfig: Setting CVar [[r.LightFunctionQuality:1]]
[2020.02.01-05.23.37:091][  0]LogConfig: Setting CVar [[r.ShadowQuality:5]]
[2020.02.01-05.23.37:092][  0]LogConfig: Setting CVar [[r.Shadow.CSM.MaxCascades:10]]
[2020.02.01-05.23.37:092][  0]LogConfig: Setting CVar [[r.Shadow.MaxResolution:2048]]
[2020.02.01-05.23.37:092][  0]LogConfig: Setting CVar [[r.Shadow.MaxCSMResolution:2048]]
[2020.02.01-05.23.37:092][  0]LogConfig: Setting CVar [[r.Shadow.RadiusThreshold:0.01]]
[2020.02.01-05.23.37:092][  0]LogConfig: Setting CVar [[r.Shadow.DistanceScale:1.0]]
[2020.02.01-05.23.37:092][  0]LogConfig: Setting CVar [[r.Shadow.CSM.TransitionScale:1.0]]
[2020.02.01-05.23.37:092][  0]LogConfig: Setting CVar [[r.Shadow.PreShadowResolutionFactor:1.0]]
[2020.02.01-05.23.37:092][  0]LogConfig: Setting CVar [[r.DistanceFieldShadowing:1]]
[2020.02.01-05.23.37:092][  0]LogConfig: Setting CVar [[r.DistanceFieldAO:1]]
[2020.02.01-05.23.37:092][  0]LogConfig: Setting CVar [[r.AOQuality:2]]
[2020.02.01-05.23.37:092][  0]LogConfig: Setting CVar [[r.VolumetricFog:1]]
[2020.02.01-05.23.37:092][  0]LogConfig: Setting CVar [[r.VolumetricFog.GridPixelSize:8]]
[2020.02.01-05.23.37:092][  0]LogConfig: Setting CVar [[r.VolumetricFog.GridSizeZ:128]]
[2020.02.01-05.23.37:092][  0]LogConfig: Setting CVar [[r.VolumetricFog.HistoryMissSupersampleCount:4]]
[2020.02.01-05.23.37:092][  0]LogConfig: Setting CVar [[r.LightMaxDrawDistanceScale:1]]
[2020.02.01-05.23.37:092][  0]LogConfig: Setting CVar [[r.CapsuleShadows:1]]
[2020.02.01-05.23.37:093][  0]LogConfig: Applying CVar settings from Section [PostProcessQuality@3] File [C:/Users/w017177h/Documents/GGJ2020/Global-Game-Jam-2020/GGJ20/Saved/Config/Windows/Scalability.ini]
[2020.02.01-05.23.37:093][  0]LogConfig: Setting CVar [[r.MotionBlurQuality:4]]
[2020.02.01-05.23.37:093][  0]LogConfig: Setting CVar [[r.AmbientOcclusionMipLevelFactor:0.4]]
[2020.02.01-05.23.37:093][  0]LogConfig: Setting CVar [[r.AmbientOcclusionMaxQuality:100]]
[2020.02.01-05.23.37:093][  0]LogConfig: Setting CVar [[r.AmbientOcclusionLevels:-1]]
[2020.02.01-05.23.37:093][  0]LogConfig: Setting CVar [[r.AmbientOcclusionRadiusScale:1.0]]
[2020.02.01-05.23.37:093][  0]LogConfig: Setting CVar [[r.DepthOfFieldQuality:2]]
[2020.02.01-05.23.37:093][  0]LogConfig: Setting CVar [[r.RenderTargetPoolMin:400]]
[2020.02.01-05.23.37:093][  0]LogConfig: Setting CVar [[r.LensFlareQuality:2]]
[2020.02.01-05.23.37:093][  0]LogConfig: Setting CVar [[r.SceneColorFringeQuality:1]]
[2020.02.01-05.23.37:093][  0]LogConfig: Setting CVar [[r.EyeAdaptationQuality:2]]
[2020.02.01-05.23.37:094][  0]LogConfig: Setting CVar [[r.BloomQuality:5]]
[2020.02.01-05.23.37:094][  0]LogConfig: Setting CVar [[r.FastBlurThreshold:100]]
[2020.02.01-05.23.37:094][  0]LogConfig: Setting CVar [[r.Upscale.Quality:3]]
[2020.02.01-05.23.37:094][  0]LogConfig: Setting CVar [[r.Tonemapper.GrainQuantization:1]]
[2020.02.01-05.23.37:094][  0]LogConfig: Setting CVar [[r.LightShaftQuality:1]]
[2020.02.01-05.23.37:094][  0]LogConfig: Setting CVar [[r.Filter.SizeScale:1]]
[2020.02.01-05.23.37:094][  0]LogConfig: Setting CVar [[r.Tonemapper.Quality:5]]
[2020.02.01-05.23.37:094][  0]LogConfig: Setting CVar [[r.DOF.Gather.AccumulatorQuality:1        ; higher gathering accumulator quality]]
[2020.02.01-05.23.37:094][  0]LogConfig: Setting CVar [[r.DOF.Gather.PostfilterMethod:1          ; Median3x3 postfilering method]]
[2020.02.01-05.23.37:094][  0]LogConfig: Setting CVar [[r.DOF.Gather.EnableBokehSettings:0       ; no bokeh simulation when gathering]]
[2020.02.01-05.23.37:094][  0]LogConfig: Setting CVar [[r.DOF.Gather.RingCount:4                 ; medium number of samples when gathering]]
[2020.02.01-05.23.37:094][  0]LogConfig: Setting CVar [[r.DOF.Scatter.ForegroundCompositing:1    ; additive foreground scattering]]
[2020.02.01-05.23.37:094][  0]LogConfig: Setting CVar [[r.DOF.Scatter.BackgroundCompositing:2    ; additive background scattering]]
[2020.02.01-05.23.37:094][  0]LogConfig: Setting CVar [[r.DOF.Scatter.EnableBokehSettings:1      ; bokeh simulation when scattering]]
[2020.02.01-05.23.37:095][  0]LogConfig: Setting CVar [[r.DOF.Scatter.MaxSpriteRatio:0.1         ; only a maximum of 10% of scattered bokeh]]
[2020.02.01-05.23.37:095][  0]LogConfig: Setting CVar [[r.DOF.Recombine.Quality:1                ; cheap slight out of focus]]
[2020.02.01-05.23.37:095][  0]LogConfig: Setting CVar [[r.DOF.Recombine.EnableBokehSettings:0    ; no bokeh simulation on slight out of focus]]
[2020.02.01-05.23.37:095][  0]LogConfig: Setting CVar [[r.DOF.TemporalAAQuality:1                ; more stable temporal accumulation]]
[2020.02.01-05.23.37:095][  0]LogConfig: Setting CVar [[r.DOF.Kernel.MaxForegroundRadius:0.025]]
[2020.02.01-05.23.37:095][  0]LogConfig: Setting CVar [[r.DOF.Kernel.MaxBackgroundRadius:0.025]]
[2020.02.01-05.23.37:095][  0]LogConfig: Applying CVar settings from Section [TextureQuality@3] File [C:/Users/w017177h/Documents/GGJ2020/Global-Game-Jam-2020/GGJ20/Saved/Config/Windows/Scalability.ini]
[2020.02.01-05.23.37:095][  0]LogConfig: Setting CVar [[r.Streaming.MipBias:0]]
[2020.02.01-05.23.37:095][  0]LogConfig: Setting CVar [[r.Streaming.AmortizeCPUToGPUCopy:0]]
[2020.02.01-05.23.37:095][  0]LogConfig: Setting CVar [[r.Streaming.MaxNumTexturesToStreamPerFrame:0]]
[2020.02.01-05.23.37:095][  0]LogConfig: Setting CVar [[r.Streaming.Boost:1]]
[2020.02.01-05.23.37:095][  0]LogConfig: Setting CVar [[r.MaxAnisotropy:8]]
[2020.02.01-05.23.37:095][  0]LogConfig: Setting CVar [[r.Streaming.LimitPoolSizeToVRAM:0]]
[2020.02.01-05.23.37:095][  0]LogConfig: Setting CVar [[r.Streaming.PoolSize:1000]]
[2020.02.01-05.23.37:095][  0]LogConfig: Setting CVar [[r.Streaming.MaxEffectiveScreenSize:0]]
[2020.02.01-05.23.37:095][  0]LogConfig: Applying CVar settings from Section [EffectsQuality@3] File [C:/Users/w017177h/Documents/GGJ2020/Global-Game-Jam-2020/GGJ20/Saved/Config/Windows/Scalability.ini]
[2020.02.01-05.23.37:096][  0]LogConfig: Setting CVar [[r.TranslucencyLightingVolumeDim:64]]
[2020.02.01-05.23.37:096][  0]LogConfig: Setting CVar [[r.RefractionQuality:2]]
[2020.02.01-05.23.37:096][  0]LogConfig: Setting CVar [[r.SSR.Quality:3]]
[2020.02.01-05.23.37:096][  0]LogConfig: Setting CVar [[r.SceneColorFormat:4]]
[2020.02.01-05.23.37:096][  0]LogConfig: Setting CVar [[r.DetailMode:2]]
[2020.02.01-05.23.37:096][  0]LogConfig: Setting CVar [[r.TranslucencyVolumeBlur:1]]
[2020.02.01-05.23.37:096][  0]LogConfig: Setting CVar [[r.MaterialQualityLevel:1 ; High quality]]
[2020.02.01-05.23.37:096][  0]LogConfig: Setting CVar [[r.SSS.Scale:1]]
[2020.02.01-05.23.37:096][  0]LogConfig: Setting CVar [[r.SSS.SampleSet:2]]
[2020.02.01-05.23.37:096][  0]LogConfig: Setting CVar [[r.SSS.Quality:1]]
[2020.02.01-05.23.37:096][  0]LogConfig: Setting CVar [[r.SSS.HalfRes:1]]
[2020.02.01-05.23.37:096][  0]LogConfig: Setting CVar [[r.EmitterSpawnRateScale:1.0]]
[2020.02.01-05.23.37:096][  0]LogConfig: Setting CVar [[r.ParticleLightQuality:2]]
[2020.02.01-05.23.37:096][  0]LogConfig: Applying CVar settings from Section [FoliageQuality@3] File [C:/Users/w017177h/Documents/GGJ2020/Global-Game-Jam-2020/GGJ20/Saved/Config/Windows/Scalability.ini]
[2020.02.01-05.23.37:096][  0]LogConfig: Setting CVar [[foliage.DensityScale:1.0]]
[2020.02.01-05.23.37:096][  0]LogConfig: Setting CVar [[grass.DensityScale:1.0]]
[2020.02.01-05.23.37:096][  0]LogConfig: Applying CVar settings from Section [Startup] File [../../../Engine/Config/ConsoleVariables.ini]
[2020.02.01-05.23.37:097][  0]LogConfig: Setting CVar [[net.UseAdaptiveNetUpdateFrequency:0]]
[2020.02.01-05.23.37:097][  0]LogConfig: Setting CVar [[p.chaos.AllowCreatePhysxBodies:1]]
[2020.02.01-05.23.37:097][  0]LogConfig: Applying CVar settings from Section [ConsoleVariables] File [C:/Users/w017177h/Documents/GGJ2020/Global-Game-Jam-2020/GGJ20/Saved/Config/Windows/Engine.ini]
[2020.02.01-05.23.37:098][  0]LogInit: Computer: C117B-19
[2020.02.01-05.23.37:098][  0]LogInit: User: w017177h
[2020.02.01-05.23.37:099][  0]LogInit: CPU Page size=4096, Cores=4
[2020.02.01-05.23.37:099][  0]LogInit: High frequency timer resolution =10.000000 MHz
[2020.02.01-05.23.37:099][  0]LogMemory: Memory total: Physical=31.7GB (32GB approx)
[2020.02.01-05.23.37:099][  0]LogMemory: Platform Memory Stats for Windows
[2020.02.01-05.23.37:099][  0]LogMemory: Process Physical Memory: 96.69 MB used, 96.70 MB peak
[2020.02.01-05.23.37:099][  0]LogMemory: Process Virtual Memory: 90.45 MB used, 90.45 MB peak
[2020.02.01-05.23.37:099][  0]LogMemory: Physical Memory: 8208.26 MB used,  24279.47 MB free, 32487.73 MB total
[2020.02.01-05.23.37:099][  0]LogMemory: Virtual Memory: 4644.23 MB used,  134213080.00 MB free, 134217728.00 MB total
[2020.02.01-05.23.37:583][  0]LogInit: Using OS detected language (en-US).
[2020.02.01-05.23.37:583][  0]LogInit: Using OS detected locale (en-GB).
[2020.02.01-05.23.37:586][  0]LogTextLocalizationManager: No specific localization for 'en-US' exists, so the 'en' localization will be used.
[2020.02.01-05.23.37:945][  0]LogInit: Setting process to per monitor DPI aware
[2020.02.01-05.23.38:085][  0]LogSlate: New Slate User Created.  User Index 0, Is Virtual User: 0
[2020.02.01-05.23.38:085][  0]LogSlate: Slate User Registered.  User Index 0, Is Virtual User: 0
[2020.02.01-05.23.40:526][  0]LogHMD: Failed to initialize OpenVR with code 110
[2020.02.01-05.23.40:526][  0]LogD3D11RHI: D3D11 adapters:
[2020.02.01-05.23.40:613][  0]LogD3D11RHI:    0. 'NVIDIA GeForce GTX 1070' (Feature Level 11_0)
[2020.02.01-05.23.40:613][  0]LogD3D11RHI:       8088/0/16243 MB DedicatedVideo/DedicatedSystem/SharedSystem, Outputs:2, VendorId:0x10de
[2020.02.01-05.23.40:621][  0]LogD3D11RHI:    1. 'Microsoft Basic Render Driver' (Feature Level 11_0)
[2020.02.01-05.23.40:621][  0]LogD3D11RHI:       0/0/16243 MB DedicatedVideo/DedicatedSystem/SharedSystem, Outputs:0, VendorId:0x1414
[2020.02.01-05.23.40:621][  0]LogD3D11RHI: Chosen D3D11 Adapter: 0
[2020.02.01-05.23.40:631][  0]LogD3D11RHI: Creating new Direct3DDevice
[2020.02.01-05.23.40:631][  0]LogD3D11RHI:     GPU DeviceId: 0x1b81 (for the marketing name, search the web for "GPU Device Id")
[2020.02.01-05.23.40:631][  0]LogWindows: EnumDisplayDevices:
[2020.02.01-05.23.40:632][  0]LogWindows:    0. 'NVIDIA GeForce GTX 1070' (P:1 D:1)
[2020.02.01-05.23.40:632][  0]LogWindows:    1. 'NVIDIA GeForce GTX 1070' (P:0 D:1)
[2020.02.01-05.23.40:632][  0]LogWindows:    2. 'NVIDIA GeForce GTX 1070' (P:0 D:0)
[2020.02.01-05.23.40:633][  0]LogWindows:    3. 'NVIDIA GeForce GTX 1070' (P:0 D:0)
[2020.02.01-05.23.40:633][  0]LogWindows: DebugString: FoundDriverCount:4 
[2020.02.01-05.23.40:633][  0]LogD3D11RHI:     Adapter Name: NVIDIA GeForce GTX 1070
[2020.02.01-05.23.40:633][  0]LogD3D11RHI:   Driver Version: 441.66 (internal:26.21.14.4166, unified:441.66)
[2020.02.01-05.23.40:633][  0]LogD3D11RHI:      Driver Date: 12-6-2019
[2020.02.01-05.23.40:633][  0]LogRHI: Texture pool is 5661 MB (70% of 8088 MB)
[2020.02.01-05.23.40:682][  0]LogD3D11RHI: Async texture creation enabled
[2020.02.01-05.23.40:690][  0]LogRendererCore: FGlobalReadBuffer::InitRHI
[2020.02.01-05.23.40:691][  0]LogRendererCore: FGlobalReadBuffer::InitRHI
[2020.02.01-05.23.40:691][  0]LogRendererCore: FGlobalReadBuffer::InitRHI
[2020.02.01-05.23.40:700][  0]LogD3D11RHI: GPU Timing Frequency: 1000.000000 (Debug: 2 1)
[2020.02.01-05.23.40:994][  0]LogTemp: Display: Module 'AllDesktopTargetPlatform' loaded TargetPlatform 'AllDesktop'
[2020.02.01-05.23.41:011][  0]LogTemp: Display: Module 'MacClientTargetPlatform' loaded TargetPlatform 'MacClient'
[2020.02.01-05.23.41:027][  0]LogTemp: Display: Module 'MacNoEditorTargetPlatform' loaded TargetPlatform 'MacNoEditor'
[2020.02.01-05.23.41:043][  0]LogTemp: Display: Module 'MacServerTargetPlatform' loaded TargetPlatform 'MacServer'
[2020.02.01-05.23.41:071][  0]LogTemp: Display: Module 'MacTargetPlatform' loaded TargetPlatform 'Mac'
[2020.02.01-05.23.41:093][  0]LogTemp: Display: Module 'WindowsClientTargetPlatform' loaded TargetPlatform 'WindowsClient'
[2020.02.01-05.23.41:109][  0]LogTemp: Display: Module 'WindowsNoEditorTargetPlatform' loaded TargetPlatform 'WindowsNoEditor'
[2020.02.01-05.23.41:130][  0]LogTemp: Display: Module 'WindowsServerTargetPlatform' loaded TargetPlatform 'WindowsServer'
[2020.02.01-05.23.41:143][  0]LogTemp: Display: Module 'WindowsTargetPlatform' loaded TargetPlatform 'Windows'
[2020.02.01-05.23.41:246][  0]LogTemp: Display: Module 'AndroidTargetPlatform' loaded TargetPlatform 'Android'
[2020.02.01-05.23.41:246][  0]LogTemp: Display: Module 'AndroidTargetPlatform' loaded TargetPlatform 'Android_ASTC'
[2020.02.01-05.23.41:246][  0]LogTemp: Display: Module 'AndroidTargetPlatform' loaded TargetPlatform 'Android_ATC'
[2020.02.01-05.23.41:246][  0]LogTemp: Display: Module 'AndroidTargetPlatform' loaded TargetPlatform 'Android_DXT'
[2020.02.01-05.23.41:246][  0]LogTemp: Display: Module 'AndroidTargetPlatform' loaded TargetPlatform 'Android_ETC1'
[2020.02.01-05.23.41:246][  0]LogTemp: Display: Module 'AndroidTargetPlatform' loaded TargetPlatform 'Android_ETC1a'
[2020.02.01-05.23.41:247][  0]LogTemp: Display: Module 'AndroidTargetPlatform' loaded TargetPlatform 'Android_ETC2'
[2020.02.01-05.23.41:247][  0]LogTemp: Display: Module 'AndroidTargetPlatform' loaded TargetPlatform 'Android_PVRTC'
[2020.02.01-05.23.41:247][  0]LogTemp: Display: Module 'AndroidTargetPlatform' loaded TargetPlatform 'AndroidClient'
[2020.02.01-05.23.41:247][  0]LogTemp: Display: Module 'AndroidTargetPlatform' loaded TargetPlatform 'Android_ASTCClient'
[2020.02.01-05.23.41:247][  0]LogTemp: Display: Module 'AndroidTargetPlatform' loaded TargetPlatform 'Android_ATCClient'
[2020.02.01-05.23.41:247][  0]LogTemp: Display: Module 'AndroidTargetPlatform' loaded TargetPlatform 'Android_DXTClient'
[2020.02.01-05.23.41:247][  0]LogTemp: Display: Module 'AndroidTargetPlatform' loaded TargetPlatform 'Android_ETC1Client'
[2020.02.01-05.23.41:247][  0]LogTemp: Display: Module 'AndroidTargetPlatform' loaded TargetPlatform 'Android_ETC1aClient'
[2020.02.01-05.23.41:247][  0]LogTemp: Display: Module 'AndroidTargetPlatform' loaded TargetPlatform 'Android_ETC2Client'
[2020.02.01-05.23.41:247][  0]LogTemp: Display: Module 'AndroidTargetPlatform' loaded TargetPlatform 'Android_PVRTCClient'
[2020.02.01-05.23.41:247][  0]LogTemp: Display: Module 'AndroidTargetPlatform' loaded TargetPlatform 'Android_Multi'
[2020.02.01-05.23.41:247][  0]LogTemp: Display: Module 'AndroidTargetPlatform' loaded TargetPlatform 'Android_MultiClient'
[2020.02.01-05.23.41:252][  0]LogTemp: Display: Module 'HTML5TargetPlatform' loaded TargetPlatform 'HTML5'
[2020.02.01-05.23.41:329][  0]LogTemp: Display: Module 'IOSTargetPlatform' loaded TargetPlatform 'IOSClient'
[2020.02.01-05.23.41:329][  0]LogTemp: Display: Module 'IOSTargetPlatform' loaded TargetPlatform 'IOS'
[2020.02.01-05.23.41:359][  0]LogTemp: Display: Module 'TVOSTargetPlatform' loaded TargetPlatform 'TVOSClient'
[2020.02.01-05.23.41:359][  0]LogTemp: Display: Module 'TVOSTargetPlatform' loaded TargetPlatform 'TVOS'
[2020.02.01-05.23.41:375][  0]LogTemp: Display: Module 'LinuxClientTargetPlatform' loaded TargetPlatform 'LinuxClient'
[2020.02.01-05.23.41:392][  0]LogTemp: Display: Module 'LinuxNoEditorTargetPlatform' loaded TargetPlatform 'LinuxNoEditor'
[2020.02.01-05.23.41:409][  0]LogTemp: Display: Module 'LinuxServerTargetPlatform' loaded TargetPlatform 'LinuxServer'
[2020.02.01-05.23.41:436][  0]LogTemp: Display: Module 'LinuxTargetPlatform' loaded TargetPlatform 'Linux'
[2020.02.01-05.23.41:496][  0]LogTemp: Display: Module 'LuminTargetPlatform' loaded TargetPlatform 'Lumin'
[2020.02.01-05.23.41:496][  0]LogTemp: Display: Module 'LuminTargetPlatform' loaded TargetPlatform 'LuminClient'
[2020.02.01-05.23.41:496][  0]LogTargetPlatformManager: Display: Building Assets For Windows
[2020.02.01-05.23.41:521][  0]LogAudioDebug: Display: Lib vorbis DLL was dynamically loaded.
[2020.02.01-05.23.41:679][  0]LogShaderCompilers: Guid format shader working directory is -29 characters bigger than the processId version (../../../../../../Users/w017177h/Documents/GGJ2020/Global-Game-Jam-2020/GGJ20/Intermediate/Shaders/WorkingDirectory/13068/).
[2020.02.01-05.23.41:679][  0]LogShaderCompilers: Cleaned the shader compiler working directory 'C:/Users/w017177h/AppData/Local/Temp/UnrealShaderWorkingDir/E819BB394619615E5BB132A8592D9EE7/'.
[2020.02.01-05.23.41:683][  0]LogXGEController: Cleaning working directory: C:/Users/w017177h/AppData/Local/Temp/UnrealXGEWorkingDir/
[2020.02.01-05.23.41:683][  0]LogXGEController: Cannot use XGE Controller as Incredibuild is not installed on this machine.
[2020.02.01-05.23.41:683][  0]LogShaderCompilers: Cannot use XGE Shader Compiler as Incredibuild is not installed on this machine.
[2020.02.01-05.23.41:683][  0]LogShaderCompilers: Display: Using Local Shader Compiler.
[2020.02.01-05.23.44:060][  0]LogDerivedDataCache: Display: Max Cache Size: 512 MB
[2020.02.01-05.23.44:135][  0]LogDerivedDataCache: Loaded boot cache 0.07s 71MB C:/Users/w017177h/AppData/Local/UnrealEngine/4.22/DerivedDataCache/Boot.ddc.
[2020.02.01-05.23.44:135][  0]LogDerivedDataCache: Display: Loaded Boot cache: C:/Users/w017177h/AppData/Local/UnrealEngine/4.22/DerivedDataCache/Boot.ddc
[2020.02.01-05.23.44:135][  0]LogDerivedDataCache: FDerivedDataBackendGraph:  Pak pak cache file ../../../../../../Users/w017177h/Documents/GGJ2020/Global-Game-Jam-2020/GGJ20/DerivedDataCache/DDC.ddp not found, will not use a pak cache.
[2020.02.01-05.23.44:135][  0]LogDerivedDataCache: Unable to find inner node Pak for hierarchical cache Hierarchy.
[2020.02.01-05.23.44:136][  0]LogDerivedDataCache: FDerivedDataBackendGraph:  CompressedPak pak cache file ../../../../../../Users/w017177h/Documents/GGJ2020/Global-Game-Jam-2020/GGJ20/DerivedDataCache/Compressed.ddp not found, will not use a pak cache.
[2020.02.01-05.23.44:136][  0]LogDerivedDataCache: Unable to find inner node CompressedPak for hierarchical cache Hierarchy.
[2020.02.01-05.23.44:156][  0]LogDerivedDataCache: Display: Pak cache opened for reading ../../../Engine/DerivedDataCache/Compressed.ddp.
[2020.02.01-05.23.44:156][  0]LogDerivedDataCache: FDerivedDataBackendGraph:  EnterprisePak pak cache file ../../../Enterprise/DerivedDataCache/Compressed.ddp not found, will not use a pak cache.
[2020.02.01-05.23.44:156][  0]LogDerivedDataCache: Unable to find inner node EnterprisePak for hierarchical cache Hierarchy.
[2020.02.01-05.23.44:170][  0]LogDerivedDataCache: Using Local data cache path C:/Users/w017177h/AppData/Local/UnrealEngine/Common/DerivedDataCache: Writable
[2020.02.01-05.23.44:170][  0]LogDerivedDataCache: Shared data cache path not found in *engine.ini, will not use an Shared cache.
[2020.02.01-05.23.44:170][  0]LogDerivedDataCache: Unable to find inner node Shared for hierarchical cache Hierarchy.
[2020.02.01-05.23.44:202][  0]LogMaterial: Verifying Global Shaders for PCD3D_SM5
[2020.02.01-05.23.44:207][  0]LogSlate: Using FreeType 2.6.0
[2020.02.01-05.23.44:230][  0]LogSlate: SlateFontServices - WITH_FREETYPE: 1, WITH_HARFBUZZ: 1
[2020.02.01-05.23.44:484][  0]LogAssetRegistry: FAssetRegistry took 0.0390 seconds to start up
[2020.02.01-05.23.44:946][  0]LogInit: Selected Device Profile: [Windows]
[2020.02.01-05.23.45:248][  0]LogMeshReduction: Using QuadricMeshReduction for automatic static mesh reduction
[2020.02.01-05.23.45:248][  0]LogMeshReduction: Using SimplygonMeshReduction for automatic skeletal mesh reduction
[2020.02.01-05.23.45:248][  0]LogMeshReduction: Using ProxyLODMeshReduction for automatic mesh merging
[2020.02.01-05.23.45:248][  0]LogMeshReduction: No distributed automatic mesh merging module available
[2020.02.01-05.23.45:249][  0]LogMeshMerging: No distributed automatic mesh merging module available
[2020.02.01-05.23.45:301][  0]LogNetVersion: GGJ20 1.0.0, NetCL: 5660361, EngineNetVer: 10, GameNetVer: 0 (Checksum: 2452190960)
[2020.02.01-05.23.46:375][  0]LogPackageLocalizationCache: Processed 10 localized package path(s) for 1 prioritized culture(s) in 0.057184 seconds
[2020.02.01-05.23.46:383][  0]LogUObjectArray: 42205 objects as part of root set at end of initial load.
[2020.02.01-05.23.46:383][  0]LogUObjectAllocator: 7325032 out of 0 bytes used by permanent object pool.
[2020.02.01-05.23.46:383][  0]LogUObjectArray: CloseDisregardForGC: 0/0 objects in disregard for GC pool
[2020.02.01-05.23.49:130][  0]LogTcpMessaging: Initializing TcpMessaging bridge
[2020.02.01-05.23.49:151][  0]LogUdpMessaging: Initializing bridge on interface 0.0.0.0:0 to multicast group 230.0.0.1:6666.
[2020.02.01-05.23.49:400][  0]SourceControl: Source control is disabled
[2020.02.01-05.23.49:400][  0]SourceControl: Source control is disabled
[2020.02.01-05.23.49:409][  0]SourceControl: Source control is disabled
[2020.02.01-05.23.49:415][  0]SourceControl: Source control is disabled
[2020.02.01-05.23.49:640][  0]LogAndroidPermission: UAndroidPermissionCallbackProxy::GetInstance
[2020.02.01-05.23.49:796][  0]LogOcInput: OculusInput pre-init called
[2020.02.01-05.23.50:599][  0]LogEngine: Initializing Engine...
[2020.02.01-05.23.50:601][  0]LogHMD: Failed to initialize OpenVR with code 110
[2020.02.01-05.23.50:603][  0]LogStats: UGameplayTagsManager::InitializeManager -  0.001 s
[2020.02.01-05.23.51:017][  0]LogInit: Initializing FReadOnlyCVARCache
[2020.02.01-05.23.51:052][  0]LogAIModule: Creating AISystem for world Untitled
[2020.02.01-05.23.51:078][  0]LogInit: XAudio2 using 'Headset Earphone (Corsair VOID PRO USB Gaming Headset )' : 2 channels at 48 kHz using 16 bits per sample (channel mask 0x3)
[2020.02.01-05.23.51:146][  0]LogInit: FAudioDevice initialized.
[2020.02.01-05.23.51:146][  0]LogNetVersion: Set ProjectVersion to 1.0.0.0. Version Checksum will be recalculated on next use.
[2020.02.01-05.23.51:192][  0]LogDerivedDataCache: Saved boot cache 0.05s 71MB C:/Users/w017177h/AppData/Local/UnrealEngine/4.22/DerivedDataCache/Boot.ddc.
[2020.02.01-05.23.51:201][  0]LogInit: Texture streaming: Enabled
[2020.02.01-05.23.51:230][  0]LogEngineSessionManager: EngineSessionManager initialized
[2020.02.01-05.23.51:259][  0]LogInit: Transaction tracking system initialized
[2020.02.01-05.23.51:313][  0]BlueprintLog: New page: Editor Load
[2020.02.01-05.23.51:519][  0]LocalizationService: Localization service is disabled
[2020.02.01-05.23.52:175][  0]LogFileCache: Scanning file cache for directory 'C:/Users/w017177h/Documents/GGJ2020/Global-Game-Jam-2020/GGJ20/Content/' took 0.02s
[2020.02.01-05.23.52:176][  0]LogCook: Display: Max memory allowance for cook 16384mb min free memory 0mb
[2020.02.01-05.23.52:176][  0]LogCook: Display: Mobile HDR setting 1
[2020.02.01-05.23.52:671][  0]SourceControl: Source control is disabled
[2020.02.01-05.23.52:672][  0]Cmd: MAP LOAD FILE="../../../Engine/Content/Maps/Templates/Template_Default.umap" TEMPLATE=1 SHOWPROGRESS=1 FEATURELEVEL=3
[2020.02.01-05.23.52:678][  0]LightingResults: New page: Lighting Build
[2020.02.01-05.23.52:686][  0]MapCheck: New page: Map Check
[2020.02.01-05.23.52:686][  0]LightingResults: New page: Lighting Build
[2020.02.01-05.23.52:719][  0]LogUObjectHash: Compacting FUObjectHashTables data took   1.53ms
[2020.02.01-05.23.52:892][  0]LogAIModule: Creating AISystem for world Untitled_1
[2020.02.01-05.23.52:918][  0]LogEditorServer: Finished looking for orphan Actors (0.000 secs)
[2020.02.01-05.23.52:952][  0]LogUObjectHash: Compacting FUObjectHashTables data took   1.96ms
[2020.02.01-05.23.52:952][  0]Cmd: MAP CHECKDEP NOCLEARLOG
[2020.02.01-05.23.52:953][  0]MapCheck: Map check complete: 0 Error(s), 0 Warning(s), took 0.454ms to complete.
[2020.02.01-05.23.52:953][  0]LogFileHelpers: Loading map 'Template_Default' took 0.281
[2020.02.01-05.23.53:126][  0]LogSlate: Updating window title bar state: overlay mode, drag disabled, window buttons hidden, title bar hidden
[2020.02.01-05.23.53:134][  0]LogSlate: Updating window title bar state: overlay mode, drag disabled, window buttons hidden, title bar hidden
[2020.02.01-05.23.53:141][  0]LogSlate: Updating window title bar state: overlay mode, drag disabled, window buttons hidden, title bar hidden
[2020.02.01-05.23.53:148][  0]LogSlate: Updating window title bar state: overlay mode, drag disabled, window buttons hidden, title bar hidden
[2020.02.01-05.23.53:166][  0]LogCollectionManager: Loaded 0 collections in 0.001756 seconds
[2020.02.01-05.23.53:223][  0]LogFileCache: Scanning file cache for directory 'C:/Users/w017177h/Documents/GGJ2020/Global-Game-Jam-2020/GGJ20/Saved/Collections/' took 0.01s
[2020.02.01-05.23.53:223][  0]LogFileCache: Scanning file cache for directory 'C:/Users/w017177h/Documents/GGJ2020/Global-Game-Jam-2020/GGJ20/Content/Developers/w017177h/Collections/' took 0.01s
[2020.02.01-05.23.53:224][  0]LogFileCache: Scanning file cache for directory 'C:/Users/w017177h/Documents/GGJ2020/Global-Game-Jam-2020/GGJ20/Content/Collections/' took 0.01s
[2020.02.01-05.23.53:224][  0]LogCollectionManager: Rebuilt the GUID cache for 0 collections in 0.000001 seconds
[2020.02.01-05.23.53:238][  0]LogContentBrowser: Native class hierarchy populated in 0.0126 seconds. Added 2737 classes and 662 folders.
[2020.02.01-05.23.53:249][  0]LogContentBrowser: Native class hierarchy updated for 'WidgetCarousel' in 0.0004 seconds. Added 0 classes and 0 folders.
[2020.02.01-05.23.53:258][  0]LogPakFile: Registered encryption key '00000000000000000000000000000000': 0 pak files mounted, 0 remain pending
[2020.02.01-05.23.53:266][  0]LogPakFile: Registered encryption key '00000000000000000000000000000000': 0 pak files mounted, 0 remain pending
[2020.02.01-05.23.53:281][  0]LogPakFile: Registered encryption key '00000000000000000000000000000000': 0 pak files mounted, 0 remain pending
[2020.02.01-05.23.53:287][  0]LogPakFile: Registered encryption key '00000000000000000000000000000000': 0 pak files mounted, 0 remain pending
[2020.02.01-05.23.53:293][  0]LogPakFile: Registered encryption key '00000000000000000000000000000000': 0 pak files mounted, 0 remain pending
[2020.02.01-05.23.53:299][  0]LogPakFile: Registered encryption key '00000000000000000000000000000000': 0 pak files mounted, 0 remain pending
[2020.02.01-05.23.53:305][  0]LogPakFile: Registered encryption key '00000000000000000000000000000000': 0 pak files mounted, 0 remain pending
[2020.02.01-05.23.53:309][  0]LogPakFile: Registered encryption key '00000000000000000000000000000000': 0 pak files mounted, 0 remain pending
[2020.02.01-05.23.53:315][  0]LogPakFile: Registered encryption key '00000000000000000000000000000000': 0 pak files mounted, 0 remain pending
[2020.02.01-05.23.53:322][  0]LogPakFile: Registered encryption key '00000000000000000000000000000000': 0 pak files mounted, 0 remain pending
[2020.02.01-05.23.53:328][  0]LogPakFile: Registered encryption key '00000000000000000000000000000000': 0 pak files mounted, 0 remain pending
[2020.02.01-05.23.53:334][  0]LogPakFile: Registered encryption key '00000000000000000000000000000000': 0 pak files mounted, 0 remain pending
[2020.02.01-05.23.53:340][  0]LogPakFile: Registered encryption key '00000000000000000000000000000000': 0 pak files mounted, 0 remain pending
[2020.02.01-05.23.53:346][  0]LogPakFile: Registered encryption key '00000000000000000000000000000000': 0 pak files mounted, 0 remain pending
[2020.02.01-05.23.53:351][  0]LogPakFile: Registered encryption key '00000000000000000000000000000000': 0 pak files mounted, 0 remain pending
[2020.02.01-05.23.53:357][  0]LogPakFile: Registered encryption key '00000000000000000000000000000000': 0 pak files mounted, 0 remain pending
[2020.02.01-05.23.53:392][  0]LogPakFile: Registered encryption key '00000000000000000000000000000000': 0 pak files mounted, 0 remain pending
[2020.02.01-05.23.53:398][  0]LogPakFile: Registered encryption key '00000000000000000000000000000000': 0 pak files mounted, 0 remain pending
[2020.02.01-05.23.53:405][  0]LogPakFile: Registered encryption key '00000000000000000000000000000000': 0 pak files mounted, 0 remain pending
[2020.02.01-05.23.53:411][  0]LogPakFile: Registered encryption key '00000000000000000000000000000000': 0 pak files mounted, 0 remain pending
[2020.02.01-05.23.53:419][  0]LogPakFile: Registered encryption key '00000000000000000000000000000000': 0 pak files mounted, 0 remain pending
[2020.02.01-05.23.53:425][  0]LogPakFile: Registered encryption key '00000000000000000000000000000000': 0 pak files mounted, 0 remain pending
[2020.02.01-05.23.53:432][  0]LogPakFile: Registered encryption key '00000000000000000000000000000000': 0 pak files mounted, 0 remain pending
[2020.02.01-05.23.53:439][  0]LogPakFile: Registered encryption key '00000000000000000000000000000000': 0 pak files mounted, 0 remain pending
[2020.02.01-05.23.53:446][  0]LogPakFile: Registered encryption key '00000000000000000000000000000000': 0 pak files mounted, 0 remain pending
[2020.02.01-05.23.53:453][  0]LogPakFile: Registered encryption key '00000000000000000000000000000000': 0 pak files mounted, 0 remain pending
[2020.02.01-05.23.53:614][  0]LogContentBrowser: Native class hierarchy updated for 'AddContentDialog' in 0.0004 seconds. Added 0 classes and 0 folders.
[2020.02.01-05.23.53:628][  0]LogContentBrowser: Native class hierarchy updated for 'SceneOutliner' in 0.0004 seconds. Added 1 classes and 2 folders.
[2020.02.01-05.23.53:683][  0]LogSlate: Took 0.008489 seconds to synchronously load lazily loaded font '../../../Engine/Content/Slate/Fonts/Roboto-Regular.ttf' (155K)
[2020.02.01-05.23.53:691][  0]LogSlate: Took 0.006372 seconds to synchronously load lazily loaded font '../../../Engine/Content/Slate/Fonts/Roboto-Bold.ttf' (160K)
[2020.02.01-05.23.53:704][  0]LogSlate: Took 0.006609 seconds to synchronously load lazily loaded font '../../../Engine/Content/Editor/Slate/Fonts/FontAwesome.ttf' (139K)
[2020.02.01-05.23.53:845][  0]LogRenderer: Reallocating scene render targets to support 1052x572 Format 10 NumSamples 1 (Frame:1).
[2020.02.01-05.23.53:950][  0]LogSlate: FSceneViewport::OnFocusLost() reason 2
[2020.02.01-05.23.53:992][  0]LogSlate: Window 'Tutorials' being destroyed
[2020.02.01-05.23.54:031][  0]LogContentBrowser: Native class hierarchy updated for 'HierarchicalLODOutliner' in 0.0004 seconds. Added 0 classes and 0 folders.
[2020.02.01-05.23.54:031][  0]LogLoad: (Engine Initialization) Total time: 19.89 seconds
[2020.02.01-05.23.54:031][  0]LogLoad: (Engine Initialization) Total Blueprint compile time: 0.00 seconds
[2020.02.01-05.23.54:112][  0]LogAssetRegistry: Asset discovery search completed in 9.6523 seconds
[2020.02.01-05.23.54:115][  0]LogCollectionManager: Rebuilt the object cache for 0 collections in 0.000000 seconds (found 0 objects)
[2020.02.01-05.23.54:115][  0]LogCollectionManager: Fixed up redirectors for 0 collections in 0.000113 seconds (updated 0 objects)
[2020.02.01-05.23.54:116][  0]LogContentStreaming: Texture pool size now 1000 MB
[2020.02.01-05.23.54:144][  0]LogSlate: Took 0.005398 seconds to synchronously load lazily loaded font '../../../Engine/Content/Slate/Fonts/Roboto-Light.ttf' (167K)
[2020.02.01-05.24.13:592][324]LogSlate: FSceneViewport::OnFocusLost() reason 0
[2020.02.01-05.24.15:241][521]LogSlate: Took 0.000155 seconds to synchronously load lazily loaded font '../../../Engine/Content/Slate/Fonts/Roboto-Light.ttf' (167K)
[2020.02.01-05.24.15:299][521]LogAIModule: Creating AISystem for world JohnsTestLevel
[2020.02.01-05.24.15:307][521]LogAssetEditorManager: Opening Asset editor for World /Game/Maps/JohnsTestLevel.JohnsTestLevel
[2020.02.01-05.24.15:338][521]LogUObjectHash: Compacting FUObjectHashTables data took   1.74ms
[2020.02.01-05.24.15:340][521]Cmd: MAP LOAD FILE="../../../../../../Users/w017177h/Documents/GGJ2020/Global-Game-Jam-2020/GGJ20/Content/Maps/JohnsTestLevel.umap" TEMPLATE=0 SHOWPROGRESS=1 FEATURELEVEL=3
[2020.02.01-05.24.15:340][521]LightingResults: New page: Lighting Build
[2020.02.01-05.24.15:340][521]LoadErrors: New page: Loading map: JohnsTestLevel.umap
[2020.02.01-05.24.15:341][521]MapCheck: New page: Map Check
[2020.02.01-05.24.15:341][521]LightingResults: New page: Lighting Build
[2020.02.01-05.24.15:372][521]LogUObjectHash: Compacting FUObjectHashTables data took   1.64ms
[2020.02.01-05.24.15:377][521]LogEditorServer: Finished looking for orphan Actors (0.000 secs)
[2020.02.01-05.24.15:408][521]LogUObjectHash: Compacting FUObjectHashTables data took   1.84ms
[2020.02.01-05.24.15:435][521]Cmd: MAP CHECKDEP NOCLEARLOG
[2020.02.01-05.24.15:435][521]MapCheck: Map check complete: 0 Error(s), 0 Warning(s), took 0.204ms to complete.
[2020.02.01-05.24.15:435][521]LogFileHelpers: Loading map 'JohnsTestLevel' took 0.096
[2020.02.01-05.24.28:444][ 46]LogSlate: FSceneViewport::OnFocusLost() reason 0
[2020.02.01-05.24.28:519][ 55]LogTemp: Repeating last play command: Selected Viewport
[2020.02.01-05.24.28:532][ 55]LogBlueprintUserMessages: Early PlayInEditor Detection: Level '/Game/Maps/JohnsTestLevel.JohnsTestLevel:PersistentLevel' has LevelScriptBlueprint '/Game/Maps/JohnsTestLevel.JohnsTestLevel:PersistentLevel.JohnsTestLevel' with GeneratedClass '/Game/Maps/JohnsTestLevel.JohnsTestLevel_C' with ClassGeneratedBy '/Game/Maps/JohnsTestLevel.JohnsTestLevel:PersistentLevel.JohnsTestLevel'
[2020.02.01-05.24.28:534][ 55]LogPlayLevel: PlayLevel: No blueprints needed recompiling
[2020.02.01-05.24.28:534][ 55]PIE: New page: PIE session: JohnsTestLevel (1 Feb 2020 05:24:28)
[2020.02.01-05.24.28:548][ 55]LogPlayLevel: Creating play world package: /Game/Maps/UEDPIE_0_JohnsTestLevel
[2020.02.01-05.24.28:552][ 55]LogPlayLevel: PIE: StaticDuplicateObject took: (0.003231s)
[2020.02.01-05.24.28:553][ 55]LogAIModule: Creating AISystem for world JohnsTestLevel
[2020.02.01-05.24.28:553][ 55]LogPlayLevel: PIE: World Init took: (0.001306s)
[2020.02.01-05.24.28:554][ 55]LogPlayLevel: PIE: Created PIE world by copying editor world from /Game/Maps/JohnsTestLevel.JohnsTestLevel to /Game/Maps/UEDPIE_0_JohnsTestLevel.JohnsTestLevel (0.005246s)
[2020.02.01-05.24.28:582][ 55]LogUObjectHash: Compacting FUObjectHashTables data took   1.08ms
[2020.02.01-05.24.28:596][ 55]LogInit: XAudio2 using 'Headset Earphone (Corsair VOID PRO USB Gaming Headset )' : 2 channels at 48 kHz using 16 bits per sample (channel mask 0x3)
[2020.02.01-05.24.28:607][ 55]LogInit: FAudioDevice initialized.
[2020.02.01-05.24.28:673][ 55]LogLoad: Game class is 'TestLevel_C'
[2020.02.01-05.24.28:676][ 55]LogWorld: Bringing World /Game/Maps/UEDPIE_0_JohnsTestLevel.JohnsTestLevel up for play (max tick rate 0) at 2020.02.01-05.24.28
[2020.02.01-05.24.28:677][ 55]LogWorld: Bringing up level for play took: 0.001424
[2020.02.01-05.24.28:697][ 55]LogContentBrowser: Native class hierarchy updated for 'MovieSceneCapture' in 0.0004 seconds. Added 20 classes and 0 folders.
[2020.02.01-05.24.28:700][ 55]PIE: Play in editor start time for /Game/Maps/UEDPIE_0_JohnsTestLevel 0.004
[2020.02.01-05.24.28:700][ 55]LogBlueprintUserMessages: Late PlayInEditor Detection: Level '/Game/Maps/JohnsTestLevel.JohnsTestLevel:PersistentLevel' has LevelScriptBlueprint '/Game/Maps/JohnsTestLevel.JohnsTestLevel:PersistentLevel.JohnsTestLevel' with GeneratedClass '/Game/Maps/JohnsTestLevel.JohnsTestLevel_C' with ClassGeneratedBy '/Game/Maps/JohnsTestLevel.JohnsTestLevel:PersistentLevel.JohnsTestLevel'
[2020.02.01-05.24.52:792][941]LogBlueprintUserMessages: Early EndPlayMap Detection: Level '/Game/Maps/JohnsTestLevel.JohnsTestLevel:PersistentLevel' has LevelScriptBlueprint '/Game/Maps/JohnsTestLevel.JohnsTestLevel:PersistentLevel.JohnsTestLevel' with GeneratedClass '/Game/Maps/JohnsTestLevel.JohnsTestLevel_C' with ClassGeneratedBy '/Game/Maps/JohnsTestLevel.JohnsTestLevel:PersistentLevel.JohnsTestLevel'
[2020.02.01-05.24.52:793][941]LogSlate: Updating window title bar state: overlay mode, drag disabled, window buttons hidden, title bar hidden
[2020.02.01-05.24.52:835][941]LogPlayLevel: Display: Shutting down PIE online subsystems
[2020.02.01-05.24.52:835][941]LogBlueprintUserMessages: Late EndPlayMap Detection: Level '/Game/Maps/JohnsTestLevel.JohnsTestLevel:PersistentLevel' has LevelScriptBlueprint '/Game/Maps/JohnsTestLevel.JohnsTestLevel:PersistentLevel.JohnsTestLevel' with GeneratedClass '/Game/Maps/JohnsTestLevel.JohnsTestLevel_C' with ClassGeneratedBy '/Game/Maps/JohnsTestLevel.JohnsTestLevel:PersistentLevel.JohnsTestLevel'
[2020.02.01-05.24.52:867][941]LogSlate: Updating window title bar state: overlay mode, drag disabled, window buttons hidden, title bar hidden
[2020.02.01-05.24.52:871][941]LogUObjectHash: Compacting FUObjectHashTables data took   1.86ms
[2020.02.01-05.24.52:917][943]LogPlayLevel: Display: Destroying online subsystem :Context_1
[2020.02.01-05.24.57:556][187]LogSlate: FSceneViewport::OnFocusLost() reason 0
[2020.02.01-05.25.02:333][746]LogTemp: Repeating last play command: Selected Viewport
[2020.02.01-05.25.02:346][746]LogBlueprintUserMessages: Early PlayInEditor Detection: Level '/Game/Maps/JohnsTestLevel.JohnsTestLevel:PersistentLevel' has LevelScriptBlueprint '/Game/Maps/JohnsTestLevel.JohnsTestLevel:PersistentLevel.JohnsTestLevel' with GeneratedClass '/Game/Maps/JohnsTestLevel.JohnsTestLevel_C' with ClassGeneratedBy '/Game/Maps/JohnsTestLevel.JohnsTestLevel:PersistentLevel.JohnsTestLevel'
[2020.02.01-05.25.02:346][746]LogPlayLevel: PlayLevel: No blueprints needed recompiling
[2020.02.01-05.25.02:347][746]PIE: New page: PIE session: JohnsTestLevel (1 Feb 2020 05:25:02)
[2020.02.01-05.25.02:347][746]LogPlayLevel: Creating play world package: /Game/Maps/UEDPIE_0_JohnsTestLevel
[2020.02.01-05.25.02:350][746]LogPlayLevel: PIE: StaticDuplicateObject took: (0.003271s)
[2020.02.01-05.25.02:351][746]LogAIModule: Creating AISystem for world JohnsTestLevel
[2020.02.01-05.25.02:351][746]LogPlayLevel: PIE: World Init took: (0.000669s)
[2020.02.01-05.25.02:351][746]LogPlayLevel: PIE: Created PIE world by copying editor world from /Game/Maps/JohnsTestLevel.JohnsTestLevel to /Game/Maps/UEDPIE_0_JohnsTestLevel.JohnsTestLevel (0.004544s)
[2020.02.01-05.25.02:379][746]LogUObjectHash: Compacting FUObjectHashTables data took   1.07ms
[2020.02.01-05.25.02:391][746]LogInit: XAudio2 using 'Headset Earphone (Corsair VOID PRO USB Gaming Headset )' : 2 channels at 48 kHz using 16 bits per sample (channel mask 0x3)
[2020.02.01-05.25.02:403][746]LogInit: FAudioDevice initialized.
[2020.02.01-05.25.02:434][746]LogLoad: Game class is 'TestLevel_C'
[2020.02.01-05.25.02:436][746]LogWorld: Bringing World /Game/Maps/UEDPIE_0_JohnsTestLevel.JohnsTestLevel up for play (max tick rate 0) at 2020.02.01-05.25.02
[2020.02.01-05.25.02:436][746]LogWorld: Bringing up level for play took: 0.001012
[2020.02.01-05.25.02:451][746]PIE: Play in editor start time for /Game/Maps/UEDPIE_0_JohnsTestLevel -0.245
[2020.02.01-05.25.02:451][746]LogBlueprintUserMessages: Late PlayInEditor Detection: Level '/Game/Maps/JohnsTestLevel.JohnsTestLevel:PersistentLevel' has LevelScriptBlueprint '/Game/Maps/JohnsTestLevel.JohnsTestLevel:PersistentLevel.JohnsTestLevel' with GeneratedClass '/Game/Maps/JohnsTestLevel.JohnsTestLevel_C' with ClassGeneratedBy '/Game/Maps/JohnsTestLevel.JohnsTestLevel:PersistentLevel.JohnsTestLevel'
[2020.02.01-05.25.05:514][106]Set new viewmode: Wireframe
[2020.02.01-05.25.06:139][181]Set new viewmode: Wireframe
[2020.02.01-05.25.06:399][212]LogBlueprintUserMessages: Early EndPlayMap Detection: Level '/Game/Maps/JohnsTestLevel.JohnsTestLevel:PersistentLevel' has LevelScriptBlueprint '/Game/Maps/JohnsTestLevel.JohnsTestLevel:PersistentLevel.JohnsTestLevel' with GeneratedClass '/Game/Maps/JohnsTestLevel.JohnsTestLevel_C' with ClassGeneratedBy '/Game/Maps/JohnsTestLevel.JohnsTestLevel:PersistentLevel.JohnsTestLevel'
[2020.02.01-05.25.06:399][212]LogSlate: Updating window title bar state: overlay mode, drag disabled, window buttons hidden, title bar hidden
[2020.02.01-05.25.06:433][212]LogPlayLevel: Display: Shutting down PIE online subsystems
[2020.02.01-05.25.06:433][212]LogBlueprintUserMessages: Late EndPlayMap Detection: Level '/Game/Maps/JohnsTestLevel.JohnsTestLevel:PersistentLevel' has LevelScriptBlueprint '/Game/Maps/JohnsTestLevel.JohnsTestLevel:PersistentLevel.JohnsTestLevel' with GeneratedClass '/Game/Maps/JohnsTestLevel.JohnsTestLevel_C' with ClassGeneratedBy '/Game/Maps/JohnsTestLevel.JohnsTestLevel:PersistentLevel.JohnsTestLevel'
[2020.02.01-05.25.06:463][212]LogSlate: Updating window title bar state: overlay mode, drag disabled, window buttons hidden, title bar hidden
[2020.02.01-05.25.06:466][212]LogUObjectHash: Compacting FUObjectHashTables data took   1.10ms
[2020.02.01-05.25.06:508][214]LogPlayLevel: Display: Destroying online subsystem :Context_2
[2020.02.01-05.25.07:510][334]LogSlate: FSceneViewport::OnFocusLost() reason 0
[2020.02.01-05.25.11:383][795]LogTemp: Repeating last play command: Selected Viewport
[2020.02.01-05.25.11:398][795]LogBlueprintUserMessages: Early PlayInEditor Detection: Level '/Game/Maps/JohnsTestLevel.JohnsTestLevel:PersistentLevel' has LevelScriptBlueprint '/Game/Maps/JohnsTestLevel.JohnsTestLevel:PersistentLevel.JohnsTestLevel' with GeneratedClass '/Game/Maps/JohnsTestLevel.JohnsTestLevel_C' with ClassGeneratedBy '/Game/Maps/JohnsTestLevel.JohnsTestLevel:PersistentLevel.JohnsTestLevel'
[2020.02.01-05.25.11:399][795]LogPlayLevel: PlayLevel: No blueprints needed recompiling
[2020.02.01-05.25.11:399][795]PIE: New page: PIE session: JohnsTestLevel (1 Feb 2020 05:25:11)
[2020.02.01-05.25.11:399][795]LogPlayLevel: Creating play world package: /Game/Maps/UEDPIE_0_JohnsTestLevel
[2020.02.01-05.25.11:402][795]LogPlayLevel: PIE: StaticDuplicateObject took: (0.002838s)
[2020.02.01-05.25.11:402][795]LogAIModule: Creating AISystem for world JohnsTestLevel
[2020.02.01-05.25.11:403][795]LogPlayLevel: PIE: World Init took: (0.000681s)
[2020.02.01-05.25.11:403][795]LogPlayLevel: PIE: Created PIE world by copying editor world from /Game/Maps/JohnsTestLevel.JohnsTestLevel to /Game/Maps/UEDPIE_0_JohnsTestLevel.JohnsTestLevel (0.003834s)
[2020.02.01-05.25.11:431][795]LogUObjectHash: Compacting FUObjectHashTables data took   1.34ms
[2020.02.01-05.25.11:443][795]LogInit: XAudio2 using 'Headset Earphone (Corsair VOID PRO USB Gaming Headset )' : 2 channels at 48 kHz using 16 bits per sample (channel mask 0x3)
[2020.02.01-05.25.11:452][795]LogInit: FAudioDevice initialized.
[2020.02.01-05.25.11:487][795]LogLoad: Game class is 'TestLevel_C'
[2020.02.01-05.25.11:489][795]LogWorld: Bringing World /Game/Maps/UEDPIE_0_JohnsTestLevel.JohnsTestLevel up for play (max tick rate 0) at 2020.02.01-05.25.11
[2020.02.01-05.25.11:489][795]LogWorld: Bringing up level for play took: 0.000931
[2020.02.01-05.25.11:502][795]PIE: Play in editor start time for /Game/Maps/UEDPIE_0_JohnsTestLevel 0.807
[2020.02.01-05.25.11:502][795]LogBlueprintUserMessages: Late PlayInEditor Detection: Level '/Game/Maps/JohnsTestLevel.JohnsTestLevel:PersistentLevel' has LevelScriptBlueprint '/Game/Maps/JohnsTestLevel.JohnsTestLevel:PersistentLevel.JohnsTestLevel' with GeneratedClass '/Game/Maps/JohnsTestLevel.JohnsTestLevel_C' with ClassGeneratedBy '/Game/Maps/JohnsTestLevel.JohnsTestLevel:PersistentLevel.JohnsTestLevel'
[2020.02.01-05.25.15:558][277]LogBlueprintUserMessages: Early EndPlayMap Detection: Level '/Game/Maps/JohnsTestLevel.JohnsTestLevel:PersistentLevel' has LevelScriptBlueprint '/Game/Maps/JohnsTestLevel.JohnsTestLevel:PersistentLevel.JohnsTestLevel' with GeneratedClass '/Game/Maps/JohnsTestLevel.JohnsTestLevel_C' with ClassGeneratedBy '/Game/Maps/JohnsTestLevel.JohnsTestLevel:PersistentLevel.JohnsTestLevel'
[2020.02.01-05.25.15:559][277]LogSlate: Updating window title bar state: overlay mode, drag disabled, window buttons hidden, title bar hidden
[2020.02.01-05.25.15:590][277]LogPlayLevel: Display: Shutting down PIE online subsystems
[2020.02.01-05.25.15:591][277]LogBlueprintUserMessages: Late EndPlayMap Detection: Level '/Game/Maps/JohnsTestLevel.JohnsTestLevel:PersistentLevel' has LevelScriptBlueprint '/Game/Maps/JohnsTestLevel.JohnsTestLevel:PersistentLevel.JohnsTestLevel' with GeneratedClass '/Game/Maps/JohnsTestLevel.JohnsTestLevel_C' with ClassGeneratedBy '/Game/Maps/JohnsTestLevel.JohnsTestLevel:PersistentLevel.JohnsTestLevel'
[2020.02.01-05.25.15:622][277]LogSlate: Updating window title bar state: overlay mode, drag disabled, window buttons hidden, title bar hidden
[2020.02.01-05.25.15:624][277]LogUObjectHash: Compacting FUObjectHashTables data took   1.08ms
[2020.02.01-05.25.15:666][279]LogPlayLevel: Display: Destroying online subsystem :Context_3
[2020.02.01-05.26.00:306][684]LogSlate: FSceneViewport::OnFocusLost() reason 0
[2020.02.01-05.26.00:417][694]LogUObjectHash: Compacting FUObjectHashTables data took   0.69ms
[2020.02.01-05.26.01:686][694]LogSlate: Window 'Save Content' being destroyed
[2020.02.01-05.26.01:729][694]LogUObjectHash: Compacting FUObjectHashTables data took   0.64ms
[2020.02.01-05.26.01:847][694]LogSavePackage: Moving '../../../../../../Users/w017177h/Documents/GGJ2020/Global-Game-Jam-2020/GGJ20/Saved/JohnsTestLevel30886F704ED325BEFF87B6ADFF8F5A41.tmp' to '../../../../../../Users/w017177h/Documents/GGJ2020/Global-Game-Jam-2020/GGJ20/Content/Maps/JohnsTestLevel.umap'
[2020.02.01-05.26.01:894][694]LogFileHelpers: Saving map 'JohnsTestLevel' took 0.194
[2020.02.01-05.26.01:959][694]LogSlate: Window 'GGJ20 - Unreal Editor' being destroyed
[2020.02.01-05.26.01:959][694]LogWindowsTextInputMethodSystem: Display: IME system now deactivated.
[2020.02.01-05.26.02:147][695]Cmd: QUIT_EDITOR
[2020.02.01-05.26.03:033][695]LogExit: Preparing to exit.
[2020.02.01-05.26.03:836][695]LogExit: Editor shut down
[2020.02.01-05.26.03:836][695]LogExit: Transaction tracking system shut down
[2020.02.01-05.26.04:101][695]LogExit: Object subsystem successfully closed.
[2020.02.01-05.26.04:131][695]LogShaderCompilers: Display: Shaders left to compile 0
[2020.02.01-05.26.04:135][695]LogD3D11RHI: Shutdown
[2020.02.01-05.26.04:135][695]LogD3D11RHI: CleanupD3DDevice
[2020.02.01-05.26.04:136][695]LogRendererCore: FGlobalReadBuffer::ReleaseRHI
[2020.02.01-05.26.04:136][695]LogRendererCore: FGlobalDynamicReadBuffer::Cleanup()
[2020.02.01-05.26.04:136][695]LogRendererCore: FGlobalReadBuffer::ReleaseRHI
[2020.02.01-05.26.04:136][695]LogRendererCore: FGlobalDynamicReadBuffer::Cleanup()
[2020.02.01-05.26.04:136][695]LogRendererCore: FGlobalReadBuffer::ReleaseRHI
[2020.02.01-05.26.04:136][695]LogRendererCore: FGlobalDynamicReadBuffer::Cleanup()
[2020.02.01-05.26.04:194][695]LogD3D11RHI: ~FD3D11DynamicRHI
[2020.02.01-05.26.04:222][695]LogModuleManager: Shutting down and abandoning module MovieSceneCapture (650)
[2020.02.01-05.26.04:223][695]LogModuleManager: Shutting down and abandoning module Voice (648)
[2020.02.01-05.26.04:223][695]LogModuleManager: Shutting down and abandoning module HierarchicalLODOutliner (646)
[2020.02.01-05.26.04:223][695]LogModuleManager: Shutting down and abandoning module SceneOutliner (644)
[2020.02.01-05.26.04:223][695]LogModuleManager: Shutting down and abandoning module AddContentDialog (642)
[2020.02.01-05.26.04:223][695]LogModuleManager: Shutting down and abandoning module WidgetCarousel (641)
[2020.02.01-05.26.04:223][695]LogModuleManager: Shutting down and abandoning module EditorWidgets (638)
[2020.02.01-05.26.04:223][695]LogModuleManager: Shutting down and abandoning module CollectionManager (636)
[2020.02.01-05.26.04:223][695]LogModuleManager: Shutting down and abandoning module HierarchicalLODUtilities (634)
[2020.02.01-05.26.04:224][695]LogModuleManager: Shutting down and abandoning module StatsViewer (632)
[2020.02.01-05.26.04:224][695]LogModuleManager: Shutting down and abandoning module FoliageEdit (630)
[2020.02.01-05.26.04:224][695]LogModuleManager: Shutting down and abandoning module LandscapeEditor (628)
[2020.02.01-05.26.04:225][695]LogModuleManager: Shutting down and abandoning module MeshPaintMode (626)
[2020.02.01-05.26.04:225][695]LogModuleManager: Shutting down and abandoning module SceneDepthPickerMode (624)
[2020.02.01-05.26.04:225][695]LogModuleManager: Shutting down and abandoning module ActorPickerMode (622)
[2020.02.01-05.26.04:225][695]LogModuleManager: Shutting down and abandoning module GeometryMode (620)
[2020.02.01-05.26.04:225][695]LogModuleManager: Shutting down and abandoning module TextureAlignMode (618)
[2020.02.01-05.26.04:225][695]LogModuleManager: Shutting down and abandoning module BspMode (616)
[2020.02.01-05.26.04:225][695]LogModuleManager: Shutting down and abandoning module PIEPreviewDeviceProfileSelector (614)
[2020.02.01-05.26.04:225][695]LogModuleManager: Shutting down and abandoning module SequenceRecorderSections (612)
[2020.02.01-05.26.04:225][695]LogModuleManager: Shutting down and abandoning module AutomationWorker (610)
[2020.02.01-05.26.04:226][695]LogModuleManager: Shutting down and abandoning module OculusMR (608)
[2020.02.01-05.26.04:226][695]LogModuleManager: Shutting down and abandoning module AudioCaptureEditor (606)
[2020.02.01-05.26.04:226][695]LogModuleManager: Shutting down and abandoning module MatineeToLevelSequence (604)
[2020.02.01-05.26.04:226][695]LogModuleManager: Shutting down and abandoning module LevelSequenceEditor (602)
[2020.02.01-05.26.04:226][695]LogModuleManager: Shutting down and abandoning module PlacementMode (601)
[2020.02.01-05.26.04:226][695]LogModuleManager: Shutting down and abandoning module MaterialEditor (600)
[2020.02.01-05.26.04:227][695]LogModuleManager: Shutting down and abandoning module ActorSequenceEditor (596)
[2020.02.01-05.26.04:227][695]LogModuleManager: Shutting down and abandoning module WmfMediaFactory (594)
[2020.02.01-05.26.04:228][695]LogModuleManager: Shutting down and abandoning module WmfMediaEditor (592)
[2020.02.01-05.26.04:228][695]LogModuleManager: Shutting down and abandoning module WebMMediaFactory (590)
[2020.02.01-05.26.04:228][695]LogModuleManager: Shutting down and abandoning module WebMMediaEditor (588)
[2020.02.01-05.26.04:228][695]LogModuleManager: Shutting down and abandoning module WebMMedia (586)
[2020.02.01-05.26.04:228][695]LogModuleManager: Shutting down and abandoning module MediaPlayerEditor (584)
[2020.02.01-05.26.04:228][695]LogModuleManager: Shutting down and abandoning module MediaCompositingEditor (582)
[2020.02.01-05.26.04:228][695]LogModuleManager: Shutting down and abandoning module SequenceRecorder (581)
[2020.02.01-05.26.04:228][695]LogModuleManager: Shutting down and abandoning module OpenExrWrapper (578)
[2020.02.01-05.26.04:228][695]LogModuleManager: Shutting down and abandoning module ImgMediaFactory (576)
[2020.02.01-05.26.04:228][695]LogModuleManager: Shutting down and abandoning module ImgMediaEditor (574)
[2020.02.01-05.26.04:228][695]LogModuleManager: Shutting down and abandoning module AvfMediaFactory (572)
[2020.02.01-05.26.04:229][695]LogModuleManager: Shutting down and abandoning module AvfMediaEditor (570)
[2020.02.01-05.26.04:229][695]LogModuleManager: Shutting down and abandoning module AndroidMediaFactory (568)
[2020.02.01-05.26.04:229][695]LogModuleManager: Shutting down and abandoning module AndroidMediaEditor (566)
[2020.02.01-05.26.04:229][695]LogModuleManager: Shutting down and abandoning module MagicLeapCameraPreviewFactory (564)
[2020.02.01-05.26.04:229][695]LogModuleManager: Shutting down and abandoning module MagicLeapMediaCodecFactory (562)
[2020.02.01-05.26.04:229][695]LogModuleManager: Shutting down and abandoning module MagicLeapMediaFactory (560)
[2020.02.01-05.26.04:229][695]LogModuleManager: Shutting down and abandoning module MagicLeapMediaEditor (558)
[2020.02.01-05.26.04:229][695]LogModuleManager: Shutting down and abandoning module CharacterAI (556)
[2020.02.01-05.26.04:229][695]LogModuleManager: Shutting down and abandoning module SmartSnapping (554)
[2020.02.01-05.26.04:229][695]LogModuleManager: Shutting down and abandoning module SessionServices (552)
[2020.02.01-05.26.04:229][695]LogModuleManager: Shutting down and abandoning module MeshPaint (550)
[2020.02.01-05.26.04:229][695]LogModuleManager: Shutting down and abandoning module ViewportSnapping (548)
[2020.02.01-05.26.04:229][695]LogModuleManager: Shutting down and abandoning module ViewportInteraction (546)
[2020.02.01-05.26.04:229][695]LogModuleManager: Shutting down and abandoning module ClothPainter (544)
[2020.02.01-05.26.04:230][695]LogModuleManager: Shutting down and abandoning module SkeletalMeshEditor (543)
[2020.02.01-05.26.04:231][695]LogModuleManager: Shutting down and abandoning module LogVisualizer (540)
[2020.02.01-05.26.04:231][695]LogModuleManager: Shutting down and abandoning module IntroTutorials (538)
[2020.02.01-05.26.04:231][695]LogModuleManager: Shutting down and abandoning module GameProjectGeneration (537)
[2020.02.01-05.26.04:231][695]LogModuleManager: Shutting down and abandoning module LuminPlatformEditor (534)
[2020.02.01-05.26.04:231][695]LogModuleManager: Shutting down and abandoning module IOSPlatformEditor (532)
