Log file open, 02/01/20 05:29:58
LogWindows: Failed to load 'aqProf.dll' (GetLastError=126)
LogWindows: File 'aqProf.dll' does not exist
LogWindows: Failed to load 'VtuneApi.dll' (GetLastError=126)
LogWindows: File 'VtuneApi.dll' does not exist
LogWindows: Failed to load 'VtuneApi32e.dll' (GetLastError=126)
LogWindows: File 'VtuneApi32e.dll' does not exist
LogConsoleResponse: Display: Failed to find resolution value strings in scalability ini. Falling back to default.
LogInit: Display: Running engine for game: GGJ20
LogPakFile: Registered encryption key '00000000000000000000000000000000': 0 pak files mounted, 0 remain pending
LogPlatformFile: Not using cached read wrapper
LogTaskGraph: Started task graph with 5 named threads and 23 total threads with 3 sets of task threads.
LogStats: Stats thread started at 0.368567
LogD3D11RHI: Loaded GFSDK_Aftermath_Lib.x64.dll
LogICUInternationalization: ICU TimeZone Detection - Raw Offset: +0:00, Platform Override: ''
LogPluginManager: Mounting plugin Paper2D
LogPluginManager: Mounting plugin AISupport
LogPluginManager: Mounting plugin LightPropagationVolume
LogPluginManager: Mounting plugin ActorLayerUtilities
LogPluginManager: Mounting plugin AnimationSharing
LogPluginManager: Mounting plugin CLionSourceCodeAccess
LogPluginManager: Mounting plugin CodeLiteSourceCodeAccess
LogPluginManager: Mounting plugin GitSourceControl
LogPluginManager: Mounting plugin KDevelopSourceCodeAccess
LogPluginManager: Mounting plugin NullSourceCodeAccess
LogPluginManager: Mounting plugin PerforceSourceControl
LogPluginManager: Mounting plugin SubversionSourceControl
LogPluginManager: Mounting plugin UObjectPlugin
LogPluginManager: Mounting plugin VisualStudioCodeSourceCodeAccess
LogPluginManager: Mounting plugin VisualStudioSourceCodeAccess
LogPluginManager: Mounting plugin XCodeSourceCodeAccess
LogPluginManager: Mounting plugin AssetManagerEditor
LogPluginManager: Mounting plugin CryptoKeys
LogPluginManager: Mounting plugin DataValidation
LogPluginManager: Mounting plugin FacialAnimation
LogPluginManager: Mounting plugin GameplayTagsEditor
LogPluginManager: Mounting plugin MacGraphicsSwitching
LogPluginManager: Mounting plugin MaterialAnalyzer
LogPluginManager: Mounting plugin MobileLauncherProfileWizard
LogPluginManager: Mounting plugin PluginBrowser
LogPluginManager: Mounting plugin SpeedTreeImporter
LogPluginManager: Mounting plugin DatasmithContent
LogPluginManager: Mounting plugin VariantManagerContent
LogPluginManager: Mounting plugin AlembicImporter
LogPluginManager: Mounting plugin AppleImageUtils
LogPluginManager: Mounting plugin AppleVision
LogPluginManager: Mounting plugin BackChannel
LogPluginManager: Mounting plugin CharacterAI
LogPluginManager: Mounting plugin GeometryCache
LogPluginManager: Mounting plugin HTML5Networking
LogPluginManager: Mounting plugin ProxyLODPlugin
LogPluginManager: Mounting plugin SkeletalReduction
LogPluginManager: Mounting plugin MagicLeap
LogPluginManager: Mounting plugin MagicLeapMedia
LogPluginManager: Mounting plugin AndroidMedia
LogPluginManager: Mounting plugin AvfMedia
LogPluginManager: Mounting plugin ImgMedia
LogPluginManager: Mounting plugin LinearTimecode
LogPluginManager: Mounting plugin MediaCompositing
LogPluginManager: Mounting plugin MediaPlayerEditor
LogPluginManager: Mounting plugin WebMMedia
LogPluginManager: Mounting plugin WmfMedia
LogPluginManager: Mounting plugin TcpMessaging
LogPluginManager: Mounting plugin UdpMessaging
LogPluginManager: Mounting plugin ActorSequence
LogPluginManager: Mounting plugin LevelSequenceEditor
LogPluginManager: Mounting plugin MatineeToLevelSequence
LogPluginManager: Mounting plugin NetcodeUnitTest
LogPluginManager: Mounting plugin NUTUnrealEngine4
LogPluginManager: Mounting plugin OnlineSubsystemGooglePlay
LogPluginManager: Mounting plugin OnlineSubsystemIOS
LogPluginManager: Mounting plugin OnlineSubsystem
LogPluginManager: Mounting plugin OnlineSubsystemNull
LogPluginManager: Mounting plugin OnlineSubsystemUtils
LogPluginManager: Mounting plugin LauncherChunkInstaller
LogPluginManager: Mounting plugin AndroidDeviceProfileSelector
LogPluginManager: Mounting plugin AndroidMoviePlayer
LogPluginManager: Mounting plugin AndroidPermission
LogPluginManager: Mounting plugin AppleMoviePlayer
LogPluginManager: Mounting plugin ArchVisCharacter
LogPluginManager: Mounting plugin AudioCapture
LogPluginManager: Mounting plugin CableComponent
LogPluginManager: Mounting plugin CustomMeshComponent
LogPluginManager: Mounting plugin EditableMesh
LogPluginManager: Mounting plugin ExampleDeviceProfileSelector
LogPluginManager: Mounting plugin Firebase
LogPluginManager: Mounting plugin GoogleCloudMessaging
LogPluginManager: Mounting plugin IOSDeviceProfileSelector
LogPluginManager: Mounting plugin LinuxDeviceProfileSelector
LogPluginManager: Mounting plugin LocationServicesBPLibrary
LogPluginManager: Mounting plugin MobilePatchingUtils
LogPluginManager: Mounting plugin OculusVR
LogPluginManager: Mounting plugin PhysXVehicles
LogPluginManager: Mounting plugin ProceduralMeshComponent
LogPluginManager: Mounting plugin RuntimePhysXCooking
LogPluginManager: Mounting plugin SignificanceManager
LogPluginManager: Mounting plugin SteamVR
LogPluginManager: Mounting plugin WebMMoviePlayer
LogPluginManager: Mounting plugin WindowsMoviePlayer
LogInit: Using libcurl 7.55.1-DEV
LogInit:  - built for x86_64-pc-win32
LogInit:  - supports SSL with OpenSSL/1.1.1
LogInit:  - supports HTTP deflate (compression) using libz 1.2.8
LogInit:  - other features:
LogInit:      CURL_VERSION_SSL
LogInit:      CURL_VERSION_LIBZ
LogInit:      CURL_VERSION_IPV6
LogInit:      CURL_VERSION_ASYNCHDNS
LogInit:      CURL_VERSION_LARGEFILE
LogInit:      CURL_VERSION_IDN
LogInit:  CurlRequestOptions (configurable via config and command line):
LogInit:  - bVerifyPeer = true  - Libcurl will verify peer certificate
LogInit:  - bUseHttpProxy = false  - Libcurl will NOT use HTTP proxy
LogInit:  - bDontReuseConnections = false  - Libcurl will reuse connections
LogInit:  - MaxHostConnections = 16  - Libcurl will limit the number of connections to a host
LogInit:  - LocalHostAddr = Default
LogInit:  - BufferSize = 65536
LogInit: WinSock: version 1.1 (2.2), MaxSocks=32767, MaxUdp=65467
LogInit: Build: ++UE4+Release-4.22-CL-7053642
LogInit: Engine Version: 4.22.3-7053642+++UE4+Release-4.22
LogInit: Compatible Engine Version: 4.22.0-5660361+++UE4+Release-4.22
LogInit: Net CL: 5660361
LogInit: OS: Windows 10 (Release 1909) (), CPU: Intel(R) Xeon(R) W-2123 CPU @ 3.60GHz, GPU: NVIDIA GeForce GTX 1070
LogInit: Compiled (64-bit): Jun 18 2019 03:09:11
LogInit: Compiled with Visual C++: 19.16.27025.01
LogInit: Build Configuration: Development
LogInit: Branch Name: ++UE4+Release-4.22
LogInit: Command Line:  -skipcompile
LogInit: Base Directory: C:/Epic/UE4/UE_4.22/Engine/Binaries/Win64/
LogInit: Installed Engine Build: 1
LogDevObjectVersion: Number of dev versions registered: 23
LogDevObjectVersion:   Dev-Blueprints (B0D832E4-1F89-4F0D-ACCF-7EB736FD4AA2): 10
LogDevObjectVersion:   Dev-Build (E1C64328-A22C-4D53-A36C-8E866417BD8C): 0
LogDevObjectVersion:   Dev-Core (375EC13C-06E4-48FB-B500-84F0262A717E): 3
LogDevObjectVersion:   Dev-Editor (E4B068ED-F494-42E9-A231-DA0B2E46BB41): 30
LogDevObjectVersion:   Dev-Framework (CFFC743F-43B0-4480-9391-14DF171D2073): 35
LogDevObjectVersion:   Dev-Mobile (B02B49B5-BB20-44E9-A304-32B752E40360): 2
LogDevObjectVersion:   Dev-Networking (A4E4105C-59A1-49B5-A7C5-40C4547EDFEE): 0
LogDevObjectVersion:   Dev-Online (39C831C9-5AE6-47DC-9A44-9C173E1C8E7C): 0
LogDevObjectVersion:   Dev-Physics (78F01B33-EBEA-4F98-B9B4-84EACCB95AA2): 0
LogDevObjectVersion:   Dev-Platform (6631380F-2D4D-43E0-8009-CF276956A95A): 0
LogDevObjectVersion:   Dev-Rendering (12F88B9F-8875-4AFC-A67C-D90C383ABD29): 28
LogDevObjectVersion:   Dev-Sequencer (7B5AE74C-D270-4C10-A958-57980B212A5A): 11
LogDevObjectVersion:   Dev-VR (D7296918-1DD6-4BDD-9DE2-64A83CC13884): 2
LogDevObjectVersion:   Dev-LoadTimes (C2A15278-BFE7-4AFE-6C17-90FF531DF755): 1
LogDevObjectVersion:   Private-Geometry (6EACA3D4-40EC-4CC1-B786-8BED09428FC5): 3
LogDevObjectVersion:   Dev-AnimPhys (29E575DD-E0A3-4627-9D10-D276232CDCEA): 17
LogDevObjectVersion:   Dev-Anim (AF43A65D-7FD3-4947-9873-3E8ED9C1BB05): 2
LogDevObjectVersion:   Dev-ReflectionCapture (6B266CEC-1EC7-4B8F-A30B-E4D90942FC07): 1
LogDevObjectVersion:   Dev-Automation (0DF73D61-A23F-47EA-B727-89E90C41499A): 1
LogDevObjectVersion:   FortniteMain (601D1886-AC64-4F84-AA16-D3DE0DEAC7D6): 25
LogDevObjectVersion:   Dev-Enterprise (9DFFBCD6-494F-0158-E221-12823C92A888): 6
LogDevObjectVersion:   Dev-Niagara (F2AED0AC-9AFE-416F-8664-AA7FFA26D6FC): 1
LogDevObjectVersion:   Dev-Destruction (174F1F0B-B4C6-45A5-B13F-2EE8D0FB917D): 2
LogInit: Presizing for max 16777216 objects, including 0 objects not considered by GC, pre-allocating 0 bytes for permanent pool.
LogInit: Object subsystem initialized
LogConfig: Setting CVar [[con.DebugEarlyDefault:1]]
LogConfig: Setting CVar [[r.setres:1280x720]]
[2020.02.01-05.29.59:336][  0]LogConfig: Setting CVar [[r.VSync:0]]
[2020.02.01-05.29.59:336][  0]LogConfig: Setting CVar [[r.RHICmdBypass:0]]
[2020.02.01-05.29.59:336][  0]LogConfig: Applying CVar settings from Section [/Script/Engine.RendererSettings] File [C:/Users/w017177h/Documents/GGJ2020/Global-Game-Jam-2020/GGJ20/Saved/Config/Windows/Engine.ini]
[2020.02.01-05.29.59:336][  0]LogConfig: Setting CVar [[r.GPUCrashDebugging:0]]
[2020.02.01-05.29.59:336][  0]LogConfig: Setting CVar [[r.DefaultFeature.AutoExposure.ExtendDefaultLuminanceRange:1]]
[2020.02.01-05.29.59:336][  0]LogConfig: Applying CVar settings from Section [/Script/Engine.RendererOverrideSettings] File [C:/Users/w017177h/Documents/GGJ2020/Global-Game-Jam-2020/GGJ20/Saved/Config/Windows/Engine.ini]
[2020.02.01-05.29.59:336][  0]LogConfig: Applying CVar settings from Section [/Script/Engine.StreamingSettings] File [C:/Users/w017177h/Documents/GGJ2020/Global-Game-Jam-2020/GGJ20/Saved/Config/Windows/Engine.ini]
[2020.02.01-05.29.59:336][  0]LogConfig: Setting CVar [[s.MinBulkDataSizeForAsyncLoading:131072]]
[2020.02.01-05.29.59:337][  0]LogConfig: Setting CVar [[s.AsyncLoadingThreadEnabled:0]]
[2020.02.01-05.29.59:337][  0]LogConfig: Setting CVar [[s.EventDrivenLoaderEnabled:1]]
[2020.02.01-05.29.59:337][  0]LogConfig: Setting CVar [[s.WarnIfTimeLimitExceeded:0]]
[2020.02.01-05.29.59:337][  0]LogConfig: Setting CVar [[s.TimeLimitExceededMultiplier:1.5]]
[2020.02.01-05.29.59:337][  0]LogConfig: Setting CVar [[s.TimeLimitExceededMinTime:0.005]]
[2020.02.01-05.29.59:337][  0]LogConfig: Setting CVar [[s.UseBackgroundLevelStreaming:1]]
[2020.02.01-05.29.59:337][  0]LogConfig: Setting CVar [[s.PriorityAsyncLoadingExtraTime:15.0]]
[2020.02.01-05.29.59:337][  0]LogConfig: Setting CVar [[s.LevelStreamingActorsUpdateTimeLimit:5.0]]
[2020.02.01-05.29.59:337][  0]LogConfig: Setting CVar [[s.PriorityLevelStreamingActorsUpdateExtraTime:5.0]]
[2020.02.01-05.29.59:337][  0]LogConfig: Setting CVar [[s.LevelStreamingComponentsRegistrationGranularity:10]]
[2020.02.01-05.29.59:337][  0]LogConfig: Setting CVar [[s.UnregisterComponentsTimeLimit:1.0]]
[2020.02.01-05.29.59:337][  0]LogConfig: Setting CVar [[s.LevelStreamingComponentsUnregistrationGranularity:5]]
[2020.02.01-05.29.59:337][  0]LogConfig: Applying CVar settings from Section [/Script/Engine.GarbageCollectionSettings] File [C:/Users/w017177h/Documents/GGJ2020/Global-Game-Jam-2020/GGJ20/Saved/Config/Windows/Engine.ini]
[2020.02.01-05.29.59:337][  0]LogConfig: Setting CVar [[gc.MaxObjectsNotConsideredByGC:1]]
[2020.02.01-05.29.59:338][  0]LogConfig: Setting CVar [[gc.SizeOfPermanentObjectPool:0]]
[2020.02.01-05.29.59:338][  0]LogConfig: Setting CVar [[gc.FlushStreamingOnGC:0]]
[2020.02.01-05.29.59:338][  0]LogConfig: Setting CVar [[gc.NumRetriesBeforeForcingGC:10]]
[2020.02.01-05.29.59:338][  0]LogConfig: Setting CVar [[gc.AllowParallelGC:1]]
[2020.02.01-05.29.59:338][  0]LogConfig: Setting CVar [[gc.TimeBetweenPurgingPendingKillObjects:61.1]]
[2020.02.01-05.29.59:338][  0]LogConfig: Setting CVar [[gc.MaxObjectsInEditor:16777216]]
[2020.02.01-05.29.59:338][  0]LogConfig: Setting CVar [[gc.IncrementalBeginDestroyEnabled:1]]
[2020.02.01-05.29.59:338][  0]LogConfig: Setting CVar [[gc.CreateGCClusters:1]]
[2020.02.01-05.29.59:338][  0]LogConfig: Setting CVar [[gc.MinGCClusterSize:5]]
[2020.02.01-05.29.59:338][  0]LogConfig: Setting CVar [[gc.ActorClusteringEnabled:0]]
[2020.02.01-05.29.59:338][  0]LogConfig: Setting CVar [[gc.BlueprintClusteringEnabled:0]]
[2020.02.01-05.29.59:338][  0]LogConfig: Setting CVar [[gc.UseDisregardForGCOnDedicatedServers:0]]
[2020.02.01-05.29.59:338][  0]LogConfig: Applying CVar settings from Section [/Script/Engine.NetworkSettings] File [C:/Users/w017177h/Documents/GGJ2020/Global-Game-Jam-2020/GGJ20/Saved/Config/Windows/Engine.ini]
[2020.02.01-05.29.59:338][  0]LogConfig: Applying CVar settings from Section [/Script/UnrealEd.CookerSettings] File [C:/Users/w017177h/Documents/GGJ2020/Global-Game-Jam-2020/GGJ20/Saved/Config/Windows/Engine.ini]
[2020.02.01-05.29.59:347][  0]LogConfig: Applying CVar settings from Section [ViewDistanceQuality@3] File [C:/Users/w017177h/Documents/GGJ2020/Global-Game-Jam-2020/GGJ20/Saved/Config/Windows/Scalability.ini]
[2020.02.01-05.29.59:347][  0]LogConfig: Setting CVar [[r.SkeletalMeshLODBias:0]]
[2020.02.01-05.29.59:347][  0]LogConfig: Setting CVar [[r.ViewDistanceScale:1.0]]
[2020.02.01-05.29.59:347][  0]LogConfig: Applying CVar settings from Section [AntiAliasingQuality@3] File [C:/Users/w017177h/Documents/GGJ2020/Global-Game-Jam-2020/GGJ20/Saved/Config/Windows/Scalability.ini]
[2020.02.01-05.29.59:347][  0]LogConfig: Setting CVar [[r.PostProcessAAQuality:4]]
[2020.02.01-05.29.59:347][  0]LogConfig: Applying CVar settings from Section [ShadowQuality@3] File [C:/Users/w017177h/Documents/GGJ2020/Global-Game-Jam-2020/GGJ20/Saved/Config/Windows/Scalability.ini]
[2020.02.01-05.29.59:348][  0]LogConfig: Setting CVar [[r.LightFunctionQuality:1]]
[2020.02.01-05.29.59:348][  0]LogConfig: Setting CVar [[r.ShadowQuality:5]]
[2020.02.01-05.29.59:348][  0]LogConfig: Setting CVar [[r.Shadow.CSM.MaxCascades:10]]
[2020.02.01-05.29.59:348][  0]LogConfig: Setting CVar [[r.Shadow.MaxResolution:2048]]
[2020.02.01-05.29.59:348][  0]LogConfig: Setting CVar [[r.Shadow.MaxCSMResolution:2048]]
[2020.02.01-05.29.59:348][  0]LogConfig: Setting CVar [[r.Shadow.RadiusThreshold:0.01]]
[2020.02.01-05.29.59:348][  0]LogConfig: Setting CVar [[r.Shadow.DistanceScale:1.0]]
[2020.02.01-05.29.59:348][  0]LogConfig: Setting CVar [[r.Shadow.CSM.TransitionScale:1.0]]
[2020.02.01-05.29.59:348][  0]LogConfig: Setting CVar [[r.Shadow.PreShadowResolutionFactor:1.0]]
[2020.02.01-05.29.59:348][  0]LogConfig: Setting CVar [[r.DistanceFieldShadowing:1]]
[2020.02.01-05.29.59:348][  0]LogConfig: Setting CVar [[r.DistanceFieldAO:1]]
[2020.02.01-05.29.59:348][  0]LogConfig: Setting CVar [[r.AOQuality:2]]
[2020.02.01-05.29.59:348][  0]LogConfig: Setting CVar [[r.VolumetricFog:1]]
[2020.02.01-05.29.59:348][  0]LogConfig: Setting CVar [[r.VolumetricFog.GridPixelSize:8]]
[2020.02.01-05.29.59:349][  0]LogConfig: Setting CVar [[r.VolumetricFog.GridSizeZ:128]]
[2020.02.01-05.29.59:349][  0]LogConfig: Setting CVar [[r.VolumetricFog.HistoryMissSupersampleCount:4]]
[2020.02.01-05.29.59:349][  0]LogConfig: Setting CVar [[r.LightMaxDrawDistanceScale:1]]
[2020.02.01-05.29.59:349][  0]LogConfig: Setting CVar [[r.CapsuleShadows:1]]
[2020.02.01-05.29.59:349][  0]LogConfig: Applying CVar settings from Section [PostProcessQuality@3] File [C:/Users/w017177h/Documents/GGJ2020/Global-Game-Jam-2020/GGJ20/Saved/Config/Windows/Scalability.ini]
[2020.02.01-05.29.59:349][  0]LogConfig: Setting CVar [[r.MotionBlurQuality:4]]
[2020.02.01-05.29.59:349][  0]LogConfig: Setting CVar [[r.AmbientOcclusionMipLevelFactor:0.4]]
[2020.02.01-05.29.59:349][  0]LogConfig: Setting CVar [[r.AmbientOcclusionMaxQuality:100]]
[2020.02.01-05.29.59:349][  0]LogConfig: Setting CVar [[r.AmbientOcclusionLevels:-1]]
[2020.02.01-05.29.59:349][  0]LogConfig: Setting CVar [[r.AmbientOcclusionRadiusScale:1.0]]
[2020.02.01-05.29.59:349][  0]LogConfig: Setting CVar [[r.DepthOfFieldQuality:2]]
[2020.02.01-05.29.59:349][  0]LogConfig: Setting CVar [[r.RenderTargetPoolMin:400]]
[2020.02.01-05.29.59:349][  0]LogConfig: Setting CVar [[r.LensFlareQuality:2]]
[2020.02.01-05.29.59:349][  0]LogConfig: Setting CVar [[r.SceneColorFringeQuality:1]]
[2020.02.01-05.29.59:349][  0]LogConfig: Setting CVar [[r.EyeAdaptationQuality:2]]
[2020.02.01-05.29.59:350][  0]LogConfig: Setting CVar [[r.BloomQuality:5]]
[2020.02.01-05.29.59:350][  0]LogConfig: Setting CVar [[r.FastBlurThreshold:100]]
[2020.02.01-05.29.59:350][  0]LogConfig: Setting CVar [[r.Upscale.Quality:3]]
[2020.02.01-05.29.59:350][  0]LogConfig: Setting CVar [[r.Tonemapper.GrainQuantization:1]]
[2020.02.01-05.29.59:350][  0]LogConfig: Setting CVar [[r.LightShaftQuality:1]]
[2020.02.01-05.29.59:350][  0]LogConfig: Setting CVar [[r.Filter.SizeScale:1]]
[2020.02.01-05.29.59:350][  0]LogConfig: Setting CVar [[r.Tonemapper.Quality:5]]
[2020.02.01-05.29.59:350][  0]LogConfig: Setting CVar [[r.DOF.Gather.AccumulatorQuality:1        ; higher gathering accumulator quality]]
[2020.02.01-05.29.59:350][  0]LogConfig: Setting CVar [[r.DOF.Gather.PostfilterMethod:1          ; Median3x3 postfilering method]]
[2020.02.01-05.29.59:350][  0]LogConfig: Setting CVar [[r.DOF.Gather.EnableBokehSettings:0       ; no bokeh simulation when gathering]]
[2020.02.01-05.29.59:350][  0]LogConfig: Setting CVar [[r.DOF.Gather.RingCount:4                 ; medium number of samples when gathering]]
[2020.02.01-05.29.59:350][  0]LogConfig: Setting CVar [[r.DOF.Scatter.ForegroundCompositing:1    ; additive foreground scattering]]
[2020.02.01-05.29.59:350][  0]LogConfig: Setting CVar [[r.DOF.Scatter.BackgroundCompositing:2    ; additive background scattering]]
[2020.02.01-05.29.59:350][  0]LogConfig: Setting CVar [[r.DOF.Scatter.EnableBokehSettings:1      ; bokeh simulation when scattering]]
[2020.02.01-05.29.59:350][  0]LogConfig: Setting CVar [[r.DOF.Scatter.MaxSpriteRatio:0.1         ; only a maximum of 10% of scattered bokeh]]
[2020.02.01-05.29.59:351][  0]LogConfig: Setting CVar [[r.DOF.Recombine.Quality:1                ; cheap slight out of focus]]
[2020.02.01-05.29.59:351][  0]LogConfig: Setting CVar [[r.DOF.Recombine.EnableBokehSettings:0    ; no bokeh simulation on slight out of focus]]
[2020.02.01-05.29.59:351][  0]LogConfig: Setting CVar [[r.DOF.TemporalAAQuality:1                ; more stable temporal accumulation]]
[2020.02.01-05.29.59:351][  0]LogConfig: Setting CVar [[r.DOF.Kernel.MaxForegroundRadius:0.025]]
[2020.02.01-05.29.59:351][  0]LogConfig: Setting CVar [[r.DOF.Kernel.MaxBackgroundRadius:0.025]]
[2020.02.01-05.29.59:351][  0]LogConfig: Applying CVar settings from Section [TextureQuality@3] File [C:/Users/w017177h/Documents/GGJ2020/Global-Game-Jam-2020/GGJ20/Saved/Config/Windows/Scalability.ini]
[2020.02.01-05.29.59:351][  0]LogConfig: Setting CVar [[r.Streaming.MipBias:0]]
[2020.02.01-05.29.59:351][  0]LogConfig: Setting CVar [[r.Streaming.AmortizeCPUToGPUCopy:0]]
[2020.02.01-05.29.59:351][  0]LogConfig: Setting CVar [[r.Streaming.MaxNumTexturesToStreamPerFrame:0]]
[2020.02.01-05.29.59:352][  0]LogConfig: Setting CVar [[r.Streaming.Boost:1]]
[2020.02.01-05.29.59:352][  0]LogConfig: Setting CVar [[r.MaxAnisotropy:8]]
[2020.02.01-05.29.59:352][  0]LogConfig: Setting CVar [[r.Streaming.LimitPoolSizeToVRAM:0]]
[2020.02.01-05.29.59:352][  0]LogConfig: Setting CVar [[r.Streaming.PoolSize:1000]]
[2020.02.01-05.29.59:352][  0]LogConfig: Setting CVar [[r.Streaming.MaxEffectiveScreenSize:0]]
[2020.02.01-05.29.59:352][  0]LogConfig: Applying CVar settings from Section [EffectsQuality@3] File [C:/Users/w017177h/Documents/GGJ2020/Global-Game-Jam-2020/GGJ20/Saved/Config/Windows/Scalability.ini]
[2020.02.01-05.29.59:352][  0]LogConfig: Setting CVar [[r.TranslucencyLightingVolumeDim:64]]
[2020.02.01-05.29.59:352][  0]LogConfig: Setting CVar [[r.RefractionQuality:2]]
[2020.02.01-05.29.59:352][  0]LogConfig: Setting CVar [[r.SSR.Quality:3]]
[2020.02.01-05.29.59:352][  0]LogConfig: Setting CVar [[r.SceneColorFormat:4]]
[2020.02.01-05.29.59:352][  0]LogConfig: Setting CVar [[r.DetailMode:2]]
[2020.02.01-05.29.59:352][  0]LogConfig: Setting CVar [[r.TranslucencyVolumeBlur:1]]
[2020.02.01-05.29.59:352][  0]LogConfig: Setting CVar [[r.MaterialQualityLevel:1 ; High quality]]
[2020.02.01-05.29.59:352][  0]LogConfig: Setting CVar [[r.SSS.Scale:1]]
[2020.02.01-05.29.59:352][  0]LogConfig: Setting CVar [[r.SSS.SampleSet:2]]
[2020.02.01-05.29.59:353][  0]LogConfig: Setting CVar [[r.SSS.Quality:1]]
[2020.02.01-05.29.59:353][  0]LogConfig: Setting CVar [[r.SSS.HalfRes:1]]
[2020.02.01-05.29.59:353][  0]LogConfig: Setting CVar [[r.EmitterSpawnRateScale:1.0]]
[2020.02.01-05.29.59:353][  0]LogConfig: Setting CVar [[r.ParticleLightQuality:2]]
[2020.02.01-05.29.59:353][  0]LogConfig: Applying CVar settings from Section [FoliageQuality@3] File [C:/Users/w017177h/Documents/GGJ2020/Global-Game-Jam-2020/GGJ20/Saved/Config/Windows/Scalability.ini]
[2020.02.01-05.29.59:353][  0]LogConfig: Setting CVar [[foliage.DensityScale:1.0]]
[2020.02.01-05.29.59:353][  0]LogConfig: Setting CVar [[grass.DensityScale:1.0]]
[2020.02.01-05.29.59:353][  0]LogInit: Selected Device Profile: [Windows]
[2020.02.01-05.29.59:353][  0]LogInit: Applying CVar settings loaded from the selected device profile: [Windows]
[2020.02.01-05.29.59:372][  0]LogHAL: Display: Platform has ~ 32 GB [34065854464 / 34359738368 / 32], which maps to Largest [LargestMinGB=32, LargerMinGB=12, DefaultMinGB=8, SmallerMinGB=6, SmallestMinGB=0)
[2020.02.01-05.29.59:372][  0]LogConfig: Setting CVar [[r.Vulkan.UseRealUBs:0		; Required until we fix HLR fall-out]]
[2020.02.01-05.29.59:372][  0]LogInit: Going up to parent DeviceProfile []
[2020.02.01-05.29.59:372][  0]LogConfig: Applying CVar settings from Section [ViewDistanceQuality@3] File [C:/Users/w017177h/Documents/GGJ2020/Global-Game-Jam-2020/GGJ20/Saved/Config/Windows/Scalability.ini]
[2020.02.01-05.29.59:372][  0]LogConfig: Setting CVar [[r.SkeletalMeshLODBias:0]]
[2020.02.01-05.29.59:372][  0]LogConfig: Setting CVar [[r.ViewDistanceScale:1.0]]
[2020.02.01-05.29.59:372][  0]LogConfig: Applying CVar settings from Section [AntiAliasingQuality@3] File [C:/Users/w017177h/Documents/GGJ2020/Global-Game-Jam-2020/GGJ20/Saved/Config/Windows/Scalability.ini]
[2020.02.01-05.29.59:372][  0]LogConfig: Setting CVar [[r.PostProcessAAQuality:4]]
[2020.02.01-05.29.59:372][  0]LogConfig: Applying CVar settings from Section [ShadowQuality@3] File [C:/Users/w017177h/Documents/GGJ2020/Global-Game-Jam-2020/GGJ20/Saved/Config/Windows/Scalability.ini]
[2020.02.01-05.29.59:372][  0]LogConfig: Setting CVar [[r.LightFunctionQuality:1]]
[2020.02.01-05.29.59:372][  0]LogConfig: Setting CVar [[r.ShadowQuality:5]]
[2020.02.01-05.29.59:372][  0]LogConfig: Setting CVar [[r.Shadow.CSM.MaxCascades:10]]
[2020.02.01-05.29.59:373][  0]LogConfig: Setting CVar [[r.Shadow.MaxResolution:2048]]
[2020.02.01-05.29.59:373][  0]LogConfig: Setting CVar [[r.Shadow.MaxCSMResolution:2048]]
[2020.02.01-05.29.59:373][  0]LogConfig: Setting CVar [[r.Shadow.RadiusThreshold:0.01]]
[2020.02.01-05.29.59:373][  0]LogConfig: Setting CVar [[r.Shadow.DistanceScale:1.0]]
[2020.02.01-05.29.59:373][  0]LogConfig: Setting CVar [[r.Shadow.CSM.TransitionScale:1.0]]
[2020.02.01-05.29.59:373][  0]LogConfig: Setting CVar [[r.Shadow.PreShadowResolutionFactor:1.0]]
[2020.02.01-05.29.59:373][  0]LogConfig: Setting CVar [[r.DistanceFieldShadowing:1]]
[2020.02.01-05.29.59:373][  0]LogConfig: Setting CVar [[r.DistanceFieldAO:1]]
[2020.02.01-05.29.59:373][  0]LogConfig: Setting CVar [[r.AOQuality:2]]
[2020.02.01-05.29.59:373][  0]LogConfig: Setting CVar [[r.VolumetricFog:1]]
[2020.02.01-05.29.59:373][  0]LogConfig: Setting CVar [[r.VolumetricFog.GridPixelSize:8]]
[2020.02.01-05.29.59:373][  0]LogConfig: Setting CVar [[r.VolumetricFog.GridSizeZ:128]]
[2020.02.01-05.29.59:373][  0]LogConfig: Setting CVar [[r.VolumetricFog.HistoryMissSupersampleCount:4]]
[2020.02.01-05.29.59:373][  0]LogConfig: Setting CVar [[r.LightMaxDrawDistanceScale:1]]
[2020.02.01-05.29.59:374][  0]LogConfig: Setting CVar [[r.CapsuleShadows:1]]
[2020.02.01-05.29.59:374][  0]LogConfig: Applying CVar settings from Section [PostProcessQuality@3] File [C:/Users/w017177h/Documents/GGJ2020/Global-Game-Jam-2020/GGJ20/Saved/Config/Windows/Scalability.ini]
[2020.02.01-05.29.59:374][  0]LogConfig: Setting CVar [[r.MotionBlurQuality:4]]
[2020.02.01-05.29.59:374][  0]LogConfig: Setting CVar [[r.AmbientOcclusionMipLevelFactor:0.4]]
[2020.02.01-05.29.59:374][  0]LogConfig: Setting CVar [[r.AmbientOcclusionMaxQuality:100]]
[2020.02.01-05.29.59:374][  0]LogConfig: Setting CVar [[r.AmbientOcclusionLevels:-1]]
[2020.02.01-05.29.59:374][  0]LogConfig: Setting CVar [[r.AmbientOcclusionRadiusScale:1.0]]
[2020.02.01-05.29.59:374][  0]LogConfig: Setting CVar [[r.DepthOfFieldQuality:2]]
[2020.02.01-05.29.59:374][  0]LogConfig: Setting CVar [[r.RenderTargetPoolMin:400]]
[2020.02.01-05.29.59:374][  0]LogConfig: Setting CVar [[r.LensFlareQuality:2]]
[2020.02.01-05.29.59:374][  0]LogConfig: Setting CVar [[r.SceneColorFringeQuality:1]]
[2020.02.01-05.29.59:374][  0]LogConfig: Setting CVar [[r.EyeAdaptationQuality:2]]
[2020.02.01-05.29.59:374][  0]LogConfig: Setting CVar [[r.BloomQuality:5]]
[2020.02.01-05.29.59:374][  0]LogConfig: Setting CVar [[r.FastBlurThreshold:100]]
[2020.02.01-05.29.59:374][  0]LogConfig: Setting CVar [[r.Upscale.Quality:3]]
[2020.02.01-05.29.59:375][  0]LogConfig: Setting CVar [[r.Tonemapper.GrainQuantization:1]]
[2020.02.01-05.29.59:375][  0]LogConfig: Setting CVar [[r.LightShaftQuality:1]]
[2020.02.01-05.29.59:375][  0]LogConfig: Setting CVar [[r.Filter.SizeScale:1]]
[2020.02.01-05.29.59:375][  0]LogConfig: Setting CVar [[r.Tonemapper.Quality:5]]
[2020.02.01-05.29.59:375][  0]LogConfig: Setting CVar [[r.DOF.Gather.AccumulatorQuality:1        ; higher gathering accumulator quality]]
[2020.02.01-05.29.59:375][  0]LogConfig: Setting CVar [[r.DOF.Gather.PostfilterMethod:1          ; Median3x3 postfilering method]]
[2020.02.01-05.29.59:375][  0]LogConfig: Setting CVar [[r.DOF.Gather.EnableBokehSettings:0       ; no bokeh simulation when gathering]]
[2020.02.01-05.29.59:375][  0]LogConfig: Setting CVar [[r.DOF.Gather.RingCount:4                 ; medium number of samples when gathering]]
[2020.02.01-05.29.59:375][  0]LogConfig: Setting CVar [[r.DOF.Scatter.ForegroundCompositing:1    ; additive foreground scattering]]
[2020.02.01-05.29.59:375][  0]LogConfig: Setting CVar [[r.DOF.Scatter.BackgroundCompositing:2    ; additive background scattering]]
[2020.02.01-05.29.59:375][  0]LogConfig: Setting CVar [[r.DOF.Scatter.EnableBokehSettings:1      ; bokeh simulation when scattering]]
[2020.02.01-05.29.59:375][  0]LogConfig: Setting CVar [[r.DOF.Scatter.MaxSpriteRatio:0.1         ; only a maximum of 10% of scattered bokeh]]
[2020.02.01-05.29.59:375][  0]LogConfig: Setting CVar [[r.DOF.Recombine.Quality:1                ; cheap slight out of focus]]
[2020.02.01-05.29.59:375][  0]LogConfig: Setting CVar [[r.DOF.Recombine.EnableBokehSettings:0    ; no bokeh simulation on slight out of focus]]
[2020.02.01-05.29.59:375][  0]LogConfig: Setting CVar [[r.DOF.TemporalAAQuality:1                ; more stable temporal accumulation]]
[2020.02.01-05.29.59:375][  0]LogConfig: Setting CVar [[r.DOF.Kernel.MaxForegroundRadius:0.025]]
[2020.02.01-05.29.59:375][  0]LogConfig: Setting CVar [[r.DOF.Kernel.MaxBackgroundRadius:0.025]]
[2020.02.01-05.29.59:375][  0]LogConfig: Applying CVar settings from Section [TextureQuality@3] File [C:/Users/w017177h/Documents/GGJ2020/Global-Game-Jam-2020/GGJ20/Saved/Config/Windows/Scalability.ini]
[2020.02.01-05.29.59:376][  0]LogConfig: Setting CVar [[r.Streaming.MipBias:0]]
[2020.02.01-05.29.59:376][  0]LogConfig: Setting CVar [[r.Streaming.AmortizeCPUToGPUCopy:0]]
[2020.02.01-05.29.59:376][  0]LogConfig: Setting CVar [[r.Streaming.MaxNumTexturesToStreamPerFrame:0]]
[2020.02.01-05.29.59:376][  0]LogConfig: Setting CVar [[r.Streaming.Boost:1]]
[2020.02.01-05.29.59:376][  0]LogConfig: Setting CVar [[r.MaxAnisotropy:8]]
[2020.02.01-05.29.59:376][  0]LogConfig: Setting CVar [[r.Streaming.LimitPoolSizeToVRAM:0]]
[2020.02.01-05.29.59:376][  0]LogConfig: Setting CVar [[r.Streaming.PoolSize:1000]]
[2020.02.01-05.29.59:376][  0]LogConfig: Setting CVar [[r.Streaming.MaxEffectiveScreenSize:0]]
[2020.02.01-05.29.59:376][  0]LogConfig: Applying CVar settings from Section [EffectsQuality@3] File [C:/Users/w017177h/Documents/GGJ2020/Global-Game-Jam-2020/GGJ20/Saved/Config/Windows/Scalability.ini]
[2020.02.01-05.29.59:376][  0]LogConfig: Setting CVar [[r.TranslucencyLightingVolumeDim:64]]
[2020.02.01-05.29.59:376][  0]LogConfig: Setting CVar [[r.RefractionQuality:2]]
[2020.02.01-05.29.59:376][  0]LogConfig: Setting CVar [[r.SSR.Quality:3]]
[2020.02.01-05.29.59:376][  0]LogConfig: Setting CVar [[r.SceneColorFormat:4]]
[2020.02.01-05.29.59:376][  0]LogConfig: Setting CVar [[r.DetailMode:2]]
[2020.02.01-05.29.59:376][  0]LogConfig: Setting CVar [[r.TranslucencyVolumeBlur:1]]
[2020.02.01-05.29.59:376][  0]LogConfig: Setting CVar [[r.MaterialQualityLevel:1 ; High quality]]
[2020.02.01-05.29.59:376][  0]LogConfig: Setting CVar [[r.SSS.Scale:1]]
[2020.02.01-05.29.59:376][  0]LogConfig: Setting CVar [[r.SSS.SampleSet:2]]
[2020.02.01-05.29.59:377][  0]LogConfig: Setting CVar [[r.SSS.Quality:1]]
[2020.02.01-05.29.59:377][  0]LogConfig: Setting CVar [[r.SSS.HalfRes:1]]
[2020.02.01-05.29.59:377][  0]LogConfig: Setting CVar [[r.EmitterSpawnRateScale:1.0]]
[2020.02.01-05.29.59:377][  0]LogConfig: Setting CVar [[r.ParticleLightQuality:2]]
[2020.02.01-05.29.59:377][  0]LogConfig: Applying CVar settings from Section [FoliageQuality@3] File [C:/Users/w017177h/Documents/GGJ2020/Global-Game-Jam-2020/GGJ20/Saved/Config/Windows/Scalability.ini]
[2020.02.01-05.29.59:377][  0]LogConfig: Setting CVar [[foliage.DensityScale:1.0]]
[2020.02.01-05.29.59:377][  0]LogConfig: Setting CVar [[grass.DensityScale:1.0]]
[2020.02.01-05.29.59:377][  0]LogConfig: Applying CVar settings from Section [Startup] File [../../../Engine/Config/ConsoleVariables.ini]
[2020.02.01-05.29.59:377][  0]LogConfig: Setting CVar [[net.UseAdaptiveNetUpdateFrequency:0]]
[2020.02.01-05.29.59:377][  0]LogConfig: Setting CVar [[p.chaos.AllowCreatePhysxBodies:1]]
[2020.02.01-05.29.59:377][  0]LogConfig: Applying CVar settings from Section [ConsoleVariables] File [C:/Users/w017177h/Documents/GGJ2020/Global-Game-Jam-2020/GGJ20/Saved/Config/Windows/Engine.ini]
[2020.02.01-05.29.59:378][  0]LogInit: Computer: C117B-19
[2020.02.01-05.29.59:378][  0]LogInit: User: w017177h
[2020.02.01-05.29.59:378][  0]LogInit: CPU Page size=4096, Cores=4
[2020.02.01-05.29.59:378][  0]LogInit: High frequency timer resolution =10.000000 MHz
[2020.02.01-05.29.59:378][  0]LogMemory: Memory total: Physical=31.7GB (32GB approx)
[2020.02.01-05.29.59:378][  0]LogMemory: Platform Memory Stats for Windows
[2020.02.01-05.29.59:378][  0]LogMemory: Process Physical Memory: 96.73 MB used, 96.74 MB peak
[2020.02.01-05.29.59:378][  0]LogMemory: Process Virtual Memory: 90.53 MB used, 90.53 MB peak
[2020.02.01-05.29.59:378][  0]LogMemory: Physical Memory: 8388.16 MB used,  24099.57 MB free, 32487.73 MB total
[2020.02.01-05.29.59:378][  0]LogMemory: Virtual Memory: 4644.23 MB used,  134213080.00 MB free, 134217728.00 MB total
[2020.02.01-05.29.59:550][  0]LogInit: Using OS detected language (en-US).
[2020.02.01-05.29.59:550][  0]LogInit: Using OS detected locale (en-GB).
[2020.02.01-05.29.59:551][  0]LogTextLocalizationManager: No specific localization for 'en-US' exists, so the 'en' localization will be used.
[2020.02.01-05.29.59:724][  0]LogInit: Setting process to per monitor DPI aware
[2020.02.01-05.29.59:763][  0]LogSlate: New Slate User Created.  User Index 0, Is Virtual User: 0
[2020.02.01-05.29.59:763][  0]LogSlate: Slate User Registered.  User Index 0, Is Virtual User: 0
[2020.02.01-05.30.00:018][  0]LogHMD: Failed to initialize OpenVR with code 110
[2020.02.01-05.30.00:018][  0]LogD3D11RHI: D3D11 adapters:
[2020.02.01-05.30.00:150][  0]LogD3D11RHI:    0. 'NVIDIA GeForce GTX 1070' (Feature Level 11_0)
[2020.02.01-05.30.00:150][  0]LogD3D11RHI:       8088/0/16243 MB DedicatedVideo/DedicatedSystem/SharedSystem, Outputs:2, VendorId:0x10de
[2020.02.01-05.30.00:160][  0]LogD3D11RHI:    1. 'Microsoft Basic Render Driver' (Feature Level 11_0)
[2020.02.01-05.30.00:160][  0]LogD3D11RHI:       0/0/16243 MB DedicatedVideo/DedicatedSystem/SharedSystem, Outputs:0, VendorId:0x1414
[2020.02.01-05.30.00:160][  0]LogD3D11RHI: Chosen D3D11 Adapter: 0
[2020.02.01-05.30.00:169][  0]LogD3D11RHI: Creating new Direct3DDevice
[2020.02.01-05.30.00:170][  0]LogD3D11RHI:     GPU DeviceId: 0x1b81 (for the marketing name, search the web for "GPU Device Id")
[2020.02.01-05.30.00:170][  0]LogWindows: EnumDisplayDevices:
[2020.02.01-05.30.00:170][  0]LogWindows:    0. 'NVIDIA GeForce GTX 1070' (P:1 D:1)
[2020.02.01-05.30.00:170][  0]LogWindows:    1. 'NVIDIA GeForce GTX 1070' (P:0 D:1)
[2020.02.01-05.30.00:171][  0]LogWindows:    2. 'NVIDIA GeForce GTX 1070' (P:0 D:0)
[2020.02.01-05.30.00:171][  0]LogWindows:    3. 'NVIDIA GeForce GTX 1070' (P:0 D:0)
[2020.02.01-05.30.00:172][  0]LogWindows: DebugString: FoundDriverCount:4 
[2020.02.01-05.30.00:172][  0]LogD3D11RHI:     Adapter Name: NVIDIA GeForce GTX 1070
[2020.02.01-05.30.00:172][  0]LogD3D11RHI:   Driver Version: 441.66 (internal:26.21.14.4166, unified:441.66)
[2020.02.01-05.30.00:172][  0]LogD3D11RHI:      Driver Date: 12-6-2019
[2020.02.01-05.30.00:172][  0]LogRHI: Texture pool is 5661 MB (70% of 8088 MB)
[2020.02.01-05.30.00:243][  0]LogD3D11RHI: Async texture creation enabled
[2020.02.01-05.30.00:249][  0]LogRendererCore: FGlobalReadBuffer::InitRHI
[2020.02.01-05.30.00:250][  0]LogRendererCore: FGlobalReadBuffer::InitRHI
[2020.02.01-05.30.00:251][  0]LogRendererCore: FGlobalReadBuffer::InitRHI
[2020.02.01-05.30.00:267][  0]LogD3D11RHI: GPU Timing Frequency: 1000.000000 (Debug: 2 2)
[2020.02.01-05.30.00:632][  0]LogTemp: Display: Module 'AllDesktopTargetPlatform' loaded TargetPlatform 'AllDesktop'
[2020.02.01-05.30.00:654][  0]LogTemp: Display: Module 'MacClientTargetPlatform' loaded TargetPlatform 'MacClient'
[2020.02.01-05.30.00:678][  0]LogTemp: Display: Module 'MacNoEditorTargetPlatform' loaded TargetPlatform 'MacNoEditor'
[2020.02.01-05.30.00:702][  0]LogTemp: Display: Module 'MacServerTargetPlatform' loaded TargetPlatform 'MacServer'
[2020.02.01-05.30.00:725][  0]LogTemp: Display: Module 'MacTargetPlatform' loaded TargetPlatform 'Mac'
[2020.02.01-05.30.00:744][  0]LogTemp: Display: Module 'WindowsClientTargetPlatform' loaded TargetPlatform 'WindowsClient'
[2020.02.01-05.30.00:764][  0]LogTemp: Display: Module 'WindowsNoEditorTargetPlatform' loaded TargetPlatform 'WindowsNoEditor'
[2020.02.01-05.30.00:782][  0]LogTemp: Display: Module 'WindowsServerTargetPlatform' loaded TargetPlatform 'WindowsServer'
[2020.02.01-05.30.00:791][  0]LogTemp: Display: Module 'WindowsTargetPlatform' loaded TargetPlatform 'Windows'
[2020.02.01-05.30.00:906][  0]LogTemp: Display: Module 'AndroidTargetPlatform' loaded TargetPlatform 'Android'
[2020.02.01-05.30.00:906][  0]LogTemp: Display: Module 'AndroidTargetPlatform' loaded TargetPlatform 'Android_ASTC'
[2020.02.01-05.30.00:907][  0]LogTemp: Display: Module 'AndroidTargetPlatform' loaded TargetPlatform 'Android_ATC'
[2020.02.01-05.30.00:907][  0]LogTemp: Display: Module 'AndroidTargetPlatform' loaded TargetPlatform 'Android_DXT'
[2020.02.01-05.30.00:907][  0]LogTemp: Display: Module 'AndroidTargetPlatform' loaded TargetPlatform 'Android_ETC1'
[2020.02.01-05.30.00:907][  0]LogTemp: Display: Module 'AndroidTargetPlatform' loaded TargetPlatform 'Android_ETC1a'
[2020.02.01-05.30.00:907][  0]LogTemp: Display: Module 'AndroidTargetPlatform' loaded TargetPlatform 'Android_ETC2'
[2020.02.01-05.30.00:907][  0]LogTemp: Display: Module 'AndroidTargetPlatform' loaded TargetPlatform 'Android_PVRTC'
[2020.02.01-05.30.00:907][  0]LogTemp: Display: Module 'AndroidTargetPlatform' loaded TargetPlatform 'AndroidClient'
[2020.02.01-05.30.00:907][  0]LogTemp: Display: Module 'AndroidTargetPlatform' loaded TargetPlatform 'Android_ASTCClient'
[2020.02.01-05.30.00:907][  0]LogTemp: Display: Module 'AndroidTargetPlatform' loaded TargetPlatform 'Android_ATCClient'
[2020.02.01-05.30.00:907][  0]LogTemp: Display: Module 'AndroidTargetPlatform' loaded TargetPlatform 'Android_DXTClient'
[2020.02.01-05.30.00:907][  0]LogTemp: Display: Module 'AndroidTargetPlatform' loaded TargetPlatform 'Android_ETC1Client'
[2020.02.01-05.30.00:908][  0]LogTemp: Display: Module 'AndroidTargetPlatform' loaded TargetPlatform 'Android_ETC1aClient'
[2020.02.01-05.30.00:908][  0]LogTemp: Display: Module 'AndroidTargetPlatform' loaded TargetPlatform 'Android_ETC2Client'
[2020.02.01-05.30.00:908][  0]LogTemp: Display: Module 'AndroidTargetPlatform' loaded TargetPlatform 'Android_PVRTCClient'
[2020.02.01-05.30.00:908][  0]LogTemp: Display: Module 'AndroidTargetPlatform' loaded TargetPlatform 'Android_Multi'
[2020.02.01-05.30.00:908][  0]LogTemp: Display: Module 'AndroidTargetPlatform' loaded TargetPlatform 'Android_MultiClient'
[2020.02.01-05.30.00:912][  0]LogTemp: Display: Module 'HTML5TargetPlatform' loaded TargetPlatform 'HTML5'
[2020.02.01-05.30.00:978][  0]LogTemp: Display: Module 'IOSTargetPlatform' loaded TargetPlatform 'IOSClient'
[2020.02.01-05.30.00:978][  0]LogTemp: Display: Module 'IOSTargetPlatform' loaded TargetPlatform 'IOS'
[2020.02.01-05.30.01:016][  0]LogTemp: Display: Module 'TVOSTargetPlatform' loaded TargetPlatform 'TVOSClient'
[2020.02.01-05.30.01:016][  0]LogTemp: Display: Module 'TVOSTargetPlatform' loaded TargetPlatform 'TVOS'
[2020.02.01-05.30.01:034][  0]LogTemp: Display: Module 'LinuxClientTargetPlatform' loaded TargetPlatform 'LinuxClient'
[2020.02.01-05.30.01:053][  0]LogTemp: Display: Module 'LinuxNoEditorTargetPlatform' loaded TargetPlatform 'LinuxNoEditor'
[2020.02.01-05.30.01:069][  0]LogTemp: Display: Module 'LinuxServerTargetPlatform' loaded TargetPlatform 'LinuxServer'
[2020.02.01-05.30.01:088][  0]LogTemp: Display: Module 'LinuxTargetPlatform' loaded TargetPlatform 'Linux'
[2020.02.01-05.30.01:147][  0]LogTemp: Display: Module 'LuminTargetPlatform' loaded TargetPlatform 'Lumin'
[2020.02.01-05.30.01:159][  0]LogTemp: Display: Module 'LuminTargetPlatform' loaded TargetPlatform 'LuminClient'
[2020.02.01-05.30.01:160][  0]LogTargetPlatformManager: Display: Building Assets For Windows
[2020.02.01-05.30.01:184][  0]LogAudioDebug: Display: Lib vorbis DLL was dynamically loaded.
[2020.02.01-05.30.01:294][  0]LogShaderCompilers: Guid format shader working directory is -29 characters bigger than the processId version (../../../../../../Users/w017177h/Documents/GGJ2020/Global-Game-Jam-2020/GGJ20/Intermediate/Shaders/WorkingDirectory/13640/).
[2020.02.01-05.30.01:294][  0]LogShaderCompilers: Cleaned the shader compiler working directory 'C:/Users/w017177h/AppData/Local/Temp/UnrealShaderWorkingDir/26A6FA2B44388F5C9DA0D3A2831F0796/'.
[2020.02.01-05.30.01:297][  0]LogXGEController: Cleaning working directory: C:/Users/w017177h/AppData/Local/Temp/UnrealXGEWorkingDir/
[2020.02.01-05.30.01:297][  0]LogXGEController: Cannot use XGE Controller as Incredibuild is not installed on this machine.
[2020.02.01-05.30.01:297][  0]LogShaderCompilers: Cannot use XGE Shader Compiler as Incredibuild is not installed on this machine.
[2020.02.01-05.30.01:298][  0]LogShaderCompilers: Display: Using Local Shader Compiler.
[2020.02.01-05.30.01:843][  0]LogDerivedDataCache: Display: Max Cache Size: 512 MB
[2020.02.01-05.30.01:903][  0]LogDerivedDataCache: Loaded boot cache 0.06s 71MB C:/Users/w017177h/AppData/Local/UnrealEngine/4.22/DerivedDataCache/Boot.ddc.
[2020.02.01-05.30.01:903][  0]LogDerivedDataCache: Display: Loaded Boot cache: C:/Users/w017177h/AppData/Local/UnrealEngine/4.22/DerivedDataCache/Boot.ddc
[2020.02.01-05.30.01:903][  0]LogDerivedDataCache: FDerivedDataBackendGraph:  Pak pak cache file ../../../../../../Users/w017177h/Documents/GGJ2020/Global-Game-Jam-2020/GGJ20/DerivedDataCache/DDC.ddp not found, will not use a pak cache.
[2020.02.01-05.30.01:903][  0]LogDerivedDataCache: Unable to find inner node Pak for hierarchical cache Hierarchy.
[2020.02.01-05.30.01:903][  0]LogDerivedDataCache: FDerivedDataBackendGraph:  CompressedPak pak cache file ../../../../../../Users/w017177h/Documents/GGJ2020/Global-Game-Jam-2020/GGJ20/DerivedDataCache/Compressed.ddp not found, will not use a pak cache.
[2020.02.01-05.30.01:903][  0]LogDerivedDataCache: Unable to find inner node CompressedPak for hierarchical cache Hierarchy.
[2020.02.01-05.30.01:919][  0]LogDerivedDataCache: Display: Pak cache opened for reading ../../../Engine/DerivedDataCache/Compressed.ddp.
[2020.02.01-05.30.01:919][  0]LogDerivedDataCache: FDerivedDataBackendGraph:  EnterprisePak pak cache file ../../../Enterprise/DerivedDataCache/Compressed.ddp not found, will not use a pak cache.
[2020.02.01-05.30.01:919][  0]LogDerivedDataCache: Unable to find inner node EnterprisePak for hierarchical cache Hierarchy.
[2020.02.01-05.30.01:933][  0]LogDerivedDataCache: Using Local data cache path C:/Users/w017177h/AppData/Local/UnrealEngine/Common/DerivedDataCache: Writable
[2020.02.01-05.30.01:933][  0]LogDerivedDataCache: Shared data cache path not found in *engine.ini, will not use an Shared cache.
[2020.02.01-05.30.01:933][  0]LogDerivedDataCache: Unable to find inner node Shared for hierarchical cache Hierarchy.
[2020.02.01-05.30.01:967][  0]LogMaterial: Verifying Global Shaders for PCD3D_SM5
[2020.02.01-05.30.01:968][  0]LogSlate: Using FreeType 2.6.0
[2020.02.01-05.30.01:969][  0]LogSlate: SlateFontServices - WITH_FREETYPE: 1, WITH_HARFBUZZ: 1
[2020.02.01-05.30.02:066][  0]LogAssetRegistry: FAssetRegistry took 0.0383 seconds to start up
[2020.02.01-05.30.02:510][  0]LogInit: Selected Device Profile: [Windows]
[2020.02.01-05.30.02:703][  0]LogMeshReduction: Using QuadricMeshReduction for automatic static mesh reduction
[2020.02.01-05.30.02:703][  0]LogMeshReduction: Using SimplygonMeshReduction for automatic skeletal mesh reduction
[2020.02.01-05.30.02:703][  0]LogMeshReduction: Using ProxyLODMeshReduction for automatic mesh merging
[2020.02.01-05.30.02:703][  0]LogMeshReduction: No distributed automatic mesh merging module available
[2020.02.01-05.30.02:703][  0]LogMeshMerging: No distributed automatic mesh merging module available
[2020.02.01-05.30.02:717][  0]LogNetVersion: GGJ20 1.0.0, NetCL: 5660361, EngineNetVer: 10, GameNetVer: 0 (Checksum: 2452190960)
[2020.02.01-05.30.03:185][  0]LogPackageLocalizationCache: Processed 10 localized package path(s) for 1 prioritized culture(s) in 0.081400 seconds
[2020.02.01-05.30.03:199][  0]LogUObjectArray: 42205 objects as part of root set at end of initial load.
[2020.02.01-05.30.03:199][  0]LogUObjectAllocator: 7325032 out of 0 bytes used by permanent object pool.
[2020.02.01-05.30.03:199][  0]LogUObjectArray: CloseDisregardForGC: 0/0 objects in disregard for GC pool
[2020.02.01-05.30.04:198][  0]LogTcpMessaging: Initializing TcpMessaging bridge
[2020.02.01-05.30.04:219][  0]LogUdpMessaging: Initializing bridge on interface 0.0.0.0:0 to multicast group 230.0.0.1:6666.
[2020.02.01-05.30.04:448][  0]SourceControl: Source control is disabled
[2020.02.01-05.30.04:448][  0]SourceControl: Source control is disabled
[2020.02.01-05.30.04:452][  0]SourceControl: Source control is disabled
[2020.02.01-05.30.04:455][  0]SourceControl: Source control is disabled
[2020.02.01-05.30.04:621][  0]LogAndroidPermission: UAndroidPermissionCallbackProxy::GetInstance
[2020.02.01-05.30.04:778][  0]LogOcInput: OculusInput pre-init called
[2020.02.01-05.30.05:454][  0]LogEngine: Initializing Engine...
[2020.02.01-05.30.05:455][  0]LogHMD: Failed to initialize OpenVR with code 110
[2020.02.01-05.30.05:456][  0]LogStats: UGameplayTagsManager::InitializeManager -  0.000 s
[2020.02.01-05.30.05:644][  0]LogInit: Initializing FReadOnlyCVARCache
[2020.02.01-05.30.05:659][  0]LogAIModule: Creating AISystem for world Untitled
[2020.02.01-05.30.05:682][  0]LogInit: XAudio2 using 'Headset Earphone (Corsair VOID PRO USB Gaming Headset )' : 2 channels at 48 kHz using 16 bits per sample (channel mask 0x3)
[2020.02.01-05.30.05:709][  0]LogInit: FAudioDevice initialized.
[2020.02.01-05.30.05:710][  0]LogNetVersion: Set ProjectVersion to 1.0.0.0. Version Checksum will be recalculated on next use.
[2020.02.01-05.30.05:759][  0]LogDerivedDataCache: Saved boot cache 0.05s 71MB C:/Users/w017177h/AppData/Local/UnrealEngine/4.22/DerivedDataCache/Boot.ddc.
[2020.02.01-05.30.05:768][  0]LogInit: Texture streaming: Enabled
[2020.02.01-05.30.05:799][  0]LogEngineSessionManager: EngineSessionManager initialized
[2020.02.01-05.30.05:821][  0]LogInit: Transaction tracking system initialized
[2020.02.01-05.30.05:856][  0]BlueprintLog: New page: Editor Load
[2020.02.01-05.30.05:984][  0]LocalizationService: Localization service is disabled
[2020.02.01-05.30.06:327][  0]LogFileCache: Scanning file cache for directory 'C:/Users/w017177h/Documents/GGJ2020/Global-Game-Jam-2020/GGJ20/Content/' took 0.01s
[2020.02.01-05.30.06:327][  0]LogCook: Display: Max memory allowance for cook 16384mb min free memory 0mb
[2020.02.01-05.30.06:327][  0]LogCook: Display: Mobile HDR setting 1
[2020.02.01-05.30.06:601][  0]SourceControl: Source control is disabled
[2020.02.01-05.30.06:601][  0]Cmd: MAP LOAD FILE="../../../Engine/Content/Maps/Templates/Template_Default.umap" TEMPLATE=1 SHOWPROGRESS=1 FEATURELEVEL=3
[2020.02.01-05.30.06:601][  0]LightingResults: New page: Lighting Build
[2020.02.01-05.30.06:604][  0]MapCheck: New page: Map Check
[2020.02.01-05.30.06:604][  0]LightingResults: New page: Lighting Build
[2020.02.01-05.30.06:634][  0]LogUObjectHash: Compacting FUObjectHashTables data took   1.54ms
[2020.02.01-05.30.06:715][  0]LogAIModule: Creating AISystem for world Untitled_1
[2020.02.01-05.30.06:724][  0]LogEditorServer: Finished looking for orphan Actors (0.000 secs)
[2020.02.01-05.30.06:759][  0]LogUObjectHash: Compacting FUObjectHashTables data took   2.20ms
[2020.02.01-05.30.06:760][  0]Cmd: MAP CHECKDEP NOCLEARLOG
[2020.02.01-05.30.06:760][  0]MapCheck: Map check complete: 0 Error(s), 0 Warning(s), took 0.362ms to complete.
[2020.02.01-05.30.06:760][  0]LogFileHelpers: Loading map 'Template_Default' took 0.159
[2020.02.01-05.30.06:875][  0]LogSlate: Updating window title bar state: overlay mode, drag disabled, window buttons hidden, title bar hidden
[2020.02.01-05.30.06:882][  0]LogSlate: Updating window title bar state: overlay mode, drag disabled, window buttons hidden, title bar hidden
[2020.02.01-05.30.06:890][  0]LogSlate: Updating window title bar state: overlay mode, drag disabled, window buttons hidden, title bar hidden
[2020.02.01-05.30.06:898][  0]LogSlate: Updating window title bar state: overlay mode, drag disabled, window buttons hidden, title bar hidden
[2020.02.01-05.30.06:906][  0]LogCollectionManager: Loaded 0 collections in 0.001965 seconds
[2020.02.01-05.30.06:950][  0]LogFileCache: Scanning file cache for directory 'C:/Users/w017177h/Documents/GGJ2020/Global-Game-Jam-2020/GGJ20/Saved/Collections/' took 0.01s
[2020.02.01-05.30.06:951][  0]LogFileCache: Scanning file cache for directory 'C:/Users/w017177h/Documents/GGJ2020/Global-Game-Jam-2020/GGJ20/Content/Developers/w017177h/Collections/' took 0.01s
[2020.02.01-05.30.06:951][  0]LogFileCache: Scanning file cache for directory 'C:/Users/w017177h/Documents/GGJ2020/Global-Game-Jam-2020/GGJ20/Content/Collections/' took 0.01s
[2020.02.01-05.30.06:951][  0]LogCollectionManager: Rebuilt the GUID cache for 0 collections in 0.000001 seconds
[2020.02.01-05.30.06:960][  0]LogContentBrowser: Native class hierarchy populated in 0.0089 seconds. Added 2737 classes and 662 folders.
[2020.02.01-05.30.06:969][  0]LogContentBrowser: Native class hierarchy updated for 'WidgetCarousel' in 0.0005 seconds. Added 0 classes and 0 folders.
[2020.02.01-05.30.06:970][  0]LogPakFile: Registered encryption key '00000000000000000000000000000000': 0 pak files mounted, 0 remain pending
[2020.02.01-05.30.06:971][  0]LogPakFile: Registered encryption key '00000000000000000000000000000000': 0 pak files mounted, 0 remain pending
[2020.02.01-05.30.06:972][  0]LogPakFile: Registered encryption key '00000000000000000000000000000000': 0 pak files mounted, 0 remain pending
[2020.02.01-05.30.06:973][  0]LogPakFile: Registered encryption key '00000000000000000000000000000000': 0 pak files mounted, 0 remain pending
[2020.02.01-05.30.06:973][  0]LogPakFile: Registered encryption key '00000000000000000000000000000000': 0 pak files mounted, 0 remain pending
[2020.02.01-05.30.06:974][  0]LogPakFile: Registered encryption key '00000000000000000000000000000000': 0 pak files mounted, 0 remain pending
[2020.02.01-05.30.06:974][  0]LogPakFile: Registered encryption key '00000000000000000000000000000000': 0 pak files mounted, 0 remain pending
[2020.02.01-05.30.06:975][  0]LogPakFile: Registered encryption key '00000000000000000000000000000000': 0 pak files mounted, 0 remain pending
[2020.02.01-05.30.06:976][  0]LogPakFile: Registered encryption key '00000000000000000000000000000000': 0 pak files mounted, 0 remain pending
[2020.02.01-05.30.06:976][  0]LogPakFile: Registered encryption key '00000000000000000000000000000000': 0 pak files mounted, 0 remain pending
[2020.02.01-05.30.06:977][  0]LogPakFile: Registered encryption key '00000000000000000000000000000000': 0 pak files mounted, 0 remain pending
[2020.02.01-05.30.06:977][  0]LogPakFile: Registered encryption key '00000000000000000000000000000000': 0 pak files mounted, 0 remain pending
[2020.02.01-05.30.06:978][  0]LogPakFile: Registered encryption key '00000000000000000000000000000000': 0 pak files mounted, 0 remain pending
[2020.02.01-05.30.06:978][  0]LogPakFile: Registered encryption key '00000000000000000000000000000000': 0 pak files mounted, 0 remain pending
[2020.02.01-05.30.06:979][  0]LogPakFile: Registered encryption key '00000000000000000000000000000000': 0 pak files mounted, 0 remain pending
[2020.02.01-05.30.06:980][  0]LogPakFile: Registered encryption key '00000000000000000000000000000000': 0 pak files mounted, 0 remain pending
[2020.02.01-05.30.06:981][  0]LogPakFile: Registered encryption key '00000000000000000000000000000000': 0 pak files mounted, 0 remain pending
[2020.02.01-05.30.06:982][  0]LogPakFile: Registered encryption key '00000000000000000000000000000000': 0 pak files mounted, 0 remain pending
[2020.02.01-05.30.06:983][  0]LogPakFile: Registered encryption key '00000000000000000000000000000000': 0 pak files mounted, 0 remain pending
[2020.02.01-05.30.06:984][  0]LogPakFile: Registered encryption key '00000000000000000000000000000000': 0 pak files mounted, 0 remain pending
[2020.02.01-05.30.06:985][  0]LogPakFile: Registered encryption key '00000000000000000000000000000000': 0 pak files mounted, 0 remain pending
[2020.02.01-05.30.06:985][  0]LogPakFile: Registered encryption key '00000000000000000000000000000000': 0 pak files mounted, 0 remain pending
[2020.02.01-05.30.06:986][  0]LogPakFile: Registered encryption key '00000000000000000000000000000000': 0 pak files mounted, 0 remain pending
[2020.02.01-05.30.06:987][  0]LogPakFile: Registered encryption key '00000000000000000000000000000000': 0 pak files mounted, 0 remain pending
[2020.02.01-05.30.06:988][  0]LogPakFile: Registered encryption key '00000000000000000000000000000000': 0 pak files mounted, 0 remain pending
[2020.02.01-05.30.06:989][  0]LogPakFile: Registered encryption key '00000000000000000000000000000000': 0 pak files mounted, 0 remain pending
[2020.02.01-05.30.07:021][  0]LogContentBrowser: Native class hierarchy updated for 'AddContentDialog' in 0.0004 seconds. Added 0 classes and 0 folders.
[2020.02.01-05.30.07:050][  0]LogContentBrowser: Native class hierarchy updated for 'SceneOutliner' in 0.0004 seconds. Added 1 classes and 2 folders.
[2020.02.01-05.30.07:065][  0]LogSlate: Took 0.000207 seconds to synchronously load lazily loaded font '../../../Engine/Content/Slate/Fonts/Roboto-Regular.ttf' (155K)
[2020.02.01-05.30.07:068][  0]LogSlate: Took 0.000623 seconds to synchronously load lazily loaded font '../../../Engine/Content/Slate/Fonts/Roboto-Bold.ttf' (160K)
[2020.02.01-05.30.07:074][  0]LogSlate: Took 0.000184 seconds to synchronously load lazily loaded font '../../../Engine/Content/Editor/Slate/Fonts/FontAwesome.ttf' (139K)
[2020.02.01-05.30.07:132][  0]LogRenderer: Reallocating scene render targets to support 1052x572 Format 10 NumSamples 1 (Frame:1).
[2020.02.01-05.30.07:211][  0]LogSlate: FSceneViewport::OnFocusLost() reason 2
[2020.02.01-05.30.07:224][  0]LogSlate: Window 'Tutorials' being destroyed
[2020.02.01-05.30.07:259][  0]LogContentBrowser: Native class hierarchy updated for 'HierarchicalLODOutliner' in 0.0006 seconds. Added 0 classes and 0 folders.
[2020.02.01-05.30.07:259][  0]LogLoad: (Engine Initialization) Total time: 10.00 seconds
[2020.02.01-05.30.07:260][  0]LogLoad: (Engine Initialization) Total Blueprint compile time: 0.00 seconds
[2020.02.01-05.30.07:296][  0]LogAssetRegistry: Asset discovery search completed in 5.2565 seconds
[2020.02.01-05.30.07:298][  0]LogCollectionManager: Rebuilt the object cache for 0 collections in 0.000000 seconds (found 0 objects)
[2020.02.01-05.30.07:298][  0]LogCollectionManager: Fixed up redirectors for 0 collections in 0.000125 seconds (updated 0 objects)
[2020.02.01-05.30.07:303][  0]LogContentStreaming: Texture pool size now 1000 MB
[2020.02.01-05.30.07:335][  0]LogSlate: Took 0.000123 seconds to synchronously load lazily loaded font '../../../Engine/Content/Slate/Fonts/Roboto-Light.ttf' (167K)
[2020.02.01-05.30.13:316][ 18]LogSlate: FSceneViewport::OnFocusLost() reason 0
[2020.02.01-05.30.13:376][ 25]LogSlate: Took 0.000154 seconds to synchronously load lazily loaded font '../../../Engine/Content/Slate/Fonts/Roboto-Light.ttf' (167K)
[2020.02.01-05.30.13:413][ 25]LogAIModule: Creating AISystem for world JohnsTestLevel
[2020.02.01-05.30.13:421][ 25]LogAssetEditorManager: Opening Asset editor for World /Game/Maps/JohnsTestLevel.JohnsTestLevel
[2020.02.01-05.30.13:448][ 25]LogUObjectHash: Compacting FUObjectHashTables data took   1.81ms
[2020.02.01-05.30.13:449][ 25]Cmd: MAP LOAD FILE="../../../../../../Users/w017177h/Documents/GGJ2020/Global-Game-Jam-2020/GGJ20/Content/Maps/JohnsTestLevel.umap" TEMPLATE=0 SHOWPROGRESS=1 FEATURELEVEL=3
[2020.02.01-05.30.13:450][ 25]LightingResults: New page: Lighting Build
[2020.02.01-05.30.13:450][ 25]LoadErrors: New page: Loading map: JohnsTestLevel.umap
[2020.02.01-05.30.13:452][ 25]MapCheck: New page: Map Check
[2020.02.01-05.30.13:452][ 25]LightingResults: New page: Lighting Build
[2020.02.01-05.30.13:481][ 25]LogUObjectHash: Compacting FUObjectHashTables data took   1.93ms
[2020.02.01-05.30.13:485][ 25]LogEditorServer: Finished looking for orphan Actors (0.000 secs)
[2020.02.01-05.30.13:515][ 25]LogUObjectHash: Compacting FUObjectHashTables data took   1.42ms
[2020.02.01-05.30.13:541][ 25]Cmd: MAP CHECKDEP NOCLEARLOG
[2020.02.01-05.30.13:541][ 25]MapCheck: Map check complete: 0 Error(s), 0 Warning(s), took 0.228ms to complete.
[2020.02.01-05.30.13:542][ 25]LogFileHelpers: Loading map 'JohnsTestLevel' took 0.093
[2020.02.01-05.30.14:413][116]LogTemp: Repeating last play command: Selected Viewport
[2020.02.01-05.30.14:430][116]LogBlueprintUserMessages: Early PlayInEditor Detection: Level '/Game/Maps/JohnsTestLevel.JohnsTestLevel:PersistentLevel' has LevelScriptBlueprint '/Game/Maps/JohnsTestLevel.JohnsTestLevel:PersistentLevel.JohnsTestLevel' with GeneratedClass '/Game/Maps/JohnsTestLevel.JohnsTestLevel_C' with ClassGeneratedBy '/Game/Maps/JohnsTestLevel.JohnsTestLevel:PersistentLevel.JohnsTestLevel'
[2020.02.01-05.30.14:430][116]LogPlayLevel: PlayLevel: No blueprints needed recompiling
[2020.02.01-05.30.14:431][116]PIE: New page: PIE session: JohnsTestLevel (1 Feb 2020 05:30:14)
[2020.02.01-05.30.14:445][116]LogPlayLevel: Creating play world package: /Game/Maps/UEDPIE_0_JohnsTestLevel
[2020.02.01-05.30.14:449][116]LogPlayLevel: PIE: StaticDuplicateObject took: (0.003199s)
[2020.02.01-05.30.14:450][116]LogAIModule: Creating AISystem for world JohnsTestLevel
[2020.02.01-05.30.14:451][116]LogPlayLevel: PIE: World Init took: (0.001410s)
[2020.02.01-05.30.14:451][116]LogPlayLevel: PIE: Created PIE world by copying editor world from /Game/Maps/JohnsTestLevel.JohnsTestLevel to /Game/Maps/UEDPIE_0_JohnsTestLevel.JohnsTestLevel (0.005458s)
[2020.02.01-05.30.14:477][116]LogUObjectHash: Compacting FUObjectHashTables data took   1.06ms
[2020.02.01-05.30.14:489][116]LogInit: XAudio2 using 'Headset Earphone (Corsair VOID PRO USB Gaming Headset )' : 2 channels at 48 kHz using 16 bits per sample (channel mask 0x3)
[2020.02.01-05.30.14:500][116]LogInit: FAudioDevice initialized.
[2020.02.01-05.30.14:559][116]LogLoad: Game class is 'TestLevel_C'
[2020.02.01-05.30.14:562][116]LogWorld: Bringing World /Game/Maps/UEDPIE_0_JohnsTestLevel.JohnsTestLevel up for play (max tick rate 0) at 2020.02.01-05.30.14
[2020.02.01-05.30.14:563][116]LogWorld: Bringing up level for play took: 0.001908
[2020.02.01-05.30.14:582][116]LogContentBrowser: Native class hierarchy updated for 'MovieSceneCapture' in 0.0004 seconds. Added 20 classes and 0 folders.
[2020.02.01-05.30.14:584][116]PIE: Play in editor start time for /Game/Maps/UEDPIE_0_JohnsTestLevel -0.11
[2020.02.01-05.30.14:584][116]LogBlueprintUserMessages: Late PlayInEditor Detection: Level '/Game/Maps/JohnsTestLevel.JohnsTestLevel:PersistentLevel' has LevelScriptBlueprint '/Game/Maps/JohnsTestLevel.JohnsTestLevel:PersistentLevel.JohnsTestLevel' with GeneratedClass '/Game/Maps/JohnsTestLevel.JohnsTestLevel_C' with ClassGeneratedBy '/Game/Maps/JohnsTestLevel.JohnsTestLevel:PersistentLevel.JohnsTestLevel'
[2020.02.01-05.30.17:952][119]LogD3D11RHI: Timed out while waiting for GPU to catch up. (0.5 s)
[2020.02.01-05.30.23:320][371]LogBlueprintUserMessages: Early EndPlayMap Detection: Level '/Game/Maps/JohnsTestLevel.JohnsTestLevel:PersistentLevel' has LevelScriptBlueprint '/Game/Maps/JohnsTestLevel.JohnsTestLevel:PersistentLevel.JohnsTestLevel' with GeneratedClass '/Game/Maps/JohnsTestLevel.JohnsTestLevel_C' with ClassGeneratedBy '/Game/Maps/JohnsTestLevel.JohnsTestLevel:PersistentLevel.JohnsTestLevel'
[2020.02.01-05.30.23:320][371]LogSlate: Updating window title bar state: overlay mode, drag disabled, window buttons hidden, title bar hidden
[2020.02.01-05.30.23:350][371]LogPlayLevel: Display: Shutting down PIE online subsystems
[2020.02.01-05.30.23:351][371]LogBlueprintUserMessages: Late EndPlayMap Detection: Level '/Game/Maps/JohnsTestLevel.JohnsTestLevel:PersistentLevel' has LevelScriptBlueprint '/Game/Maps/JohnsTestLevel.JohnsTestLevel:PersistentLevel.JohnsTestLevel' with GeneratedClass '/Game/Maps/JohnsTestLevel.JohnsTestLevel_C' with ClassGeneratedBy '/Game/Maps/JohnsTestLevel.JohnsTestLevel:PersistentLevel.JohnsTestLevel'
[2020.02.01-05.30.23:385][371]LogSlate: Updating window title bar state: overlay mode, drag disabled, window buttons hidden, title bar hidden
[2020.02.01-05.30.23:389][371]LogUObjectHash: Compacting FUObjectHashTables data took   1.86ms
[2020.02.01-05.30.23:433][373]LogPlayLevel: Display: Destroying online subsystem :Context_1
[2020.02.01-05.30.24:133][457]LogEditorViewport: Clicking on Actor (LMB): BP_Sky_Sphere_C (Sky Sphere)
[2020.02.01-05.30.25:464][612]LogSlate: FSceneViewport::OnFocusLost() reason 0
[2020.02.01-05.30.28:114][927]LogEditorViewport: Clicking on Actor (LMB): BP_Octopus_C (BP_Octopus)
[2020.02.01-05.30.30:043][154]LogSlate: FSceneViewport::OnFocusLost() reason 0
[2020.02.01-05.30.32:514][448]LogTemp: Repeating last play command: Selected Viewport
[2020.02.01-05.30.32:532][448]LogBlueprintUserMessages: Early PlayInEditor Detection: Level '/Game/Maps/JohnsTestLevel.JohnsTestLevel:PersistentLevel' has LevelScriptBlueprint '/Game/Maps/JohnsTestLevel.JohnsTestLevel:PersistentLevel.JohnsTestLevel' with GeneratedClass '/Game/Maps/JohnsTestLevel.JohnsTestLevel_C' with ClassGeneratedBy '/Game/Maps/JohnsTestLevel.JohnsTestLevel:PersistentLevel.JohnsTestLevel'
[2020.02.01-05.30.32:532][448]LogPlayLevel: PlayLevel: No blueprints needed recompiling
[2020.02.01-05.30.32:532][448]PIE: New page: PIE session: JohnsTestLevel (1 Feb 2020 05:30:32)
[2020.02.01-05.30.32:533][448]LogPlayLevel: Creating play world package: /Game/Maps/UEDPIE_0_JohnsTestLevel
[2020.02.01-05.30.32:536][448]LogPlayLevel: PIE: StaticDuplicateObject took: (0.002884s)
[2020.02.01-05.30.32:536][448]LogAIModule: Creating AISystem for world JohnsTestLevel
[2020.02.01-05.30.32:536][448]LogPlayLevel: PIE: World Init took: (0.000731s)
[2020.02.01-05.30.32:537][448]LogPlayLevel: PIE: Created PIE world by copying editor world from /Game/Maps/JohnsTestLevel.JohnsTestLevel to /Game/Maps/UEDPIE_0_JohnsTestLevel.JohnsTestLevel (0.004002s)
[2020.02.01-05.30.32:563][448]LogUObjectHash: Compacting FUObjectHashTables data took   1.32ms
[2020.02.01-05.30.32:577][448]LogInit: XAudio2 using 'Headset Earphone (Corsair VOID PRO USB Gaming Headset )' : 2 channels at 48 kHz using 16 bits per sample (channel mask 0x3)
[2020.02.01-05.30.32:588][448]LogInit: FAudioDevice initialized.
[2020.02.01-05.30.32:625][448]LogLoad: Game class is 'TestLevel_C'
[2020.02.01-05.30.32:627][448]LogWorld: Bringing World /Game/Maps/UEDPIE_0_JohnsTestLevel.JohnsTestLevel up for play (max tick rate 0) at 2020.02.01-05.30.32
[2020.02.01-05.30.32:627][448]LogWorld: Bringing up level for play took: 0.001014
[2020.02.01-05.30.32:642][448]PIE: Play in editor start time for /Game/Maps/UEDPIE_0_JohnsTestLevel -0.052
[2020.02.01-05.30.32:642][448]LogBlueprintUserMessages: Late PlayInEditor Detection: Level '/Game/Maps/JohnsTestLevel.JohnsTestLevel:PersistentLevel' has LevelScriptBlueprint '/Game/Maps/JohnsTestLevel.JohnsTestLevel:PersistentLevel.JohnsTestLevel' with GeneratedClass '/Game/Maps/JohnsTestLevel.JohnsTestLevel_C' with ClassGeneratedBy '/Game/Maps/JohnsTestLevel.JohnsTestLevel:PersistentLevel.JohnsTestLevel'
[2020.02.01-05.30.37:807][ 64]LogSlate: FSceneViewport::OnFocusLost() reason 2
[2020.02.01-05.30.39:173][226]LogSlate: FSceneViewport::OnFocusLost() reason 2
[2020.02.01-05.30.47:698][231]LogBlueprintUserMessages: Early EndPlayMap Detection: Level '/Game/Maps/JohnsTestLevel.JohnsTestLevel:PersistentLevel' has LevelScriptBlueprint '/Game/Maps/JohnsTestLevel.JohnsTestLevel:PersistentLevel.JohnsTestLevel' with GeneratedClass '/Game/Maps/JohnsTestLevel.JohnsTestLevel_C' with ClassGeneratedBy '/Game/Maps/JohnsTestLevel.JohnsTestLevel:PersistentLevel.JohnsTestLevel'
[2020.02.01-05.30.47:699][231]LogSlate: Updating window title bar state: overlay mode, drag disabled, window buttons hidden, title bar hidden
[2020.02.01-05.30.47:736][231]LogPlayLevel: Display: Shutting down PIE online subsystems
[2020.02.01-05.30.47:736][231]LogBlueprintUserMessages: Late EndPlayMap Detection: Level '/Game/Maps/JohnsTestLevel.JohnsTestLevel:PersistentLevel' has LevelScriptBlueprint '/Game/Maps/JohnsTestLevel.JohnsTestLevel:PersistentLevel.JohnsTestLevel' with GeneratedClass '/Game/Maps/JohnsTestLevel.JohnsTestLevel_C' with ClassGeneratedBy '/Game/Maps/JohnsTestLevel.JohnsTestLevel:PersistentLevel.JohnsTestLevel'
[2020.02.01-05.30.47:768][231]LogSlate: Updating window title bar state: overlay mode, drag disabled, window buttons hidden, title bar hidden
[2020.02.01-05.30.47:771][231]LogUObjectHash: Compacting FUObjectHashTables data took   1.07ms
[2020.02.01-05.30.47:808][233]LogPlayLevel: Display: Destroying online subsystem :Context_2
[2020.02.01-05.30.49:119][390]LogEditorViewport: Clicking on Actor (LMB): BP_Octopus_C (BP_Octopus)
