Log file open, 02/02/20 16:13:16
LogWindows: Failed to load 'aqProf.dll' (GetLastError=126)
LogWindows: File 'aqProf.dll' does not exist
LogWindows: Failed to load 'VtuneApi.dll' (GetLastError=126)
LogWindows: File 'VtuneApi.dll' does not exist
LogWindows: Failed to load 'VtuneApi32e.dll' (GetLastError=126)
LogWindows: File 'VtuneApi32e.dll' does not exist
LogConsoleResponse: Display: Failed to find resolution value strings in scalability ini. Falling back to default.
LogInit: Display: Running engine for game: GGJ20
LogPakFile: Registered encryption key '00000000000000000000000000000000': 0 pak files mounted, 0 remain pending
LogPlatformFile: Not using cached read wrapper
LogTaskGraph: Started task graph with 5 named threads and 23 total threads with 3 sets of task threads.
LogStats: Stats thread started at 0.382377
LogD3D11RHI: Loaded GFSDK_Aftermath_Lib.x64.dll
LogICUInternationalization: ICU TimeZone Detection - Raw Offset: +0:00, Platform Override: ''
LogPluginManager: Mounting plugin Paper2D
LogPluginManager: Mounting plugin AISupport
LogPluginManager: Mounting plugin LightPropagationVolume
LogPluginManager: Mounting plugin ActorLayerUtilities
LogPluginManager: Mounting plugin AnimationSharing
LogPluginManager: Mounting plugin CLionSourceCodeAccess
LogPluginManager: Mounting plugin CodeLiteSourceCodeAccess
LogPluginManager: Mounting plugin GitSourceControl
LogPluginManager: Mounting plugin KDevelopSourceCodeAccess
LogPluginManager: Mounting plugin NullSourceCodeAccess
LogPluginManager: Mounting plugin PerforceSourceControl
LogPluginManager: Mounting plugin SubversionSourceControl
LogPluginManager: Mounting plugin UObjectPlugin
LogPluginManager: Mounting plugin VisualStudioCodeSourceCodeAccess
LogPluginManager: Mounting plugin VisualStudioSourceCodeAccess
LogPluginManager: Mounting plugin XCodeSourceCodeAccess
LogPluginManager: Mounting plugin AssetManagerEditor
LogPluginManager: Mounting plugin CryptoKeys
LogPluginManager: Mounting plugin DataValidation
LogPluginManager: Mounting plugin FacialAnimation
LogPluginManager: Mounting plugin GameplayTagsEditor
LogPluginManager: Mounting plugin MacGraphicsSwitching
LogPluginManager: Mounting plugin MaterialAnalyzer
LogPluginManager: Mounting plugin MobileLauncherProfileWizard
LogPluginManager: Mounting plugin PluginBrowser
LogPluginManager: Mounting plugin SpeedTreeImporter
LogPluginManager: Mounting plugin DatasmithContent
LogPluginManager: Mounting plugin VariantManagerContent
LogPluginManager: Mounting plugin AlembicImporter
LogPluginManager: Mounting plugin AppleImageUtils
LogPluginManager: Mounting plugin AppleVision
LogPluginManager: Mounting plugin BackChannel
LogPluginManager: Mounting plugin CharacterAI
LogPluginManager: Mounting plugin GeometryCache
LogPluginManager: Mounting plugin HTML5Networking
LogPluginManager: Mounting plugin ProxyLODPlugin
LogPluginManager: Mounting plugin SkeletalReduction
LogPluginManager: Mounting plugin MagicLeap
LogPluginManager: Mounting plugin MagicLeapMedia
LogPluginManager: Mounting plugin AndroidMedia
LogPluginManager: Mounting plugin AvfMedia
LogPluginManager: Mounting plugin ImgMedia
LogPluginManager: Mounting plugin LinearTimecode
LogPluginManager: Mounting plugin MediaCompositing
LogPluginManager: Mounting plugin MediaPlayerEditor
LogPluginManager: Mounting plugin WebMMedia
LogPluginManager: Mounting plugin WmfMedia
LogPluginManager: Mounting plugin TcpMessaging
LogPluginManager: Mounting plugin UdpMessaging
LogPluginManager: Mounting plugin ActorSequence
LogPluginManager: Mounting plugin LevelSequenceEditor
LogPluginManager: Mounting plugin MatineeToLevelSequence
LogPluginManager: Mounting plugin NetcodeUnitTest
LogPluginManager: Mounting plugin NUTUnrealEngine4
LogPluginManager: Mounting plugin OnlineSubsystemGooglePlay
LogPluginManager: Mounting plugin OnlineSubsystemIOS
LogPluginManager: Mounting plugin OnlineSubsystem
LogPluginManager: Mounting plugin OnlineSubsystemNull
LogPluginManager: Mounting plugin OnlineSubsystemUtils
LogPluginManager: Mounting plugin LauncherChunkInstaller
LogPluginManager: Mounting plugin AndroidDeviceProfileSelector
LogPluginManager: Mounting plugin AndroidMoviePlayer
LogPluginManager: Mounting plugin AndroidPermission
LogPluginManager: Mounting plugin AppleMoviePlayer
LogPluginManager: Mounting plugin ArchVisCharacter
LogPluginManager: Mounting plugin AudioCapture
LogPluginManager: Mounting plugin CableComponent
LogPluginManager: Mounting plugin CustomMeshComponent
LogPluginManager: Mounting plugin EditableMesh
LogPluginManager: Mounting plugin ExampleDeviceProfileSelector
LogPluginManager: Mounting plugin Firebase
LogPluginManager: Mounting plugin GoogleCloudMessaging
LogPluginManager: Mounting plugin IOSDeviceProfileSelector
LogPluginManager: Mounting plugin LinuxDeviceProfileSelector
LogPluginManager: Mounting plugin LocationServicesBPLibrary
LogPluginManager: Mounting plugin MobilePatchingUtils
LogPluginManager: Mounting plugin OculusVR
LogPluginManager: Mounting plugin PhysXVehicles
LogPluginManager: Mounting plugin ProceduralMeshComponent
LogPluginManager: Mounting plugin RuntimePhysXCooking
LogPluginManager: Mounting plugin SignificanceManager
LogPluginManager: Mounting plugin SteamVR
LogPluginManager: Mounting plugin WebMMoviePlayer
LogPluginManager: Mounting plugin WindowsMoviePlayer
LogInit: Using libcurl 7.55.1-DEV
LogInit:  - built for x86_64-pc-win32
LogInit:  - supports SSL with OpenSSL/1.1.1
LogInit:  - supports HTTP deflate (compression) using libz 1.2.8
LogInit:  - other features:
LogInit:      CURL_VERSION_SSL
LogInit:      CURL_VERSION_LIBZ
LogInit:      CURL_VERSION_IPV6
LogInit:      CURL_VERSION_ASYNCHDNS
LogInit:      CURL_VERSION_LARGEFILE
LogInit:      CURL_VERSION_IDN
LogInit:  CurlRequestOptions (configurable via config and command line):
LogInit:  - bVerifyPeer = true  - Libcurl will verify peer certificate
LogInit:  - bUseHttpProxy = false  - Libcurl will NOT use HTTP proxy
LogInit:  - bDontReuseConnections = false  - Libcurl will reuse connections
LogInit:  - MaxHostConnections = 16  - Libcurl will limit the number of connections to a host
LogInit:  - LocalHostAddr = Default
LogInit:  - BufferSize = 65536
LogInit: WinSock: version 1.1 (2.2), MaxSocks=32767, MaxUdp=65467
LogInit: Build: ++UE4+Release-4.22-CL-7053642
LogInit: Engine Version: 4.22.3-7053642+++UE4+Release-4.22
LogInit: Compatible Engine Version: 4.22.0-5660361+++UE4+Release-4.22
LogInit: Net CL: 5660361
LogInit: OS: Windows 10 (Release 1909) (), CPU: Intel(R) Xeon(R) W-2123 CPU @ 3.60GHz, GPU: NVIDIA GeForce GTX 1070
LogInit: Compiled (64-bit): Jun 18 2019 03:09:11
LogInit: Compiled with Visual C++: 19.16.27025.01
LogInit: Build Configuration: Development
LogInit: Branch Name: ++UE4+Release-4.22
LogInit: Command Line:  -skipcompile
LogInit: Base Directory: C:/Epic/UE4/UE_4.22/Engine/Binaries/Win64/
LogInit: Installed Engine Build: 1
LogDevObjectVersion: Number of dev versions registered: 23
LogDevObjectVersion:   Dev-Blueprints (B0D832E4-1F89-4F0D-ACCF-7EB736FD4AA2): 10
LogDevObjectVersion:   Dev-Build (E1C64328-A22C-4D53-A36C-8E866417BD8C): 0
LogDevObjectVersion:   Dev-Core (375EC13C-06E4-48FB-B500-84F0262A717E): 3
LogDevObjectVersion:   Dev-Editor (E4B068ED-F494-42E9-A231-DA0B2E46BB41): 30
LogDevObjectVersion:   Dev-Framework (CFFC743F-43B0-4480-9391-14DF171D2073): 35
LogDevObjectVersion:   Dev-Mobile (B02B49B5-BB20-44E9-A304-32B752E40360): 2
LogDevObjectVersion:   Dev-Networking (A4E4105C-59A1-49B5-A7C5-40C4547EDFEE): 0
LogDevObjectVersion:   Dev-Online (39C831C9-5AE6-47DC-9A44-9C173E1C8E7C): 0
LogDevObjectVersion:   Dev-Physics (78F01B33-EBEA-4F98-B9B4-84EACCB95AA2): 0
LogDevObjectVersion:   Dev-Platform (6631380F-2D4D-43E0-8009-CF276956A95A): 0
LogDevObjectVersion:   Dev-Rendering (12F88B9F-8875-4AFC-A67C-D90C383ABD29): 28
LogDevObjectVersion:   Dev-Sequencer (7B5AE74C-D270-4C10-A958-57980B212A5A): 11
LogDevObjectVersion:   Dev-VR (D7296918-1DD6-4BDD-9DE2-64A83CC13884): 2
LogDevObjectVersion:   Dev-LoadTimes (C2A15278-BFE7-4AFE-6C17-90FF531DF755): 1
LogDevObjectVersion:   Private-Geometry (6EACA3D4-40EC-4CC1-B786-8BED09428FC5): 3
LogDevObjectVersion:   Dev-AnimPhys (29E575DD-E0A3-4627-9D10-D276232CDCEA): 17
LogDevObjectVersion:   Dev-Anim (AF43A65D-7FD3-4947-9873-3E8ED9C1BB05): 2
LogDevObjectVersion:   Dev-ReflectionCapture (6B266CEC-1EC7-4B8F-A30B-E4D90942FC07): 1
LogDevObjectVersion:   Dev-Automation (0DF73D61-A23F-47EA-B727-89E90C41499A): 1
LogDevObjectVersion:   FortniteMain (601D1886-AC64-4F84-AA16-D3DE0DEAC7D6): 25
LogDevObjectVersion:   Dev-Enterprise (9DFFBCD6-494F-0158-E221-12823C92A888): 6
LogDevObjectVersion:   Dev-Niagara (F2AED0AC-9AFE-416F-8664-AA7FFA26D6FC): 1
LogDevObjectVersion:   Dev-Destruction (174F1F0B-B4C6-45A5-B13F-2EE8D0FB917D): 2
LogInit: Presizing for max 16777216 objects, including 0 objects not considered by GC, pre-allocating 0 bytes for permanent pool.
LogInit: Object subsystem initialized
LogConfig: Setting CVar [[con.DebugEarlyDefault:1]]
LogConfig: Setting CVar [[r.setres:1280x720]]
[2020.02.02-16.13.17:250][  0]LogConfig: Setting CVar [[r.VSync:0]]
[2020.02.02-16.13.17:250][  0]LogConfig: Setting CVar [[r.RHICmdBypass:0]]
[2020.02.02-16.13.17:250][  0]LogConfig: Applying CVar settings from Section [/Script/Engine.RendererSettings] File [C:/Users/h017026h/Documents/GitKra/Global-Game-Jam-2020/GGJ20/Saved/Config/Windows/Engine.ini]
[2020.02.02-16.13.17:250][  0]LogConfig: Setting CVar [[r.GPUCrashDebugging:0]]
[2020.02.02-16.13.17:250][  0]LogConfig: Setting CVar [[r.DefaultFeature.AutoExposure.ExtendDefaultLuminanceRange:1]]
[2020.02.02-16.13.17:251][  0]LogConfig: Applying CVar settings from Section [/Script/Engine.RendererOverrideSettings] File [C:/Users/h017026h/Documents/GitKra/Global-Game-Jam-2020/GGJ20/Saved/Config/Windows/Engine.ini]
[2020.02.02-16.13.17:251][  0]LogConfig: Applying CVar settings from Section [/Script/Engine.StreamingSettings] File [C:/Users/h017026h/Documents/GitKra/Global-Game-Jam-2020/GGJ20/Saved/Config/Windows/Engine.ini]
[2020.02.02-16.13.17:251][  0]LogConfig: Setting CVar [[s.MinBulkDataSizeForAsyncLoading:131072]]
[2020.02.02-16.13.17:251][  0]LogConfig: Setting CVar [[s.AsyncLoadingThreadEnabled:0]]
[2020.02.02-16.13.17:251][  0]LogConfig: Setting CVar [[s.EventDrivenLoaderEnabled:1]]
[2020.02.02-16.13.17:251][  0]LogConfig: Setting CVar [[s.WarnIfTimeLimitExceeded:0]]
[2020.02.02-16.13.17:251][  0]LogConfig: Setting CVar [[s.TimeLimitExceededMultiplier:1.5]]
[2020.02.02-16.13.17:251][  0]LogConfig: Setting CVar [[s.TimeLimitExceededMinTime:0.005]]
[2020.02.02-16.13.17:251][  0]LogConfig: Setting CVar [[s.UseBackgroundLevelStreaming:1]]
[2020.02.02-16.13.17:251][  0]LogConfig: Setting CVar [[s.PriorityAsyncLoadingExtraTime:15.0]]
[2020.02.02-16.13.17:251][  0]LogConfig: Setting CVar [[s.LevelStreamingActorsUpdateTimeLimit:5.0]]
[2020.02.02-16.13.17:251][  0]LogConfig: Setting CVar [[s.PriorityLevelStreamingActorsUpdateExtraTime:5.0]]
[2020.02.02-16.13.17:251][  0]LogConfig: Setting CVar [[s.LevelStreamingComponentsRegistrationGranularity:10]]
[2020.02.02-16.13.17:252][  0]LogConfig: Setting CVar [[s.UnregisterComponentsTimeLimit:1.0]]
[2020.02.02-16.13.17:252][  0]LogConfig: Setting CVar [[s.LevelStreamingComponentsUnregistrationGranularity:5]]
[2020.02.02-16.13.17:252][  0]LogConfig: Applying CVar settings from Section [/Script/Engine.GarbageCollectionSettings] File [C:/Users/h017026h/Documents/GitKra/Global-Game-Jam-2020/GGJ20/Saved/Config/Windows/Engine.ini]
[2020.02.02-16.13.17:252][  0]LogConfig: Setting CVar [[gc.MaxObjectsNotConsideredByGC:1]]
[2020.02.02-16.13.17:252][  0]LogConfig: Setting CVar [[gc.SizeOfPermanentObjectPool:0]]
[2020.02.02-16.13.17:252][  0]LogConfig: Setting CVar [[gc.FlushStreamingOnGC:0]]
[2020.02.02-16.13.17:252][  0]LogConfig: Setting CVar [[gc.NumRetriesBeforeForcingGC:10]]
[2020.02.02-16.13.17:252][  0]LogConfig: Setting CVar [[gc.AllowParallelGC:1]]
[2020.02.02-16.13.17:252][  0]LogConfig: Setting CVar [[gc.TimeBetweenPurgingPendingKillObjects:61.1]]
[2020.02.02-16.13.17:252][  0]LogConfig: Setting CVar [[gc.MaxObjectsInEditor:16777216]]
[2020.02.02-16.13.17:252][  0]LogConfig: Setting CVar [[gc.IncrementalBeginDestroyEnabled:1]]
[2020.02.02-16.13.17:252][  0]LogConfig: Setting CVar [[gc.CreateGCClusters:1]]
[2020.02.02-16.13.17:252][  0]LogConfig: Setting CVar [[gc.MinGCClusterSize:5]]
[2020.02.02-16.13.17:253][  0]LogConfig: Setting CVar [[gc.ActorClusteringEnabled:0]]
[2020.02.02-16.13.17:253][  0]LogConfig: Setting CVar [[gc.BlueprintClusteringEnabled:0]]
[2020.02.02-16.13.17:253][  0]LogConfig: Setting CVar [[gc.UseDisregardForGCOnDedicatedServers:0]]
[2020.02.02-16.13.17:253][  0]LogConfig: Applying CVar settings from Section [/Script/Engine.NetworkSettings] File [C:/Users/h017026h/Documents/GitKra/Global-Game-Jam-2020/GGJ20/Saved/Config/Windows/Engine.ini]
[2020.02.02-16.13.17:253][  0]LogConfig: Applying CVar settings from Section [/Script/UnrealEd.CookerSettings] File [C:/Users/h017026h/Documents/GitKra/Global-Game-Jam-2020/GGJ20/Saved/Config/Windows/Engine.ini]
[2020.02.02-16.13.17:266][  0]LogConfig: Applying CVar settings from Section [ViewDistanceQuality@3] File [C:/Users/h017026h/Documents/GitKra/Global-Game-Jam-2020/GGJ20/Saved/Config/Windows/Scalability.ini]
[2020.02.02-16.13.17:267][  0]LogConfig: Setting CVar [[r.SkeletalMeshLODBias:0]]
[2020.02.02-16.13.17:267][  0]LogConfig: Setting CVar [[r.ViewDistanceScale:1.0]]
[2020.02.02-16.13.17:267][  0]LogConfig: Applying CVar settings from Section [AntiAliasingQuality@3] File [C:/Users/h017026h/Documents/GitKra/Global-Game-Jam-2020/GGJ20/Saved/Config/Windows/Scalability.ini]
[2020.02.02-16.13.17:267][  0]LogConfig: Setting CVar [[r.PostProcessAAQuality:4]]
[2020.02.02-16.13.17:267][  0]LogConfig: Applying CVar settings from Section [ShadowQuality@3] File [C:/Users/h017026h/Documents/GitKra/Global-Game-Jam-2020/GGJ20/Saved/Config/Windows/Scalability.ini]
[2020.02.02-16.13.17:267][  0]LogConfig: Setting CVar [[r.LightFunctionQuality:1]]
[2020.02.02-16.13.17:267][  0]LogConfig: Setting CVar [[r.ShadowQuality:5]]
[2020.02.02-16.13.17:267][  0]LogConfig: Setting CVar [[r.Shadow.CSM.MaxCascades:10]]
[2020.02.02-16.13.17:267][  0]LogConfig: Setting CVar [[r.Shadow.MaxResolution:2048]]
[2020.02.02-16.13.17:267][  0]LogConfig: Setting CVar [[r.Shadow.MaxCSMResolution:2048]]
[2020.02.02-16.13.17:267][  0]LogConfig: Setting CVar [[r.Shadow.RadiusThreshold:0.01]]
[2020.02.02-16.13.17:268][  0]LogConfig: Setting CVar [[r.Shadow.DistanceScale:1.0]]
[2020.02.02-16.13.17:268][  0]LogConfig: Setting CVar [[r.Shadow.CSM.TransitionScale:1.0]]
[2020.02.02-16.13.17:268][  0]LogConfig: Setting CVar [[r.Shadow.PreShadowResolutionFactor:1.0]]
[2020.02.02-16.13.17:268][  0]LogConfig: Setting CVar [[r.DistanceFieldShadowing:1]]
[2020.02.02-16.13.17:268][  0]LogConfig: Setting CVar [[r.DistanceFieldAO:1]]
[2020.02.02-16.13.17:268][  0]LogConfig: Setting CVar [[r.AOQuality:2]]
[2020.02.02-16.13.17:268][  0]LogConfig: Setting CVar [[r.VolumetricFog:1]]
[2020.02.02-16.13.17:268][  0]LogConfig: Setting CVar [[r.VolumetricFog.GridPixelSize:8]]
[2020.02.02-16.13.17:268][  0]LogConfig: Setting CVar [[r.VolumetricFog.GridSizeZ:128]]
[2020.02.02-16.13.17:268][  0]LogConfig: Setting CVar [[r.VolumetricFog.HistoryMissSupersampleCount:4]]
[2020.02.02-16.13.17:268][  0]LogConfig: Setting CVar [[r.LightMaxDrawDistanceScale:1]]
[2020.02.02-16.13.17:268][  0]LogConfig: Setting CVar [[r.CapsuleShadows:1]]
[2020.02.02-16.13.17:268][  0]LogConfig: Applying CVar settings from Section [PostProcessQuality@3] File [C:/Users/h017026h/Documents/GitKra/Global-Game-Jam-2020/GGJ20/Saved/Config/Windows/Scalability.ini]
[2020.02.02-16.13.17:269][  0]LogConfig: Setting CVar [[r.MotionBlurQuality:4]]
[2020.02.02-16.13.17:269][  0]LogConfig: Setting CVar [[r.AmbientOcclusionMipLevelFactor:0.4]]
[2020.02.02-16.13.17:269][  0]LogConfig: Setting CVar [[r.AmbientOcclusionMaxQuality:100]]
[2020.02.02-16.13.17:269][  0]LogConfig: Setting CVar [[r.AmbientOcclusionLevels:-1]]
[2020.02.02-16.13.17:269][  0]LogConfig: Setting CVar [[r.AmbientOcclusionRadiusScale:1.0]]
[2020.02.02-16.13.17:269][  0]LogConfig: Setting CVar [[r.DepthOfFieldQuality:2]]
[2020.02.02-16.13.17:269][  0]LogConfig: Setting CVar [[r.RenderTargetPoolMin:400]]
[2020.02.02-16.13.17:269][  0]LogConfig: Setting CVar [[r.LensFlareQuality:2]]
[2020.02.02-16.13.17:269][  0]LogConfig: Setting CVar [[r.SceneColorFringeQuality:1]]
[2020.02.02-16.13.17:269][  0]LogConfig: Setting CVar [[r.EyeAdaptationQuality:2]]
[2020.02.02-16.13.17:269][  0]LogConfig: Setting CVar [[r.BloomQuality:5]]
[2020.02.02-16.13.17:269][  0]LogConfig: Setting CVar [[r.FastBlurThreshold:100]]
[2020.02.02-16.13.17:269][  0]LogConfig: Setting CVar [[r.Upscale.Quality:3]]
[2020.02.02-16.13.17:269][  0]LogConfig: Setting CVar [[r.Tonemapper.GrainQuantization:1]]
[2020.02.02-16.13.17:270][  0]LogConfig: Setting CVar [[r.LightShaftQuality:1]]
[2020.02.02-16.13.17:270][  0]LogConfig: Setting CVar [[r.Filter.SizeScale:1]]
[2020.02.02-16.13.17:270][  0]LogConfig: Setting CVar [[r.Tonemapper.Quality:5]]
[2020.02.02-16.13.17:270][  0]LogConfig: Setting CVar [[r.DOF.Gather.AccumulatorQuality:1        ; higher gathering accumulator quality]]
[2020.02.02-16.13.17:270][  0]LogConfig: Setting CVar [[r.DOF.Gather.PostfilterMethod:1          ; Median3x3 postfilering method]]
[2020.02.02-16.13.17:270][  0]LogConfig: Setting CVar [[r.DOF.Gather.EnableBokehSettings:0       ; no bokeh simulation when gathering]]
[2020.02.02-16.13.17:270][  0]LogConfig: Setting CVar [[r.DOF.Gather.RingCount:4                 ; medium number of samples when gathering]]
[2020.02.02-16.13.17:270][  0]LogConfig: Setting CVar [[r.DOF.Scatter.ForegroundCompositing:1    ; additive foreground scattering]]
[2020.02.02-16.13.17:270][  0]LogConfig: Setting CVar [[r.DOF.Scatter.BackgroundCompositing:2    ; additive background scattering]]
[2020.02.02-16.13.17:270][  0]LogConfig: Setting CVar [[r.DOF.Scatter.EnableBokehSettings:1      ; bokeh simulation when scattering]]
[2020.02.02-16.13.17:270][  0]LogConfig: Setting CVar [[r.DOF.Scatter.MaxSpriteRatio:0.1         ; only a maximum of 10% of scattered bokeh]]
[2020.02.02-16.13.17:270][  0]LogConfig: Setting CVar [[r.DOF.Recombine.Quality:1                ; cheap slight out of focus]]
[2020.02.02-16.13.17:270][  0]LogConfig: Setting CVar [[r.DOF.Recombine.EnableBokehSettings:0    ; no bokeh simulation on slight out of focus]]
[2020.02.02-16.13.17:271][  0]LogConfig: Setting CVar [[r.DOF.TemporalAAQuality:1                ; more stable temporal accumulation]]
[2020.02.02-16.13.17:271][  0]LogConfig: Setting CVar [[r.DOF.Kernel.MaxForegroundRadius:0.025]]
[2020.02.02-16.13.17:271][  0]LogConfig: Setting CVar [[r.DOF.Kernel.MaxBackgroundRadius:0.025]]
[2020.02.02-16.13.17:271][  0]LogConfig: Applying CVar settings from Section [TextureQuality@3] File [C:/Users/h017026h/Documents/GitKra/Global-Game-Jam-2020/GGJ20/Saved/Config/Windows/Scalability.ini]
[2020.02.02-16.13.17:271][  0]LogConfig: Setting CVar [[r.Streaming.MipBias:0]]
[2020.02.02-16.13.17:271][  0]LogConfig: Setting CVar [[r.Streaming.AmortizeCPUToGPUCopy:0]]
[2020.02.02-16.13.17:271][  0]LogConfig: Setting CVar [[r.Streaming.MaxNumTexturesToStreamPerFrame:0]]
[2020.02.02-16.13.17:271][  0]LogConfig: Setting CVar [[r.Streaming.Boost:1]]
[2020.02.02-16.13.17:271][  0]LogConfig: Setting CVar [[r.MaxAnisotropy:8]]
[2020.02.02-16.13.17:271][  0]LogConfig: Setting CVar [[r.Streaming.LimitPoolSizeToVRAM:0]]
[2020.02.02-16.13.17:271][  0]LogConfig: Setting CVar [[r.Streaming.PoolSize:1000]]
[2020.02.02-16.13.17:271][  0]LogConfig: Setting CVar [[r.Streaming.MaxEffectiveScreenSize:0]]
[2020.02.02-16.13.17:271][  0]LogConfig: Applying CVar settings from Section [EffectsQuality@3] File [C:/Users/h017026h/Documents/GitKra/Global-Game-Jam-2020/GGJ20/Saved/Config/Windows/Scalability.ini]
[2020.02.02-16.13.17:272][  0]LogConfig: Setting CVar [[r.TranslucencyLightingVolumeDim:64]]
[2020.02.02-16.13.17:272][  0]LogConfig: Setting CVar [[r.RefractionQuality:2]]
[2020.02.02-16.13.17:272][  0]LogConfig: Setting CVar [[r.SSR.Quality:3]]
[2020.02.02-16.13.17:272][  0]LogConfig: Setting CVar [[r.SceneColorFormat:4]]
[2020.02.02-16.13.17:272][  0]LogConfig: Setting CVar [[r.DetailMode:2]]
[2020.02.02-16.13.17:272][  0]LogConfig: Setting CVar [[r.TranslucencyVolumeBlur:1]]
[2020.02.02-16.13.17:272][  0]LogConfig: Setting CVar [[r.MaterialQualityLevel:1 ; High quality]]
[2020.02.02-16.13.17:272][  0]LogConfig: Setting CVar [[r.SSS.Scale:1]]
[2020.02.02-16.13.17:272][  0]LogConfig: Setting CVar [[r.SSS.SampleSet:2]]
[2020.02.02-16.13.17:272][  0]LogConfig: Setting CVar [[r.SSS.Quality:1]]
[2020.02.02-16.13.17:272][  0]LogConfig: Setting CVar [[r.SSS.HalfRes:1]]
[2020.02.02-16.13.17:272][  0]LogConfig: Setting CVar [[r.EmitterSpawnRateScale:1.0]]
[2020.02.02-16.13.17:273][  0]LogConfig: Setting CVar [[r.ParticleLightQuality:2]]
[2020.02.02-16.13.17:273][  0]LogConfig: Applying CVar settings from Section [FoliageQuality@3] File [C:/Users/h017026h/Documents/GitKra/Global-Game-Jam-2020/GGJ20/Saved/Config/Windows/Scalability.ini]
[2020.02.02-16.13.17:273][  0]LogConfig: Setting CVar [[foliage.DensityScale:1.0]]
[2020.02.02-16.13.17:273][  0]LogConfig: Setting CVar [[grass.DensityScale:1.0]]
[2020.02.02-16.13.17:273][  0]LogInit: Selected Device Profile: [Windows]
[2020.02.02-16.13.17:273][  0]LogInit: Applying CVar settings loaded from the selected device profile: [Windows]
[2020.02.02-16.13.17:291][  0]LogHAL: Display: Platform has ~ 32 GB [34065854464 / 34359738368 / 32], which maps to Largest [LargestMinGB=32, LargerMinGB=12, DefaultMinGB=8, SmallerMinGB=6, SmallestMinGB=0)
[2020.02.02-16.13.17:291][  0]LogConfig: Setting CVar [[r.Vulkan.UseRealUBs:0		; Required until we fix HLR fall-out]]
[2020.02.02-16.13.17:291][  0]LogInit: Going up to parent DeviceProfile []
[2020.02.02-16.13.17:291][  0]LogConfig: Applying CVar settings from Section [ViewDistanceQuality@3] File [C:/Users/h017026h/Documents/GitKra/Global-Game-Jam-2020/GGJ20/Saved/Config/Windows/Scalability.ini]
[2020.02.02-16.13.17:291][  0]LogConfig: Setting CVar [[r.SkeletalMeshLODBias:0]]
[2020.02.02-16.13.17:291][  0]LogConfig: Setting CVar [[r.ViewDistanceScale:1.0]]
[2020.02.02-16.13.17:291][  0]LogConfig: Applying CVar settings from Section [AntiAliasingQuality@3] File [C:/Users/h017026h/Documents/GitKra/Global-Game-Jam-2020/GGJ20/Saved/Config/Windows/Scalability.ini]
[2020.02.02-16.13.17:291][  0]LogConfig: Setting CVar [[r.PostProcessAAQuality:4]]
[2020.02.02-16.13.17:292][  0]LogConfig: Applying CVar settings from Section [ShadowQuality@3] File [C:/Users/h017026h/Documents/GitKra/Global-Game-Jam-2020/GGJ20/Saved/Config/Windows/Scalability.ini]
[2020.02.02-16.13.17:292][  0]LogConfig: Setting CVar [[r.LightFunctionQuality:1]]
[2020.02.02-16.13.17:292][  0]LogConfig: Setting CVar [[r.ShadowQuality:5]]
[2020.02.02-16.13.17:292][  0]LogConfig: Setting CVar [[r.Shadow.CSM.MaxCascades:10]]
[2020.02.02-16.13.17:292][  0]LogConfig: Setting CVar [[r.Shadow.MaxResolution:2048]]
[2020.02.02-16.13.17:292][  0]LogConfig: Setting CVar [[r.Shadow.MaxCSMResolution:2048]]
[2020.02.02-16.13.17:292][  0]LogConfig: Setting CVar [[r.Shadow.RadiusThreshold:0.01]]
[2020.02.02-16.13.17:292][  0]LogConfig: Setting CVar [[r.Shadow.DistanceScale:1.0]]
[2020.02.02-16.13.17:292][  0]LogConfig: Setting CVar [[r.Shadow.CSM.TransitionScale:1.0]]
[2020.02.02-16.13.17:292][  0]LogConfig: Setting CVar [[r.Shadow.PreShadowResolutionFactor:1.0]]
[2020.02.02-16.13.17:292][  0]LogConfig: Setting CVar [[r.DistanceFieldShadowing:1]]
[2020.02.02-16.13.17:292][  0]LogConfig: Setting CVar [[r.DistanceFieldAO:1]]
[2020.02.02-16.13.17:292][  0]LogConfig: Setting CVar [[r.AOQuality:2]]
[2020.02.02-16.13.17:292][  0]LogConfig: Setting CVar [[r.VolumetricFog:1]]
[2020.02.02-16.13.17:292][  0]LogConfig: Setting CVar [[r.VolumetricFog.GridPixelSize:8]]
[2020.02.02-16.13.17:292][  0]LogConfig: Setting CVar [[r.VolumetricFog.GridSizeZ:128]]
[2020.02.02-16.13.17:292][  0]LogConfig: Setting CVar [[r.VolumetricFog.HistoryMissSupersampleCount:4]]
[2020.02.02-16.13.17:292][  0]LogConfig: Setting CVar [[r.LightMaxDrawDistanceScale:1]]
[2020.02.02-16.13.17:292][  0]LogConfig: Setting CVar [[r.CapsuleShadows:1]]
[2020.02.02-16.13.17:292][  0]LogConfig: Applying CVar settings from Section [PostProcessQuality@3] File [C:/Users/h017026h/Documents/GitKra/Global-Game-Jam-2020/GGJ20/Saved/Config/Windows/Scalability.ini]
[2020.02.02-16.13.17:293][  0]LogConfig: Setting CVar [[r.MotionBlurQuality:4]]
[2020.02.02-16.13.17:293][  0]LogConfig: Setting CVar [[r.AmbientOcclusionMipLevelFactor:0.4]]
[2020.02.02-16.13.17:293][  0]LogConfig: Setting CVar [[r.AmbientOcclusionMaxQuality:100]]
[2020.02.02-16.13.17:293][  0]LogConfig: Setting CVar [[r.AmbientOcclusionLevels:-1]]
[2020.02.02-16.13.17:293][  0]LogConfig: Setting CVar [[r.AmbientOcclusionRadiusScale:1.0]]
[2020.02.02-16.13.17:293][  0]LogConfig: Setting CVar [[r.DepthOfFieldQuality:2]]
[2020.02.02-16.13.17:293][  0]LogConfig: Setting CVar [[r.RenderTargetPoolMin:400]]
[2020.02.02-16.13.17:293][  0]LogConfig: Setting CVar [[r.LensFlareQuality:2]]
[2020.02.02-16.13.17:293][  0]LogConfig: Setting CVar [[r.SceneColorFringeQuality:1]]
[2020.02.02-16.13.17:293][  0]LogConfig: Setting CVar [[r.EyeAdaptationQuality:2]]
[2020.02.02-16.13.17:293][  0]LogConfig: Setting CVar [[r.BloomQuality:5]]
[2020.02.02-16.13.17:293][  0]LogConfig: Setting CVar [[r.FastBlurThreshold:100]]
[2020.02.02-16.13.17:293][  0]LogConfig: Setting CVar [[r.Upscale.Quality:3]]
[2020.02.02-16.13.17:293][  0]LogConfig: Setting CVar [[r.Tonemapper.GrainQuantization:1]]
[2020.02.02-16.13.17:293][  0]LogConfig: Setting CVar [[r.LightShaftQuality:1]]
[2020.02.02-16.13.17:293][  0]LogConfig: Setting CVar [[r.Filter.SizeScale:1]]
[2020.02.02-16.13.17:293][  0]LogConfig: Setting CVar [[r.Tonemapper.Quality:5]]
[2020.02.02-16.13.17:293][  0]LogConfig: Setting CVar [[r.DOF.Gather.AccumulatorQuality:1        ; higher gathering accumulator quality]]
[2020.02.02-16.13.17:293][  0]LogConfig: Setting CVar [[r.DOF.Gather.PostfilterMethod:1          ; Median3x3 postfilering method]]
[2020.02.02-16.13.17:294][  0]LogConfig: Setting CVar [[r.DOF.Gather.EnableBokehSettings:0       ; no bokeh simulation when gathering]]
[2020.02.02-16.13.17:294][  0]LogConfig: Setting CVar [[r.DOF.Gather.RingCount:4                 ; medium number of samples when gathering]]
[2020.02.02-16.13.17:294][  0]LogConfig: Setting CVar [[r.DOF.Scatter.ForegroundCompositing:1    ; additive foreground scattering]]
[2020.02.02-16.13.17:294][  0]LogConfig: Setting CVar [[r.DOF.Scatter.BackgroundCompositing:2    ; additive background scattering]]
[2020.02.02-16.13.17:294][  0]LogConfig: Setting CVar [[r.DOF.Scatter.EnableBokehSettings:1      ; bokeh simulation when scattering]]
[2020.02.02-16.13.17:294][  0]LogConfig: Setting CVar [[r.DOF.Scatter.MaxSpriteRatio:0.1         ; only a maximum of 10% of scattered bokeh]]
[2020.02.02-16.13.17:294][  0]LogConfig: Setting CVar [[r.DOF.Recombine.Quality:1                ; cheap slight out of focus]]
[2020.02.02-16.13.17:294][  0]LogConfig: Setting CVar [[r.DOF.Recombine.EnableBokehSettings:0    ; no bokeh simulation on slight out of focus]]
[2020.02.02-16.13.17:294][  0]LogConfig: Setting CVar [[r.DOF.TemporalAAQuality:1                ; more stable temporal accumulation]]
[2020.02.02-16.13.17:294][  0]LogConfig: Setting CVar [[r.DOF.Kernel.MaxForegroundRadius:0.025]]
[2020.02.02-16.13.17:294][  0]LogConfig: Setting CVar [[r.DOF.Kernel.MaxBackgroundRadius:0.025]]
[2020.02.02-16.13.17:294][  0]LogConfig: Applying CVar settings from Section [TextureQuality@3] File [C:/Users/h017026h/Documents/GitKra/Global-Game-Jam-2020/GGJ20/Saved/Config/Windows/Scalability.ini]
[2020.02.02-16.13.17:294][  0]LogConfig: Setting CVar [[r.Streaming.MipBias:0]]
[2020.02.02-16.13.17:294][  0]LogConfig: Setting CVar [[r.Streaming.AmortizeCPUToGPUCopy:0]]
[2020.02.02-16.13.17:294][  0]LogConfig: Setting CVar [[r.Streaming.MaxNumTexturesToStreamPerFrame:0]]
[2020.02.02-16.13.17:294][  0]LogConfig: Setting CVar [[r.Streaming.Boost:1]]
[2020.02.02-16.13.17:294][  0]LogConfig: Setting CVar [[r.MaxAnisotropy:8]]
[2020.02.02-16.13.17:294][  0]LogConfig: Setting CVar [[r.Streaming.LimitPoolSizeToVRAM:0]]
[2020.02.02-16.13.17:294][  0]LogConfig: Setting CVar [[r.Streaming.PoolSize:1000]]
[2020.02.02-16.13.17:295][  0]LogConfig: Setting CVar [[r.Streaming.MaxEffectiveScreenSize:0]]
[2020.02.02-16.13.17:295][  0]LogConfig: Applying CVar settings from Section [EffectsQuality@3] File [C:/Users/h017026h/Documents/GitKra/Global-Game-Jam-2020/GGJ20/Saved/Config/Windows/Scalability.ini]
[2020.02.02-16.13.17:295][  0]LogConfig: Setting CVar [[r.TranslucencyLightingVolumeDim:64]]
[2020.02.02-16.13.17:295][  0]LogConfig: Setting CVar [[r.RefractionQuality:2]]
[2020.02.02-16.13.17:295][  0]LogConfig: Setting CVar [[r.SSR.Quality:3]]
[2020.02.02-16.13.17:295][  0]LogConfig: Setting CVar [[r.SceneColorFormat:4]]
[2020.02.02-16.13.17:295][  0]LogConfig: Setting CVar [[r.DetailMode:2]]
[2020.02.02-16.13.17:295][  0]LogConfig: Setting CVar [[r.TranslucencyVolumeBlur:1]]
[2020.02.02-16.13.17:295][  0]LogConfig: Setting CVar [[r.MaterialQualityLevel:1 ; High quality]]
[2020.02.02-16.13.17:295][  0]LogConfig: Setting CVar [[r.SSS.Scale:1]]
[2020.02.02-16.13.17:295][  0]LogConfig: Setting CVar [[r.SSS.SampleSet:2]]
[2020.02.02-16.13.17:295][  0]LogConfig: Setting CVar [[r.SSS.Quality:1]]
[2020.02.02-16.13.17:295][  0]LogConfig: Setting CVar [[r.SSS.HalfRes:1]]
[2020.02.02-16.13.17:295][  0]LogConfig: Setting CVar [[r.EmitterSpawnRateScale:1.0]]
[2020.02.02-16.13.17:295][  0]LogConfig: Setting CVar [[r.ParticleLightQuality:2]]
[2020.02.02-16.13.17:295][  0]LogConfig: Applying CVar settings from Section [FoliageQuality@3] File [C:/Users/h017026h/Documents/GitKra/Global-Game-Jam-2020/GGJ20/Saved/Config/Windows/Scalability.ini]
[2020.02.02-16.13.17:295][  0]LogConfig: Setting CVar [[foliage.DensityScale:1.0]]
[2020.02.02-16.13.17:295][  0]LogConfig: Setting CVar [[grass.DensityScale:1.0]]
[2020.02.02-16.13.17:296][  0]LogConfig: Applying CVar settings from Section [Startup] File [../../../Engine/Config/ConsoleVariables.ini]
[2020.02.02-16.13.17:296][  0]LogConfig: Setting CVar [[net.UseAdaptiveNetUpdateFrequency:0]]
[2020.02.02-16.13.17:296][  0]LogConfig: Setting CVar [[p.chaos.AllowCreatePhysxBodies:1]]
[2020.02.02-16.13.17:296][  0]LogConfig: Applying CVar settings from Section [ConsoleVariables] File [C:/Users/h017026h/Documents/GitKra/Global-Game-Jam-2020/GGJ20/Saved/Config/Windows/Engine.ini]
[2020.02.02-16.13.17:296][  0]LogInit: Computer: C117B-20
[2020.02.02-16.13.17:296][  0]LogInit: User: h017026h
[2020.02.02-16.13.17:296][  0]LogInit: CPU Page size=4096, Cores=4
[2020.02.02-16.13.17:296][  0]LogInit: High frequency timer resolution =10.000000 MHz
[2020.02.02-16.13.17:297][  0]LogMemory: Memory total: Physical=31.7GB (32GB approx)
[2020.02.02-16.13.17:297][  0]LogMemory: Platform Memory Stats for Windows
[2020.02.02-16.13.17:297][  0]LogMemory: Process Physical Memory: 99.29 MB used, 99.29 MB peak
[2020.02.02-16.13.17:297][  0]LogMemory: Process Virtual Memory: 102.53 MB used, 102.53 MB peak
[2020.02.02-16.13.17:297][  0]LogMemory: Physical Memory: 10617.03 MB used,  21870.70 MB free, 32487.73 MB total
[2020.02.02-16.13.17:297][  0]LogMemory: Virtual Memory: 4657.30 MB used,  134213072.00 MB free, 134217728.00 MB total
[2020.02.02-16.13.17:473][  0]LogInit: Using OS detected language (en-US).
[2020.02.02-16.13.17:473][  0]LogInit: Using OS detected locale (en-GB).
[2020.02.02-16.13.17:474][  0]LogTextLocalizationManager: No specific localization for 'en-US' exists, so the 'en' localization will be used.
[2020.02.02-16.13.17:666][  0]LogInit: Setting process to per monitor DPI aware
[2020.02.02-16.13.17:734][  0]LogSlate: New Slate User Created.  User Index 0, Is Virtual User: 0
[2020.02.02-16.13.17:734][  0]LogSlate: Slate User Registered.  User Index 0, Is Virtual User: 0
[2020.02.02-16.13.17:946][  0]LogHMD: Failed to initialize OpenVR with code 110
[2020.02.02-16.13.17:946][  0]LogD3D11RHI: D3D11 adapters:
[2020.02.02-16.13.18:047][  0]LogD3D11RHI:    0. 'NVIDIA GeForce GTX 1070' (Feature Level 11_0)
[2020.02.02-16.13.18:047][  0]LogD3D11RHI:       8088/0/16243 MB DedicatedVideo/DedicatedSystem/SharedSystem, Outputs:2, VendorId:0x10de
[2020.02.02-16.13.18:055][  0]LogD3D11RHI:    1. 'Microsoft Basic Render Driver' (Feature Level 11_0)
[2020.02.02-16.13.18:055][  0]LogD3D11RHI:       0/0/16243 MB DedicatedVideo/DedicatedSystem/SharedSystem, Outputs:0, VendorId:0x1414
[2020.02.02-16.13.18:055][  0]LogD3D11RHI: Chosen D3D11 Adapter: 0
[2020.02.02-16.13.18:064][  0]LogD3D11RHI: Creating new Direct3DDevice
[2020.02.02-16.13.18:064][  0]LogD3D11RHI:     GPU DeviceId: 0x1b81 (for the marketing name, search the web for "GPU Device Id")
[2020.02.02-16.13.18:064][  0]LogWindows: EnumDisplayDevices:
[2020.02.02-16.13.18:065][  0]LogWindows:    0. 'NVIDIA GeForce GTX 1070' (P:1 D:1)
[2020.02.02-16.13.18:065][  0]LogWindows:    1. 'NVIDIA GeForce GTX 1070' (P:0 D:1)
[2020.02.02-16.13.18:066][  0]LogWindows:    2. 'NVIDIA GeForce GTX 1070' (P:0 D:0)
[2020.02.02-16.13.18:066][  0]LogWindows:    3. 'NVIDIA GeForce GTX 1070' (P:0 D:0)
[2020.02.02-16.13.18:067][  0]LogWindows: DebugString: FoundDriverCount:4 
[2020.02.02-16.13.18:067][  0]LogD3D11RHI:     Adapter Name: NVIDIA GeForce GTX 1070
[2020.02.02-16.13.18:067][  0]LogD3D11RHI:   Driver Version: 441.66 (internal:26.21.14.4166, unified:441.66)
[2020.02.02-16.13.18:067][  0]LogD3D11RHI:      Driver Date: 12-6-2019
[2020.02.02-16.13.18:067][  0]LogRHI: Texture pool is 5661 MB (70% of 8088 MB)
[2020.02.02-16.13.18:115][  0]LogD3D11RHI: Async texture creation enabled
[2020.02.02-16.13.18:119][  0]LogRendererCore: FGlobalReadBuffer::InitRHI
[2020.02.02-16.13.18:119][  0]LogRendererCore: FGlobalReadBuffer::InitRHI
[2020.02.02-16.13.18:119][  0]LogRendererCore: FGlobalReadBuffer::InitRHI
[2020.02.02-16.13.18:127][  0]LogD3D11RHI: GPU Timing Frequency: 1000.000000 (Debug: 2 1)
[2020.02.02-16.13.18:405][  0]LogTemp: Display: Module 'AllDesktopTargetPlatform' loaded TargetPlatform 'AllDesktop'
[2020.02.02-16.13.18:421][  0]LogTemp: Display: Module 'MacClientTargetPlatform' loaded TargetPlatform 'MacClient'
[2020.02.02-16.13.18:439][  0]LogTemp: Display: Module 'MacNoEditorTargetPlatform' loaded TargetPlatform 'MacNoEditor'
[2020.02.02-16.13.18:455][  0]LogTemp: Display: Module 'MacServerTargetPlatform' loaded TargetPlatform 'MacServer'
[2020.02.02-16.13.18:471][  0]LogTemp: Display: Module 'MacTargetPlatform' loaded TargetPlatform 'Mac'
[2020.02.02-16.13.18:487][  0]LogTemp: Display: Module 'WindowsClientTargetPlatform' loaded TargetPlatform 'WindowsClient'
[2020.02.02-16.13.18:505][  0]LogTemp: Display: Module 'WindowsNoEditorTargetPlatform' loaded TargetPlatform 'WindowsNoEditor'
[2020.02.02-16.13.18:523][  0]LogTemp: Display: Module 'WindowsServerTargetPlatform' loaded TargetPlatform 'WindowsServer'
[2020.02.02-16.13.18:532][  0]LogTemp: Display: Module 'WindowsTargetPlatform' loaded TargetPlatform 'Windows'
[2020.02.02-16.13.18:614][  0]LogTemp: Display: Module 'AndroidTargetPlatform' loaded TargetPlatform 'Android'
[2020.02.02-16.13.18:614][  0]LogTemp: Display: Module 'AndroidTargetPlatform' loaded TargetPlatform 'Android_ASTC'
[2020.02.02-16.13.18:614][  0]LogTemp: Display: Module 'AndroidTargetPlatform' loaded TargetPlatform 'Android_ATC'
[2020.02.02-16.13.18:614][  0]LogTemp: Display: Module 'AndroidTargetPlatform' loaded TargetPlatform 'Android_DXT'
[2020.02.02-16.13.18:614][  0]LogTemp: Display: Module 'AndroidTargetPlatform' loaded TargetPlatform 'Android_ETC1'
[2020.02.02-16.13.18:614][  0]LogTemp: Display: Module 'AndroidTargetPlatform' loaded TargetPlatform 'Android_ETC1a'
[2020.02.02-16.13.18:614][  0]LogTemp: Display: Module 'AndroidTargetPlatform' loaded TargetPlatform 'Android_ETC2'
[2020.02.02-16.13.18:614][  0]LogTemp: Display: Module 'AndroidTargetPlatform' loaded TargetPlatform 'Android_PVRTC'
[2020.02.02-16.13.18:614][  0]LogTemp: Display: Module 'AndroidTargetPlatform' loaded TargetPlatform 'AndroidClient'
[2020.02.02-16.13.18:614][  0]LogTemp: Display: Module 'AndroidTargetPlatform' loaded TargetPlatform 'Android_ASTCClient'
[2020.02.02-16.13.18:614][  0]LogTemp: Display: Module 'AndroidTargetPlatform' loaded TargetPlatform 'Android_ATCClient'
[2020.02.02-16.13.18:615][  0]LogTemp: Display: Module 'AndroidTargetPlatform' loaded TargetPlatform 'Android_DXTClient'
[2020.02.02-16.13.18:615][  0]LogTemp: Display: Module 'AndroidTargetPlatform' loaded TargetPlatform 'Android_ETC1Client'
[2020.02.02-16.13.18:615][  0]LogTemp: Display: Module 'AndroidTargetPlatform' loaded TargetPlatform 'Android_ETC1aClient'
[2020.02.02-16.13.18:615][  0]LogTemp: Display: Module 'AndroidTargetPlatform' loaded TargetPlatform 'Android_ETC2Client'
[2020.02.02-16.13.18:615][  0]LogTemp: Display: Module 'AndroidTargetPlatform' loaded TargetPlatform 'Android_PVRTCClient'
[2020.02.02-16.13.18:615][  0]LogTemp: Display: Module 'AndroidTargetPlatform' loaded TargetPlatform 'Android_Multi'
[2020.02.02-16.13.18:616][  0]LogTemp: Display: Module 'AndroidTargetPlatform' loaded TargetPlatform 'Android_MultiClient'
[2020.02.02-16.13.18:626][  0]LogTemp: Display: Module 'HTML5TargetPlatform' loaded TargetPlatform 'HTML5'
[2020.02.02-16.13.18:703][  0]LogTemp: Display: Module 'IOSTargetPlatform' loaded TargetPlatform 'IOSClient'
[2020.02.02-16.13.18:703][  0]LogTemp: Display: Module 'IOSTargetPlatform' loaded TargetPlatform 'IOS'
[2020.02.02-16.13.18:729][  0]LogTemp: Display: Module 'TVOSTargetPlatform' loaded TargetPlatform 'TVOSClient'
[2020.02.02-16.13.18:729][  0]LogTemp: Display: Module 'TVOSTargetPlatform' loaded TargetPlatform 'TVOS'
[2020.02.02-16.13.18:743][  0]LogTemp: Display: Module 'LinuxClientTargetPlatform' loaded TargetPlatform 'LinuxClient'
[2020.02.02-16.13.18:760][  0]LogTemp: Display: Module 'LinuxNoEditorTargetPlatform' loaded TargetPlatform 'LinuxNoEditor'
[2020.02.02-16.13.18:773][  0]LogTemp: Display: Module 'LinuxServerTargetPlatform' loaded TargetPlatform 'LinuxServer'
[2020.02.02-16.13.18:788][  0]LogTemp: Display: Module 'LinuxTargetPlatform' loaded TargetPlatform 'Linux'
[2020.02.02-16.13.18:838][  0]LogTemp: Display: Module 'LuminTargetPlatform' loaded TargetPlatform 'Lumin'
[2020.02.02-16.13.18:839][  0]LogTemp: Display: Module 'LuminTargetPlatform' loaded TargetPlatform 'LuminClient'
[2020.02.02-16.13.18:839][  0]LogTargetPlatformManager: Display: Building Assets For Windows
[2020.02.02-16.13.18:861][  0]LogAudioDebug: Display: Lib vorbis DLL was dynamically loaded.
[2020.02.02-16.13.18:977][  0]LogShaderCompilers: Guid format shader working directory is -27 characters bigger than the processId version (../../../../../../Users/h017026h/Documents/GitKra/Global-Game-Jam-2020/GGJ20/Intermediate/Shaders/WorkingDirectory/2452/).
[2020.02.02-16.13.18:978][  0]LogShaderCompilers: Cleaned the shader compiler working directory 'C:/Users/h017026h/AppData/Local/Temp/UnrealShaderWorkingDir/D43885B44D6D5187F6C113A7B6AF1E59/'.
[2020.02.02-16.13.18:980][  0]LogXGEController: Cleaning working directory: C:/Users/h017026h/AppData/Local/Temp/UnrealXGEWorkingDir/
[2020.02.02-16.13.18:980][  0]LogXGEController: Cannot use XGE Controller as Incredibuild is not installed on this machine.
[2020.02.02-16.13.18:980][  0]LogShaderCompilers: Cannot use XGE Shader Compiler as Incredibuild is not installed on this machine.
[2020.02.02-16.13.18:981][  0]LogShaderCompilers: Display: Using Local Shader Compiler.
[2020.02.02-16.13.19:562][  0]LogDerivedDataCache: Display: Max Cache Size: 512 MB
[2020.02.02-16.13.19:617][  0]LogDerivedDataCache: Loaded boot cache 0.05s 71MB C:/Users/h017026h/AppData/Local/UnrealEngine/4.22/DerivedDataCache/Boot.ddc.
[2020.02.02-16.13.19:617][  0]LogDerivedDataCache: Display: Loaded Boot cache: C:/Users/h017026h/AppData/Local/UnrealEngine/4.22/DerivedDataCache/Boot.ddc
[2020.02.02-16.13.19:617][  0]LogDerivedDataCache: FDerivedDataBackendGraph:  Pak pak cache file ../../../../../../Users/h017026h/Documents/GitKra/Global-Game-Jam-2020/GGJ20/DerivedDataCache/DDC.ddp not found, will not use a pak cache.
[2020.02.02-16.13.19:617][  0]LogDerivedDataCache: Unable to find inner node Pak for hierarchical cache Hierarchy.
[2020.02.02-16.13.19:618][  0]LogDerivedDataCache: FDerivedDataBackendGraph:  CompressedPak pak cache file ../../../../../../Users/h017026h/Documents/GitKra/Global-Game-Jam-2020/GGJ20/DerivedDataCache/Compressed.ddp not found, will not use a pak cache.
[2020.02.02-16.13.19:618][  0]LogDerivedDataCache: Unable to find inner node CompressedPak for hierarchical cache Hierarchy.
[2020.02.02-16.13.19:631][  0]LogDerivedDataCache: Display: Pak cache opened for reading ../../../Engine/DerivedDataCache/Compressed.ddp.
[2020.02.02-16.13.19:631][  0]LogDerivedDataCache: FDerivedDataBackendGraph:  EnterprisePak pak cache file ../../../Enterprise/DerivedDataCache/Compressed.ddp not found, will not use a pak cache.
[2020.02.02-16.13.19:631][  0]LogDerivedDataCache: Unable to find inner node EnterprisePak for hierarchical cache Hierarchy.
[2020.02.02-16.13.19:645][  0]LogDerivedDataCache: Using Local data cache path C:/Users/h017026h/AppData/Local/UnrealEngine/Common/DerivedDataCache: Writable
[2020.02.02-16.13.19:645][  0]LogDerivedDataCache: Shared data cache path not found in *engine.ini, will not use an Shared cache.
[2020.02.02-16.13.19:645][  0]LogDerivedDataCache: Unable to find inner node Shared for hierarchical cache Hierarchy.
[2020.02.02-16.13.19:677][  0]LogMaterial: Verifying Global Shaders for PCD3D_SM5
[2020.02.02-16.13.19:678][  0]LogSlate: Using FreeType 2.6.0
[2020.02.02-16.13.19:679][  0]LogSlate: SlateFontServices - WITH_FREETYPE: 1, WITH_HARFBUZZ: 1
[2020.02.02-16.13.19:769][  0]LogAssetRegistry: FAssetRegistry took 0.0365 seconds to start up
[2020.02.02-16.13.20:124][  0]LogInit: Selected Device Profile: [Windows]
[2020.02.02-16.13.20:289][  0]LogMeshReduction: Using QuadricMeshReduction for automatic static mesh reduction
[2020.02.02-16.13.20:289][  0]LogMeshReduction: Using SimplygonMeshReduction for automatic skeletal mesh reduction
[2020.02.02-16.13.20:289][  0]LogMeshReduction: Using ProxyLODMeshReduction for automatic mesh merging
[2020.02.02-16.13.20:289][  0]LogMeshReduction: No distributed automatic mesh merging module available
[2020.02.02-16.13.20:290][  0]LogMeshMerging: No distributed automatic mesh merging module available
[2020.02.02-16.13.20:301][  0]LogNetVersion: GGJ20 1.0.0, NetCL: 5660361, EngineNetVer: 10, GameNetVer: 0 (Checksum: 2452190960)
[2020.02.02-16.13.20:708][  0]LogPackageLocalizationCache: Processed 10 localized package path(s) for 1 prioritized culture(s) in 0.060487 seconds
[2020.02.02-16.13.20:717][  0]LogUObjectArray: 42205 objects as part of root set at end of initial load.
[2020.02.02-16.13.20:717][  0]LogUObjectAllocator: 7325032 out of 0 bytes used by permanent object pool.
[2020.02.02-16.13.20:717][  0]LogUObjectArray: CloseDisregardForGC: 0/0 objects in disregard for GC pool
[2020.02.02-16.13.21:691][  0]LogTcpMessaging: Initializing TcpMessaging bridge
[2020.02.02-16.13.21:708][  0]LogUdpMessaging: Initializing bridge on interface 0.0.0.0:0 to multicast group 230.0.0.1:6666.
[2020.02.02-16.13.21:902][  0]SourceControl: Source control is disabled
[2020.02.02-16.13.21:902][  0]SourceControl: Source control is disabled
[2020.02.02-16.13.21:906][  0]SourceControl: Source control is disabled
[2020.02.02-16.13.21:909][  0]SourceControl: Source control is disabled
[2020.02.02-16.13.22:075][  0]LogAndroidPermission: UAndroidPermissionCallbackProxy::GetInstance
[2020.02.02-16.13.22:220][  0]LogOcInput: OculusInput pre-init called
[2020.02.02-16.13.22:963][  0]LogEngine: Initializing Engine...
[2020.02.02-16.13.22:965][  0]LogHMD: Failed to initialize OpenVR with code 110
[2020.02.02-16.13.22:966][  0]LogStats: UGameplayTagsManager::InitializeManager -  0.000 s
[2020.02.02-16.13.23:181][  0]LogInit: Initializing FReadOnlyCVARCache
[2020.02.02-16.13.23:199][  0]LogAIModule: Creating AISystem for world Untitled
[2020.02.02-16.13.23:225][  0]LogInit: XAudio2 using 'Realtek HD Audio 2nd output (2- Realtek High Definition Audio)' : 2 channels at 48 kHz using 32 bits per sample (channel mask 0x3)
[2020.02.02-16.13.23:274][  0]LogInit: FAudioDevice initialized.
[2020.02.02-16.13.23:275][  0]LogNetVersion: Set ProjectVersion to 1.0.0.0. Version Checksum will be recalculated on next use.
[2020.02.02-16.13.23:322][  0]LogDerivedDataCache: Saved boot cache 0.05s 71MB C:/Users/h017026h/AppData/Local/UnrealEngine/4.22/DerivedDataCache/Boot.ddc.
[2020.02.02-16.13.23:333][  0]LogInit: Texture streaming: Enabled
[2020.02.02-16.13.23:366][  0]LogEngineSessionManager: EngineSessionManager initialized
[2020.02.02-16.13.23:388][  0]LogInit: Transaction tracking system initialized
[2020.02.02-16.13.23:427][  0]BlueprintLog: New page: Editor Load
[2020.02.02-16.13.23:584][  0]LocalizationService: Localization service is disabled
[2020.02.02-16.13.23:976][  0]LogFileCache: Scanning file cache for directory 'C:/Users/h017026h/Documents/GitKra/Global-Game-Jam-2020/GGJ20/Content/' took 0.02s
[2020.02.02-16.13.23:976][  0]LogCook: Display: Max memory allowance for cook 16384mb min free memory 0mb
[2020.02.02-16.13.23:976][  0]LogCook: Display: Mobile HDR setting 1
[2020.02.02-16.13.24:245][  0]SourceControl: Source control is disabled
[2020.02.02-16.13.24:246][  0]Cmd: MAP LOAD FILE="../../../Engine/Content/Maps/Templates/Template_Default.umap" TEMPLATE=1 SHOWPROGRESS=1 FEATURELEVEL=3
[2020.02.02-16.13.24:246][  0]LightingResults: New page: Lighting Build
[2020.02.02-16.13.24:249][  0]MapCheck: New page: Map Check
[2020.02.02-16.13.24:249][  0]LightingResults: New page: Lighting Build
[2020.02.02-16.13.24:281][  0]LogUObjectHash: Compacting FUObjectHashTables data took   1.52ms
[2020.02.02-16.13.24:359][  0]LogAIModule: Creating AISystem for world Untitled_1
[2020.02.02-16.13.24:376][  0]LogEditorServer: Finished looking for orphan Actors (0.000 secs)
[2020.02.02-16.13.24:411][  0]LogUObjectHash: Compacting FUObjectHashTables data took   2.20ms
[2020.02.02-16.13.24:411][  0]Cmd: MAP CHECKDEP NOCLEARLOG
[2020.02.02-16.13.24:412][  0]MapCheck: Map check complete: 0 Error(s), 0 Warning(s), took 0.424ms to complete.
[2020.02.02-16.13.24:412][  0]LogFileHelpers: Loading map 'Template_Default' took 0.167
[2020.02.02-16.13.24:555][  0]LogSlate: Updating window title bar state: overlay mode, drag disabled, window buttons hidden, title bar hidden
[2020.02.02-16.13.24:561][  0]LogSlate: Updating window title bar state: overlay mode, drag disabled, window buttons hidden, title bar hidden
[2020.02.02-16.13.24:568][  0]LogSlate: Updating window title bar state: overlay mode, drag disabled, window buttons hidden, title bar hidden
[2020.02.02-16.13.24:575][  0]LogSlate: Updating window title bar state: overlay mode, drag disabled, window buttons hidden, title bar hidden
[2020.02.02-16.13.24:583][  0]LogCollectionManager: Loaded 0 collections in 0.002004 seconds
[2020.02.02-16.13.24:634][  0]LogFileCache: Scanning file cache for directory 'C:/Users/h017026h/Documents/GitKra/Global-Game-Jam-2020/GGJ20/Saved/Collections/' took 0.01s
[2020.02.02-16.13.24:634][  0]LogFileCache: Scanning file cache for directory 'C:/Users/h017026h/Documents/GitKra/Global-Game-Jam-2020/GGJ20/Content/Developers/h017026h/Collections/' took 0.01s
[2020.02.02-16.13.24:634][  0]LogFileCache: Scanning file cache for directory 'C:/Users/h017026h/Documents/GitKra/Global-Game-Jam-2020/GGJ20/Content/Collections/' took 0.02s
[2020.02.02-16.13.24:634][  0]LogCollectionManager: Rebuilt the GUID cache for 0 collections in 0.000000 seconds
[2020.02.02-16.13.24:656][  0]LogContentBrowser: Native class hierarchy populated in 0.0207 seconds. Added 2753 classes and 662 folders.
[2020.02.02-16.13.24:672][  0]LogContentBrowser: Native class hierarchy updated for 'WidgetCarousel' in 0.0007 seconds. Added 0 classes and 0 folders.
[2020.02.02-16.13.24:674][  0]LogPakFile: Registered encryption key '00000000000000000000000000000000': 0 pak files mounted, 0 remain pending
[2020.02.02-16.13.24:676][  0]LogPakFile: Registered encryption key '00000000000000000000000000000000': 0 pak files mounted, 0 remain pending
[2020.02.02-16.13.24:677][  0]LogPakFile: Registered encryption key '00000000000000000000000000000000': 0 pak files mounted, 0 remain pending
[2020.02.02-16.13.24:678][  0]LogPakFile: Registered encryption key '00000000000000000000000000000000': 0 pak files mounted, 0 remain pending
[2020.02.02-16.13.24:679][  0]LogPakFile: Registered encryption key '00000000000000000000000000000000': 0 pak files mounted, 0 remain pending
[2020.02.02-16.13.24:680][  0]LogPakFile: Registered encryption key '00000000000000000000000000000000': 0 pak files mounted, 0 remain pending
[2020.02.02-16.13.24:681][  0]LogPakFile: Registered encryption key '00000000000000000000000000000000': 0 pak files mounted, 0 remain pending
[2020.02.02-16.13.24:682][  0]LogPakFile: Registered encryption key '00000000000000000000000000000000': 0 pak files mounted, 0 remain pending
[2020.02.02-16.13.24:683][  0]LogPakFile: Registered encryption key '00000000000000000000000000000000': 0 pak files mounted, 0 remain pending
[2020.02.02-16.13.24:684][  0]LogPakFile: Registered encryption key '00000000000000000000000000000000': 0 pak files mounted, 0 remain pending
[2020.02.02-16.13.24:685][  0]LogPakFile: Registered encryption key '00000000000000000000000000000000': 0 pak files mounted, 0 remain pending
[2020.02.02-16.13.24:686][  0]LogPakFile: Registered encryption key '00000000000000000000000000000000': 0 pak files mounted, 0 remain pending
[2020.02.02-16.13.24:687][  0]LogPakFile: Registered encryption key '00000000000000000000000000000000': 0 pak files mounted, 0 remain pending
[2020.02.02-16.13.24:688][  0]LogPakFile: Registered encryption key '00000000000000000000000000000000': 0 pak files mounted, 0 remain pending
[2020.02.02-16.13.24:689][  0]LogPakFile: Registered encryption key '00000000000000000000000000000000': 0 pak files mounted, 0 remain pending
[2020.02.02-16.13.24:690][  0]LogPakFile: Registered encryption key '00000000000000000000000000000000': 0 pak files mounted, 0 remain pending
[2020.02.02-16.13.24:692][  0]LogPakFile: Registered encryption key '00000000000000000000000000000000': 0 pak files mounted, 0 remain pending
[2020.02.02-16.13.24:693][  0]LogPakFile: Registered encryption key '00000000000000000000000000000000': 0 pak files mounted, 0 remain pending
[2020.02.02-16.13.24:693][  0]LogPakFile: Registered encryption key '00000000000000000000000000000000': 0 pak files mounted, 0 remain pending
[2020.02.02-16.13.24:694][  0]LogPakFile: Registered encryption key '00000000000000000000000000000000': 0 pak files mounted, 0 remain pending
[2020.02.02-16.13.24:695][  0]LogPakFile: Registered encryption key '00000000000000000000000000000000': 0 pak files mounted, 0 remain pending
[2020.02.02-16.13.24:696][  0]LogPakFile: Registered encryption key '00000000000000000000000000000000': 0 pak files mounted, 0 remain pending
[2020.02.02-16.13.24:697][  0]LogPakFile: Registered encryption key '00000000000000000000000000000000': 0 pak files mounted, 0 remain pending
[2020.02.02-16.13.24:699][  0]LogPakFile: Registered encryption key '00000000000000000000000000000000': 0 pak files mounted, 0 remain pending
[2020.02.02-16.13.24:699][  0]LogPakFile: Registered encryption key '00000000000000000000000000000000': 0 pak files mounted, 0 remain pending
[2020.02.02-16.13.24:701][  0]LogPakFile: Registered encryption key '00000000000000000000000000000000': 0 pak files mounted, 0 remain pending
[2020.02.02-16.13.24:728][  0]LogContentBrowser: Native class hierarchy updated for 'AddContentDialog' in 0.0003 seconds. Added 0 classes and 0 folders.
[2020.02.02-16.13.24:741][  0]LogContentBrowser: Native class hierarchy updated for 'SceneOutliner' in 0.0009 seconds. Added 1 classes and 2 folders.
[2020.02.02-16.13.24:757][  0]LogSlate: Took 0.000390 seconds to synchronously load lazily loaded font '../../../Engine/Content/Slate/Fonts/Roboto-Regular.ttf' (155K)
[2020.02.02-16.13.24:761][  0]LogSlate: Took 0.000250 seconds to synchronously load lazily loaded font '../../../Engine/Content/Slate/Fonts/Roboto-Bold.ttf' (160K)
[2020.02.02-16.13.24:766][  0]LogSlate: Took 0.000153 seconds to synchronously load lazily loaded font '../../../Engine/Content/Editor/Slate/Fonts/FontAwesome.ttf' (139K)
[2020.02.02-16.13.24:849][  0]LogRenderer: Reallocating scene render targets to support 1208x572 Format 10 NumSamples 1 (Frame:1).
[2020.02.02-16.13.24:977][  0]LogContentBrowser: Native class hierarchy updated for 'HierarchicalLODOutliner' in 0.0007 seconds. Added 0 classes and 0 folders.
[2020.02.02-16.13.24:977][  0]LogLoad: (Engine Initialization) Total time: 9.77 seconds
[2020.02.02-16.13.24:977][  0]LogLoad: (Engine Initialization) Total Blueprint compile time: 0.00 seconds
[2020.02.02-16.13.25:025][  0]LogAssetRegistry: Asset discovery search completed in 5.2801 seconds
[2020.02.02-16.13.25:028][  0]LogCollectionManager: Rebuilt the object cache for 0 collections in 0.000001 seconds (found 0 objects)
[2020.02.02-16.13.25:028][  0]LogCollectionManager: Fixed up redirectors for 0 collections in 0.000142 seconds (updated 0 objects)
[2020.02.02-16.13.25:030][  0]LogContentStreaming: Texture pool size now 1000 MB
[2020.02.02-16.13.25:070][  0]LogSlate: Took 0.000225 seconds to synchronously load lazily loaded font '../../../Engine/Content/Slate/Fonts/Roboto-Light.ttf' (167K)
[2020.02.02-16.13.25:096][  1]LogFileCache: Retrieving MD5 hashes for directory 'C:/Users/h017026h/Documents/GitKra/Global-Game-Jam-2020/GGJ20/Content/' took 0.10s
[2020.02.02-16.13.30:248][609]LogSlate: FSceneViewport::OnFocusLost() reason 0
[2020.02.02-16.13.31:318][736]LogSlate: Took 0.000320 seconds to synchronously load lazily loaded font '../../../Engine/Content/Slate/Fonts/Roboto-Light.ttf' (167K)
[2020.02.02-16.13.31:458][736]LogAIModule: Creating AISystem for world Untitled
[2020.02.02-16.13.31:459][736]LogActor: Warning: BPRivet_C /Game/Maps/Untitled.Untitled:PersistentLevel.ChildActor_GEN_VARIABLE_BPRivet_C_CAT_16 has natively added scene component(s), but none of them were set as the actor's RootComponent - picking one arbitrarily
[2020.02.02-16.13.31:460][736]LogActor: Warning: BPRivet_C /Game/Maps/Untitled.Untitled:PersistentLevel.ChildActor_GEN_VARIABLE_BPRivet_C_CAT_25 has natively added scene component(s), but none of them were set as the actor's RootComponent - picking one arbitrarily
[2020.02.02-16.13.31:460][736]LogActor: Warning: BPRivet_C /Game/Maps/Untitled.Untitled:PersistentLevel.ChildActor_GEN_VARIABLE_BPRivet_C_CAT_30 has natively added scene component(s), but none of them were set as the actor's RootComponent - picking one arbitrarily
[2020.02.02-16.13.31:461][736]LogActor: Warning: BPRivet_C /Game/Maps/Untitled.Untitled:PersistentLevel.ChildActor_GEN_VARIABLE_BPRivet_C_CAT_37 has natively added scene component(s), but none of them were set as the actor's RootComponent - picking one arbitrarily
[2020.02.02-16.13.31:464][736]LogActor: Warning: BPRivet_C /Game/Maps/Untitled.Untitled:PersistentLevel.ChildActor_GEN_VARIABLE_BPRivet_C_CAT_42 has natively added scene component(s), but none of them were set as the actor's RootComponent - picking one arbitrarily
[2020.02.02-16.13.31:464][736]LogActor: Warning: BPRivet_C /Game/Maps/Untitled.Untitled:PersistentLevel.ChildActor_GEN_VARIABLE_BPRivet_C_CAT_43 has natively added scene component(s), but none of them were set as the actor's RootComponent - picking one arbitrarily
[2020.02.02-16.13.31:465][736]LogActor: Warning: BPRivet_C /Game/Maps/Untitled.Untitled:PersistentLevel.ChildActor_GEN_VARIABLE_BPRivet_C_CAT_44 has natively added scene component(s), but none of them were set as the actor's RootComponent - picking one arbitrarily
[2020.02.02-16.13.31:466][736]LogActor: Warning: BPRivet_C /Game/Maps/Untitled.Untitled:PersistentLevel.ChildActor_GEN_VARIABLE_BPRivet_C_CAT_45 has natively added scene component(s), but none of them were set as the actor's RootComponent - picking one arbitrarily
[2020.02.02-16.13.31:472][736]LogAssetEditorManager: Opening Asset editor for World /Game/Maps/Untitled.Untitled
[2020.02.02-16.13.31:502][736]LogUObjectHash: Compacting FUObjectHashTables data took   1.92ms
[2020.02.02-16.13.31:503][736]Cmd: MAP LOAD FILE="../../../../../../Users/h017026h/Documents/GitKra/Global-Game-Jam-2020/GGJ20/Content/Maps/Untitled.umap" TEMPLATE=0 SHOWPROGRESS=1 FEATURELEVEL=3
[2020.02.02-16.13.31:503][736]LightingResults: New page: Lighting Build
[2020.02.02-16.13.31:504][736]LoadErrors: New page: Loading map: Untitled.umap
[2020.02.02-16.13.31:504][736]MapCheck: New page: Map Check
[2020.02.02-16.13.31:505][736]LightingResults: New page: Lighting Build
[2020.02.02-16.13.31:532][736]LogUObjectHash: Compacting FUObjectHashTables data took   1.61ms
[2020.02.02-16.13.31:534][736]LogActor: Warning: BPRivet_C /Game/Maps/Untitled.Untitled:PersistentLevel.ChildActor_GEN_VARIABLE_BPRivet_C_CAT_37 has natively added scene component(s), but none of them were set as the actor's RootComponent - picking one arbitrarily
[2020.02.02-16.13.31:535][736]LogActor: Warning: BPRivet_C /Game/Maps/Untitled.Untitled:PersistentLevel.ChildActor_GEN_VARIABLE_BPRivet_C_CAT_30 has natively added scene component(s), but none of them were set as the actor's RootComponent - picking one arbitrarily
[2020.02.02-16.13.31:536][736]LogActor: Warning: BPRivet_C /Game/Maps/Untitled.Untitled:PersistentLevel.ChildActor_GEN_VARIABLE_BPRivet_C_CAT_25 has natively added scene component(s), but none of them were set as the actor's RootComponent - picking one arbitrarily
[2020.02.02-16.13.31:536][736]LogActor: Warning: BPRivet_C /Game/Maps/Untitled.Untitled:PersistentLevel.ChildActor_GEN_VARIABLE_BPRivet_C_CAT_16 has natively added scene component(s), but none of them were set as the actor's RootComponent - picking one arbitrarily
[2020.02.02-16.13.31:537][736]LogPhysics: Warning: PopulatePhysXGeometryAndTransform(Convex): ConvexElem has invalid transform
[2020.02.02-16.13.31:537][736]LogPhysics: Warning: ForeachShape(Convex): ScaledElem[0] invalid
[2020.02.02-16.13.31:539][736]LogActor: Warning: BPRivet_C /Game/Maps/Untitled.Untitled:PersistentLevel.ChildActor_GEN_VARIABLE_BPRivet_C_CAT_54 has natively added scene component(s), but none of them were set as the actor's RootComponent - picking one arbitrarily
[2020.02.02-16.13.31:539][736]LogActor: Warning: BPRivet_C /Game/Maps/Untitled.Untitled:PersistentLevel.ChildActor_GEN_VARIABLE_BPRivet_C_CAT_55 has natively added scene component(s), but none of them were set as the actor's RootComponent - picking one arbitrarily
[2020.02.02-16.13.31:540][736]LogActor: Warning: BPRivet_C /Game/Maps/Untitled.Untitled:PersistentLevel.ChildActor_GEN_VARIABLE_BPRivet_C_CAT_56 has natively added scene component(s), but none of them were set as the actor's RootComponent - picking one arbitrarily
[2020.02.02-16.13.31:540][736]LogActor: Warning: BPRivet_C /Game/Maps/Untitled.Untitled:PersistentLevel.ChildActor_GEN_VARIABLE_BPRivet_C_CAT_57 has natively added scene component(s), but none of them were set as the actor's RootComponent - picking one arbitrarily
[2020.02.02-16.13.31:542][736]LogPhysics: Warning: PopulatePhysXGeometryAndTransform(Convex): ConvexElem has invalid transform
[2020.02.02-16.13.31:542][736]LogPhysics: Warning: ForeachShape(Convex): ScaledElem[0] invalid
[2020.02.02-16.13.31:542][736]LogPhysics: Warning: PopulatePhysXGeometryAndTransform(Convex): ConvexElem has invalid transform
[2020.02.02-16.13.31:542][736]LogPhysics: Warning: ForeachShape(Convex): ScaledElem[0] invalid
[2020.02.02-16.13.31:542][736]LogPhysics: Warning: PopulatePhysXGeometryAndTransform(Convex): ConvexElem has invalid transform
[2020.02.02-16.13.31:543][736]LogPhysics: Warning: ForeachShape(Convex): ScaledElem[0] invalid
[2020.02.02-16.13.31:547][736]LogEditorServer: Finished looking for orphan Actors (0.000 secs)
[2020.02.02-16.13.31:575][736]LogUObjectHash: Compacting FUObjectHashTables data took   1.43ms
[2020.02.02-16.13.31:609][736]Cmd: MAP CHECKDEP NOCLEARLOG
[2020.02.02-16.13.31:610][736]MapCheck: Map check complete: 0 Error(s), 0 Warning(s), took 0.231ms to complete.
[2020.02.02-16.13.31:610][736]LogFileHelpers: Loading map 'Untitled' took 0.107
[2020.02.02-16.13.34:253][ 43]LogEditorViewport: Clicking on Actor (LMB): BPDefenseSystemRepairable_C (BPDefenseSystemRepairable)
[2020.02.02-16.13.37:253][390]LogSlate: FSceneViewport::OnFocusLost() reason 0
[2020.02.02-16.13.39:046][598]LogActor: Warning: BP_WaterLevel_C /Engine/Transient.World_1:PersistentLevel.BP_WaterLevel_C_0 has natively added scene component(s), but none of them were set as the actor's RootComponent - picking one arbitrarily
[2020.02.02-16.13.39:062][599]LogActor: Warning: BPRivet_C /Engine/Transient.World_2:PersistentLevel.BPRivet_C_0 has natively added scene component(s), but none of them were set as the actor's RootComponent - picking one arbitrarily
[2020.02.02-16.13.39:086][600]LogActor: Warning: BPRivet_C /Engine/Transient.World_3:PersistentLevel.ChildActor_GEN_VARIABLE_BPRivet_C_CAT_0 has natively added scene component(s), but none of them were set as the actor's RootComponent - picking one arbitrarily
[2020.02.02-16.13.39:087][600]LogActor: Warning: BPRivet_C /Engine/Transient.World_3:PersistentLevel.ChildActor_GEN_VARIABLE_BPRivet_C_CAT_1 has natively added scene component(s), but none of them were set as the actor's RootComponent - picking one arbitrarily
[2020.02.02-16.13.39:087][600]LogActor: Warning: BPRivet_C /Engine/Transient.World_3:PersistentLevel.ChildActor_GEN_VARIABLE_BPRivet_C_CAT_2 has natively added scene component(s), but none of them were set as the actor's RootComponent - picking one arbitrarily
[2020.02.02-16.13.39:088][600]LogActor: Warning: BPRivet_C /Engine/Transient.World_3:PersistentLevel.ChildActor_GEN_VARIABLE_BPRivet_C_CAT_3 has natively added scene component(s), but none of them were set as the actor's RootComponent - picking one arbitrarily
[2020.02.02-16.13.39:105][601]LogActor: Warning: BPDefenseSystemRepairable_C /Engine/Transient.World_4:PersistentLevel.BPDefenseSystemRepairable_C_0 has natively added scene component(s), but none of them were set as the actor's RootComponent - picking one arbitrarily
[2020.02.02-16.14.02:098][253]LogAssetEditorManager: Opening Asset editor for Blueprint /Game/BPGeneratorRepairable.BPGeneratorRepairable
[2020.02.02-16.14.02:296][253]LogContentBrowser: Native class hierarchy updated for 'BlueprintGraph' in 0.0007 seconds. Added 121 classes and 0 folders.
[2020.02.02-16.14.03:114][253]LogActor: Warning: BPGeneratorRepairable_C /Engine/Transient.World_6:PersistentLevel.BPGeneratorRepairable_C_0 has natively added scene component(s), but none of them were set as the actor's RootComponent - picking one arbitrarily
[2020.02.02-16.14.04:559][413]LogAssetEditorManager: Opening Asset editor for Blueprint /Game/BPGeneratorRepairable.BPGeneratorRepairable
[2020.02.02-16.14.04:939][413]LogActor: Warning: BPGeneratorRepairable_C /Engine/Transient.World_7:PersistentLevel.BPGeneratorRepairable_C_0 has natively added scene component(s), but none of them were set as the actor's RootComponent - picking one arbitrarily
[2020.02.02-16.14.04:941][413]LogSlate: Took 0.000227 seconds to synchronously load lazily loaded font '../../../Engine/Content/Slate/Fonts/Roboto-BoldCondensed.ttf' (158K)
[2020.02.02-16.14.06:513][591]LogSlate: Took 0.000218 seconds to synchronously load lazily loaded font '../../../Engine/Content/Slate/Fonts/Roboto-Italic.ttf' (157K)
[2020.02.02-16.14.07:886][744]LogRenderer: Reallocating scene render targets to support 1208x708 Format 10 NumSamples 1 (Frame:1).
[2020.02.02-16.14.16:397][729]LogActor: Warning: BPGeneratorRepairable_C /Engine/Transient.World_8:PersistentLevel.BPGeneratorRepairable_C_0 has natively added scene component(s), but none of them were set as the actor's RootComponent - picking one arbitrarily
[2020.02.02-16.14.19:379][ 85]BlueprintLog: New page: Compile BPGeneratorRepairable
[2020.02.02-16.14.19:389][ 85]LogActor: Warning: BPGeneratorRepairable_C /Engine/Transient.World_7:PersistentLevel.BPGeneratorRepairable_C_0 has natively added scene component(s), but none of them were set as the actor's RootComponent - picking one arbitrarily
[2020.02.02-16.14.19:389][ 85]LogActor: Warning: BPGeneratorRepairable_C /Engine/Transient.World_8:PersistentLevel.BPGeneratorRepairable_C_0 has natively added scene component(s), but none of them were set as the actor's RootComponent - picking one arbitrarily
[2020.02.02-16.14.19:593][ 85]LogUObjectHash: Compacting FUObjectHashTables data took   3.43ms
[2020.02.02-16.14.19:595][ 85]LogActor: Warning: BPGeneratorRepairable_C /Engine/Transient.World_8:PersistentLevel.BPGeneratorRepairable_C_1 has natively added scene component(s), but none of them were set as the actor's RootComponent - picking one arbitrarily
[2020.02.02-16.14.20:146][147]Cmd: OBJ SAVEPACKAGE PACKAGE="/Game/BPGeneratorRepairable" FILE="../../../../../../Users/h017026h/Documents/GitKra/Global-Game-Jam-2020/GGJ20/Content/BPGeneratorRepairable.uasset" SILENT=true
[2020.02.02-16.14.20:189][147]LogSavePackage: Moving '../../../../../../Users/h017026h/Documents/GitKra/Global-Game-Jam-2020/GGJ20/Saved/BPGeneratorRepairable23BB857E4A0444122B4B97A75663CAE4.tmp' to '../../../../../../Users/h017026h/Documents/GitKra/Global-Game-Jam-2020/GGJ20/Content/BPGeneratorRepairable.uasset'
[2020.02.02-16.14.24:191][608]LogActor: Warning: BPGeneratorRepairable_C /Game/Maps/Untitled.Untitled:PersistentLevel.BPGeneratorRepairable_C_0 has natively added scene component(s), but none of them were set as the actor's RootComponent - picking one arbitrarily
[2020.02.02-16.14.24:908][689]LogActor: Warning: BPGeneratorRepairable_C /Game/Maps/Untitled.Untitled:PersistentLevel.BPGeneratorRepairable_C_1 has natively added scene component(s), but none of them were set as the actor's RootComponent - picking one arbitrarily
[2020.02.02-16.14.32:147][532]LogSlate: FSceneViewport::OnFocusLost() reason 0
[2020.02.02-16.14.32:222][541]LogTemp: Repeating last play command: Selected Viewport
[2020.02.02-16.14.32:245][541]LogBlueprintUserMessages: Early PlayInEditor Detection: Level '/Game/Maps/Untitled.Untitled:PersistentLevel' has LevelScriptBlueprint '/Game/Maps/Untitled.Untitled:PersistentLevel.Untitled' with GeneratedClass '/Game/Maps/Untitled.Untitled_C' with ClassGeneratedBy '/Game/Maps/Untitled.Untitled:PersistentLevel.Untitled'
[2020.02.02-16.14.32:245][541]LogPlayLevel: PlayLevel: No blueprints needed recompiling
[2020.02.02-16.14.32:245][541]PIE: New page: PIE session: Untitled (2 Feb 2020 16:14:32)
[2020.02.02-16.14.32:259][541]LogPlayLevel: Creating play world package: /Game/Maps/UEDPIE_0_Untitled
[2020.02.02-16.14.32:267][541]LogPlayLevel: PIE: StaticDuplicateObject took: (0.007612s)
[2020.02.02-16.14.32:269][541]LogAIModule: Creating AISystem for world Untitled
[2020.02.02-16.14.32:269][541]LogPlayLevel: PIE: World Init took: (0.001694s)
[2020.02.02-16.14.32:270][541]LogPlayLevel: PIE: Created PIE world by copying editor world from /Game/Maps/Untitled.Untitled to /Game/Maps/UEDPIE_0_Untitled.Untitled (0.010327s)
[2020.02.02-16.14.32:311][541]LogUObjectHash: Compacting FUObjectHashTables data took   2.48ms
[2020.02.02-16.14.32:325][541]LogInit: XAudio2 using 'Realtek HD Audio 2nd output (2- Realtek High Definition Audio)' : 2 channels at 48 kHz using 32 bits per sample (channel mask 0x3)
[2020.02.02-16.14.32:341][541]LogInit: FAudioDevice initialized.
