Log file open, 02/02/20 00:24:58
LogWindows: Failed to load 'aqProf.dll' (GetLastError=126)
LogWindows: File 'aqProf.dll' does not exist
LogWindows: Failed to load 'VtuneApi.dll' (GetLastError=126)
LogWindows: File 'VtuneApi.dll' does not exist
LogWindows: Failed to load 'VtuneApi32e.dll' (GetLastError=126)
LogWindows: File 'VtuneApi32e.dll' does not exist
LogConsoleResponse: Display: Failed to find resolution value strings in scalability ini. Falling back to default.
LogInit: Display: Running engine for game: GGJ20
LogPakFile: Registered encryption key '00000000000000000000000000000000': 0 pak files mounted, 0 remain pending
LogPlatformFile: Not using cached read wrapper
LogTaskGraph: Started task graph with 5 named threads and 23 total threads with 3 sets of task threads.
LogStats: Stats thread started at 0.358852
LogD3D11RHI: Loaded GFSDK_Aftermath_Lib.x64.dll
LogICUInternationalization: ICU TimeZone Detection - Raw Offset: +0:00, Platform Override: ''
LogPluginManager: Mounting plugin Paper2D
LogPluginManager: Mounting plugin AISupport
LogPluginManager: Mounting plugin LightPropagationVolume
LogPluginManager: Mounting plugin ActorLayerUtilities
LogPluginManager: Mounting plugin AnimationSharing
LogPluginManager: Mounting plugin CLionSourceCodeAccess
LogPluginManager: Mounting plugin CodeLiteSourceCodeAccess
LogPluginManager: Mounting plugin GitSourceControl
LogPluginManager: Mounting plugin KDevelopSourceCodeAccess
LogPluginManager: Mounting plugin NullSourceCodeAccess
LogPluginManager: Mounting plugin PerforceSourceControl
LogPluginManager: Mounting plugin SubversionSourceControl
LogPluginManager: Mounting plugin UObjectPlugin
LogPluginManager: Mounting plugin VisualStudioCodeSourceCodeAccess
LogPluginManager: Mounting plugin VisualStudioSourceCodeAccess
LogPluginManager: Mounting plugin XCodeSourceCodeAccess
LogPluginManager: Mounting plugin AssetManagerEditor
LogPluginManager: Mounting plugin CryptoKeys
LogPluginManager: Mounting plugin DataValidation
LogPluginManager: Mounting plugin FacialAnimation
LogPluginManager: Mounting plugin GameplayTagsEditor
LogPluginManager: Mounting plugin MacGraphicsSwitching
LogPluginManager: Mounting plugin MaterialAnalyzer
LogPluginManager: Mounting plugin MobileLauncherProfileWizard
LogPluginManager: Mounting plugin PluginBrowser
LogPluginManager: Mounting plugin SpeedTreeImporter
LogPluginManager: Mounting plugin DatasmithContent
LogPluginManager: Mounting plugin VariantManagerContent
LogPluginManager: Mounting plugin AlembicImporter
LogPluginManager: Mounting plugin AppleImageUtils
LogPluginManager: Mounting plugin AppleVision
LogPluginManager: Mounting plugin BackChannel
LogPluginManager: Mounting plugin CharacterAI
LogPluginManager: Mounting plugin GeometryCache
LogPluginManager: Mounting plugin HTML5Networking
LogPluginManager: Mounting plugin ProxyLODPlugin
LogPluginManager: Mounting plugin SkeletalReduction
LogPluginManager: Mounting plugin MagicLeap
LogPluginManager: Mounting plugin MagicLeapMedia
LogPluginManager: Mounting plugin AndroidMedia
LogPluginManager: Mounting plugin AvfMedia
LogPluginManager: Mounting plugin ImgMedia
LogPluginManager: Mounting plugin LinearTimecode
LogPluginManager: Mounting plugin MediaCompositing
LogPluginManager: Mounting plugin MediaPlayerEditor
LogPluginManager: Mounting plugin WebMMedia
LogPluginManager: Mounting plugin WmfMedia
LogPluginManager: Mounting plugin TcpMessaging
LogPluginManager: Mounting plugin UdpMessaging
LogPluginManager: Mounting plugin ActorSequence
LogPluginManager: Mounting plugin LevelSequenceEditor
LogPluginManager: Mounting plugin MatineeToLevelSequence
LogPluginManager: Mounting plugin NetcodeUnitTest
LogPluginManager: Mounting plugin NUTUnrealEngine4
LogPluginManager: Mounting plugin OnlineSubsystemGooglePlay
LogPluginManager: Mounting plugin OnlineSubsystemIOS
LogPluginManager: Mounting plugin OnlineSubsystem
LogPluginManager: Mounting plugin OnlineSubsystemNull
LogPluginManager: Mounting plugin OnlineSubsystemUtils
LogPluginManager: Mounting plugin LauncherChunkInstaller
LogPluginManager: Mounting plugin AndroidDeviceProfileSelector
LogPluginManager: Mounting plugin AndroidMoviePlayer
LogPluginManager: Mounting plugin AndroidPermission
LogPluginManager: Mounting plugin AppleMoviePlayer
LogPluginManager: Mounting plugin ArchVisCharacter
LogPluginManager: Mounting plugin AudioCapture
LogPluginManager: Mounting plugin CableComponent
LogPluginManager: Mounting plugin CustomMeshComponent
LogPluginManager: Mounting plugin EditableMesh
LogPluginManager: Mounting plugin ExampleDeviceProfileSelector
LogPluginManager: Mounting plugin Firebase
LogPluginManager: Mounting plugin GoogleCloudMessaging
LogPluginManager: Mounting plugin IOSDeviceProfileSelector
LogPluginManager: Mounting plugin LinuxDeviceProfileSelector
LogPluginManager: Mounting plugin LocationServicesBPLibrary
LogPluginManager: Mounting plugin MobilePatchingUtils
LogPluginManager: Mounting plugin OculusVR
LogPluginManager: Mounting plugin PhysXVehicles
LogPluginManager: Mounting plugin ProceduralMeshComponent
LogPluginManager: Mounting plugin RuntimePhysXCooking
LogPluginManager: Mounting plugin SignificanceManager
LogPluginManager: Mounting plugin SteamVR
LogPluginManager: Mounting plugin WebMMoviePlayer
LogPluginManager: Mounting plugin WindowsMoviePlayer
LogInit: Using libcurl 7.55.1-DEV
LogInit:  - built for x86_64-pc-win32
LogInit:  - supports SSL with OpenSSL/1.1.1
LogInit:  - supports HTTP deflate (compression) using libz 1.2.8
LogInit:  - other features:
LogInit:      CURL_VERSION_SSL
LogInit:      CURL_VERSION_LIBZ
LogInit:      CURL_VERSION_IPV6
LogInit:      CURL_VERSION_ASYNCHDNS
LogInit:      CURL_VERSION_LARGEFILE
LogInit:      CURL_VERSION_IDN
LogInit:  CurlRequestOptions (configurable via config and command line):
LogInit:  - bVerifyPeer = true  - Libcurl will verify peer certificate
LogInit:  - bUseHttpProxy = false  - Libcurl will NOT use HTTP proxy
LogInit:  - bDontReuseConnections = false  - Libcurl will reuse connections
LogInit:  - MaxHostConnections = 16  - Libcurl will limit the number of connections to a host
LogInit:  - LocalHostAddr = Default
LogInit:  - BufferSize = 65536
LogInit: WinSock: version 1.1 (2.2), MaxSocks=32767, MaxUdp=65467
LogInit: Build: ++UE4+Release-4.22-CL-7053642
LogInit: Engine Version: 4.22.3-7053642+++UE4+Release-4.22
LogInit: Compatible Engine Version: 4.22.0-5660361+++UE4+Release-4.22
LogInit: Net CL: 5660361
LogInit: OS: Windows 10 (Release 1909) (), CPU: Intel(R) Xeon(R) W-2123 CPU @ 3.60GHz, GPU: NVIDIA GeForce GTX 1070
LogInit: Compiled (64-bit): Jun 18 2019 03:09:11
LogInit: Compiled with Visual C++: 19.16.27025.01
LogInit: Build Configuration: Development
LogInit: Branch Name: ++UE4+Release-4.22
LogInit: Command Line:  -skipcompile
LogInit: Base Directory: C:/Epic/UE4/UE_4.22/Engine/Binaries/Win64/
LogInit: Installed Engine Build: 1
LogDevObjectVersion: Number of dev versions registered: 23
LogDevObjectVersion:   Dev-Blueprints (B0D832E4-1F89-4F0D-ACCF-7EB736FD4AA2): 10
LogDevObjectVersion:   Dev-Build (E1C64328-A22C-4D53-A36C-8E866417BD8C): 0
LogDevObjectVersion:   Dev-Core (375EC13C-06E4-48FB-B500-84F0262A717E): 3
LogDevObjectVersion:   Dev-Editor (E4B068ED-F494-42E9-A231-DA0B2E46BB41): 30
LogDevObjectVersion:   Dev-Framework (CFFC743F-43B0-4480-9391-14DF171D2073): 35
LogDevObjectVersion:   Dev-Mobile (B02B49B5-BB20-44E9-A304-32B752E40360): 2
LogDevObjectVersion:   Dev-Networking (A4E4105C-59A1-49B5-A7C5-40C4547EDFEE): 0
LogDevObjectVersion:   Dev-Online (39C831C9-5AE6-47DC-9A44-9C173E1C8E7C): 0
LogDevObjectVersion:   Dev-Physics (78F01B33-EBEA-4F98-B9B4-84EACCB95AA2): 0
LogDevObjectVersion:   Dev-Platform (6631380F-2D4D-43E0-8009-CF276956A95A): 0
LogDevObjectVersion:   Dev-Rendering (12F88B9F-8875-4AFC-A67C-D90C383ABD29): 28
LogDevObjectVersion:   Dev-Sequencer (7B5AE74C-D270-4C10-A958-57980B212A5A): 11
LogDevObjectVersion:   Dev-VR (D7296918-1DD6-4BDD-9DE2-64A83CC13884): 2
LogDevObjectVersion:   Dev-LoadTimes (C2A15278-BFE7-4AFE-6C17-90FF531DF755): 1
LogDevObjectVersion:   Private-Geometry (6EACA3D4-40EC-4CC1-B786-8BED09428FC5): 3
LogDevObjectVersion:   Dev-AnimPhys (29E575DD-E0A3-4627-9D10-D276232CDCEA): 17
LogDevObjectVersion:   Dev-Anim (AF43A65D-7FD3-4947-9873-3E8ED9C1BB05): 2
LogDevObjectVersion:   Dev-ReflectionCapture (6B266CEC-1EC7-4B8F-A30B-E4D90942FC07): 1
LogDevObjectVersion:   Dev-Automation (0DF73D61-A23F-47EA-B727-89E90C41499A): 1
LogDevObjectVersion:   FortniteMain (601D1886-AC64-4F84-AA16-D3DE0DEAC7D6): 25
LogDevObjectVersion:   Dev-Enterprise (9DFFBCD6-494F-0158-E221-12823C92A888): 6
LogDevObjectVersion:   Dev-Niagara (F2AED0AC-9AFE-416F-8664-AA7FFA26D6FC): 1
LogDevObjectVersion:   Dev-Destruction (174F1F0B-B4C6-45A5-B13F-2EE8D0FB917D): 2
LogInit: Presizing for max 16777216 objects, including 0 objects not considered by GC, pre-allocating 0 bytes for permanent pool.
LogInit: Object subsystem initialized
LogConfig: Setting CVar [[con.DebugEarlyDefault:1]]
LogConfig: Setting CVar [[r.setres:1280x720]]
[2020.02.02-00.24.58:995][  0]LogConfig: Setting CVar [[r.VSync:0]]
[2020.02.02-00.24.58:995][  0]LogConfig: Setting CVar [[r.RHICmdBypass:0]]
[2020.02.02-00.24.58:995][  0]LogConfig: Applying CVar settings from Section [/Script/Engine.RendererSettings] File [C:/Users/w017177h/Documents/GGJ2020/Global-Game-Jam-2020/GGJ20/Saved/Config/Windows/Engine.ini]
[2020.02.02-00.24.58:995][  0]LogConfig: Setting CVar [[r.GPUCrashDebugging:0]]
[2020.02.02-00.24.58:995][  0]LogConfig: Setting CVar [[r.DefaultFeature.AutoExposure.ExtendDefaultLuminanceRange:1]]
[2020.02.02-00.24.58:995][  0]LogConfig: Applying CVar settings from Section [/Script/Engine.RendererOverrideSettings] File [C:/Users/w017177h/Documents/GGJ2020/Global-Game-Jam-2020/GGJ20/Saved/Config/Windows/Engine.ini]
[2020.02.02-00.24.58:995][  0]LogConfig: Applying CVar settings from Section [/Script/Engine.StreamingSettings] File [C:/Users/w017177h/Documents/GGJ2020/Global-Game-Jam-2020/GGJ20/Saved/Config/Windows/Engine.ini]
[2020.02.02-00.24.58:995][  0]LogConfig: Setting CVar [[s.MinBulkDataSizeForAsyncLoading:131072]]
[2020.02.02-00.24.58:995][  0]LogConfig: Setting CVar [[s.AsyncLoadingThreadEnabled:0]]
[2020.02.02-00.24.58:995][  0]LogConfig: Setting CVar [[s.EventDrivenLoaderEnabled:1]]
[2020.02.02-00.24.58:995][  0]LogConfig: Setting CVar [[s.WarnIfTimeLimitExceeded:0]]
[2020.02.02-00.24.58:995][  0]LogConfig: Setting CVar [[s.TimeLimitExceededMultiplier:1.5]]
[2020.02.02-00.24.58:995][  0]LogConfig: Setting CVar [[s.TimeLimitExceededMinTime:0.005]]
[2020.02.02-00.24.58:996][  0]LogConfig: Setting CVar [[s.UseBackgroundLevelStreaming:1]]
[2020.02.02-00.24.58:996][  0]LogConfig: Setting CVar [[s.PriorityAsyncLoadingExtraTime:15.0]]
[2020.02.02-00.24.58:996][  0]LogConfig: Setting CVar [[s.LevelStreamingActorsUpdateTimeLimit:5.0]]
[2020.02.02-00.24.58:996][  0]LogConfig: Setting CVar [[s.PriorityLevelStreamingActorsUpdateExtraTime:5.0]]
[2020.02.02-00.24.58:996][  0]LogConfig: Setting CVar [[s.LevelStreamingComponentsRegistrationGranularity:10]]
[2020.02.02-00.24.58:996][  0]LogConfig: Setting CVar [[s.UnregisterComponentsTimeLimit:1.0]]
[2020.02.02-00.24.58:996][  0]LogConfig: Setting CVar [[s.LevelStreamingComponentsUnregistrationGranularity:5]]
[2020.02.02-00.24.58:996][  0]LogConfig: Applying CVar settings from Section [/Script/Engine.GarbageCollectionSettings] File [C:/Users/w017177h/Documents/GGJ2020/Global-Game-Jam-2020/GGJ20/Saved/Config/Windows/Engine.ini]
[2020.02.02-00.24.58:996][  0]LogConfig: Setting CVar [[gc.MaxObjectsNotConsideredByGC:1]]
[2020.02.02-00.24.58:996][  0]LogConfig: Setting CVar [[gc.SizeOfPermanentObjectPool:0]]
[2020.02.02-00.24.58:996][  0]LogConfig: Setting CVar [[gc.FlushStreamingOnGC:0]]
[2020.02.02-00.24.58:996][  0]LogConfig: Setting CVar [[gc.NumRetriesBeforeForcingGC:10]]
[2020.02.02-00.24.58:996][  0]LogConfig: Setting CVar [[gc.AllowParallelGC:1]]
[2020.02.02-00.24.58:996][  0]LogConfig: Setting CVar [[gc.TimeBetweenPurgingPendingKillObjects:61.1]]
[2020.02.02-00.24.58:996][  0]LogConfig: Setting CVar [[gc.MaxObjectsInEditor:16777216]]
[2020.02.02-00.24.58:997][  0]LogConfig: Setting CVar [[gc.IncrementalBeginDestroyEnabled:1]]
[2020.02.02-00.24.58:997][  0]LogConfig: Setting CVar [[gc.CreateGCClusters:1]]
[2020.02.02-00.24.58:997][  0]LogConfig: Setting CVar [[gc.MinGCClusterSize:5]]
[2020.02.02-00.24.58:997][  0]LogConfig: Setting CVar [[gc.ActorClusteringEnabled:0]]
[2020.02.02-00.24.58:997][  0]LogConfig: Setting CVar [[gc.BlueprintClusteringEnabled:0]]
[2020.02.02-00.24.58:997][  0]LogConfig: Setting CVar [[gc.UseDisregardForGCOnDedicatedServers:0]]
[2020.02.02-00.24.58:997][  0]LogConfig: Applying CVar settings from Section [/Script/Engine.NetworkSettings] File [C:/Users/w017177h/Documents/GGJ2020/Global-Game-Jam-2020/GGJ20/Saved/Config/Windows/Engine.ini]
[2020.02.02-00.24.58:997][  0]LogConfig: Applying CVar settings from Section [/Script/UnrealEd.CookerSettings] File [C:/Users/w017177h/Documents/GGJ2020/Global-Game-Jam-2020/GGJ20/Saved/Config/Windows/Engine.ini]
[2020.02.02-00.24.59:005][  0]LogConfig: Applying CVar settings from Section [ViewDistanceQuality@3] File [C:/Users/w017177h/Documents/GGJ2020/Global-Game-Jam-2020/GGJ20/Saved/Config/Windows/Scalability.ini]
[2020.02.02-00.24.59:005][  0]LogConfig: Setting CVar [[r.SkeletalMeshLODBias:0]]
[2020.02.02-00.24.59:006][  0]LogConfig: Setting CVar [[r.ViewDistanceScale:1.0]]
[2020.02.02-00.24.59:006][  0]LogConfig: Applying CVar settings from Section [AntiAliasingQuality@3] File [C:/Users/w017177h/Documents/GGJ2020/Global-Game-Jam-2020/GGJ20/Saved/Config/Windows/Scalability.ini]
[2020.02.02-00.24.59:006][  0]LogConfig: Setting CVar [[r.PostProcessAAQuality:4]]
[2020.02.02-00.24.59:006][  0]LogConfig: Applying CVar settings from Section [ShadowQuality@3] File [C:/Users/w017177h/Documents/GGJ2020/Global-Game-Jam-2020/GGJ20/Saved/Config/Windows/Scalability.ini]
[2020.02.02-00.24.59:006][  0]LogConfig: Setting CVar [[r.LightFunctionQuality:1]]
[2020.02.02-00.24.59:006][  0]LogConfig: Setting CVar [[r.ShadowQuality:5]]
[2020.02.02-00.24.59:006][  0]LogConfig: Setting CVar [[r.Shadow.CSM.MaxCascades:10]]
[2020.02.02-00.24.59:006][  0]LogConfig: Setting CVar [[r.Shadow.MaxResolution:2048]]
[2020.02.02-00.24.59:006][  0]LogConfig: Setting CVar [[r.Shadow.MaxCSMResolution:2048]]
[2020.02.02-00.24.59:006][  0]LogConfig: Setting CVar [[r.Shadow.RadiusThreshold:0.01]]
[2020.02.02-00.24.59:006][  0]LogConfig: Setting CVar [[r.Shadow.DistanceScale:1.0]]
[2020.02.02-00.24.59:006][  0]LogConfig: Setting CVar [[r.Shadow.CSM.TransitionScale:1.0]]
[2020.02.02-00.24.59:006][  0]LogConfig: Setting CVar [[r.Shadow.PreShadowResolutionFactor:1.0]]
[2020.02.02-00.24.59:006][  0]LogConfig: Setting CVar [[r.DistanceFieldShadowing:1]]
[2020.02.02-00.24.59:007][  0]LogConfig: Setting CVar [[r.DistanceFieldAO:1]]
[2020.02.02-00.24.59:007][  0]LogConfig: Setting CVar [[r.AOQuality:2]]
[2020.02.02-00.24.59:007][  0]LogConfig: Setting CVar [[r.VolumetricFog:1]]
[2020.02.02-00.24.59:007][  0]LogConfig: Setting CVar [[r.VolumetricFog.GridPixelSize:8]]
[2020.02.02-00.24.59:007][  0]LogConfig: Setting CVar [[r.VolumetricFog.GridSizeZ:128]]
[2020.02.02-00.24.59:007][  0]LogConfig: Setting CVar [[r.VolumetricFog.HistoryMissSupersampleCount:4]]
[2020.02.02-00.24.59:007][  0]LogConfig: Setting CVar [[r.LightMaxDrawDistanceScale:1]]
[2020.02.02-00.24.59:007][  0]LogConfig: Setting CVar [[r.CapsuleShadows:1]]
[2020.02.02-00.24.59:007][  0]LogConfig: Applying CVar settings from Section [PostProcessQuality@3] File [C:/Users/w017177h/Documents/GGJ2020/Global-Game-Jam-2020/GGJ20/Saved/Config/Windows/Scalability.ini]
[2020.02.02-00.24.59:007][  0]LogConfig: Setting CVar [[r.MotionBlurQuality:4]]
[2020.02.02-00.24.59:007][  0]LogConfig: Setting CVar [[r.AmbientOcclusionMipLevelFactor:0.4]]
[2020.02.02-00.24.59:007][  0]LogConfig: Setting CVar [[r.AmbientOcclusionMaxQuality:100]]
[2020.02.02-00.24.59:007][  0]LogConfig: Setting CVar [[r.AmbientOcclusionLevels:-1]]
[2020.02.02-00.24.59:007][  0]LogConfig: Setting CVar [[r.AmbientOcclusionRadiusScale:1.0]]
[2020.02.02-00.24.59:008][  0]LogConfig: Setting CVar [[r.DepthOfFieldQuality:2]]
[2020.02.02-00.24.59:008][  0]LogConfig: Setting CVar [[r.RenderTargetPoolMin:400]]
[2020.02.02-00.24.59:008][  0]LogConfig: Setting CVar [[r.LensFlareQuality:2]]
[2020.02.02-00.24.59:008][  0]LogConfig: Setting CVar [[r.SceneColorFringeQuality:1]]
[2020.02.02-00.24.59:008][  0]LogConfig: Setting CVar [[r.EyeAdaptationQuality:2]]
[2020.02.02-00.24.59:008][  0]LogConfig: Setting CVar [[r.BloomQuality:5]]
[2020.02.02-00.24.59:008][  0]LogConfig: Setting CVar [[r.FastBlurThreshold:100]]
[2020.02.02-00.24.59:008][  0]LogConfig: Setting CVar [[r.Upscale.Quality:3]]
[2020.02.02-00.24.59:008][  0]LogConfig: Setting CVar [[r.Tonemapper.GrainQuantization:1]]
[2020.02.02-00.24.59:008][  0]LogConfig: Setting CVar [[r.LightShaftQuality:1]]
[2020.02.02-00.24.59:008][  0]LogConfig: Setting CVar [[r.Filter.SizeScale:1]]
[2020.02.02-00.24.59:008][  0]LogConfig: Setting CVar [[r.Tonemapper.Quality:5]]
[2020.02.02-00.24.59:008][  0]LogConfig: Setting CVar [[r.DOF.Gather.AccumulatorQuality:1        ; higher gathering accumulator quality]]
[2020.02.02-00.24.59:008][  0]LogConfig: Setting CVar [[r.DOF.Gather.PostfilterMethod:1          ; Median3x3 postfilering method]]
[2020.02.02-00.24.59:009][  0]LogConfig: Setting CVar [[r.DOF.Gather.EnableBokehSettings:0       ; no bokeh simulation when gathering]]
[2020.02.02-00.24.59:009][  0]LogConfig: Setting CVar [[r.DOF.Gather.RingCount:4                 ; medium number of samples when gathering]]
[2020.02.02-00.24.59:009][  0]LogConfig: Setting CVar [[r.DOF.Scatter.ForegroundCompositing:1    ; additive foreground scattering]]
[2020.02.02-00.24.59:009][  0]LogConfig: Setting CVar [[r.DOF.Scatter.BackgroundCompositing:2    ; additive background scattering]]
[2020.02.02-00.24.59:009][  0]LogConfig: Setting CVar [[r.DOF.Scatter.EnableBokehSettings:1      ; bokeh simulation when scattering]]
[2020.02.02-00.24.59:009][  0]LogConfig: Setting CVar [[r.DOF.Scatter.MaxSpriteRatio:0.1         ; only a maximum of 10% of scattered bokeh]]
[2020.02.02-00.24.59:009][  0]LogConfig: Setting CVar [[r.DOF.Recombine.Quality:1                ; cheap slight out of focus]]
[2020.02.02-00.24.59:009][  0]LogConfig: Setting CVar [[r.DOF.Recombine.EnableBokehSettings:0    ; no bokeh simulation on slight out of focus]]
[2020.02.02-00.24.59:009][  0]LogConfig: Setting CVar [[r.DOF.TemporalAAQuality:1                ; more stable temporal accumulation]]
[2020.02.02-00.24.59:009][  0]LogConfig: Setting CVar [[r.DOF.Kernel.MaxForegroundRadius:0.025]]
[2020.02.02-00.24.59:009][  0]LogConfig: Setting CVar [[r.DOF.Kernel.MaxBackgroundRadius:0.025]]
[2020.02.02-00.24.59:009][  0]LogConfig: Applying CVar settings from Section [TextureQuality@3] File [C:/Users/w017177h/Documents/GGJ2020/Global-Game-Jam-2020/GGJ20/Saved/Config/Windows/Scalability.ini]
[2020.02.02-00.24.59:009][  0]LogConfig: Setting CVar [[r.Streaming.MipBias:0]]
[2020.02.02-00.24.59:009][  0]LogConfig: Setting CVar [[r.Streaming.AmortizeCPUToGPUCopy:0]]
[2020.02.02-00.24.59:009][  0]LogConfig: Setting CVar [[r.Streaming.MaxNumTexturesToStreamPerFrame:0]]
[2020.02.02-00.24.59:010][  0]LogConfig: Setting CVar [[r.Streaming.Boost:1]]
[2020.02.02-00.24.59:010][  0]LogConfig: Setting CVar [[r.MaxAnisotropy:8]]
[2020.02.02-00.24.59:010][  0]LogConfig: Setting CVar [[r.Streaming.LimitPoolSizeToVRAM:0]]
[2020.02.02-00.24.59:010][  0]LogConfig: Setting CVar [[r.Streaming.PoolSize:1000]]
[2020.02.02-00.24.59:010][  0]LogConfig: Setting CVar [[r.Streaming.MaxEffectiveScreenSize:0]]
[2020.02.02-00.24.59:010][  0]LogConfig: Applying CVar settings from Section [EffectsQuality@3] File [C:/Users/w017177h/Documents/GGJ2020/Global-Game-Jam-2020/GGJ20/Saved/Config/Windows/Scalability.ini]
[2020.02.02-00.24.59:010][  0]LogConfig: Setting CVar [[r.TranslucencyLightingVolumeDim:64]]
[2020.02.02-00.24.59:010][  0]LogConfig: Setting CVar [[r.RefractionQuality:2]]
[2020.02.02-00.24.59:010][  0]LogConfig: Setting CVar [[r.SSR.Quality:3]]
[2020.02.02-00.24.59:010][  0]LogConfig: Setting CVar [[r.SceneColorFormat:4]]
[2020.02.02-00.24.59:010][  0]LogConfig: Setting CVar [[r.DetailMode:2]]
[2020.02.02-00.24.59:010][  0]LogConfig: Setting CVar [[r.TranslucencyVolumeBlur:1]]
[2020.02.02-00.24.59:010][  0]LogConfig: Setting CVar [[r.MaterialQualityLevel:1 ; High quality]]
[2020.02.02-00.24.59:010][  0]LogConfig: Setting CVar [[r.SSS.Scale:1]]
[2020.02.02-00.24.59:010][  0]LogConfig: Setting CVar [[r.SSS.SampleSet:2]]
[2020.02.02-00.24.59:010][  0]LogConfig: Setting CVar [[r.SSS.Quality:1]]
[2020.02.02-00.24.59:011][  0]LogConfig: Setting CVar [[r.SSS.HalfRes:1]]
[2020.02.02-00.24.59:011][  0]LogConfig: Setting CVar [[r.EmitterSpawnRateScale:1.0]]
[2020.02.02-00.24.59:011][  0]LogConfig: Setting CVar [[r.ParticleLightQuality:2]]
[2020.02.02-00.24.59:011][  0]LogConfig: Applying CVar settings from Section [FoliageQuality@3] File [C:/Users/w017177h/Documents/GGJ2020/Global-Game-Jam-2020/GGJ20/Saved/Config/Windows/Scalability.ini]
[2020.02.02-00.24.59:011][  0]LogConfig: Setting CVar [[foliage.DensityScale:1.0]]
[2020.02.02-00.24.59:011][  0]LogConfig: Setting CVar [[grass.DensityScale:1.0]]
[2020.02.02-00.24.59:011][  0]LogInit: Selected Device Profile: [Windows]
[2020.02.02-00.24.59:011][  0]LogInit: Applying CVar settings loaded from the selected device profile: [Windows]
[2020.02.02-00.24.59:026][  0]LogHAL: Display: Platform has ~ 32 GB [34065854464 / 34359738368 / 32], which maps to Largest [LargestMinGB=32, LargerMinGB=12, DefaultMinGB=8, SmallerMinGB=6, SmallestMinGB=0)
[2020.02.02-00.24.59:026][  0]LogConfig: Setting CVar [[r.Vulkan.UseRealUBs:0		; Required until we fix HLR fall-out]]
[2020.02.02-00.24.59:027][  0]LogInit: Going up to parent DeviceProfile []
[2020.02.02-00.24.59:027][  0]LogConfig: Applying CVar settings from Section [ViewDistanceQuality@3] File [C:/Users/w017177h/Documents/GGJ2020/Global-Game-Jam-2020/GGJ20/Saved/Config/Windows/Scalability.ini]
[2020.02.02-00.24.59:027][  0]LogConfig: Setting CVar [[r.SkeletalMeshLODBias:0]]
[2020.02.02-00.24.59:027][  0]LogConfig: Setting CVar [[r.ViewDistanceScale:1.0]]
[2020.02.02-00.24.59:027][  0]LogConfig: Applying CVar settings from Section [AntiAliasingQuality@3] File [C:/Users/w017177h/Documents/GGJ2020/Global-Game-Jam-2020/GGJ20/Saved/Config/Windows/Scalability.ini]
[2020.02.02-00.24.59:027][  0]LogConfig: Setting CVar [[r.PostProcessAAQuality:4]]
[2020.02.02-00.24.59:027][  0]LogConfig: Applying CVar settings from Section [ShadowQuality@3] File [C:/Users/w017177h/Documents/GGJ2020/Global-Game-Jam-2020/GGJ20/Saved/Config/Windows/Scalability.ini]
[2020.02.02-00.24.59:027][  0]LogConfig: Setting CVar [[r.LightFunctionQuality:1]]
[2020.02.02-00.24.59:027][  0]LogConfig: Setting CVar [[r.ShadowQuality:5]]
[2020.02.02-00.24.59:027][  0]LogConfig: Setting CVar [[r.Shadow.CSM.MaxCascades:10]]
[2020.02.02-00.24.59:027][  0]LogConfig: Setting CVar [[r.Shadow.MaxResolution:2048]]
[2020.02.02-00.24.59:027][  0]LogConfig: Setting CVar [[r.Shadow.MaxCSMResolution:2048]]
[2020.02.02-00.24.59:027][  0]LogConfig: Setting CVar [[r.Shadow.RadiusThreshold:0.01]]
[2020.02.02-00.24.59:028][  0]LogConfig: Setting CVar [[r.Shadow.DistanceScale:1.0]]
[2020.02.02-00.24.59:028][  0]LogConfig: Setting CVar [[r.Shadow.CSM.TransitionScale:1.0]]
[2020.02.02-00.24.59:028][  0]LogConfig: Setting CVar [[r.Shadow.PreShadowResolutionFactor:1.0]]
[2020.02.02-00.24.59:028][  0]LogConfig: Setting CVar [[r.DistanceFieldShadowing:1]]
[2020.02.02-00.24.59:028][  0]LogConfig: Setting CVar [[r.DistanceFieldAO:1]]
[2020.02.02-00.24.59:028][  0]LogConfig: Setting CVar [[r.AOQuality:2]]
[2020.02.02-00.24.59:028][  0]LogConfig: Setting CVar [[r.VolumetricFog:1]]
[2020.02.02-00.24.59:028][  0]LogConfig: Setting CVar [[r.VolumetricFog.GridPixelSize:8]]
[2020.02.02-00.24.59:028][  0]LogConfig: Setting CVar [[r.VolumetricFog.GridSizeZ:128]]
[2020.02.02-00.24.59:028][  0]LogConfig: Setting CVar [[r.VolumetricFog.HistoryMissSupersampleCount:4]]
[2020.02.02-00.24.59:028][  0]LogConfig: Setting CVar [[r.LightMaxDrawDistanceScale:1]]
[2020.02.02-00.24.59:028][  0]LogConfig: Setting CVar [[r.CapsuleShadows:1]]
[2020.02.02-00.24.59:028][  0]LogConfig: Applying CVar settings from Section [PostProcessQuality@3] File [C:/Users/w017177h/Documents/GGJ2020/Global-Game-Jam-2020/GGJ20/Saved/Config/Windows/Scalability.ini]
[2020.02.02-00.24.59:028][  0]LogConfig: Setting CVar [[r.MotionBlurQuality:4]]
[2020.02.02-00.24.59:028][  0]LogConfig: Setting CVar [[r.AmbientOcclusionMipLevelFactor:0.4]]
[2020.02.02-00.24.59:028][  0]LogConfig: Setting CVar [[r.AmbientOcclusionMaxQuality:100]]
[2020.02.02-00.24.59:028][  0]LogConfig: Setting CVar [[r.AmbientOcclusionLevels:-1]]
[2020.02.02-00.24.59:028][  0]LogConfig: Setting CVar [[r.AmbientOcclusionRadiusScale:1.0]]
[2020.02.02-00.24.59:028][  0]LogConfig: Setting CVar [[r.DepthOfFieldQuality:2]]
[2020.02.02-00.24.59:029][  0]LogConfig: Setting CVar [[r.RenderTargetPoolMin:400]]
[2020.02.02-00.24.59:029][  0]LogConfig: Setting CVar [[r.LensFlareQuality:2]]
[2020.02.02-00.24.59:029][  0]LogConfig: Setting CVar [[r.SceneColorFringeQuality:1]]
[2020.02.02-00.24.59:029][  0]LogConfig: Setting CVar [[r.EyeAdaptationQuality:2]]
[2020.02.02-00.24.59:029][  0]LogConfig: Setting CVar [[r.BloomQuality:5]]
[2020.02.02-00.24.59:029][  0]LogConfig: Setting CVar [[r.FastBlurThreshold:100]]
[2020.02.02-00.24.59:029][  0]LogConfig: Setting CVar [[r.Upscale.Quality:3]]
[2020.02.02-00.24.59:029][  0]LogConfig: Setting CVar [[r.Tonemapper.GrainQuantization:1]]
[2020.02.02-00.24.59:029][  0]LogConfig: Setting CVar [[r.LightShaftQuality:1]]
[2020.02.02-00.24.59:029][  0]LogConfig: Setting CVar [[r.Filter.SizeScale:1]]
[2020.02.02-00.24.59:029][  0]LogConfig: Setting CVar [[r.Tonemapper.Quality:5]]
[2020.02.02-00.24.59:029][  0]LogConfig: Setting CVar [[r.DOF.Gather.AccumulatorQuality:1        ; higher gathering accumulator quality]]
[2020.02.02-00.24.59:029][  0]LogConfig: Setting CVar [[r.DOF.Gather.PostfilterMethod:1          ; Median3x3 postfilering method]]
[2020.02.02-00.24.59:029][  0]LogConfig: Setting CVar [[r.DOF.Gather.EnableBokehSettings:0       ; no bokeh simulation when gathering]]
[2020.02.02-00.24.59:029][  0]LogConfig: Setting CVar [[r.DOF.Gather.RingCount:4                 ; medium number of samples when gathering]]
[2020.02.02-00.24.59:030][  0]LogConfig: Setting CVar [[r.DOF.Scatter.ForegroundCompositing:1    ; additive foreground scattering]]
[2020.02.02-00.24.59:030][  0]LogConfig: Setting CVar [[r.DOF.Scatter.BackgroundCompositing:2    ; additive background scattering]]
[2020.02.02-00.24.59:030][  0]LogConfig: Setting CVar [[r.DOF.Scatter.EnableBokehSettings:1      ; bokeh simulation when scattering]]
[2020.02.02-00.24.59:030][  0]LogConfig: Setting CVar [[r.DOF.Scatter.MaxSpriteRatio:0.1         ; only a maximum of 10% of scattered bokeh]]
[2020.02.02-00.24.59:030][  0]LogConfig: Setting CVar [[r.DOF.Recombine.Quality:1                ; cheap slight out of focus]]
[2020.02.02-00.24.59:030][  0]LogConfig: Setting CVar [[r.DOF.Recombine.EnableBokehSettings:0    ; no bokeh simulation on slight out of focus]]
[2020.02.02-00.24.59:030][  0]LogConfig: Setting CVar [[r.DOF.TemporalAAQuality:1                ; more stable temporal accumulation]]
[2020.02.02-00.24.59:030][  0]LogConfig: Setting CVar [[r.DOF.Kernel.MaxForegroundRadius:0.025]]
[2020.02.02-00.24.59:030][  0]LogConfig: Setting CVar [[r.DOF.Kernel.MaxBackgroundRadius:0.025]]
[2020.02.02-00.24.59:030][  0]LogConfig: Applying CVar settings from Section [TextureQuality@3] File [C:/Users/w017177h/Documents/GGJ2020/Global-Game-Jam-2020/GGJ20/Saved/Config/Windows/Scalability.ini]
[2020.02.02-00.24.59:030][  0]LogConfig: Setting CVar [[r.Streaming.MipBias:0]]
[2020.02.02-00.24.59:030][  0]LogConfig: Setting CVar [[r.Streaming.AmortizeCPUToGPUCopy:0]]
[2020.02.02-00.24.59:030][  0]LogConfig: Setting CVar [[r.Streaming.MaxNumTexturesToStreamPerFrame:0]]
[2020.02.02-00.24.59:030][  0]LogConfig: Setting CVar [[r.Streaming.Boost:1]]
[2020.02.02-00.24.59:030][  0]LogConfig: Setting CVar [[r.MaxAnisotropy:8]]
[2020.02.02-00.24.59:030][  0]LogConfig: Setting CVar [[r.Streaming.LimitPoolSizeToVRAM:0]]
[2020.02.02-00.24.59:030][  0]LogConfig: Setting CVar [[r.Streaming.PoolSize:1000]]
[2020.02.02-00.24.59:031][  0]LogConfig: Setting CVar [[r.Streaming.MaxEffectiveScreenSize:0]]
[2020.02.02-00.24.59:031][  0]LogConfig: Applying CVar settings from Section [EffectsQuality@3] File [C:/Users/w017177h/Documents/GGJ2020/Global-Game-Jam-2020/GGJ20/Saved/Config/Windows/Scalability.ini]
[2020.02.02-00.24.59:031][  0]LogConfig: Setting CVar [[r.TranslucencyLightingVolumeDim:64]]
[2020.02.02-00.24.59:031][  0]LogConfig: Setting CVar [[r.RefractionQuality:2]]
[2020.02.02-00.24.59:031][  0]LogConfig: Setting CVar [[r.SSR.Quality:3]]
[2020.02.02-00.24.59:031][  0]LogConfig: Setting CVar [[r.SceneColorFormat:4]]
[2020.02.02-00.24.59:031][  0]LogConfig: Setting CVar [[r.DetailMode:2]]
[2020.02.02-00.24.59:031][  0]LogConfig: Setting CVar [[r.TranslucencyVolumeBlur:1]]
[2020.02.02-00.24.59:031][  0]LogConfig: Setting CVar [[r.MaterialQualityLevel:1 ; High quality]]
[2020.02.02-00.24.59:031][  0]LogConfig: Setting CVar [[r.SSS.Scale:1]]
[2020.02.02-00.24.59:031][  0]LogConfig: Setting CVar [[r.SSS.SampleSet:2]]
[2020.02.02-00.24.59:031][  0]LogConfig: Setting CVar [[r.SSS.Quality:1]]
[2020.02.02-00.24.59:031][  0]LogConfig: Setting CVar [[r.SSS.HalfRes:1]]
[2020.02.02-00.24.59:031][  0]LogConfig: Setting CVar [[r.EmitterSpawnRateScale:1.0]]
[2020.02.02-00.24.59:031][  0]LogConfig: Setting CVar [[r.ParticleLightQuality:2]]
[2020.02.02-00.24.59:031][  0]LogConfig: Applying CVar settings from Section [FoliageQuality@3] File [C:/Users/w017177h/Documents/GGJ2020/Global-Game-Jam-2020/GGJ20/Saved/Config/Windows/Scalability.ini]
[2020.02.02-00.24.59:031][  0]LogConfig: Setting CVar [[foliage.DensityScale:1.0]]
[2020.02.02-00.24.59:032][  0]LogConfig: Setting CVar [[grass.DensityScale:1.0]]
[2020.02.02-00.24.59:032][  0]LogConfig: Applying CVar settings from Section [Startup] File [../../../Engine/Config/ConsoleVariables.ini]
[2020.02.02-00.24.59:032][  0]LogConfig: Setting CVar [[net.UseAdaptiveNetUpdateFrequency:0]]
[2020.02.02-00.24.59:032][  0]LogConfig: Setting CVar [[p.chaos.AllowCreatePhysxBodies:1]]
[2020.02.02-00.24.59:032][  0]LogConfig: Applying CVar settings from Section [ConsoleVariables] File [C:/Users/w017177h/Documents/GGJ2020/Global-Game-Jam-2020/GGJ20/Saved/Config/Windows/Engine.ini]
[2020.02.02-00.24.59:032][  0]LogInit: Computer: C117B-19
[2020.02.02-00.24.59:032][  0]LogInit: User: w017177h
[2020.02.02-00.24.59:032][  0]LogInit: CPU Page size=4096, Cores=4
[2020.02.02-00.24.59:032][  0]LogInit: High frequency timer resolution =10.000000 MHz
[2020.02.02-00.24.59:033][  0]LogMemory: Memory total: Physical=31.7GB (32GB approx)
[2020.02.02-00.24.59:033][  0]LogMemory: Platform Memory Stats for Windows
[2020.02.02-00.24.59:033][  0]LogMemory: Process Physical Memory: 96.81 MB used, 96.81 MB peak
[2020.02.02-00.24.59:033][  0]LogMemory: Process Virtual Memory: 90.65 MB used, 90.65 MB peak
[2020.02.02-00.24.59:033][  0]LogMemory: Physical Memory: 11114.61 MB used,  21373.12 MB free, 32487.73 MB total
[2020.02.02-00.24.59:033][  0]LogMemory: Virtual Memory: 4644.23 MB used,  134213080.00 MB free, 134217728.00 MB total
[2020.02.02-00.24.59:212][  0]LogInit: Using OS detected language (en-US).
[2020.02.02-00.24.59:212][  0]LogInit: Using OS detected locale (en-GB).
[2020.02.02-00.24.59:212][  0]LogTextLocalizationManager: No specific localization for 'en-US' exists, so the 'en' localization will be used.
[2020.02.02-00.24.59:388][  0]LogInit: Setting process to per monitor DPI aware
[2020.02.02-00.24.59:454][  0]LogSlate: New Slate User Created.  User Index 0, Is Virtual User: 0
[2020.02.02-00.24.59:454][  0]LogSlate: Slate User Registered.  User Index 0, Is Virtual User: 0
[2020.02.02-00.24.59:636][  0]LogHMD: Failed to initialize OpenVR with code 110
[2020.02.02-00.24.59:636][  0]LogD3D11RHI: D3D11 adapters:
[2020.02.02-00.24.59:727][  0]LogD3D11RHI:    0. 'NVIDIA GeForce GTX 1070' (Feature Level 11_0)
[2020.02.02-00.24.59:727][  0]LogD3D11RHI:       8088/0/16243 MB DedicatedVideo/DedicatedSystem/SharedSystem, Outputs:2, VendorId:0x10de
[2020.02.02-00.24.59:733][  0]LogD3D11RHI:    1. 'Microsoft Basic Render Driver' (Feature Level 11_0)
[2020.02.02-00.24.59:734][  0]LogD3D11RHI:       0/0/16243 MB DedicatedVideo/DedicatedSystem/SharedSystem, Outputs:0, VendorId:0x1414
[2020.02.02-00.24.59:734][  0]LogD3D11RHI: Chosen D3D11 Adapter: 0
[2020.02.02-00.24.59:742][  0]LogD3D11RHI: Creating new Direct3DDevice
[2020.02.02-00.24.59:742][  0]LogD3D11RHI:     GPU DeviceId: 0x1b81 (for the marketing name, search the web for "GPU Device Id")
[2020.02.02-00.24.59:742][  0]LogWindows: EnumDisplayDevices:
[2020.02.02-00.24.59:742][  0]LogWindows:    0. 'NVIDIA GeForce GTX 1070' (P:1 D:1)
[2020.02.02-00.24.59:743][  0]LogWindows:    1. 'NVIDIA GeForce GTX 1070' (P:0 D:1)
[2020.02.02-00.24.59:743][  0]LogWindows:    2. 'NVIDIA GeForce GTX 1070' (P:0 D:0)
[2020.02.02-00.24.59:743][  0]LogWindows:    3. 'NVIDIA GeForce GTX 1070' (P:0 D:0)
[2020.02.02-00.24.59:743][  0]LogWindows: DebugString: FoundDriverCount:4 
[2020.02.02-00.24.59:744][  0]LogD3D11RHI:     Adapter Name: NVIDIA GeForce GTX 1070
[2020.02.02-00.24.59:744][  0]LogD3D11RHI:   Driver Version: 441.66 (internal:26.21.14.4166, unified:441.66)
[2020.02.02-00.24.59:744][  0]LogD3D11RHI:      Driver Date: 12-6-2019
[2020.02.02-00.24.59:744][  0]LogRHI: Texture pool is 5661 MB (70% of 8088 MB)
[2020.02.02-00.24.59:789][  0]LogD3D11RHI: Async texture creation enabled
[2020.02.02-00.24.59:793][  0]LogRendererCore: FGlobalReadBuffer::InitRHI
[2020.02.02-00.24.59:793][  0]LogRendererCore: FGlobalReadBuffer::InitRHI
[2020.02.02-00.24.59:793][  0]LogRendererCore: FGlobalReadBuffer::InitRHI
[2020.02.02-00.24.59:801][  0]LogD3D11RHI: GPU Timing Frequency: 1000.000000 (Debug: 2 1)
[2020.02.02-00.25.00:079][  0]LogTemp: Display: Module 'AllDesktopTargetPlatform' loaded TargetPlatform 'AllDesktop'
[2020.02.02-00.25.00:096][  0]LogTemp: Display: Module 'MacClientTargetPlatform' loaded TargetPlatform 'MacClient'
[2020.02.02-00.25.00:112][  0]LogTemp: Display: Module 'MacNoEditorTargetPlatform' loaded TargetPlatform 'MacNoEditor'
[2020.02.02-00.25.00:130][  0]LogTemp: Display: Module 'MacServerTargetPlatform' loaded TargetPlatform 'MacServer'
[2020.02.02-00.25.00:147][  0]LogTemp: Display: Module 'MacTargetPlatform' loaded TargetPlatform 'Mac'
[2020.02.02-00.25.00:166][  0]LogTemp: Display: Module 'WindowsClientTargetPlatform' loaded TargetPlatform 'WindowsClient'
[2020.02.02-00.25.00:185][  0]LogTemp: Display: Module 'WindowsNoEditorTargetPlatform' loaded TargetPlatform 'WindowsNoEditor'
[2020.02.02-00.25.00:201][  0]LogTemp: Display: Module 'WindowsServerTargetPlatform' loaded TargetPlatform 'WindowsServer'
[2020.02.02-00.25.00:211][  0]LogTemp: Display: Module 'WindowsTargetPlatform' loaded TargetPlatform 'Windows'
[2020.02.02-00.25.00:312][  0]LogTemp: Display: Module 'AndroidTargetPlatform' loaded TargetPlatform 'Android'
[2020.02.02-00.25.00:312][  0]LogTemp: Display: Module 'AndroidTargetPlatform' loaded TargetPlatform 'Android_ASTC'
[2020.02.02-00.25.00:312][  0]LogTemp: Display: Module 'AndroidTargetPlatform' loaded TargetPlatform 'Android_ATC'
[2020.02.02-00.25.00:312][  0]LogTemp: Display: Module 'AndroidTargetPlatform' loaded TargetPlatform 'Android_DXT'
[2020.02.02-00.25.00:312][  0]LogTemp: Display: Module 'AndroidTargetPlatform' loaded TargetPlatform 'Android_ETC1'
[2020.02.02-00.25.00:312][  0]LogTemp: Display: Module 'AndroidTargetPlatform' loaded TargetPlatform 'Android_ETC1a'
[2020.02.02-00.25.00:312][  0]LogTemp: Display: Module 'AndroidTargetPlatform' loaded TargetPlatform 'Android_ETC2'
[2020.02.02-00.25.00:312][  0]LogTemp: Display: Module 'AndroidTargetPlatform' loaded TargetPlatform 'Android_PVRTC'
[2020.02.02-00.25.00:312][  0]LogTemp: Display: Module 'AndroidTargetPlatform' loaded TargetPlatform 'AndroidClient'
[2020.02.02-00.25.00:313][  0]LogTemp: Display: Module 'AndroidTargetPlatform' loaded TargetPlatform 'Android_ASTCClient'
[2020.02.02-00.25.00:313][  0]LogTemp: Display: Module 'AndroidTargetPlatform' loaded TargetPlatform 'Android_ATCClient'
[2020.02.02-00.25.00:313][  0]LogTemp: Display: Module 'AndroidTargetPlatform' loaded TargetPlatform 'Android_DXTClient'
[2020.02.02-00.25.00:313][  0]LogTemp: Display: Module 'AndroidTargetPlatform' loaded TargetPlatform 'Android_ETC1Client'
[2020.02.02-00.25.00:313][  0]LogTemp: Display: Module 'AndroidTargetPlatform' loaded TargetPlatform 'Android_ETC1aClient'
[2020.02.02-00.25.00:313][  0]LogTemp: Display: Module 'AndroidTargetPlatform' loaded TargetPlatform 'Android_ETC2Client'
[2020.02.02-00.25.00:313][  0]LogTemp: Display: Module 'AndroidTargetPlatform' loaded TargetPlatform 'Android_PVRTCClient'
[2020.02.02-00.25.00:313][  0]LogTemp: Display: Module 'AndroidTargetPlatform' loaded TargetPlatform 'Android_Multi'
[2020.02.02-00.25.00:313][  0]LogTemp: Display: Module 'AndroidTargetPlatform' loaded TargetPlatform 'Android_MultiClient'
[2020.02.02-00.25.00:318][  0]LogTemp: Display: Module 'HTML5TargetPlatform' loaded TargetPlatform 'HTML5'
[2020.02.02-00.25.00:378][  0]LogTemp: Display: Module 'IOSTargetPlatform' loaded TargetPlatform 'IOSClient'
[2020.02.02-00.25.00:378][  0]LogTemp: Display: Module 'IOSTargetPlatform' loaded TargetPlatform 'IOS'
[2020.02.02-00.25.00:407][  0]LogTemp: Display: Module 'TVOSTargetPlatform' loaded TargetPlatform 'TVOSClient'
[2020.02.02-00.25.00:407][  0]LogTemp: Display: Module 'TVOSTargetPlatform' loaded TargetPlatform 'TVOS'
[2020.02.02-00.25.00:422][  0]LogTemp: Display: Module 'LinuxClientTargetPlatform' loaded TargetPlatform 'LinuxClient'
[2020.02.02-00.25.00:437][  0]LogTemp: Display: Module 'LinuxNoEditorTargetPlatform' loaded TargetPlatform 'LinuxNoEditor'
[2020.02.02-00.25.00:456][  0]LogTemp: Display: Module 'LinuxServerTargetPlatform' loaded TargetPlatform 'LinuxServer'
[2020.02.02-00.25.00:471][  0]LogTemp: Display: Module 'LinuxTargetPlatform' loaded TargetPlatform 'Linux'
[2020.02.02-00.25.00:519][  0]LogTemp: Display: Module 'LuminTargetPlatform' loaded TargetPlatform 'Lumin'
[2020.02.02-00.25.00:519][  0]LogTemp: Display: Module 'LuminTargetPlatform' loaded TargetPlatform 'LuminClient'
[2020.02.02-00.25.00:519][  0]LogTargetPlatformManager: Display: Building Assets For Windows
[2020.02.02-00.25.00:539][  0]LogAudioDebug: Display: Lib vorbis DLL was dynamically loaded.
[2020.02.02-00.25.00:659][  0]LogShaderCompilers: Guid format shader working directory is -29 characters bigger than the processId version (../../../../../../Users/w017177h/Documents/GGJ2020/Global-Game-Jam-2020/GGJ20/Intermediate/Shaders/WorkingDirectory/16440/).
[2020.02.02-00.25.00:659][  0]LogShaderCompilers: Cleaned the shader compiler working directory 'C:/Users/w017177h/AppData/Local/Temp/UnrealShaderWorkingDir/F2C8595C4C96529DFAE07AA028FACD0B/'.
[2020.02.02-00.25.00:663][  0]LogXGEController: Cleaning working directory: C:/Users/w017177h/AppData/Local/Temp/UnrealXGEWorkingDir/
[2020.02.02-00.25.00:663][  0]LogXGEController: Cannot use XGE Controller as Incredibuild is not installed on this machine.
[2020.02.02-00.25.00:663][  0]LogShaderCompilers: Cannot use XGE Shader Compiler as Incredibuild is not installed on this machine.
[2020.02.02-00.25.00:664][  0]LogShaderCompilers: Display: Using Local Shader Compiler.
[2020.02.02-00.25.01:231][  0]LogDerivedDataCache: Display: Max Cache Size: 512 MB
[2020.02.02-00.25.01:285][  0]LogDerivedDataCache: Loaded boot cache 0.05s 71MB C:/Users/w017177h/AppData/Local/UnrealEngine/4.22/DerivedDataCache/Boot.ddc.
[2020.02.02-00.25.01:285][  0]LogDerivedDataCache: Display: Loaded Boot cache: C:/Users/w017177h/AppData/Local/UnrealEngine/4.22/DerivedDataCache/Boot.ddc
[2020.02.02-00.25.01:285][  0]LogDerivedDataCache: FDerivedDataBackendGraph:  Pak pak cache file ../../../../../../Users/w017177h/Documents/GGJ2020/Global-Game-Jam-2020/GGJ20/DerivedDataCache/DDC.ddp not found, will not use a pak cache.
[2020.02.02-00.25.01:285][  0]LogDerivedDataCache: Unable to find inner node Pak for hierarchical cache Hierarchy.
[2020.02.02-00.25.01:285][  0]LogDerivedDataCache: FDerivedDataBackendGraph:  CompressedPak pak cache file ../../../../../../Users/w017177h/Documents/GGJ2020/Global-Game-Jam-2020/GGJ20/DerivedDataCache/Compressed.ddp not found, will not use a pak cache.
[2020.02.02-00.25.01:285][  0]LogDerivedDataCache: Unable to find inner node CompressedPak for hierarchical cache Hierarchy.
[2020.02.02-00.25.01:299][  0]LogDerivedDataCache: Display: Pak cache opened for reading ../../../Engine/DerivedDataCache/Compressed.ddp.
[2020.02.02-00.25.01:299][  0]LogDerivedDataCache: FDerivedDataBackendGraph:  EnterprisePak pak cache file ../../../Enterprise/DerivedDataCache/Compressed.ddp not found, will not use a pak cache.
[2020.02.02-00.25.01:299][  0]LogDerivedDataCache: Unable to find inner node EnterprisePak for hierarchical cache Hierarchy.
[2020.02.02-00.25.01:312][  0]LogDerivedDataCache: Using Local data cache path C:/Users/w017177h/AppData/Local/UnrealEngine/Common/DerivedDataCache: Writable
[2020.02.02-00.25.01:312][  0]LogDerivedDataCache: Shared data cache path not found in *engine.ini, will not use an Shared cache.
[2020.02.02-00.25.01:312][  0]LogDerivedDataCache: Unable to find inner node Shared for hierarchical cache Hierarchy.
[2020.02.02-00.25.01:335][  0]LogMaterial: Verifying Global Shaders for PCD3D_SM5
[2020.02.02-00.25.01:337][  0]LogSlate: Using FreeType 2.6.0
[2020.02.02-00.25.01:337][  0]LogSlate: SlateFontServices - WITH_FREETYPE: 1, WITH_HARFBUZZ: 1
[2020.02.02-00.25.01:422][  0]LogAssetRegistry: FAssetRegistry took 0.0392 seconds to start up
[2020.02.02-00.25.01:784][  0]LogInit: Selected Device Profile: [Windows]
[2020.02.02-00.25.01:936][  0]LogMeshReduction: Using QuadricMeshReduction for automatic static mesh reduction
[2020.02.02-00.25.01:936][  0]LogMeshReduction: Using SimplygonMeshReduction for automatic skeletal mesh reduction
[2020.02.02-00.25.01:936][  0]LogMeshReduction: Using ProxyLODMeshReduction for automatic mesh merging
[2020.02.02-00.25.01:936][  0]LogMeshReduction: No distributed automatic mesh merging module available
[2020.02.02-00.25.01:936][  0]LogMeshMerging: No distributed automatic mesh merging module available
[2020.02.02-00.25.01:952][  0]LogNetVersion: GGJ20 1.0.0, NetCL: 5660361, EngineNetVer: 10, GameNetVer: 0 (Checksum: 2452190960)
[2020.02.02-00.25.02:325][  0]LogPackageLocalizationCache: Processed 10 localized package path(s) for 1 prioritized culture(s) in 0.047324 seconds
[2020.02.02-00.25.02:332][  0]LogUObjectArray: 42205 objects as part of root set at end of initial load.
[2020.02.02-00.25.02:332][  0]LogUObjectAllocator: 7325032 out of 0 bytes used by permanent object pool.
[2020.02.02-00.25.02:332][  0]LogUObjectArray: CloseDisregardForGC: 0/0 objects in disregard for GC pool
[2020.02.02-00.25.03:213][  0]LogTcpMessaging: Initializing TcpMessaging bridge
[2020.02.02-00.25.03:229][  0]LogUdpMessaging: Initializing bridge on interface 0.0.0.0:0 to multicast group 230.0.0.1:6666.
[2020.02.02-00.25.03:414][  0]SourceControl: Source control is disabled
[2020.02.02-00.25.03:414][  0]SourceControl: Source control is disabled
[2020.02.02-00.25.03:416][  0]SourceControl: Source control is disabled
[2020.02.02-00.25.03:419][  0]SourceControl: Source control is disabled
[2020.02.02-00.25.03:548][  0]LogAndroidPermission: UAndroidPermissionCallbackProxy::GetInstance
[2020.02.02-00.25.03:664][  0]LogOcInput: OculusInput pre-init called
[2020.02.02-00.25.04:330][  0]LogEngine: Initializing Engine...
[2020.02.02-00.25.04:331][  0]LogHMD: Failed to initialize OpenVR with code 110
[2020.02.02-00.25.04:332][  0]LogStats: UGameplayTagsManager::InitializeManager -  0.000 s
[2020.02.02-00.25.04:547][  0]LogInit: Initializing FReadOnlyCVARCache
[2020.02.02-00.25.04:564][  0]LogAIModule: Creating AISystem for world Untitled
[2020.02.02-00.25.04:590][  0]LogInit: XAudio2 using 'Headset Earphone (Corsair VOID PRO USB Gaming Headset )' : 2 channels at 48 kHz using 16 bits per sample (channel mask 0x3)
[2020.02.02-00.25.04:611][  0]LogInit: FAudioDevice initialized.
[2020.02.02-00.25.04:612][  0]LogNetVersion: Set ProjectVersion to 1.0.0.0. Version Checksum will be recalculated on next use.
[2020.02.02-00.25.04:657][  0]LogDerivedDataCache: Saved boot cache 0.05s 71MB C:/Users/w017177h/AppData/Local/UnrealEngine/4.22/DerivedDataCache/Boot.ddc.
[2020.02.02-00.25.04:669][  0]LogInit: Texture streaming: Enabled
[2020.02.02-00.25.04:700][  0]LogEngineSessionManager: EngineSessionManager initialized
[2020.02.02-00.25.04:700][  0]LogEngineSessionManager: EngineSessionManager sent abnormal shutdown report. Type=Debugger, SessionId={C1D7590B-42CB-8B84-ED82-2A9297BA2E92}
[2020.02.02-00.25.04:722][  0]LogInit: Transaction tracking system initialized
[2020.02.02-00.25.04:757][  0]BlueprintLog: New page: Editor Load
[2020.02.02-00.25.04:869][  0]LocalizationService: Localization service is disabled
[2020.02.02-00.25.05:182][  0]LogFileCache: Scanning file cache for directory 'C:/Users/w017177h/Documents/GGJ2020/Global-Game-Jam-2020/GGJ20/Content/' took 0.01s
[2020.02.02-00.25.05:182][  0]LogCook: Display: Max memory allowance for cook 16384mb min free memory 0mb
[2020.02.02-00.25.05:182][  0]LogCook: Display: Mobile HDR setting 1
[2020.02.02-00.25.05:394][  0]SourceControl: Source control is disabled
[2020.02.02-00.25.05:394][  0]Cmd: MAP LOAD FILE="../../../Engine/Content/Maps/Templates/Template_Default.umap" TEMPLATE=1 SHOWPROGRESS=1 FEATURELEVEL=3
[2020.02.02-00.25.05:395][  0]LightingResults: New page: Lighting Build
[2020.02.02-00.25.05:398][  0]MapCheck: New page: Map Check
[2020.02.02-00.25.05:398][  0]LightingResults: New page: Lighting Build
[2020.02.02-00.25.05:427][  0]LogUObjectHash: Compacting FUObjectHashTables data took   1.57ms
[2020.02.02-00.25.05:500][  0]LogAIModule: Creating AISystem for world Untitled_1
[2020.02.02-00.25.05:506][  0]LogEditorServer: Finished looking for orphan Actors (0.000 secs)
[2020.02.02-00.25.05:540][  0]LogUObjectHash: Compacting FUObjectHashTables data took   1.88ms
[2020.02.02-00.25.05:540][  0]Cmd: MAP CHECKDEP NOCLEARLOG
[2020.02.02-00.25.05:541][  0]MapCheck: Map check complete: 0 Error(s), 0 Warning(s), took 0.369ms to complete.
[2020.02.02-00.25.05:541][  0]LogFileHelpers: Loading map 'Template_Default' took 0.146
[2020.02.02-00.25.05:662][  0]LogSlate: Updating window title bar state: overlay mode, drag disabled, window buttons hidden, title bar hidden
[2020.02.02-00.25.05:670][  0]LogSlate: Updating window title bar state: overlay mode, drag disabled, window buttons hidden, title bar hidden
[2020.02.02-00.25.05:677][  0]LogSlate: Updating window title bar state: overlay mode, drag disabled, window buttons hidden, title bar hidden
[2020.02.02-00.25.05:684][  0]LogSlate: Updating window title bar state: overlay mode, drag disabled, window buttons hidden, title bar hidden
[2020.02.02-00.25.05:690][  0]LogCollectionManager: Loaded 0 collections in 0.001749 seconds
[2020.02.02-00.25.05:734][  0]LogFileCache: Scanning file cache for directory 'C:/Users/w017177h/Documents/GGJ2020/Global-Game-Jam-2020/GGJ20/Saved/Collections/' took 0.01s
[2020.02.02-00.25.05:734][  0]LogFileCache: Scanning file cache for directory 'C:/Users/w017177h/Documents/GGJ2020/Global-Game-Jam-2020/GGJ20/Content/Developers/w017177h/Collections/' took 0.01s
[2020.02.02-00.25.05:734][  0]LogFileCache: Scanning file cache for directory 'C:/Users/w017177h/Documents/GGJ2020/Global-Game-Jam-2020/GGJ20/Content/Collections/' took 0.01s
[2020.02.02-00.25.05:734][  0]LogCollectionManager: Rebuilt the GUID cache for 0 collections in 0.000000 seconds
[2020.02.02-00.25.05:743][  0]LogContentBrowser: Native class hierarchy populated in 0.0088 seconds. Added 2745 classes and 662 folders.
[2020.02.02-00.25.05:750][  0]LogContentBrowser: Native class hierarchy updated for 'WidgetCarousel' in 0.0004 seconds. Added 0 classes and 0 folders.
[2020.02.02-00.25.05:751][  0]LogPakFile: Registered encryption key '00000000000000000000000000000000': 0 pak files mounted, 0 remain pending
[2020.02.02-00.25.05:752][  0]LogPakFile: Registered encryption key '00000000000000000000000000000000': 0 pak files mounted, 0 remain pending
[2020.02.02-00.25.05:753][  0]LogPakFile: Registered encryption key '00000000000000000000000000000000': 0 pak files mounted, 0 remain pending
[2020.02.02-00.25.05:754][  0]LogPakFile: Registered encryption key '00000000000000000000000000000000': 0 pak files mounted, 0 remain pending
[2020.02.02-00.25.05:754][  0]LogPakFile: Registered encryption key '00000000000000000000000000000000': 0 pak files mounted, 0 remain pending
[2020.02.02-00.25.05:755][  0]LogPakFile: Registered encryption key '00000000000000000000000000000000': 0 pak files mounted, 0 remain pending
[2020.02.02-00.25.05:756][  0]LogPakFile: Registered encryption key '00000000000000000000000000000000': 0 pak files mounted, 0 remain pending
[2020.02.02-00.25.05:757][  0]LogPakFile: Registered encryption key '00000000000000000000000000000000': 0 pak files mounted, 0 remain pending
[2020.02.02-00.25.05:758][  0]LogPakFile: Registered encryption key '00000000000000000000000000000000': 0 pak files mounted, 0 remain pending
[2020.02.02-00.25.05:758][  0]LogPakFile: Registered encryption key '00000000000000000000000000000000': 0 pak files mounted, 0 remain pending
[2020.02.02-00.25.05:759][  0]LogPakFile: Registered encryption key '00000000000000000000000000000000': 0 pak files mounted, 0 remain pending
[2020.02.02-00.25.05:759][  0]LogPakFile: Registered encryption key '00000000000000000000000000000000': 0 pak files mounted, 0 remain pending
[2020.02.02-00.25.05:760][  0]LogPakFile: Registered encryption key '00000000000000000000000000000000': 0 pak files mounted, 0 remain pending
[2020.02.02-00.25.05:761][  0]LogPakFile: Registered encryption key '00000000000000000000000000000000': 0 pak files mounted, 0 remain pending
[2020.02.02-00.25.05:761][  0]LogPakFile: Registered encryption key '00000000000000000000000000000000': 0 pak files mounted, 0 remain pending
[2020.02.02-00.25.05:762][  0]LogPakFile: Registered encryption key '00000000000000000000000000000000': 0 pak files mounted, 0 remain pending
[2020.02.02-00.25.05:762][  0]LogPakFile: Registered encryption key '00000000000000000000000000000000': 0 pak files mounted, 0 remain pending
[2020.02.02-00.25.05:763][  0]LogPakFile: Registered encryption key '00000000000000000000000000000000': 0 pak files mounted, 0 remain pending
[2020.02.02-00.25.05:763][  0]LogPakFile: Registered encryption key '00000000000000000000000000000000': 0 pak files mounted, 0 remain pending
[2020.02.02-00.25.05:764][  0]LogPakFile: Registered encryption key '00000000000000000000000000000000': 0 pak files mounted, 0 remain pending
[2020.02.02-00.25.05:764][  0]LogPakFile: Registered encryption key '00000000000000000000000000000000': 0 pak files mounted, 0 remain pending
[2020.02.02-00.25.05:765][  0]LogPakFile: Registered encryption key '00000000000000000000000000000000': 0 pak files mounted, 0 remain pending
[2020.02.02-00.25.05:766][  0]LogPakFile: Registered encryption key '00000000000000000000000000000000': 0 pak files mounted, 0 remain pending
[2020.02.02-00.25.05:767][  0]LogPakFile: Registered encryption key '00000000000000000000000000000000': 0 pak files mounted, 0 remain pending
[2020.02.02-00.25.05:767][  0]LogPakFile: Registered encryption key '00000000000000000000000000000000': 0 pak files mounted, 0 remain pending
[2020.02.02-00.25.05:768][  0]LogPakFile: Registered encryption key '00000000000000000000000000000000': 0 pak files mounted, 0 remain pending
[2020.02.02-00.25.05:795][  0]LogContentBrowser: Native class hierarchy updated for 'AddContentDialog' in 0.0004 seconds. Added 0 classes and 0 folders.
[2020.02.02-00.25.05:803][  0]LogContentBrowser: Native class hierarchy updated for 'SceneOutliner' in 0.0004 seconds. Added 1 classes and 2 folders.
[2020.02.02-00.25.05:817][  0]LogSlate: Took 0.000172 seconds to synchronously load lazily loaded font '../../../Engine/Content/Slate/Fonts/Roboto-Regular.ttf' (155K)
[2020.02.02-00.25.05:819][  0]LogSlate: Took 0.000144 seconds to synchronously load lazily loaded font '../../../Engine/Content/Slate/Fonts/Roboto-Bold.ttf' (160K)
[2020.02.02-00.25.05:824][  0]LogSlate: Took 0.000199 seconds to synchronously load lazily loaded font '../../../Engine/Content/Editor/Slate/Fonts/FontAwesome.ttf' (139K)
[2020.02.02-00.25.05:884][  0]LogRenderer: Reallocating scene render targets to support 1052x604 Format 10 NumSamples 1 (Frame:1).
[2020.02.02-00.25.06:006][  0]LogContentBrowser: Native class hierarchy updated for 'HierarchicalLODOutliner' in 0.0004 seconds. Added 0 classes and 0 folders.
[2020.02.02-00.25.06:006][  0]LogLoad: (Engine Initialization) Total time: 8.85 seconds
[2020.02.02-00.25.06:006][  0]LogLoad: (Engine Initialization) Total Blueprint compile time: 0.00 seconds
[2020.02.02-00.25.06:038][  0]LogAssetRegistry: Asset discovery search completed in 4.6392 seconds
[2020.02.02-00.25.06:040][  0]LogCollectionManager: Rebuilt the object cache for 0 collections in 0.000000 seconds (found 0 objects)
[2020.02.02-00.25.06:040][  0]LogCollectionManager: Fixed up redirectors for 0 collections in 0.000137 seconds (updated 0 objects)
[2020.02.02-00.25.06:041][  0]LogContentStreaming: Texture pool size now 1000 MB
[2020.02.02-00.25.06:123][  0]LogRenderer: Reallocating scene render targets to support 1052x620 Format 10 NumSamples 1 (Frame:5).
[2020.02.02-00.25.06:123][  0]LogSlate: Took 0.000183 seconds to synchronously load lazily loaded font '../../../Engine/Content/Slate/Fonts/Roboto-Light.ttf' (167K)
[2020.02.02-00.25.33:661][291]LogSlate: FSceneViewport::OnFocusLost() reason 0
[2020.02.02-00.25.34:856][433]LogSlate: Took 0.000221 seconds to synchronously load lazily loaded font '../../../Engine/Content/Slate/Fonts/Roboto-Light.ttf' (167K)
[2020.02.02-00.25.34:905][433]LogAIModule: Creating AISystem for world JohnsTestLevel
[2020.02.02-00.25.34:912][433]LogAssetEditorManager: Opening Asset editor for World /Game/Maps/JohnsTestLevel.JohnsTestLevel
[2020.02.02-00.25.34:941][433]LogUObjectHash: Compacting FUObjectHashTables data took   1.92ms
[2020.02.02-00.25.34:942][433]Cmd: MAP LOAD FILE="../../../../../../Users/w017177h/Documents/GGJ2020/Global-Game-Jam-2020/GGJ20/Content/Maps/JohnsTestLevel.umap" TEMPLATE=0 SHOWPROGRESS=1 FEATURELEVEL=3
[2020.02.02-00.25.34:942][433]LightingResults: New page: Lighting Build
[2020.02.02-00.25.34:943][433]LoadErrors: New page: Loading map: JohnsTestLevel.umap
[2020.02.02-00.25.34:943][433]MapCheck: New page: Map Check
[2020.02.02-00.25.34:944][433]LightingResults: New page: Lighting Build
[2020.02.02-00.25.34:971][433]LogUObjectHash: Compacting FUObjectHashTables data took   1.89ms
[2020.02.02-00.25.34:976][433]LogEditorServer: Finished looking for orphan Actors (0.000 secs)
[2020.02.02-00.25.35:008][433]LogUObjectHash: Compacting FUObjectHashTables data took   1.46ms
[2020.02.02-00.25.35:030][433]Cmd: MAP CHECKDEP NOCLEARLOG
[2020.02.02-00.25.35:030][433]MapCheck: Map check complete: 0 Error(s), 0 Warning(s), took 0.2ms to complete.
[2020.02.02-00.25.35:030][433]LogFileHelpers: Loading map 'JohnsTestLevel' took 0.089
[2020.02.02-00.25.36:078][548]LogTemp: Repeating last play command: Selected Viewport
[2020.02.02-00.25.36:089][548]LogBlueprintUserMessages: Early PlayInEditor Detection: Level '/Game/Maps/JohnsTestLevel.JohnsTestLevel:PersistentLevel' has LevelScriptBlueprint '/Game/Maps/JohnsTestLevel.JohnsTestLevel:PersistentLevel.JohnsTestLevel' with GeneratedClass '/Game/Maps/JohnsTestLevel.JohnsTestLevel_C' with ClassGeneratedBy '/Game/Maps/JohnsTestLevel.JohnsTestLevel:PersistentLevel.JohnsTestLevel'
[2020.02.02-00.25.36:090][548]LogPlayLevel: PlayLevel: No blueprints needed recompiling
[2020.02.02-00.25.36:090][548]PIE: New page: PIE session: JohnsTestLevel (2 Feb 2020 00:25:36)
[2020.02.02-00.25.36:104][548]LogPlayLevel: Creating play world package: /Game/Maps/UEDPIE_0_JohnsTestLevel
[2020.02.02-00.25.36:108][548]LogPlayLevel: PIE: StaticDuplicateObject took: (0.003640s)
[2020.02.02-00.25.36:109][548]LogAIModule: Creating AISystem for world JohnsTestLevel
[2020.02.02-00.25.36:109][548]LogPlayLevel: PIE: World Init took: (0.000828s)
[2020.02.02-00.25.36:109][548]LogPlayLevel: PIE: Created PIE world by copying editor world from /Game/Maps/JohnsTestLevel.JohnsTestLevel to /Game/Maps/UEDPIE_0_JohnsTestLevel.JohnsTestLevel (0.005183s)
[2020.02.02-00.25.36:139][548]LogUObjectHash: Compacting FUObjectHashTables data took   1.21ms
[2020.02.02-00.25.36:152][548]LogInit: XAudio2 using 'Headset Earphone (Corsair VOID PRO USB Gaming Headset )' : 2 channels at 48 kHz using 16 bits per sample (channel mask 0x3)
[2020.02.02-00.25.36:163][548]LogInit: FAudioDevice initialized.
[2020.02.02-00.25.36:216][548]LogLoad: Game class is 'TestLevel_C'
[2020.02.02-00.25.36:218][548]LogWorld: Bringing World /Game/Maps/UEDPIE_0_JohnsTestLevel.JohnsTestLevel up for play (max tick rate 0) at 2020.02.02-00.25.36
[2020.02.02-00.25.36:219][548]LogWorld: Bringing up level for play took: 0.001336
[2020.02.02-00.25.36:237][548]LogContentBrowser: Native class hierarchy updated for 'MovieSceneCapture' in 0.0004 seconds. Added 20 classes and 0 folders.
[2020.02.02-00.25.36:238][548]PIE: Play in editor start time for /Game/Maps/UEDPIE_0_JohnsTestLevel 0.547
[2020.02.02-00.25.36:238][548]LogBlueprintUserMessages: Late PlayInEditor Detection: Level '/Game/Maps/JohnsTestLevel.JohnsTestLevel:PersistentLevel' has LevelScriptBlueprint '/Game/Maps/JohnsTestLevel.JohnsTestLevel:PersistentLevel.JohnsTestLevel' with GeneratedClass '/Game/Maps/JohnsTestLevel.JohnsTestLevel_C' with ClassGeneratedBy '/Game/Maps/JohnsTestLevel.JohnsTestLevel:PersistentLevel.JohnsTestLevel'
[2020.02.02-00.25.36:239][548]LogBlueprintUserMessages: [BP_BasePlayer_C_0] Walking
[2020.02.02-00.25.36:274][549]LogBlueprintUserMessages: [BP_BasePlayer_C_0] Walking
[2020.02.02-00.25.36:283][550]LogBlueprintUserMessages: [BP_BasePlayer_C_0] Walking
[2020.02.02-00.25.36:291][551]LogBlueprintUserMessages: [BP_BasePlayer_C_0] Walking
[2020.02.02-00.25.36:300][552]LogBlueprintUserMessages: [BP_BasePlayer_C_0] Walking
[2020.02.02-00.25.36:308][553]LogBlueprintUserMessages: [BP_BasePlayer_C_0] Walking
[2020.02.02-00.25.36:316][554]LogBlueprintUserMessages: [BP_BasePlayer_C_0] Walking
[2020.02.02-00.25.36:324][555]LogBlueprintUserMessages: [BP_BasePlayer_C_0] Walking
[2020.02.02-00.25.36:333][556]LogBlueprintUserMessages: [BP_BasePlayer_C_0] Walking
[2020.02.02-00.25.36:341][557]LogBlueprintUserMessages: [BP_BasePlayer_C_0] Walking
[2020.02.02-00.25.36:349][558]LogBlueprintUserMessages: [BP_BasePlayer_C_0] Walking
[2020.02.02-00.25.36:358][559]LogBlueprintUserMessages: [BP_BasePlayer_C_0] Walking
[2020.02.02-00.25.36:366][560]LogBlueprintUserMessages: [BP_BasePlayer_C_0] Walking
[2020.02.02-00.25.36:374][561]LogBlueprintUserMessages: [BP_BasePlayer_C_0] Walking
[2020.02.02-00.25.36:382][562]LogBlueprintUserMessages: [BP_BasePlayer_C_0] Walking
[2020.02.02-00.25.36:391][563]LogBlueprintUserMessages: [BP_BasePlayer_C_0] Walking
[2020.02.02-00.25.36:399][564]LogBlueprintUserMessages: [BP_BasePlayer_C_0] Walking
[2020.02.02-00.25.36:407][565]LogBlueprintUserMessages: [BP_BasePlayer_C_0] Walking
[2020.02.02-00.25.36:416][566]LogBlueprintUserMessages: [BP_BasePlayer_C_0] Walking
[2020.02.02-00.25.36:424][567]LogBlueprintUserMessages: [BP_BasePlayer_C_0] Walking
[2020.02.02-00.25.36:432][568]LogBlueprintUserMessages: [BP_BasePlayer_C_0] Walking
[2020.02.02-00.25.36:441][569]LogBlueprintUserMessages: [BP_BasePlayer_C_0] Walking
[2020.02.02-00.25.36:450][570]LogBlueprintUserMessages: [BP_BasePlayer_C_0] Walking
[2020.02.02-00.25.36:457][571]LogBlueprintUserMessages: [BP_BasePlayer_C_0] Walking
[2020.02.02-00.25.36:466][572]LogBlueprintUserMessages: [BP_BasePlayer_C_0] Walking
[2020.02.02-00.25.36:474][573]LogBlueprintUserMessages: [BP_BasePlayer_C_0] Walking
[2020.02.02-00.25.36:482][574]LogBlueprintUserMessages: [BP_BasePlayer_C_0] Walking
[2020.02.02-00.25.36:491][575]LogBlueprintUserMessages: [BP_BasePlayer_C_0] Walking
[2020.02.02-00.25.36:499][576]LogBlueprintUserMessages: [BP_BasePlayer_C_0] Walking
[2020.02.02-00.25.36:507][577]LogBlueprintUserMessages: [BP_BasePlayer_C_0] Walking
[2020.02.02-00.25.36:515][578]LogBlueprintUserMessages: [BP_BasePlayer_C_0] Walking
[2020.02.02-00.25.36:525][579]LogBlueprintUserMessages: [BP_BasePlayer_C_0] Walking
[2020.02.02-00.25.36:532][580]LogBlueprintUserMessages: [BP_BasePlayer_C_0] Walking
[2020.02.02-00.25.36:541][581]LogBlueprintUserMessages: [BP_BasePlayer_C_0] Walking
[2020.02.02-00.25.36:549][582]LogBlueprintUserMessages: [BP_BasePlayer_C_0] Walking
[2020.02.02-00.25.36:557][583]LogBlueprintUserMessages: [BP_BasePlayer_C_0] Walking
[2020.02.02-00.25.36:566][584]LogBlueprintUserMessages: [BP_BasePlayer_C_0] Walking
[2020.02.02-00.25.36:574][585]LogBlueprintUserMessages: [BP_BasePlayer_C_0] Walking
[2020.02.02-00.25.36:582][586]LogBlueprintUserMessages: [BP_BasePlayer_C_0] Walking
[2020.02.02-00.25.36:591][587]LogBlueprintUserMessages: [BP_BasePlayer_C_0] Walking
[2020.02.02-00.25.36:599][588]LogBlueprintUserMessages: [BP_BasePlayer_C_0] Walking
[2020.02.02-00.25.36:608][589]LogBlueprintUserMessages: [BP_BasePlayer_C_0] Walking
[2020.02.02-00.25.36:616][590]LogBlueprintUserMessages: [BP_BasePlayer_C_0] Walking
[2020.02.02-00.25.36:624][591]LogBlueprintUserMessages: [BP_BasePlayer_C_0] Walking
[2020.02.02-00.25.36:632][592]LogBlueprintUserMessages: [BP_BasePlayer_C_0] Walking
[2020.02.02-00.25.36:641][593]LogBlueprintUserMessages: [BP_BasePlayer_C_0] Walking
[2020.02.02-00.25.36:649][594]LogBlueprintUserMessages: [BP_BasePlayer_C_0] Walking
[2020.02.02-00.25.36:658][595]LogBlueprintUserMessages: [BP_BasePlayer_C_0] Walking
[2020.02.02-00.25.36:666][596]LogBlueprintUserMessages: [BP_BasePlayer_C_0] Walking
[2020.02.02-00.25.36:674][597]LogBlueprintUserMessages: [BP_BasePlayer_C_0] Walking
[2020.02.02-00.25.36:682][598]LogBlueprintUserMessages: [BP_BasePlayer_C_0] Walking
[2020.02.02-00.25.36:691][599]LogBlueprintUserMessages: [BP_BasePlayer_C_0] Walking
[2020.02.02-00.25.36:699][600]LogBlueprintUserMessages: [BP_BasePlayer_C_0] Walking
[2020.02.02-00.25.36:708][601]LogBlueprintUserMessages: [BP_BasePlayer_C_0] Walking
[2020.02.02-00.25.36:716][602]LogBlueprintUserMessages: [BP_BasePlayer_C_0] Walking
[2020.02.02-00.25.36:725][603]LogBlueprintUserMessages: [BP_BasePlayer_C_0] Walking
[2020.02.02-00.25.36:733][604]LogBlueprintUserMessages: [BP_BasePlayer_C_0] Walking
[2020.02.02-00.25.36:741][605]LogBlueprintUserMessages: [BP_BasePlayer_C_0] Walking
[2020.02.02-00.25.36:749][606]LogBlueprintUserMessages: [BP_BasePlayer_C_0] Walking
[2020.02.02-00.25.36:758][607]LogBlueprintUserMessages: [BP_BasePlayer_C_0] Walking
[2020.02.02-00.25.36:766][608]LogBlueprintUserMessages: [BP_BasePlayer_C_0] Walking
[2020.02.02-00.25.36:775][609]LogBlueprintUserMessages: [BP_BasePlayer_C_0] Walking
[2020.02.02-00.25.36:783][610]LogBlueprintUserMessages: [BP_BasePlayer_C_0] Walking
[2020.02.02-00.25.36:791][611]LogBlueprintUserMessages: [BP_BasePlayer_C_0] Walking
[2020.02.02-00.25.36:799][612]LogBlueprintUserMessages: [BP_BasePlayer_C_0] Walking
[2020.02.02-00.25.36:808][613]LogBlueprintUserMessages: [BP_BasePlayer_C_0] Walking
[2020.02.02-00.25.36:816][614]LogBlueprintUserMessages: [BP_BasePlayer_C_0] Walking
[2020.02.02-00.25.36:825][615]LogBlueprintUserMessages: [BP_BasePlayer_C_0] Walking
[2020.02.02-00.25.36:833][616]LogBlueprintUserMessages: [BP_BasePlayer_C_0] Walking
[2020.02.02-00.25.36:841][617]LogBlueprintUserMessages: [BP_BasePlayer_C_0] Walking
[2020.02.02-00.25.36:850][618]LogBlueprintUserMessages: [BP_BasePlayer_C_0] Walking
[2020.02.02-00.25.36:858][619]LogBlueprintUserMessages: [BP_BasePlayer_C_0] Walking
[2020.02.02-00.25.36:866][620]LogBlueprintUserMessages: [BP_BasePlayer_C_0] Walking
[2020.02.02-00.25.36:875][621]LogBlueprintUserMessages: [BP_BasePlayer_C_0] Walking
[2020.02.02-00.25.36:883][622]LogBlueprintUserMessages: [BP_BasePlayer_C_0] Walking
[2020.02.02-00.25.36:891][623]LogBlueprintUserMessages: [BP_BasePlayer_C_0] Walking
[2020.02.02-00.25.36:899][624]LogBlueprintUserMessages: [BP_BasePlayer_C_0] Walking
[2020.02.02-00.25.36:908][625]LogBlueprintUserMessages: [BP_BasePlayer_C_0] Walking
[2020.02.02-00.25.36:916][626]LogBlueprintUserMessages: [BP_BasePlayer_C_0] Walking
[2020.02.02-00.25.36:924][627]LogBlueprintUserMessages: [BP_BasePlayer_C_0] Walking
[2020.02.02-00.25.36:933][628]LogBlueprintUserMessages: [BP_BasePlayer_C_0] Walking
[2020.02.02-00.25.36:941][629]LogBlueprintUserMessages: [BP_BasePlayer_C_0] Walking
[2020.02.02-00.25.36:949][630]LogBlueprintUserMessages: [BP_BasePlayer_C_0] Walking
[2020.02.02-00.25.36:958][631]LogBlueprintUserMessages: [BP_BasePlayer_C_0] Walking
[2020.02.02-00.25.36:966][632]LogBlueprintUserMessages: [BP_BasePlayer_C_0] Walking
[2020.02.02-00.25.36:974][633]LogBlueprintUserMessages: [BP_BasePlayer_C_0] Walking
[2020.02.02-00.25.36:983][634]LogBlueprintUserMessages: [BP_BasePlayer_C_0] Walking
[2020.02.02-00.25.36:991][635]LogBlueprintUserMessages: [BP_BasePlayer_C_0] Walking
[2020.02.02-00.25.36:999][636]LogBlueprintUserMessages: [BP_BasePlayer_C_0] Walking
[2020.02.02-00.25.37:008][637]LogBlueprintUserMessages: [BP_BasePlayer_C_0] Walking
[2020.02.02-00.25.37:016][638]LogBlueprintUserMessages: [BP_BasePlayer_C_0] Walking
[2020.02.02-00.25.37:024][639]LogBlueprintUserMessages: [BP_BasePlayer_C_0] Walking
[2020.02.02-00.25.37:033][640]LogBlueprintUserMessages: [BP_BasePlayer_C_0] Walking
[2020.02.02-00.25.37:041][641]LogBlueprintUserMessages: [BP_BasePlayer_C_0] Walking
[2020.02.02-00.25.37:049][642]LogBlueprintUserMessages: [BP_BasePlayer_C_0] Walking
[2020.02.02-00.25.37:058][643]LogBlueprintUserMessages: [BP_BasePlayer_C_0] Walking
[2020.02.02-00.25.37:066][644]LogBlueprintUserMessages: [BP_BasePlayer_C_0] Walking
[2020.02.02-00.25.37:075][645]LogBlueprintUserMessages: [BP_BasePlayer_C_0] Walking
[2020.02.02-00.25.37:083][646]LogBlueprintUserMessages: [BP_BasePlayer_C_0] Walking
[2020.02.02-00.25.37:091][647]LogBlueprintUserMessages: [BP_BasePlayer_C_0] Walking
[2020.02.02-00.25.37:100][648]LogBlueprintUserMessages: [BP_BasePlayer_C_0] Walking
[2020.02.02-00.25.37:108][649]LogBlueprintUserMessages: [BP_BasePlayer_C_0] Walking
[2020.02.02-00.25.37:116][650]LogBlueprintUserMessages: [BP_BasePlayer_C_0] Walking
[2020.02.02-00.25.37:125][651]LogBlueprintUserMessages: [BP_BasePlayer_C_0] Walking
[2020.02.02-00.25.37:133][652]LogBlueprintUserMessages: [BP_BasePlayer_C_0] Walking
[2020.02.02-00.25.37:142][653]LogBlueprintUserMessages: [BP_BasePlayer_C_0] Walking
[2020.02.02-00.25.37:150][654]LogBlueprintUserMessages: [BP_BasePlayer_C_0] Walking
[2020.02.02-00.25.37:157][655]LogBlueprintUserMessages: [BP_BasePlayer_C_0] Walking
[2020.02.02-00.25.37:166][656]LogBlueprintUserMessages: [BP_BasePlayer_C_0] Walking
[2020.02.02-00.25.37:174][657]LogBlueprintUserMessages: [BP_BasePlayer_C_0] Walking
[2020.02.02-00.25.37:183][658]LogBlueprintUserMessages: [BP_BasePlayer_C_0] Walking
[2020.02.02-00.25.37:191][659]LogBlueprintUserMessages: [BP_BasePlayer_C_0] Walking
[2020.02.02-00.25.37:200][660]LogBlueprintUserMessages: [BP_BasePlayer_C_0] Walking
[2020.02.02-00.25.37:208][661]LogBlueprintUserMessages: [BP_BasePlayer_C_0] Walking
[2020.02.02-00.25.37:217][662]LogBlueprintUserMessages: [BP_BasePlayer_C_0] Walking
[2020.02.02-00.25.37:225][663]LogBlueprintUserMessages: [BP_BasePlayer_C_0] Walking
[2020.02.02-00.25.37:233][664]LogBlueprintUserMessages: [BP_BasePlayer_C_0] Walking
[2020.02.02-00.25.37:242][665]LogBlueprintUserMessages: [BP_BasePlayer_C_0] Walking
[2020.02.02-00.25.37:250][666]LogBlueprintUserMessages: [BP_BasePlayer_C_0] Walking
[2020.02.02-00.25.37:257][667]LogBlueprintUserMessages: [BP_BasePlayer_C_0] Walking
[2020.02.02-00.25.37:266][668]LogBlueprintUserMessages: [BP_BasePlayer_C_0] Walking
[2020.02.02-00.25.37:274][669]LogBlueprintUserMessages: [BP_BasePlayer_C_0] Walking
[2020.02.02-00.25.37:282][670]LogBlueprintUserMessages: [BP_BasePlayer_C_0] Walking
[2020.02.02-00.25.37:291][671]LogBlueprintUserMessages: [BP_BasePlayer_C_0] Walking
[2020.02.02-00.25.37:299][672]LogBlueprintUserMessages: [BP_BasePlayer_C_0] Walking
[2020.02.02-00.25.37:307][673]LogBlueprintUserMessages: [BP_BasePlayer_C_0] Walking
[2020.02.02-00.25.37:316][674]LogBlueprintUserMessages: [BP_BasePlayer_C_0] Walking
[2020.02.02-00.25.37:324][675]LogBlueprintUserMessages: [BP_BasePlayer_C_0] Walking
[2020.02.02-00.25.37:332][676]LogBlueprintUserMessages: [BP_BasePlayer_C_0] Walking
[2020.02.02-00.25.37:341][677]LogBlueprintUserMessages: [BP_BasePlayer_C_0] Walking
[2020.02.02-00.25.37:349][678]LogBlueprintUserMessages: [BP_BasePlayer_C_0] Walking
[2020.02.02-00.25.37:357][679]LogBlueprintUserMessages: [BP_BasePlayer_C_0] Walking
[2020.02.02-00.25.37:366][680]LogBlueprintUserMessages: [BP_BasePlayer_C_0] Walking
[2020.02.02-00.25.37:374][681]LogBlueprintUserMessages: [BP_BasePlayer_C_0] Walking
[2020.02.02-00.25.37:382][682]LogBlueprintUserMessages: [BP_BasePlayer_C_0] Walking
[2020.02.02-00.25.37:391][683]LogBlueprintUserMessages: [BP_BasePlayer_C_0] Walking
[2020.02.02-00.25.37:399][684]LogBlueprintUserMessages: [BP_BasePlayer_C_0] Walking
[2020.02.02-00.25.37:408][685]LogBlueprintUserMessages: [BP_BasePlayer_C_0] Walking
[2020.02.02-00.25.37:416][686]LogBlueprintUserMessages: [BP_BasePlayer_C_0] Walking
[2020.02.02-00.25.37:425][687]LogBlueprintUserMessages: [BP_BasePlayer_C_0] Walking
[2020.02.02-00.25.37:433][688]LogBlueprintUserMessages: [BP_BasePlayer_C_0] Walking
[2020.02.02-00.25.37:441][689]LogBlueprintUserMessages: [BP_BasePlayer_C_0] Walking
[2020.02.02-00.25.37:450][690]LogBlueprintUserMessages: [BP_BasePlayer_C_0] Walking
[2020.02.02-00.25.37:458][691]LogBlueprintUserMessages: [BP_BasePlayer_C_0] Walking
[2020.02.02-00.25.37:467][692]LogBlueprintUserMessages: [BP_BasePlayer_C_0] Walking
[2020.02.02-00.25.37:475][693]LogBlueprintUserMessages: [BP_BasePlayer_C_0] Walking
[2020.02.02-00.25.37:483][694]LogBlueprintUserMessages: [BP_BasePlayer_C_0] Walking
[2020.02.02-00.25.37:492][695]LogBlueprintUserMessages: [BP_BasePlayer_C_0] Walking
[2020.02.02-00.25.37:500][696]LogBlueprintUserMessages: [BP_BasePlayer_C_0] Walking
[2020.02.02-00.25.37:508][697]LogBlueprintUserMessages: [BP_BasePlayer_C_0] Walking
[2020.02.02-00.25.37:517][698]LogBlueprintUserMessages: [BP_BasePlayer_C_0] Walking
[2020.02.02-00.25.37:525][699]LogBlueprintUserMessages: [BP_BasePlayer_C_0] Walking
[2020.02.02-00.25.37:533][700]LogBlueprintUserMessages: [BP_BasePlayer_C_0] Walking
[2020.02.02-00.25.37:541][701]LogBlueprintUserMessages: [BP_BasePlayer_C_0] Walking
[2020.02.02-00.25.37:549][702]LogBlueprintUserMessages: [BP_BasePlayer_C_0] Walking
[2020.02.02-00.25.37:558][703]LogBlueprintUserMessages: [BP_BasePlayer_C_0] Walking
[2020.02.02-00.25.37:566][704]LogBlueprintUserMessages: [BP_BasePlayer_C_0] Walking
[2020.02.02-00.25.37:574][705]LogBlueprintUserMessages: [BP_BasePlayer_C_0] Walking
[2020.02.02-00.25.37:582][706]LogBlueprintUserMessages: [BP_BasePlayer_C_0] Walking
[2020.02.02-00.25.37:591][707]LogBlueprintUserMessages: [BP_BasePlayer_C_0] Walking
[2020.02.02-00.25.37:599][708]LogBlueprintUserMessages: [BP_BasePlayer_C_0] Walking
[2020.02.02-00.25.37:607][709]LogBlueprintUserMessages: [BP_BasePlayer_C_0] Walking
[2020.02.02-00.25.37:616][710]LogBlueprintUserMessages: [BP_BasePlayer_C_0] Walking
[2020.02.02-00.25.37:624][711]LogBlueprintUserMessages: [BP_BasePlayer_C_0] Walking
[2020.02.02-00.25.37:632][712]LogBlueprintUserMessages: [BP_BasePlayer_C_0] Walking
[2020.02.02-00.25.37:641][713]LogBlueprintUserMessages: [BP_BasePlayer_C_0] Walking
[2020.02.02-00.25.37:649][714]LogBlueprintUserMessages: [BP_BasePlayer_C_0] Walking
[2020.02.02-00.25.37:658][715]LogBlueprintUserMessages: [BP_BasePlayer_C_0] Walking
[2020.02.02-00.25.37:666][716]LogBlueprintUserMessages: [BP_BasePlayer_C_0] Walking
[2020.02.02-00.25.37:675][717]LogBlueprintUserMessages: [BP_BasePlayer_C_0] Walking
[2020.02.02-00.25.37:682][718]LogBlueprintUserMessages: [BP_BasePlayer_C_0] Walking
[2020.02.02-00.25.37:691][719]LogBlueprintUserMessages: [BP_BasePlayer_C_0] Walking
[2020.02.02-00.25.37:699][720]LogBlueprintUserMessages: [BP_BasePlayer_C_0] Walking
[2020.02.02-00.25.37:708][721]LogBlueprintUserMessages: [BP_BasePlayer_C_0] Walking
[2020.02.02-00.25.37:716][722]LogBlueprintUserMessages: [BP_BasePlayer_C_0] Walking
[2020.02.02-00.25.37:725][723]LogBlueprintUserMessages: [BP_BasePlayer_C_0] Walking
[2020.02.02-00.25.37:733][724]LogBlueprintUserMessages: [BP_BasePlayer_C_0] Walking
[2020.02.02-00.25.37:741][725]LogBlueprintUserMessages: [BP_BasePlayer_C_0] Walking
[2020.02.02-00.25.37:750][726]LogBlueprintUserMessages: [BP_BasePlayer_C_0] Walking
[2020.02.02-00.25.37:758][727]LogBlueprintUserMessages: [BP_BasePlayer_C_0] Walking
[2020.02.02-00.25.37:766][728]LogBlueprintUserMessages: [BP_BasePlayer_C_0] Walking
[2020.02.02-00.25.37:775][729]LogBlueprintUserMessages: [BP_BasePlayer_C_0] Walking
[2020.02.02-00.25.37:782][730]LogBlueprintUserMessages: [BP_BasePlayer_C_0] Walking
[2020.02.02-00.25.37:791][731]LogBlueprintUserMessages: [BP_BasePlayer_C_0] Walking
[2020.02.02-00.25.37:799][732]LogBlueprintUserMessages: [BP_BasePlayer_C_0] Walking
[2020.02.02-00.25.37:807][733]LogBlueprintUserMessages: [BP_BasePlayer_C_0] Walking
[2020.02.02-00.25.37:816][734]LogBlueprintUserMessages: [BP_BasePlayer_C_0] Walking
[2020.02.02-00.25.37:824][735]LogBlueprintUserMessages: [BP_BasePlayer_C_0] Walking
[2020.02.02-00.25.37:832][736]LogBlueprintUserMessages: [BP_BasePlayer_C_0] Walking
[2020.02.02-00.25.37:841][737]LogBlueprintUserMessages: [BP_BasePlayer_C_0] Walking
[2020.02.02-00.25.37:849][738]LogBlueprintUserMessages: [BP_BasePlayer_C_0] Walking
[2020.02.02-00.25.37:858][739]LogBlueprintUserMessages: [BP_BasePlayer_C_0] Walking
[2020.02.02-00.25.37:866][740]LogBlueprintUserMessages: [BP_BasePlayer_C_0] Walking
[2020.02.02-00.25.37:874][741]LogBlueprintUserMessages: [BP_BasePlayer_C_0] Walking
[2020.02.02-00.25.37:883][742]LogBlueprintUserMessages: [BP_BasePlayer_C_0] Walking
[2020.02.02-00.25.37:892][743]LogBlueprintUserMessages: [BP_BasePlayer_C_0] Walking
[2020.02.02-00.25.37:899][744]LogBlueprintUserMessages: [BP_BasePlayer_C_0] Walking
[2020.02.02-00.25.37:907][745]LogBlueprintUserMessages: [BP_BasePlayer_C_0] Walking
[2020.02.02-00.25.37:916][746]LogBlueprintUserMessages: [BP_BasePlayer_C_0] Walking
[2020.02.02-00.25.37:924][747]LogBlueprintUserMessages: [BP_BasePlayer_C_0] Walking
[2020.02.02-00.25.37:932][748]LogBlueprintUserMessages: [BP_BasePlayer_C_0] Walking
[2020.02.02-00.25.37:941][749]LogBlueprintUserMessages: [BP_BasePlayer_C_0] Walking
[2020.02.02-00.25.37:949][750]LogBlueprintUserMessages: [BP_BasePlayer_C_0] Walking
[2020.02.02-00.25.37:957][751]LogBlueprintUserMessages: [BP_BasePlayer_C_0] Walking
[2020.02.02-00.25.37:966][752]LogBlueprintUserMessages: [BP_BasePlayer_C_0] Walking
[2020.02.02-00.25.37:974][753]LogBlueprintUserMessages: [BP_BasePlayer_C_0] Walking
[2020.02.02-00.25.37:983][754]LogBlueprintUserMessages: [BP_BasePlayer_C_0] Walking
[2020.02.02-00.25.37:991][755]LogBlueprintUserMessages: [BP_BasePlayer_C_0] Walking
[2020.02.02-00.25.37:999][756]LogBlueprintUserMessages: [BP_BasePlayer_C_0] Walking
[2020.02.02-00.25.38:008][757]LogBlueprintUserMessages: [BP_BasePlayer_C_0] Walking
[2020.02.02-00.25.38:016][758]LogBlueprintUserMessages: [BP_BasePlayer_C_0] Walking
[2020.02.02-00.25.38:024][759]LogBlueprintUserMessages: [BP_BasePlayer_C_0] Walking
[2020.02.02-00.25.38:033][760]LogBlueprintUserMessages: [BP_BasePlayer_C_0] Walking
[2020.02.02-00.25.38:041][761]LogBlueprintUserMessages: [BP_BasePlayer_C_0] Walking
[2020.02.02-00.25.38:050][762]LogBlueprintUserMessages: [BP_BasePlayer_C_0] Walking
[2020.02.02-00.25.38:058][763]LogBlueprintUserMessages: [BP_BasePlayer_C_0] Walking
[2020.02.02-00.25.38:066][764]LogBlueprintUserMessages: [BP_BasePlayer_C_0] Walking
[2020.02.02-00.25.38:075][765]LogBlueprintUserMessages: [BP_BasePlayer_C_0] Walking
[2020.02.02-00.25.38:083][766]LogBlueprintUserMessages: [BP_BasePlayer_C_0] Walking
[2020.02.02-00.25.38:092][767]LogBlueprintUserMessages: [BP_BasePlayer_C_0] Walking
[2020.02.02-00.25.38:100][768]LogBlueprintUserMessages: [BP_BasePlayer_C_0] Walking
[2020.02.02-00.25.38:109][769]LogBlueprintUserMessages: [BP_BasePlayer_C_0] Walking
[2020.02.02-00.25.38:116][770]LogBlueprintUserMessages: [BP_BasePlayer_C_0] Walking
[2020.02.02-00.25.38:124][771]LogBlueprintUserMessages: [BP_BasePlayer_C_0] Walking
[2020.02.02-00.25.38:133][772]LogBlueprintUserMessages: [BP_BasePlayer_C_0] Walking
[2020.02.02-00.25.38:141][773]LogBlueprintUserMessages: [BP_BasePlayer_C_0] Walking
[2020.02.02-00.25.38:149][774]LogBlueprintUserMessages: [BP_BasePlayer_C_0] Walking
[2020.02.02-00.25.38:158][775]LogBlueprintUserMessages: [BP_BasePlayer_C_0] Walking
[2020.02.02-00.25.38:166][776]LogBlueprintUserMessages: [BP_BasePlayer_C_0] Walking
[2020.02.02-00.25.38:175][777]LogBlueprintUserMessages: [BP_BasePlayer_C_0] Walking
[2020.02.02-00.25.38:183][778]LogBlueprintUserMessages: [BP_BasePlayer_C_0] Walking
[2020.02.02-00.25.38:191][779]LogBlueprintUserMessages: [BP_BasePlayer_C_0] Walking
[2020.02.02-00.25.38:199][780]LogBlueprintUserMessages: [BP_BasePlayer_C_0] Walking
[2020.02.02-00.25.38:208][781]LogBlueprintUserMessages: [BP_BasePlayer_C_0] Walking
[2020.02.02-00.25.38:216][782]LogBlueprintUserMessages: [BP_BasePlayer_C_0] Walking
[2020.02.02-00.25.38:224][783]LogBlueprintUserMessages: [BP_BasePlayer_C_0] Walking
[2020.02.02-00.25.38:233][784]LogBlueprintUserMessages: [BP_BasePlayer_C_0] Walking
[2020.02.02-00.25.38:241][785]LogBlueprintUserMessages: [BP_BasePlayer_C_0] Walking
[2020.02.02-00.25.38:249][786]LogBlueprintUserMessages: [BP_BasePlayer_C_0] Walking
[2020.02.02-00.25.38:258][787]LogBlueprintUserMessages: [BP_BasePlayer_C_0] Walking
[2020.02.02-00.25.38:266][788]LogBlueprintUserMessages: [BP_BasePlayer_C_0] Walking
[2020.02.02-00.25.38:275][789]LogBlueprintUserMessages: [BP_BasePlayer_C_0] Walking
[2020.02.02-00.25.38:283][790]LogBlueprintUserMessages: [BP_BasePlayer_C_0] Walking
[2020.02.02-00.25.38:291][791]LogBlueprintUserMessages: [BP_BasePlayer_C_0] Walking
[2020.02.02-00.25.38:300][792]LogBlueprintUserMessages: [BP_BasePlayer_C_0] Walking
[2020.02.02-00.25.38:308][793]LogBlueprintUserMessages: [BP_BasePlayer_C_0] Walking
[2020.02.02-00.25.38:316][794]LogBlueprintUserMessages: [BP_BasePlayer_C_0] Walking
[2020.02.02-00.25.38:325][795]LogBlueprintUserMessages: [BP_BasePlayer_C_0] Walking
[2020.02.02-00.25.38:333][796]LogBlueprintUserMessages: [BP_BasePlayer_C_0] Walking
[2020.02.02-00.25.38:341][797]LogBlueprintUserMessages: [BP_BasePlayer_C_0] Walking
[2020.02.02-00.25.38:350][798]LogBlueprintUserMessages: [BP_BasePlayer_C_0] Walking
[2020.02.02-00.25.38:358][799]LogBlueprintUserMessages: [BP_BasePlayer_C_0] Walking
[2020.02.02-00.25.38:367][800]LogBlueprintUserMessages: [BP_BasePlayer_C_0] Walking
[2020.02.02-00.25.38:375][801]LogBlueprintUserMessages: [BP_BasePlayer_C_0] Walking
[2020.02.02-00.25.38:383][802]LogBlueprintUserMessages: [BP_BasePlayer_C_0] Walking
[2020.02.02-00.25.38:391][803]LogBlueprintUserMessages: [BP_BasePlayer_C_0] Walking
[2020.02.02-00.25.38:400][804]LogBlueprintUserMessages: [BP_BasePlayer_C_0] Walking
[2020.02.02-00.25.38:408][805]LogBlueprintUserMessages: [BP_BasePlayer_C_0] Walking
[2020.02.02-00.25.38:416][806]LogBlueprintUserMessages: [BP_BasePlayer_C_0] Walking
[2020.02.02-00.25.38:425][807]LogBlueprintUserMessages: [BP_BasePlayer_C_0] Walking
[2020.02.02-00.25.38:433][808]LogBlueprintUserMessages: [BP_BasePlayer_C_0] Walking
[2020.02.02-00.25.38:441][809]LogBlueprintUserMessages: [BP_BasePlayer_C_0] Walking
