Log file open, 01/31/20 23:34:03
LogWindows: Failed to load 'aqProf.dll' (GetLastError=126)
LogWindows: File 'aqProf.dll' does not exist
LogWindows: Failed to load 'VtuneApi.dll' (GetLastError=126)
LogWindows: File 'VtuneApi.dll' does not exist
LogWindows: Failed to load 'VtuneApi32e.dll' (GetLastError=126)
LogWindows: File 'VtuneApi32e.dll' does not exist
LogConsoleResponse: Display: Failed to find resolution value strings in scalability ini. Falling back to default.
LogInit: Display: Running engine for game: GGJ20
LogPakFile: Registered encryption key '00000000000000000000000000000000': 0 pak files mounted, 0 remain pending
LogPlatformFile: Not using cached read wrapper
LogTaskGraph: Started task graph with 5 named threads and 23 total threads with 3 sets of task threads.
LogStats: Stats thread started at 0.351140
LogD3D11RHI: Loaded GFSDK_Aftermath_Lib.x64.dll
LogICUInternationalization: ICU TimeZone Detection - Raw Offset: +0:00, Platform Override: ''
LogPluginManager: Mounting plugin Paper2D
LogPluginManager: Mounting plugin AISupport
LogPluginManager: Mounting plugin LightPropagationVolume
LogPluginManager: Mounting plugin ActorLayerUtilities
LogPluginManager: Mounting plugin AnimationSharing
LogPluginManager: Mounting plugin CLionSourceCodeAccess
LogPluginManager: Mounting plugin CodeLiteSourceCodeAccess
LogPluginManager: Mounting plugin GitSourceControl
LogPluginManager: Mounting plugin KDevelopSourceCodeAccess
LogPluginManager: Mounting plugin NullSourceCodeAccess
LogPluginManager: Mounting plugin PerforceSourceControl
LogPluginManager: Mounting plugin SubversionSourceControl
LogPluginManager: Mounting plugin UObjectPlugin
LogPluginManager: Mounting plugin VisualStudioCodeSourceCodeAccess
LogPluginManager: Mounting plugin VisualStudioSourceCodeAccess
LogPluginManager: Mounting plugin XCodeSourceCodeAccess
LogPluginManager: Mounting plugin AssetManagerEditor
LogPluginManager: Mounting plugin CryptoKeys
LogPluginManager: Mounting plugin DataValidation
LogPluginManager: Mounting plugin FacialAnimation
LogPluginManager: Mounting plugin GameplayTagsEditor
LogPluginManager: Mounting plugin MacGraphicsSwitching
LogPluginManager: Mounting plugin MaterialAnalyzer
LogPluginManager: Mounting plugin MobileLauncherProfileWizard
LogPluginManager: Mounting plugin PluginBrowser
LogPluginManager: Mounting plugin SpeedTreeImporter
LogPluginManager: Mounting plugin DatasmithContent
LogPluginManager: Mounting plugin VariantManagerContent
LogPluginManager: Mounting plugin AlembicImporter
LogPluginManager: Mounting plugin AppleImageUtils
LogPluginManager: Mounting plugin AppleVision
LogPluginManager: Mounting plugin BackChannel
LogPluginManager: Mounting plugin CharacterAI
LogPluginManager: Mounting plugin GeometryCache
LogPluginManager: Mounting plugin HTML5Networking
LogPluginManager: Mounting plugin ProxyLODPlugin
LogPluginManager: Mounting plugin SkeletalReduction
LogPluginManager: Mounting plugin MagicLeap
LogPluginManager: Mounting plugin MagicLeapMedia
LogPluginManager: Mounting plugin AndroidMedia
LogPluginManager: Mounting plugin AvfMedia
LogPluginManager: Mounting plugin ImgMedia
LogPluginManager: Mounting plugin LinearTimecode
LogPluginManager: Mounting plugin MediaCompositing
LogPluginManager: Mounting plugin MediaPlayerEditor
LogPluginManager: Mounting plugin WebMMedia
LogPluginManager: Mounting plugin WmfMedia
LogPluginManager: Mounting plugin TcpMessaging
LogPluginManager: Mounting plugin UdpMessaging
LogPluginManager: Mounting plugin ActorSequence
LogPluginManager: Mounting plugin LevelSequenceEditor
LogPluginManager: Mounting plugin MatineeToLevelSequence
LogPluginManager: Mounting plugin NetcodeUnitTest
LogPluginManager: Mounting plugin NUTUnrealEngine4
LogPluginManager: Mounting plugin OnlineSubsystemGooglePlay
LogPluginManager: Mounting plugin OnlineSubsystemIOS
LogPluginManager: Mounting plugin OnlineSubsystem
LogPluginManager: Mounting plugin OnlineSubsystemNull
LogPluginManager: Mounting plugin OnlineSubsystemUtils
LogPluginManager: Mounting plugin LauncherChunkInstaller
LogPluginManager: Mounting plugin AndroidDeviceProfileSelector
LogPluginManager: Mounting plugin AndroidMoviePlayer
LogPluginManager: Mounting plugin AndroidPermission
LogPluginManager: Mounting plugin AppleMoviePlayer
LogPluginManager: Mounting plugin ArchVisCharacter
LogPluginManager: Mounting plugin AudioCapture
LogPluginManager: Mounting plugin CableComponent
LogPluginManager: Mounting plugin CustomMeshComponent
LogPluginManager: Mounting plugin EditableMesh
LogPluginManager: Mounting plugin ExampleDeviceProfileSelector
LogPluginManager: Mounting plugin Firebase
LogPluginManager: Mounting plugin GoogleCloudMessaging
LogPluginManager: Mounting plugin IOSDeviceProfileSelector
LogPluginManager: Mounting plugin LinuxDeviceProfileSelector
LogPluginManager: Mounting plugin LocationServicesBPLibrary
LogPluginManager: Mounting plugin MobilePatchingUtils
LogPluginManager: Mounting plugin OculusVR
LogPluginManager: Mounting plugin PhysXVehicles
LogPluginManager: Mounting plugin ProceduralMeshComponent
LogPluginManager: Mounting plugin RuntimePhysXCooking
LogPluginManager: Mounting plugin SignificanceManager
LogPluginManager: Mounting plugin SteamVR
LogPluginManager: Mounting plugin WebMMoviePlayer
LogPluginManager: Mounting plugin WindowsMoviePlayer
LogInit: Using libcurl 7.55.1-DEV
LogInit:  - built for x86_64-pc-win32
LogInit:  - supports SSL with OpenSSL/1.1.1
LogInit:  - supports HTTP deflate (compression) using libz 1.2.8
LogInit:  - other features:
LogInit:      CURL_VERSION_SSL
LogInit:      CURL_VERSION_LIBZ
LogInit:      CURL_VERSION_IPV6
LogInit:      CURL_VERSION_ASYNCHDNS
LogInit:      CURL_VERSION_LARGEFILE
LogInit:      CURL_VERSION_IDN
LogInit:  CurlRequestOptions (configurable via config and command line):
LogInit:  - bVerifyPeer = true  - Libcurl will verify peer certificate
LogInit:  - bUseHttpProxy = false  - Libcurl will NOT use HTTP proxy
LogInit:  - bDontReuseConnections = false  - Libcurl will reuse connections
LogInit:  - MaxHostConnections = 16  - Libcurl will limit the number of connections to a host
LogInit:  - LocalHostAddr = Default
LogInit:  - BufferSize = 65536
LogInit: WinSock: version 1.1 (2.2), MaxSocks=32767, MaxUdp=65467
LogInit: Build: ++UE4+Release-4.22-CL-7053642
LogInit: Engine Version: 4.22.3-7053642+++UE4+Release-4.22
LogInit: Compatible Engine Version: 4.22.0-5660361+++UE4+Release-4.22
LogInit: Net CL: 5660361
LogInit: OS: Windows 10 (Release 1909) (), CPU: Intel(R) Xeon(R) W-2123 CPU @ 3.60GHz, GPU: NVIDIA GeForce GTX 1070
LogInit: Compiled (64-bit): Jun 18 2019 03:09:11
LogInit: Compiled with Visual C++: 19.16.27025.01
LogInit: Build Configuration: Development
LogInit: Branch Name: ++UE4+Release-4.22
LogInit: Command Line:  -skipcompile
LogInit: Base Directory: C:/Epic/UE4/UE_4.22/Engine/Binaries/Win64/
LogInit: Installed Engine Build: 1
LogDevObjectVersion: Number of dev versions registered: 23
LogDevObjectVersion:   Dev-Blueprints (B0D832E4-1F89-4F0D-ACCF-7EB736FD4AA2): 10
LogDevObjectVersion:   Dev-Build (E1C64328-A22C-4D53-A36C-8E866417BD8C): 0
LogDevObjectVersion:   Dev-Core (375EC13C-06E4-48FB-B500-84F0262A717E): 3
LogDevObjectVersion:   Dev-Editor (E4B068ED-F494-42E9-A231-DA0B2E46BB41): 30
LogDevObjectVersion:   Dev-Framework (CFFC743F-43B0-4480-9391-14DF171D2073): 35
LogDevObjectVersion:   Dev-Mobile (B02B49B5-BB20-44E9-A304-32B752E40360): 2
LogDevObjectVersion:   Dev-Networking (A4E4105C-59A1-49B5-A7C5-40C4547EDFEE): 0
LogDevObjectVersion:   Dev-Online (39C831C9-5AE6-47DC-9A44-9C173E1C8E7C): 0
LogDevObjectVersion:   Dev-Physics (78F01B33-EBEA-4F98-B9B4-84EACCB95AA2): 0
LogDevObjectVersion:   Dev-Platform (6631380F-2D4D-43E0-8009-CF276956A95A): 0
LogDevObjectVersion:   Dev-Rendering (12F88B9F-8875-4AFC-A67C-D90C383ABD29): 28
LogDevObjectVersion:   Dev-Sequencer (7B5AE74C-D270-4C10-A958-57980B212A5A): 11
LogDevObjectVersion:   Dev-VR (D7296918-1DD6-4BDD-9DE2-64A83CC13884): 2
LogDevObjectVersion:   Dev-LoadTimes (C2A15278-BFE7-4AFE-6C17-90FF531DF755): 1
LogDevObjectVersion:   Private-Geometry (6EACA3D4-40EC-4CC1-B786-8BED09428FC5): 3
LogDevObjectVersion:   Dev-AnimPhys (29E575DD-E0A3-4627-9D10-D276232CDCEA): 17
LogDevObjectVersion:   Dev-Anim (AF43A65D-7FD3-4947-9873-3E8ED9C1BB05): 2
LogDevObjectVersion:   Dev-ReflectionCapture (6B266CEC-1EC7-4B8F-A30B-E4D90942FC07): 1
LogDevObjectVersion:   Dev-Automation (0DF73D61-A23F-47EA-B727-89E90C41499A): 1
LogDevObjectVersion:   FortniteMain (601D1886-AC64-4F84-AA16-D3DE0DEAC7D6): 25
LogDevObjectVersion:   Dev-Enterprise (9DFFBCD6-494F-0158-E221-12823C92A888): 6
LogDevObjectVersion:   Dev-Niagara (F2AED0AC-9AFE-416F-8664-AA7FFA26D6FC): 1
LogDevObjectVersion:   Dev-Destruction (174F1F0B-B4C6-45A5-B13F-2EE8D0FB917D): 2
LogInit: Presizing for max 16777216 objects, including 0 objects not considered by GC, pre-allocating 0 bytes for permanent pool.
LogInit: Object subsystem initialized
LogConfig: Setting CVar [[con.DebugEarlyDefault:1]]
LogConfig: Setting CVar [[r.setres:1280x720]]
[2020.01.31-23.34.04:265][  0]LogConfig: Setting CVar [[r.VSync:0]]
[2020.01.31-23.34.04:265][  0]LogConfig: Setting CVar [[r.RHICmdBypass:0]]
[2020.01.31-23.34.04:265][  0]LogConfig: Applying CVar settings from Section [/Script/Engine.RendererSettings] File [C:/Users/w017177h/Documents/GGJ2020/Global-Game-Jam-2020/GGJ20/Saved/Config/Windows/Engine.ini]
[2020.01.31-23.34.04:265][  0]LogConfig: Setting CVar [[r.GPUCrashDebugging:0]]
[2020.01.31-23.34.04:265][  0]LogConfig: Setting CVar [[r.DefaultFeature.AutoExposure.ExtendDefaultLuminanceRange:1]]
[2020.01.31-23.34.04:265][  0]LogConfig: Applying CVar settings from Section [/Script/Engine.RendererOverrideSettings] File [C:/Users/w017177h/Documents/GGJ2020/Global-Game-Jam-2020/GGJ20/Saved/Config/Windows/Engine.ini]
[2020.01.31-23.34.04:265][  0]LogConfig: Applying CVar settings from Section [/Script/Engine.StreamingSettings] File [C:/Users/w017177h/Documents/GGJ2020/Global-Game-Jam-2020/GGJ20/Saved/Config/Windows/Engine.ini]
[2020.01.31-23.34.04:265][  0]LogConfig: Setting CVar [[s.MinBulkDataSizeForAsyncLoading:131072]]
[2020.01.31-23.34.04:265][  0]LogConfig: Setting CVar [[s.AsyncLoadingThreadEnabled:0]]
[2020.01.31-23.34.04:265][  0]LogConfig: Setting CVar [[s.EventDrivenLoaderEnabled:1]]
[2020.01.31-23.34.04:265][  0]LogConfig: Setting CVar [[s.WarnIfTimeLimitExceeded:0]]
[2020.01.31-23.34.04:265][  0]LogConfig: Setting CVar [[s.TimeLimitExceededMultiplier:1.5]]
[2020.01.31-23.34.04:265][  0]LogConfig: Setting CVar [[s.TimeLimitExceededMinTime:0.005]]
[2020.01.31-23.34.04:265][  0]LogConfig: Setting CVar [[s.UseBackgroundLevelStreaming:1]]
[2020.01.31-23.34.04:265][  0]LogConfig: Setting CVar [[s.PriorityAsyncLoadingExtraTime:15.0]]
[2020.01.31-23.34.04:265][  0]LogConfig: Setting CVar [[s.LevelStreamingActorsUpdateTimeLimit:5.0]]
[2020.01.31-23.34.04:266][  0]LogConfig: Setting CVar [[s.PriorityLevelStreamingActorsUpdateExtraTime:5.0]]
[2020.01.31-23.34.04:266][  0]LogConfig: Setting CVar [[s.LevelStreamingComponentsRegistrationGranularity:10]]
[2020.01.31-23.34.04:266][  0]LogConfig: Setting CVar [[s.UnregisterComponentsTimeLimit:1.0]]
[2020.01.31-23.34.04:266][  0]LogConfig: Setting CVar [[s.LevelStreamingComponentsUnregistrationGranularity:5]]
[2020.01.31-23.34.04:266][  0]LogConfig: Applying CVar settings from Section [/Script/Engine.GarbageCollectionSettings] File [C:/Users/w017177h/Documents/GGJ2020/Global-Game-Jam-2020/GGJ20/Saved/Config/Windows/Engine.ini]
[2020.01.31-23.34.04:266][  0]LogConfig: Setting CVar [[gc.MaxObjectsNotConsideredByGC:1]]
[2020.01.31-23.34.04:266][  0]LogConfig: Setting CVar [[gc.SizeOfPermanentObjectPool:0]]
[2020.01.31-23.34.04:266][  0]LogConfig: Setting CVar [[gc.FlushStreamingOnGC:0]]
[2020.01.31-23.34.04:266][  0]LogConfig: Setting CVar [[gc.NumRetriesBeforeForcingGC:10]]
[2020.01.31-23.34.04:266][  0]LogConfig: Setting CVar [[gc.AllowParallelGC:1]]
[2020.01.31-23.34.04:266][  0]LogConfig: Setting CVar [[gc.TimeBetweenPurgingPendingKillObjects:61.1]]
[2020.01.31-23.34.04:266][  0]LogConfig: Setting CVar [[gc.MaxObjectsInEditor:16777216]]
[2020.01.31-23.34.04:266][  0]LogConfig: Setting CVar [[gc.IncrementalBeginDestroyEnabled:1]]
[2020.01.31-23.34.04:266][  0]LogConfig: Setting CVar [[gc.CreateGCClusters:1]]
[2020.01.31-23.34.04:266][  0]LogConfig: Setting CVar [[gc.MinGCClusterSize:5]]
[2020.01.31-23.34.04:266][  0]LogConfig: Setting CVar [[gc.ActorClusteringEnabled:0]]
[2020.01.31-23.34.04:266][  0]LogConfig: Setting CVar [[gc.BlueprintClusteringEnabled:0]]
[2020.01.31-23.34.04:266][  0]LogConfig: Setting CVar [[gc.UseDisregardForGCOnDedicatedServers:0]]
[2020.01.31-23.34.04:267][  0]LogConfig: Applying CVar settings from Section [/Script/Engine.NetworkSettings] File [C:/Users/w017177h/Documents/GGJ2020/Global-Game-Jam-2020/GGJ20/Saved/Config/Windows/Engine.ini]
[2020.01.31-23.34.04:267][  0]LogConfig: Applying CVar settings from Section [/Script/UnrealEd.CookerSettings] File [C:/Users/w017177h/Documents/GGJ2020/Global-Game-Jam-2020/GGJ20/Saved/Config/Windows/Engine.ini]
[2020.01.31-23.34.04:273][  0]LogConfig: Applying CVar settings from Section [ViewDistanceQuality@3] File [C:/Users/w017177h/Documents/GGJ2020/Global-Game-Jam-2020/GGJ20/Saved/Config/Windows/Scalability.ini]
[2020.01.31-23.34.04:273][  0]LogConfig: Setting CVar [[r.SkeletalMeshLODBias:0]]
[2020.01.31-23.34.04:273][  0]LogConfig: Setting CVar [[r.ViewDistanceScale:1.0]]
[2020.01.31-23.34.04:273][  0]LogConfig: Applying CVar settings from Section [AntiAliasingQuality@3] File [C:/Users/w017177h/Documents/GGJ2020/Global-Game-Jam-2020/GGJ20/Saved/Config/Windows/Scalability.ini]
[2020.01.31-23.34.04:273][  0]LogConfig: Setting CVar [[r.PostProcessAAQuality:4]]
[2020.01.31-23.34.04:273][  0]LogConfig: Applying CVar settings from Section [ShadowQuality@3] File [C:/Users/w017177h/Documents/GGJ2020/Global-Game-Jam-2020/GGJ20/Saved/Config/Windows/Scalability.ini]
[2020.01.31-23.34.04:274][  0]LogConfig: Setting CVar [[r.LightFunctionQuality:1]]
[2020.01.31-23.34.04:274][  0]LogConfig: Setting CVar [[r.ShadowQuality:5]]
[2020.01.31-23.34.04:274][  0]LogConfig: Setting CVar [[r.Shadow.CSM.MaxCascades:10]]
[2020.01.31-23.34.04:274][  0]LogConfig: Setting CVar [[r.Shadow.MaxResolution:2048]]
[2020.01.31-23.34.04:274][  0]LogConfig: Setting CVar [[r.Shadow.MaxCSMResolution:2048]]
[2020.01.31-23.34.04:274][  0]LogConfig: Setting CVar [[r.Shadow.RadiusThreshold:0.01]]
[2020.01.31-23.34.04:274][  0]LogConfig: Setting CVar [[r.Shadow.DistanceScale:1.0]]
[2020.01.31-23.34.04:274][  0]LogConfig: Setting CVar [[r.Shadow.CSM.TransitionScale:1.0]]
[2020.01.31-23.34.04:274][  0]LogConfig: Setting CVar [[r.Shadow.PreShadowResolutionFactor:1.0]]
[2020.01.31-23.34.04:274][  0]LogConfig: Setting CVar [[r.DistanceFieldShadowing:1]]
[2020.01.31-23.34.04:274][  0]LogConfig: Setting CVar [[r.DistanceFieldAO:1]]
[2020.01.31-23.34.04:274][  0]LogConfig: Setting CVar [[r.AOQuality:2]]
[2020.01.31-23.34.04:274][  0]LogConfig: Setting CVar [[r.VolumetricFog:1]]
[2020.01.31-23.34.04:274][  0]LogConfig: Setting CVar [[r.VolumetricFog.GridPixelSize:8]]
[2020.01.31-23.34.04:274][  0]LogConfig: Setting CVar [[r.VolumetricFog.GridSizeZ:128]]
[2020.01.31-23.34.04:274][  0]LogConfig: Setting CVar [[r.VolumetricFog.HistoryMissSupersampleCount:4]]
[2020.01.31-23.34.04:274][  0]LogConfig: Setting CVar [[r.LightMaxDrawDistanceScale:1]]
[2020.01.31-23.34.04:275][  0]LogConfig: Setting CVar [[r.CapsuleShadows:1]]
[2020.01.31-23.34.04:275][  0]LogConfig: Applying CVar settings from Section [PostProcessQuality@3] File [C:/Users/w017177h/Documents/GGJ2020/Global-Game-Jam-2020/GGJ20/Saved/Config/Windows/Scalability.ini]
[2020.01.31-23.34.04:275][  0]LogConfig: Setting CVar [[r.MotionBlurQuality:4]]
[2020.01.31-23.34.04:275][  0]LogConfig: Setting CVar [[r.AmbientOcclusionMipLevelFactor:0.4]]
[2020.01.31-23.34.04:275][  0]LogConfig: Setting CVar [[r.AmbientOcclusionMaxQuality:100]]
[2020.01.31-23.34.04:275][  0]LogConfig: Setting CVar [[r.AmbientOcclusionLevels:-1]]
[2020.01.31-23.34.04:275][  0]LogConfig: Setting CVar [[r.AmbientOcclusionRadiusScale:1.0]]
[2020.01.31-23.34.04:275][  0]LogConfig: Setting CVar [[r.DepthOfFieldQuality:2]]
[2020.01.31-23.34.04:275][  0]LogConfig: Setting CVar [[r.RenderTargetPoolMin:400]]
[2020.01.31-23.34.04:275][  0]LogConfig: Setting CVar [[r.LensFlareQuality:2]]
[2020.01.31-23.34.04:275][  0]LogConfig: Setting CVar [[r.SceneColorFringeQuality:1]]
[2020.01.31-23.34.04:275][  0]LogConfig: Setting CVar [[r.EyeAdaptationQuality:2]]
[2020.01.31-23.34.04:275][  0]LogConfig: Setting CVar [[r.BloomQuality:5]]
[2020.01.31-23.34.04:275][  0]LogConfig: Setting CVar [[r.FastBlurThreshold:100]]
[2020.01.31-23.34.04:275][  0]LogConfig: Setting CVar [[r.Upscale.Quality:3]]
[2020.01.31-23.34.04:275][  0]LogConfig: Setting CVar [[r.Tonemapper.GrainQuantization:1]]
[2020.01.31-23.34.04:275][  0]LogConfig: Setting CVar [[r.LightShaftQuality:1]]
[2020.01.31-23.34.04:275][  0]LogConfig: Setting CVar [[r.Filter.SizeScale:1]]
[2020.01.31-23.34.04:275][  0]LogConfig: Setting CVar [[r.Tonemapper.Quality:5]]
[2020.01.31-23.34.04:276][  0]LogConfig: Setting CVar [[r.DOF.Gather.AccumulatorQuality:1        ; higher gathering accumulator quality]]
[2020.01.31-23.34.04:276][  0]LogConfig: Setting CVar [[r.DOF.Gather.PostfilterMethod:1          ; Median3x3 postfilering method]]
[2020.01.31-23.34.04:276][  0]LogConfig: Setting CVar [[r.DOF.Gather.EnableBokehSettings:0       ; no bokeh simulation when gathering]]
[2020.01.31-23.34.04:276][  0]LogConfig: Setting CVar [[r.DOF.Gather.RingCount:4                 ; medium number of samples when gathering]]
[2020.01.31-23.34.04:276][  0]LogConfig: Setting CVar [[r.DOF.Scatter.ForegroundCompositing:1    ; additive foreground scattering]]
[2020.01.31-23.34.04:276][  0]LogConfig: Setting CVar [[r.DOF.Scatter.BackgroundCompositing:2    ; additive background scattering]]
[2020.01.31-23.34.04:276][  0]LogConfig: Setting CVar [[r.DOF.Scatter.EnableBokehSettings:1      ; bokeh simulation when scattering]]
[2020.01.31-23.34.04:276][  0]LogConfig: Setting CVar [[r.DOF.Scatter.MaxSpriteRatio:0.1         ; only a maximum of 10% of scattered bokeh]]
[2020.01.31-23.34.04:276][  0]LogConfig: Setting CVar [[r.DOF.Recombine.Quality:1                ; cheap slight out of focus]]
[2020.01.31-23.34.04:276][  0]LogConfig: Setting CVar [[r.DOF.Recombine.EnableBokehSettings:0    ; no bokeh simulation on slight out of focus]]
[2020.01.31-23.34.04:276][  0]LogConfig: Setting CVar [[r.DOF.TemporalAAQuality:1                ; more stable temporal accumulation]]
[2020.01.31-23.34.04:276][  0]LogConfig: Setting CVar [[r.DOF.Kernel.MaxForegroundRadius:0.025]]
[2020.01.31-23.34.04:276][  0]LogConfig: Setting CVar [[r.DOF.Kernel.MaxBackgroundRadius:0.025]]
[2020.01.31-23.34.04:276][  0]LogConfig: Applying CVar settings from Section [TextureQuality@3] File [C:/Users/w017177h/Documents/GGJ2020/Global-Game-Jam-2020/GGJ20/Saved/Config/Windows/Scalability.ini]
[2020.01.31-23.34.04:276][  0]LogConfig: Setting CVar [[r.Streaming.MipBias:0]]
[2020.01.31-23.34.04:276][  0]LogConfig: Setting CVar [[r.Streaming.AmortizeCPUToGPUCopy:0]]
[2020.01.31-23.34.04:276][  0]LogConfig: Setting CVar [[r.Streaming.MaxNumTexturesToStreamPerFrame:0]]
[2020.01.31-23.34.04:277][  0]LogConfig: Setting CVar [[r.Streaming.Boost:1]]
[2020.01.31-23.34.04:277][  0]LogConfig: Setting CVar [[r.MaxAnisotropy:8]]
[2020.01.31-23.34.04:277][  0]LogConfig: Setting CVar [[r.Streaming.LimitPoolSizeToVRAM:0]]
[2020.01.31-23.34.04:277][  0]LogConfig: Setting CVar [[r.Streaming.PoolSize:1000]]
[2020.01.31-23.34.04:277][  0]LogConfig: Setting CVar [[r.Streaming.MaxEffectiveScreenSize:0]]
[2020.01.31-23.34.04:277][  0]LogConfig: Applying CVar settings from Section [EffectsQuality@3] File [C:/Users/w017177h/Documents/GGJ2020/Global-Game-Jam-2020/GGJ20/Saved/Config/Windows/Scalability.ini]
[2020.01.31-23.34.04:277][  0]LogConfig: Setting CVar [[r.TranslucencyLightingVolumeDim:64]]
[2020.01.31-23.34.04:277][  0]LogConfig: Setting CVar [[r.RefractionQuality:2]]
[2020.01.31-23.34.04:277][  0]LogConfig: Setting CVar [[r.SSR.Quality:3]]
[2020.01.31-23.34.04:277][  0]LogConfig: Setting CVar [[r.SceneColorFormat:4]]
[2020.01.31-23.34.04:277][  0]LogConfig: Setting CVar [[r.DetailMode:2]]
[2020.01.31-23.34.04:277][  0]LogConfig: Setting CVar [[r.TranslucencyVolumeBlur:1]]
[2020.01.31-23.34.04:277][  0]LogConfig: Setting CVar [[r.MaterialQualityLevel:1 ; High quality]]
[2020.01.31-23.34.04:277][  0]LogConfig: Setting CVar [[r.SSS.Scale:1]]
[2020.01.31-23.34.04:277][  0]LogConfig: Setting CVar [[r.SSS.SampleSet:2]]
[2020.01.31-23.34.04:277][  0]LogConfig: Setting CVar [[r.SSS.Quality:1]]
[2020.01.31-23.34.04:277][  0]LogConfig: Setting CVar [[r.SSS.HalfRes:1]]
[2020.01.31-23.34.04:277][  0]LogConfig: Setting CVar [[r.EmitterSpawnRateScale:1.0]]
[2020.01.31-23.34.04:278][  0]LogConfig: Setting CVar [[r.ParticleLightQuality:2]]
[2020.01.31-23.34.04:278][  0]LogConfig: Applying CVar settings from Section [FoliageQuality@3] File [C:/Users/w017177h/Documents/GGJ2020/Global-Game-Jam-2020/GGJ20/Saved/Config/Windows/Scalability.ini]
[2020.01.31-23.34.04:278][  0]LogConfig: Setting CVar [[foliage.DensityScale:1.0]]
[2020.01.31-23.34.04:278][  0]LogConfig: Setting CVar [[grass.DensityScale:1.0]]
[2020.01.31-23.34.04:278][  0]LogInit: Selected Device Profile: [Windows]
[2020.01.31-23.34.04:278][  0]LogInit: Applying CVar settings loaded from the selected device profile: [Windows]
[2020.01.31-23.34.04:292][  0]LogHAL: Display: Platform has ~ 32 GB [34065854464 / 34359738368 / 32], which maps to Largest [LargestMinGB=32, LargerMinGB=12, DefaultMinGB=8, SmallerMinGB=6, SmallestMinGB=0)
[2020.01.31-23.34.04:292][  0]LogConfig: Setting CVar [[r.Vulkan.UseRealUBs:0		; Required until we fix HLR fall-out]]
[2020.01.31-23.34.04:292][  0]LogInit: Going up to parent DeviceProfile []
[2020.01.31-23.34.04:292][  0]LogConfig: Applying CVar settings from Section [ViewDistanceQuality@3] File [C:/Users/w017177h/Documents/GGJ2020/Global-Game-Jam-2020/GGJ20/Saved/Config/Windows/Scalability.ini]
[2020.01.31-23.34.04:292][  0]LogConfig: Setting CVar [[r.SkeletalMeshLODBias:0]]
[2020.01.31-23.34.04:292][  0]LogConfig: Setting CVar [[r.ViewDistanceScale:1.0]]
[2020.01.31-23.34.04:292][  0]LogConfig: Applying CVar settings from Section [AntiAliasingQuality@3] File [C:/Users/w017177h/Documents/GGJ2020/Global-Game-Jam-2020/GGJ20/Saved/Config/Windows/Scalability.ini]
[2020.01.31-23.34.04:292][  0]LogConfig: Setting CVar [[r.PostProcessAAQuality:4]]
[2020.01.31-23.34.04:292][  0]LogConfig: Applying CVar settings from Section [ShadowQuality@3] File [C:/Users/w017177h/Documents/GGJ2020/Global-Game-Jam-2020/GGJ20/Saved/Config/Windows/Scalability.ini]
[2020.01.31-23.34.04:292][  0]LogConfig: Setting CVar [[r.LightFunctionQuality:1]]
[2020.01.31-23.34.04:293][  0]LogConfig: Setting CVar [[r.ShadowQuality:5]]
[2020.01.31-23.34.04:293][  0]LogConfig: Setting CVar [[r.Shadow.CSM.MaxCascades:10]]
[2020.01.31-23.34.04:293][  0]LogConfig: Setting CVar [[r.Shadow.MaxResolution:2048]]
[2020.01.31-23.34.04:293][  0]LogConfig: Setting CVar [[r.Shadow.MaxCSMResolution:2048]]
[2020.01.31-23.34.04:293][  0]LogConfig: Setting CVar [[r.Shadow.RadiusThreshold:0.01]]
[2020.01.31-23.34.04:293][  0]LogConfig: Setting CVar [[r.Shadow.DistanceScale:1.0]]
[2020.01.31-23.34.04:293][  0]LogConfig: Setting CVar [[r.Shadow.CSM.TransitionScale:1.0]]
[2020.01.31-23.34.04:293][  0]LogConfig: Setting CVar [[r.Shadow.PreShadowResolutionFactor:1.0]]
[2020.01.31-23.34.04:293][  0]LogConfig: Setting CVar [[r.DistanceFieldShadowing:1]]
[2020.01.31-23.34.04:293][  0]LogConfig: Setting CVar [[r.DistanceFieldAO:1]]
[2020.01.31-23.34.04:293][  0]LogConfig: Setting CVar [[r.AOQuality:2]]
[2020.01.31-23.34.04:293][  0]LogConfig: Setting CVar [[r.VolumetricFog:1]]
[2020.01.31-23.34.04:293][  0]LogConfig: Setting CVar [[r.VolumetricFog.GridPixelSize:8]]
[2020.01.31-23.34.04:293][  0]LogConfig: Setting CVar [[r.VolumetricFog.GridSizeZ:128]]
[2020.01.31-23.34.04:293][  0]LogConfig: Setting CVar [[r.VolumetricFog.HistoryMissSupersampleCount:4]]
[2020.01.31-23.34.04:293][  0]LogConfig: Setting CVar [[r.LightMaxDrawDistanceScale:1]]
[2020.01.31-23.34.04:293][  0]LogConfig: Setting CVar [[r.CapsuleShadows:1]]
[2020.01.31-23.34.04:293][  0]LogConfig: Applying CVar settings from Section [PostProcessQuality@3] File [C:/Users/w017177h/Documents/GGJ2020/Global-Game-Jam-2020/GGJ20/Saved/Config/Windows/Scalability.ini]
[2020.01.31-23.34.04:293][  0]LogConfig: Setting CVar [[r.MotionBlurQuality:4]]
[2020.01.31-23.34.04:294][  0]LogConfig: Setting CVar [[r.AmbientOcclusionMipLevelFactor:0.4]]
[2020.01.31-23.34.04:294][  0]LogConfig: Setting CVar [[r.AmbientOcclusionMaxQuality:100]]
[2020.01.31-23.34.04:294][  0]LogConfig: Setting CVar [[r.AmbientOcclusionLevels:-1]]
[2020.01.31-23.34.04:294][  0]LogConfig: Setting CVar [[r.AmbientOcclusionRadiusScale:1.0]]
[2020.01.31-23.34.04:294][  0]LogConfig: Setting CVar [[r.DepthOfFieldQuality:2]]
[2020.01.31-23.34.04:294][  0]LogConfig: Setting CVar [[r.RenderTargetPoolMin:400]]
[2020.01.31-23.34.04:294][  0]LogConfig: Setting CVar [[r.LensFlareQuality:2]]
[2020.01.31-23.34.04:294][  0]LogConfig: Setting CVar [[r.SceneColorFringeQuality:1]]
[2020.01.31-23.34.04:294][  0]LogConfig: Setting CVar [[r.EyeAdaptationQuality:2]]
[2020.01.31-23.34.04:294][  0]LogConfig: Setting CVar [[r.BloomQuality:5]]
[2020.01.31-23.34.04:294][  0]LogConfig: Setting CVar [[r.FastBlurThreshold:100]]
[2020.01.31-23.34.04:294][  0]LogConfig: Setting CVar [[r.Upscale.Quality:3]]
[2020.01.31-23.34.04:294][  0]LogConfig: Setting CVar [[r.Tonemapper.GrainQuantization:1]]
[2020.01.31-23.34.04:294][  0]LogConfig: Setting CVar [[r.LightShaftQuality:1]]
[2020.01.31-23.34.04:294][  0]LogConfig: Setting CVar [[r.Filter.SizeScale:1]]
[2020.01.31-23.34.04:294][  0]LogConfig: Setting CVar [[r.Tonemapper.Quality:5]]
[2020.01.31-23.34.04:294][  0]LogConfig: Setting CVar [[r.DOF.Gather.AccumulatorQuality:1        ; higher gathering accumulator quality]]
[2020.01.31-23.34.04:294][  0]LogConfig: Setting CVar [[r.DOF.Gather.PostfilterMethod:1          ; Median3x3 postfilering method]]
[2020.01.31-23.34.04:295][  0]LogConfig: Setting CVar [[r.DOF.Gather.EnableBokehSettings:0       ; no bokeh simulation when gathering]]
[2020.01.31-23.34.04:295][  0]LogConfig: Setting CVar [[r.DOF.Gather.RingCount:4                 ; medium number of samples when gathering]]
[2020.01.31-23.34.04:295][  0]LogConfig: Setting CVar [[r.DOF.Scatter.ForegroundCompositing:1    ; additive foreground scattering]]
[2020.01.31-23.34.04:295][  0]LogConfig: Setting CVar [[r.DOF.Scatter.BackgroundCompositing:2    ; additive background scattering]]
[2020.01.31-23.34.04:295][  0]LogConfig: Setting CVar [[r.DOF.Scatter.EnableBokehSettings:1      ; bokeh simulation when scattering]]
[2020.01.31-23.34.04:295][  0]LogConfig: Setting CVar [[r.DOF.Scatter.MaxSpriteRatio:0.1         ; only a maximum of 10% of scattered bokeh]]
[2020.01.31-23.34.04:295][  0]LogConfig: Setting CVar [[r.DOF.Recombine.Quality:1                ; cheap slight out of focus]]
[2020.01.31-23.34.04:295][  0]LogConfig: Setting CVar [[r.DOF.Recombine.EnableBokehSettings:0    ; no bokeh simulation on slight out of focus]]
[2020.01.31-23.34.04:295][  0]LogConfig: Setting CVar [[r.DOF.TemporalAAQuality:1                ; more stable temporal accumulation]]
[2020.01.31-23.34.04:295][  0]LogConfig: Setting CVar [[r.DOF.Kernel.MaxForegroundRadius:0.025]]
[2020.01.31-23.34.04:295][  0]LogConfig: Setting CVar [[r.DOF.Kernel.MaxBackgroundRadius:0.025]]
[2020.01.31-23.34.04:295][  0]LogConfig: Applying CVar settings from Section [TextureQuality@3] File [C:/Users/w017177h/Documents/GGJ2020/Global-Game-Jam-2020/GGJ20/Saved/Config/Windows/Scalability.ini]
[2020.01.31-23.34.04:295][  0]LogConfig: Setting CVar [[r.Streaming.MipBias:0]]
[2020.01.31-23.34.04:295][  0]LogConfig: Setting CVar [[r.Streaming.AmortizeCPUToGPUCopy:0]]
[2020.01.31-23.34.04:295][  0]LogConfig: Setting CVar [[r.Streaming.MaxNumTexturesToStreamPerFrame:0]]
[2020.01.31-23.34.04:295][  0]LogConfig: Setting CVar [[r.Streaming.Boost:1]]
[2020.01.31-23.34.04:296][  0]LogConfig: Setting CVar [[r.MaxAnisotropy:8]]
[2020.01.31-23.34.04:296][  0]LogConfig: Setting CVar [[r.Streaming.LimitPoolSizeToVRAM:0]]
[2020.01.31-23.34.04:296][  0]LogConfig: Setting CVar [[r.Streaming.PoolSize:1000]]
[2020.01.31-23.34.04:296][  0]LogConfig: Setting CVar [[r.Streaming.MaxEffectiveScreenSize:0]]
[2020.01.31-23.34.04:296][  0]LogConfig: Applying CVar settings from Section [EffectsQuality@3] File [C:/Users/w017177h/Documents/GGJ2020/Global-Game-Jam-2020/GGJ20/Saved/Config/Windows/Scalability.ini]
[2020.01.31-23.34.04:296][  0]LogConfig: Setting CVar [[r.TranslucencyLightingVolumeDim:64]]
[2020.01.31-23.34.04:296][  0]LogConfig: Setting CVar [[r.RefractionQuality:2]]
[2020.01.31-23.34.04:296][  0]LogConfig: Setting CVar [[r.SSR.Quality:3]]
[2020.01.31-23.34.04:296][  0]LogConfig: Setting CVar [[r.SceneColorFormat:4]]
[2020.01.31-23.34.04:296][  0]LogConfig: Setting CVar [[r.DetailMode:2]]
[2020.01.31-23.34.04:296][  0]LogConfig: Setting CVar [[r.TranslucencyVolumeBlur:1]]
[2020.01.31-23.34.04:296][  0]LogConfig: Setting CVar [[r.MaterialQualityLevel:1 ; High quality]]
[2020.01.31-23.34.04:296][  0]LogConfig: Setting CVar [[r.SSS.Scale:1]]
[2020.01.31-23.34.04:296][  0]LogConfig: Setting CVar [[r.SSS.SampleSet:2]]
[2020.01.31-23.34.04:296][  0]LogConfig: Setting CVar [[r.SSS.Quality:1]]
[2020.01.31-23.34.04:296][  0]LogConfig: Setting CVar [[r.SSS.HalfRes:1]]
[2020.01.31-23.34.04:296][  0]LogConfig: Setting CVar [[r.EmitterSpawnRateScale:1.0]]
[2020.01.31-23.34.04:296][  0]LogConfig: Setting CVar [[r.ParticleLightQuality:2]]
[2020.01.31-23.34.04:297][  0]LogConfig: Applying CVar settings from Section [FoliageQuality@3] File [C:/Users/w017177h/Documents/GGJ2020/Global-Game-Jam-2020/GGJ20/Saved/Config/Windows/Scalability.ini]
[2020.01.31-23.34.04:297][  0]LogConfig: Setting CVar [[foliage.DensityScale:1.0]]
[2020.01.31-23.34.04:297][  0]LogConfig: Setting CVar [[grass.DensityScale:1.0]]
[2020.01.31-23.34.04:297][  0]LogConfig: Applying CVar settings from Section [Startup] File [../../../Engine/Config/ConsoleVariables.ini]
[2020.01.31-23.34.04:297][  0]LogConfig: Setting CVar [[net.UseAdaptiveNetUpdateFrequency:0]]
[2020.01.31-23.34.04:297][  0]LogConfig: Setting CVar [[p.chaos.AllowCreatePhysxBodies:1]]
[2020.01.31-23.34.04:297][  0]LogConfig: Applying CVar settings from Section [ConsoleVariables] File [C:/Users/w017177h/Documents/GGJ2020/Global-Game-Jam-2020/GGJ20/Saved/Config/Windows/Engine.ini]
[2020.01.31-23.34.04:297][  0]LogInit: Computer: C117B-19
[2020.01.31-23.34.04:297][  0]LogInit: User: w017177h
[2020.01.31-23.34.04:297][  0]LogInit: CPU Page size=4096, Cores=4
[2020.01.31-23.34.04:297][  0]LogInit: High frequency timer resolution =10.000000 MHz
[2020.01.31-23.34.04:298][  0]LogMemory: Memory total: Physical=31.7GB (32GB approx)
[2020.01.31-23.34.04:298][  0]LogMemory: Platform Memory Stats for Windows
[2020.01.31-23.34.04:298][  0]LogMemory: Process Physical Memory: 96.47 MB used, 96.48 MB peak
[2020.01.31-23.34.04:298][  0]LogMemory: Process Virtual Memory: 90.55 MB used, 90.55 MB peak
[2020.01.31-23.34.04:298][  0]LogMemory: Physical Memory: 11132.00 MB used,  21355.73 MB free, 32487.73 MB total
[2020.01.31-23.34.04:298][  0]LogMemory: Virtual Memory: 4644.23 MB used,  134213080.00 MB free, 134217728.00 MB total
[2020.01.31-23.34.04:458][  0]LogInit: Using OS detected language (en-US).
[2020.01.31-23.34.04:458][  0]LogInit: Using OS detected locale (en-GB).
[2020.01.31-23.34.04:459][  0]LogTextLocalizationManager: No specific localization for 'en-US' exists, so the 'en' localization will be used.
[2020.01.31-23.34.04:620][  0]LogInit: Setting process to per monitor DPI aware
[2020.01.31-23.34.04:694][  0]LogSlate: New Slate User Created.  User Index 0, Is Virtual User: 0
[2020.01.31-23.34.04:695][  0]LogSlate: Slate User Registered.  User Index 0, Is Virtual User: 0
[2020.01.31-23.34.04:882][  0]LogHMD: Failed to initialize OpenVR with code 110
[2020.01.31-23.34.04:882][  0]LogD3D11RHI: D3D11 adapters:
[2020.01.31-23.34.04:971][  0]LogD3D11RHI:    0. 'NVIDIA GeForce GTX 1070' (Feature Level 11_0)
[2020.01.31-23.34.04:971][  0]LogD3D11RHI:       8088/0/16243 MB DedicatedVideo/DedicatedSystem/SharedSystem, Outputs:2, VendorId:0x10de
[2020.01.31-23.34.04:978][  0]LogD3D11RHI:    1. 'Microsoft Basic Render Driver' (Feature Level 11_0)
[2020.01.31-23.34.04:978][  0]LogD3D11RHI:       0/0/16243 MB DedicatedVideo/DedicatedSystem/SharedSystem, Outputs:0, VendorId:0x1414
[2020.01.31-23.34.04:978][  0]LogD3D11RHI: Chosen D3D11 Adapter: 0
[2020.01.31-23.34.04:987][  0]LogD3D11RHI: Creating new Direct3DDevice
[2020.01.31-23.34.04:987][  0]LogD3D11RHI:     GPU DeviceId: 0x1b81 (for the marketing name, search the web for "GPU Device Id")
[2020.01.31-23.34.04:987][  0]LogWindows: EnumDisplayDevices:
[2020.01.31-23.34.04:988][  0]LogWindows:    0. 'NVIDIA GeForce GTX 1070' (P:1 D:1)
[2020.01.31-23.34.04:988][  0]LogWindows:    1. 'NVIDIA GeForce GTX 1070' (P:0 D:1)
[2020.01.31-23.34.04:988][  0]LogWindows:    2. 'NVIDIA GeForce GTX 1070' (P:0 D:0)
[2020.01.31-23.34.04:988][  0]LogWindows:    3. 'NVIDIA GeForce GTX 1070' (P:0 D:0)
[2020.01.31-23.34.04:989][  0]LogWindows: DebugString: FoundDriverCount:4 
[2020.01.31-23.34.04:989][  0]LogD3D11RHI:     Adapter Name: NVIDIA GeForce GTX 1070
[2020.01.31-23.34.04:989][  0]LogD3D11RHI:   Driver Version: 441.66 (internal:26.21.14.4166, unified:441.66)
[2020.01.31-23.34.04:989][  0]LogD3D11RHI:      Driver Date: 12-6-2019
[2020.01.31-23.34.04:989][  0]LogRHI: Texture pool is 5661 MB (70% of 8088 MB)
[2020.01.31-23.34.05:034][  0]LogD3D11RHI: Async texture creation enabled
[2020.01.31-23.34.05:037][  0]LogRendererCore: FGlobalReadBuffer::InitRHI
[2020.01.31-23.34.05:038][  0]LogRendererCore: FGlobalReadBuffer::InitRHI
[2020.01.31-23.34.05:038][  0]LogRendererCore: FGlobalReadBuffer::InitRHI
[2020.01.31-23.34.05:046][  0]LogD3D11RHI: GPU Timing Frequency: 1000.000000 (Debug: 2 1)
[2020.01.31-23.34.05:324][  0]LogTemp: Display: Module 'AllDesktopTargetPlatform' loaded TargetPlatform 'AllDesktop'
[2020.01.31-23.34.05:341][  0]LogTemp: Display: Module 'MacClientTargetPlatform' loaded TargetPlatform 'MacClient'
[2020.01.31-23.34.05:359][  0]LogTemp: Display: Module 'MacNoEditorTargetPlatform' loaded TargetPlatform 'MacNoEditor'
[2020.01.31-23.34.05:378][  0]LogTemp: Display: Module 'MacServerTargetPlatform' loaded TargetPlatform 'MacServer'
[2020.01.31-23.34.05:397][  0]LogTemp: Display: Module 'MacTargetPlatform' loaded TargetPlatform 'Mac'
[2020.01.31-23.34.05:416][  0]LogTemp: Display: Module 'WindowsClientTargetPlatform' loaded TargetPlatform 'WindowsClient'
[2020.01.31-23.34.05:433][  0]LogTemp: Display: Module 'WindowsNoEditorTargetPlatform' loaded TargetPlatform 'WindowsNoEditor'
[2020.01.31-23.34.05:449][  0]LogTemp: Display: Module 'WindowsServerTargetPlatform' loaded TargetPlatform 'WindowsServer'
[2020.01.31-23.34.05:459][  0]LogTemp: Display: Module 'WindowsTargetPlatform' loaded TargetPlatform 'Windows'
[2020.01.31-23.34.05:547][  0]LogTemp: Display: Module 'AndroidTargetPlatform' loaded TargetPlatform 'Android'
[2020.01.31-23.34.05:547][  0]LogTemp: Display: Module 'AndroidTargetPlatform' loaded TargetPlatform 'Android_ASTC'
[2020.01.31-23.34.05:547][  0]LogTemp: Display: Module 'AndroidTargetPlatform' loaded TargetPlatform 'Android_ATC'
[2020.01.31-23.34.05:548][  0]LogTemp: Display: Module 'AndroidTargetPlatform' loaded TargetPlatform 'Android_DXT'
[2020.01.31-23.34.05:548][  0]LogTemp: Display: Module 'AndroidTargetPlatform' loaded TargetPlatform 'Android_ETC1'
[2020.01.31-23.34.05:548][  0]LogTemp: Display: Module 'AndroidTargetPlatform' loaded TargetPlatform 'Android_ETC1a'
[2020.01.31-23.34.05:548][  0]LogTemp: Display: Module 'AndroidTargetPlatform' loaded TargetPlatform 'Android_ETC2'
[2020.01.31-23.34.05:548][  0]LogTemp: Display: Module 'AndroidTargetPlatform' loaded TargetPlatform 'Android_PVRTC'
[2020.01.31-23.34.05:548][  0]LogTemp: Display: Module 'AndroidTargetPlatform' loaded TargetPlatform 'AndroidClient'
[2020.01.31-23.34.05:548][  0]LogTemp: Display: Module 'AndroidTargetPlatform' loaded TargetPlatform 'Android_ASTCClient'
[2020.01.31-23.34.05:548][  0]LogTemp: Display: Module 'AndroidTargetPlatform' loaded TargetPlatform 'Android_ATCClient'
[2020.01.31-23.34.05:548][  0]LogTemp: Display: Module 'AndroidTargetPlatform' loaded TargetPlatform 'Android_DXTClient'
[2020.01.31-23.34.05:548][  0]LogTemp: Display: Module 'AndroidTargetPlatform' loaded TargetPlatform 'Android_ETC1Client'
[2020.01.31-23.34.05:548][  0]LogTemp: Display: Module 'AndroidTargetPlatform' loaded TargetPlatform 'Android_ETC1aClient'
[2020.01.31-23.34.05:548][  0]LogTemp: Display: Module 'AndroidTargetPlatform' loaded TargetPlatform 'Android_ETC2Client'
[2020.01.31-23.34.05:548][  0]LogTemp: Display: Module 'AndroidTargetPlatform' loaded TargetPlatform 'Android_PVRTCClient'
[2020.01.31-23.34.05:548][  0]LogTemp: Display: Module 'AndroidTargetPlatform' loaded TargetPlatform 'Android_Multi'
[2020.01.31-23.34.05:549][  0]LogTemp: Display: Module 'AndroidTargetPlatform' loaded TargetPlatform 'Android_MultiClient'
[2020.01.31-23.34.05:553][  0]LogTemp: Display: Module 'HTML5TargetPlatform' loaded TargetPlatform 'HTML5'
[2020.01.31-23.34.05:620][  0]LogTemp: Display: Module 'IOSTargetPlatform' loaded TargetPlatform 'IOSClient'
[2020.01.31-23.34.05:620][  0]LogTemp: Display: Module 'IOSTargetPlatform' loaded TargetPlatform 'IOS'
[2020.01.31-23.34.05:649][  0]LogTemp: Display: Module 'TVOSTargetPlatform' loaded TargetPlatform 'TVOSClient'
[2020.01.31-23.34.05:649][  0]LogTemp: Display: Module 'TVOSTargetPlatform' loaded TargetPlatform 'TVOS'
[2020.01.31-23.34.05:667][  0]LogTemp: Display: Module 'LinuxClientTargetPlatform' loaded TargetPlatform 'LinuxClient'
[2020.01.31-23.34.05:683][  0]LogTemp: Display: Module 'LinuxNoEditorTargetPlatform' loaded TargetPlatform 'LinuxNoEditor'
[2020.01.31-23.34.05:700][  0]LogTemp: Display: Module 'LinuxServerTargetPlatform' loaded TargetPlatform 'LinuxServer'
[2020.01.31-23.34.05:720][  0]LogTemp: Display: Module 'LinuxTargetPlatform' loaded TargetPlatform 'Linux'
[2020.01.31-23.34.05:773][  0]LogTemp: Display: Module 'LuminTargetPlatform' loaded TargetPlatform 'Lumin'
[2020.01.31-23.34.05:773][  0]LogTemp: Display: Module 'LuminTargetPlatform' loaded TargetPlatform 'LuminClient'
[2020.01.31-23.34.05:773][  0]LogTargetPlatformManager: Display: Building Assets For Windows
[2020.01.31-23.34.05:795][  0]LogAudioDebug: Display: Lib vorbis DLL was dynamically loaded.
[2020.01.31-23.34.05:893][  0]LogShaderCompilers: Guid format shader working directory is -29 characters bigger than the processId version (../../../../../../Users/w017177h/Documents/GGJ2020/Global-Game-Jam-2020/GGJ20/Intermediate/Shaders/WorkingDirectory/18600/).
[2020.01.31-23.34.05:893][  0]LogShaderCompilers: Cleaned the shader compiler working directory 'C:/Users/w017177h/AppData/Local/Temp/UnrealShaderWorkingDir/B7599BC54C40D24224218693883DF03D/'.
[2020.01.31-23.34.05:896][  0]LogXGEController: Cleaning working directory: C:/Users/w017177h/AppData/Local/Temp/UnrealXGEWorkingDir/
[2020.01.31-23.34.05:896][  0]LogXGEController: Cannot use XGE Controller as Incredibuild is not installed on this machine.
[2020.01.31-23.34.05:896][  0]LogShaderCompilers: Cannot use XGE Shader Compiler as Incredibuild is not installed on this machine.
[2020.01.31-23.34.05:896][  0]LogShaderCompilers: Display: Using Local Shader Compiler.
[2020.01.31-23.34.06:408][  0]LogDerivedDataCache: Display: Max Cache Size: 512 MB
[2020.01.31-23.34.06:458][  0]LogDerivedDataCache: Loaded boot cache 0.05s 71MB C:/Users/w017177h/AppData/Local/UnrealEngine/4.22/DerivedDataCache/Boot.ddc.
[2020.01.31-23.34.06:458][  0]LogDerivedDataCache: Display: Loaded Boot cache: C:/Users/w017177h/AppData/Local/UnrealEngine/4.22/DerivedDataCache/Boot.ddc
[2020.01.31-23.34.06:458][  0]LogDerivedDataCache: FDerivedDataBackendGraph:  Pak pak cache file ../../../../../../Users/w017177h/Documents/GGJ2020/Global-Game-Jam-2020/GGJ20/DerivedDataCache/DDC.ddp not found, will not use a pak cache.
[2020.01.31-23.34.06:458][  0]LogDerivedDataCache: Unable to find inner node Pak for hierarchical cache Hierarchy.
[2020.01.31-23.34.06:458][  0]LogDerivedDataCache: FDerivedDataBackendGraph:  CompressedPak pak cache file ../../../../../../Users/w017177h/Documents/GGJ2020/Global-Game-Jam-2020/GGJ20/DerivedDataCache/Compressed.ddp not found, will not use a pak cache.
[2020.01.31-23.34.06:458][  0]LogDerivedDataCache: Unable to find inner node CompressedPak for hierarchical cache Hierarchy.
[2020.01.31-23.34.06:470][  0]LogDerivedDataCache: Display: Pak cache opened for reading ../../../Engine/DerivedDataCache/Compressed.ddp.
[2020.01.31-23.34.06:470][  0]LogDerivedDataCache: FDerivedDataBackendGraph:  EnterprisePak pak cache file ../../../Enterprise/DerivedDataCache/Compressed.ddp not found, will not use a pak cache.
[2020.01.31-23.34.06:470][  0]LogDerivedDataCache: Unable to find inner node EnterprisePak for hierarchical cache Hierarchy.
[2020.01.31-23.34.06:483][  0]LogDerivedDataCache: Using Local data cache path C:/Users/w017177h/AppData/Local/UnrealEngine/Common/DerivedDataCache: Writable
[2020.01.31-23.34.06:483][  0]LogDerivedDataCache: Shared data cache path not found in *engine.ini, will not use an Shared cache.
[2020.01.31-23.34.06:483][  0]LogDerivedDataCache: Unable to find inner node Shared for hierarchical cache Hierarchy.
[2020.01.31-23.34.06:504][  0]LogMaterial: Verifying Global Shaders for PCD3D_SM5
[2020.01.31-23.34.06:505][  0]LogSlate: Using FreeType 2.6.0
[2020.01.31-23.34.06:506][  0]LogSlate: SlateFontServices - WITH_FREETYPE: 1, WITH_HARFBUZZ: 1
[2020.01.31-23.34.06:588][  0]LogAssetRegistry: FAssetRegistry took 0.0355 seconds to start up
[2020.01.31-23.34.06:925][  0]LogInit: Selected Device Profile: [Windows]
[2020.01.31-23.34.07:067][  0]LogMeshReduction: Using QuadricMeshReduction for automatic static mesh reduction
[2020.01.31-23.34.07:067][  0]LogMeshReduction: Using SimplygonMeshReduction for automatic skeletal mesh reduction
[2020.01.31-23.34.07:067][  0]LogMeshReduction: Using ProxyLODMeshReduction for automatic mesh merging
[2020.01.31-23.34.07:067][  0]LogMeshReduction: No distributed automatic mesh merging module available
[2020.01.31-23.34.07:067][  0]LogMeshMerging: No distributed automatic mesh merging module available
[2020.01.31-23.34.07:082][  0]LogNetVersion: GGJ20 1.0.0, NetCL: 5660361, EngineNetVer: 10, GameNetVer: 0 (Checksum: 2452190960)
[2020.01.31-23.34.07:458][  0]LogPackageLocalizationCache: Processed 10 localized package path(s) for 1 prioritized culture(s) in 0.052054 seconds
[2020.01.31-23.34.07:466][  0]LogUObjectArray: 42205 objects as part of root set at end of initial load.
[2020.01.31-23.34.07:466][  0]LogUObjectAllocator: 7325032 out of 0 bytes used by permanent object pool.
[2020.01.31-23.34.07:466][  0]LogUObjectArray: CloseDisregardForGC: 0/0 objects in disregard for GC pool
[2020.01.31-23.34.08:408][  0]LogTcpMessaging: Initializing TcpMessaging bridge
[2020.01.31-23.34.08:426][  0]LogUdpMessaging: Initializing bridge on interface 0.0.0.0:0 to multicast group 230.0.0.1:6666.
[2020.01.31-23.34.08:602][  0]SourceControl: Source control is disabled
[2020.01.31-23.34.08:602][  0]SourceControl: Source control is disabled
[2020.01.31-23.34.08:605][  0]SourceControl: Source control is disabled
[2020.01.31-23.34.08:608][  0]SourceControl: Source control is disabled
[2020.01.31-23.34.08:772][  0]LogAndroidPermission: UAndroidPermissionCallbackProxy::GetInstance
[2020.01.31-23.34.08:905][  0]LogOcInput: OculusInput pre-init called
[2020.01.31-23.34.09:526][  0]LogEngine: Initializing Engine...
[2020.01.31-23.34.09:527][  0]LogHMD: Failed to initialize OpenVR with code 110
[2020.01.31-23.34.09:528][  0]LogStats: UGameplayTagsManager::InitializeManager -  0.000 s
[2020.01.31-23.34.09:710][  0]LogInit: Initializing FReadOnlyCVARCache
[2020.01.31-23.34.09:726][  0]LogAIModule: Creating AISystem for world Untitled
[2020.01.31-23.34.09:751][  0]LogInit: XAudio2 using 'Headset Earphone (Corsair VOID PRO USB Gaming Headset )' : 2 channels at 48 kHz using 16 bits per sample (channel mask 0x3)
[2020.01.31-23.34.09:772][  0]LogInit: FAudioDevice initialized.
[2020.01.31-23.34.09:773][  0]LogNetVersion: Set ProjectVersion to 1.0.0.0. Version Checksum will be recalculated on next use.
[2020.01.31-23.34.09:822][  0]LogDerivedDataCache: Saved boot cache 0.05s 71MB C:/Users/w017177h/AppData/Local/UnrealEngine/4.22/DerivedDataCache/Boot.ddc.
[2020.01.31-23.34.09:833][  0]LogInit: Texture streaming: Enabled
[2020.01.31-23.34.09:863][  0]LogEngineSessionManager: EngineSessionManager initialized
[2020.01.31-23.34.09:887][  0]LogInit: Transaction tracking system initialized
[2020.01.31-23.34.09:925][  0]BlueprintLog: New page: Editor Load
[2020.01.31-23.34.10:060][  0]LocalizationService: Localization service is disabled
[2020.01.31-23.34.10:387][  0]LogFileCache: Scanning file cache for directory 'C:/Users/w017177h/Documents/GGJ2020/Global-Game-Jam-2020/GGJ20/Content/' took 0.01s
[2020.01.31-23.34.10:387][  0]LogCook: Display: Max memory allowance for cook 16384mb min free memory 0mb
[2020.01.31-23.34.10:388][  0]LogCook: Display: Mobile HDR setting 1
[2020.01.31-23.34.10:626][  0]SourceControl: Source control is disabled
[2020.01.31-23.34.10:626][  0]Cmd: MAP LOAD FILE="../../../Engine/Content/Maps/Templates/Template_Default.umap" TEMPLATE=1 SHOWPROGRESS=1 FEATURELEVEL=3
[2020.01.31-23.34.10:627][  0]LightingResults: New page: Lighting Build
[2020.01.31-23.34.10:630][  0]MapCheck: New page: Map Check
[2020.01.31-23.34.10:630][  0]LightingResults: New page: Lighting Build
[2020.01.31-23.34.10:660][  0]LogUObjectHash: Compacting FUObjectHashTables data took   1.56ms
[2020.01.31-23.34.10:739][  0]LogAIModule: Creating AISystem for world Untitled_1
[2020.01.31-23.34.10:745][  0]LogEditorServer: Finished looking for orphan Actors (0.000 secs)
[2020.01.31-23.34.10:778][  0]LogUObjectHash: Compacting FUObjectHashTables data took   1.84ms
[2020.01.31-23.34.10:778][  0]Cmd: MAP CHECKDEP NOCLEARLOG
[2020.01.31-23.34.10:779][  0]MapCheck: Map check complete: 0 Error(s), 0 Warning(s), took 0.346ms to complete.
[2020.01.31-23.34.10:779][  0]LogFileHelpers: Loading map 'Template_Default' took 0.152
[2020.01.31-23.34.10:883][  0]LogSlate: Updating window title bar state: overlay mode, drag disabled, window buttons hidden, title bar hidden
[2020.01.31-23.34.10:891][  0]LogSlate: Updating window title bar state: overlay mode, drag disabled, window buttons hidden, title bar hidden
[2020.01.31-23.34.10:901][  0]LogSlate: Updating window title bar state: overlay mode, drag disabled, window buttons hidden, title bar hidden
[2020.01.31-23.34.10:910][  0]LogSlate: Updating window title bar state: overlay mode, drag disabled, window buttons hidden, title bar hidden
[2020.01.31-23.34.10:920][  0]LogCollectionManager: Loaded 0 collections in 0.001806 seconds
[2020.01.31-23.34.10:963][  0]LogFileCache: Scanning file cache for directory 'C:/Users/w017177h/Documents/GGJ2020/Global-Game-Jam-2020/GGJ20/Saved/Collections/' took 0.01s
[2020.01.31-23.34.10:963][  0]LogFileCache: Scanning file cache for directory 'C:/Users/w017177h/Documents/GGJ2020/Global-Game-Jam-2020/GGJ20/Content/Developers/w017177h/Collections/' took 0.01s
[2020.01.31-23.34.10:963][  0]LogFileCache: Scanning file cache for directory 'C:/Users/w017177h/Documents/GGJ2020/Global-Game-Jam-2020/GGJ20/Content/Collections/' took 0.01s
[2020.01.31-23.34.10:963][  0]LogCollectionManager: Rebuilt the GUID cache for 0 collections in 0.000001 seconds
[2020.01.31-23.34.10:972][  0]LogContentBrowser: Native class hierarchy populated in 0.0086 seconds. Added 2736 classes and 662 folders.
[2020.01.31-23.34.10:978][  0]LogContentBrowser: Native class hierarchy updated for 'WidgetCarousel' in 0.0003 seconds. Added 0 classes and 0 folders.
[2020.01.31-23.34.10:980][  0]LogPakFile: Registered encryption key '00000000000000000000000000000000': 0 pak files mounted, 0 remain pending
[2020.01.31-23.34.10:980][  0]LogPakFile: Registered encryption key '00000000000000000000000000000000': 0 pak files mounted, 0 remain pending
[2020.01.31-23.34.10:981][  0]LogPakFile: Registered encryption key '00000000000000000000000000000000': 0 pak files mounted, 0 remain pending
[2020.01.31-23.34.10:982][  0]LogPakFile: Registered encryption key '00000000000000000000000000000000': 0 pak files mounted, 0 remain pending
[2020.01.31-23.34.10:982][  0]LogPakFile: Registered encryption key '00000000000000000000000000000000': 0 pak files mounted, 0 remain pending
[2020.01.31-23.34.10:983][  0]LogPakFile: Registered encryption key '00000000000000000000000000000000': 0 pak files mounted, 0 remain pending
[2020.01.31-23.34.10:983][  0]LogPakFile: Registered encryption key '00000000000000000000000000000000': 0 pak files mounted, 0 remain pending
[2020.01.31-23.34.10:984][  0]LogPakFile: Registered encryption key '00000000000000000000000000000000': 0 pak files mounted, 0 remain pending
[2020.01.31-23.34.10:984][  0]LogPakFile: Registered encryption key '00000000000000000000000000000000': 0 pak files mounted, 0 remain pending
[2020.01.31-23.34.10:985][  0]LogPakFile: Registered encryption key '00000000000000000000000000000000': 0 pak files mounted, 0 remain pending
[2020.01.31-23.34.10:985][  0]LogPakFile: Registered encryption key '00000000000000000000000000000000': 0 pak files mounted, 0 remain pending
[2020.01.31-23.34.10:986][  0]LogPakFile: Registered encryption key '00000000000000000000000000000000': 0 pak files mounted, 0 remain pending
[2020.01.31-23.34.10:986][  0]LogPakFile: Registered encryption key '00000000000000000000000000000000': 0 pak files mounted, 0 remain pending
[2020.01.31-23.34.10:987][  0]LogPakFile: Registered encryption key '00000000000000000000000000000000': 0 pak files mounted, 0 remain pending
[2020.01.31-23.34.10:988][  0]LogPakFile: Registered encryption key '00000000000000000000000000000000': 0 pak files mounted, 0 remain pending
[2020.01.31-23.34.10:988][  0]LogPakFile: Registered encryption key '00000000000000000000000000000000': 0 pak files mounted, 0 remain pending
[2020.01.31-23.34.10:989][  0]LogPakFile: Registered encryption key '00000000000000000000000000000000': 0 pak files mounted, 0 remain pending
[2020.01.31-23.34.10:990][  0]LogPakFile: Registered encryption key '00000000000000000000000000000000': 0 pak files mounted, 0 remain pending
[2020.01.31-23.34.10:990][  0]LogPakFile: Registered encryption key '00000000000000000000000000000000': 0 pak files mounted, 0 remain pending
[2020.01.31-23.34.10:991][  0]LogPakFile: Registered encryption key '00000000000000000000000000000000': 0 pak files mounted, 0 remain pending
[2020.01.31-23.34.10:991][  0]LogPakFile: Registered encryption key '00000000000000000000000000000000': 0 pak files mounted, 0 remain pending
[2020.01.31-23.34.10:992][  0]LogPakFile: Registered encryption key '00000000000000000000000000000000': 0 pak files mounted, 0 remain pending
[2020.01.31-23.34.10:992][  0]LogPakFile: Registered encryption key '00000000000000000000000000000000': 0 pak files mounted, 0 remain pending
[2020.01.31-23.34.10:993][  0]LogPakFile: Registered encryption key '00000000000000000000000000000000': 0 pak files mounted, 0 remain pending
[2020.01.31-23.34.10:993][  0]LogPakFile: Registered encryption key '00000000000000000000000000000000': 0 pak files mounted, 0 remain pending
[2020.01.31-23.34.10:994][  0]LogPakFile: Registered encryption key '00000000000000000000000000000000': 0 pak files mounted, 0 remain pending
[2020.01.31-23.34.11:017][  0]LogContentBrowser: Native class hierarchy updated for 'AddContentDialog' in 0.0003 seconds. Added 0 classes and 0 folders.
[2020.01.31-23.34.11:025][  0]LogContentBrowser: Native class hierarchy updated for 'SceneOutliner' in 0.0004 seconds. Added 1 classes and 2 folders.
[2020.01.31-23.34.11:040][  0]LogSlate: Took 0.000234 seconds to synchronously load lazily loaded font '../../../Engine/Content/Slate/Fonts/Roboto-Regular.ttf' (155K)
[2020.01.31-23.34.11:042][  0]LogSlate: Took 0.000137 seconds to synchronously load lazily loaded font '../../../Engine/Content/Slate/Fonts/Roboto-Bold.ttf' (160K)
[2020.01.31-23.34.11:047][  0]LogSlate: Took 0.000160 seconds to synchronously load lazily loaded font '../../../Engine/Content/Editor/Slate/Fonts/FontAwesome.ttf' (139K)
[2020.01.31-23.34.11:103][  0]LogRenderer: Reallocating scene render targets to support 1052x572 Format 10 NumSamples 1 (Frame:1).
[2020.01.31-23.34.11:150][  0]LogSlate: Took 0.000237 seconds to synchronously load lazily loaded font '../../../Engine/Content/Slate/Fonts/Roboto-Light.ttf' (167K)
[2020.01.31-23.34.11:192][  0]LogSlate: FSceneViewport::OnFocusLost() reason 2
[2020.01.31-23.34.11:205][  0]LogSlate: Window 'Tutorials' being destroyed
[2020.01.31-23.34.11:241][  0]LogContentBrowser: Native class hierarchy updated for 'HierarchicalLODOutliner' in 0.0004 seconds. Added 0 classes and 0 folders.
[2020.01.31-23.34.11:241][  0]LogLoad: (Engine Initialization) Total time: 8.78 seconds
[2020.01.31-23.34.11:241][  0]LogLoad: (Engine Initialization) Total Blueprint compile time: 0.00 seconds
[2020.01.31-23.34.11:271][  0]LogAssetRegistry: Asset discovery search completed in 4.7077 seconds
[2020.01.31-23.34.11:273][  0]LogCollectionManager: Rebuilt the object cache for 0 collections in 0.000000 seconds (found 0 objects)
[2020.01.31-23.34.11:273][  0]LogCollectionManager: Fixed up redirectors for 0 collections in 0.000134 seconds (updated 0 objects)
[2020.01.31-23.34.11:275][  0]LogContentStreaming: Texture pool size now 1000 MB
[2020.01.31-23.34.14:113][332]LogSlate: FSceneViewport::OnFocusLost() reason 0
[2020.01.31-23.34.17:645][754]LogSlate: Took 0.000179 seconds to synchronously load lazily loaded font '../../../Engine/Content/Slate/Fonts/Roboto-Light.ttf' (167K)
[2020.01.31-23.34.17:701][754]LogSlate: Took 0.004532 seconds to synchronously load lazily loaded font '../../../Engine/Content/Slate/Fonts/Roboto-BoldCondensed.ttf' (158K)
[2020.01.31-23.34.19:267][940]LogAssetEditorManager: Opening Asset editor for Blueprint /Game/MyILightControllerBase.MyILightControllerBase
[2020.01.31-23.34.19:508][940]LogContentBrowser: Native class hierarchy updated for 'BlueprintGraph' in 0.0007 seconds. Added 121 classes and 0 folders.
[2020.01.31-23.34.20:208][940]LogSlate: Window 'Add Blueprint Class' being destroyed
[2020.01.31-23.34.20:212][940]LogActor: Warning: MyILightControllerBase_C /Engine/Transient.World_0:PersistentLevel.MyILightControllerBase_C_0 has natively added scene component(s), but none of them were set as the actor's RootComponent - picking one arbitrarily
[2020.01.31-23.34.21:851][105]LogSlate: Took 0.000210 seconds to synchronously load lazily loaded font '../../../Engine/Content/Slate/Fonts/Roboto-Italic.ttf' (157K)
[2020.01.31-23.34.30:276][ 11]LogSlate: Window 'Color Picker' being destroyed
[2020.01.31-23.34.31:678][164]LogSlate: Window 'MyILightControllerBase' being destroyed
[2020.01.31-23.34.31:682][164]LogSlate: Window 'MyILightControllerBase' being destroyed
[2020.01.31-23.34.33:637][390]LogActor: Warning: MyILightControllerBase_C /Temp/Untitled_1.Untitled_1:PersistentLevel.MyILightControllerBase_C_0 has natively added scene component(s), but none of them were set as the actor's RootComponent - picking one arbitrarily
[2020.01.31-23.34.34:120][447]LogActor: Warning: MyILightControllerBase_C /Temp/Untitled_1.Untitled_1:PersistentLevel.MyILightControllerBase_C_1 has natively added scene component(s), but none of them were set as the actor's RootComponent - picking one arbitrarily
[2020.01.31-23.34.37:332][824]LogSlate: FSceneViewport::OnFocusLost() reason 0
[2020.01.31-23.34.41:543][327]LogEditor: Attempting to add actor of class 'IRepairableBase' to level at -500.00,-80.00,-60.00
[2020.01.31-23.34.41:948][375]LogEditor: Attempting to add actor of class 'IRepairableBase' to level at -370.00,70.00,20.00
[2020.01.31-23.34.43:414][549]LogSlate: FSceneViewport::OnFocusLost() reason 0
[2020.01.31-23.34.43:808][596]LogConsoleManager: Warning: Console object named 'ActorComponents.Enable' already exists but is being registered again, but we weren't expected it to be! (FConsoleManager::AddConsoleObject)
[2020.01.31-23.34.46:194][880]LogTemp: Repeating last play command: Selected Viewport
[2020.01.31-23.34.46:205][880]LogBlueprintUserMessages: Early PlayInEditor Detection: Level '/Temp/Untitled_1.Untitled_1:PersistentLevel' has LevelScriptBlueprint '/Temp/Untitled_1.Untitled_1:PersistentLevel.Untitled' with GeneratedClass '/Temp/Untitled_1.Untitled_C' with ClassGeneratedBy '/Temp/Untitled_1.Untitled_1:PersistentLevel.Untitled'
[2020.01.31-23.34.46:207][880]LogPlayLevel: PlayLevel: No blueprints needed recompiling
[2020.01.31-23.34.46:208][880]PIE: New page: PIE session: Untitled_1 (31 Jan 2020 23:34:46)
[2020.01.31-23.34.46:223][880]LogPlayLevel: Creating play world package: /Temp/UEDPIE_0_Untitled_1
[2020.01.31-23.34.46:226][880]LogPlayLevel: PIE: StaticDuplicateObject took: (0.002545s)
[2020.01.31-23.34.46:226][880]LogAIModule: Creating AISystem for world Untitled_1
[2020.01.31-23.34.46:227][880]LogPlayLevel: PIE: World Init took: (0.000961s)
[2020.01.31-23.34.46:227][880]LogPlayLevel: PIE: Created PIE world by copying editor world from /Temp/Untitled_1.Untitled_1 to /Temp/UEDPIE_0_Untitled_1.Untitled_1 (0.004301s)
[2020.01.31-23.34.46:269][880]LogUObjectHash: Compacting FUObjectHashTables data took   3.05ms
[2020.01.31-23.34.46:282][880]LogInit: XAudio2 using 'Headset Earphone (Corsair VOID PRO USB Gaming Headset )' : 2 channels at 48 kHz using 16 bits per sample (channel mask 0x3)
[2020.01.31-23.34.46:293][880]LogInit: FAudioDevice initialized.
[2020.01.31-23.34.46:338][880]LogLoad: Game class is 'GameModeBase'
[2020.01.31-23.34.46:340][880]LogWorld: Bringing World /Temp/UEDPIE_0_Untitled_1.Untitled_1 up for play (max tick rate 0) at 2020.01.31-23.34.46
[2020.01.31-23.34.46:340][880]LogWorld: Bringing up level for play took: 0.000648
[2020.01.31-23.34.46:356][880]LogBlueprintActionDatabase: Requesting refresh due to module change: Voice (loaded)
[2020.01.31-23.34.46:359][880]LogBlueprintActionDatabase: Requesting refresh due to module change: MovieSceneCapture (loaded)
[2020.01.31-23.34.46:360][880]LogContentBrowser: Native class hierarchy updated for 'MovieSceneCapture' in 0.0004 seconds. Added 20 classes and 0 folders.
[2020.01.31-23.34.46:361][880]PIE: Play in editor start time for /Temp/UEDPIE_0_Untitled_1 0.227
[2020.01.31-23.34.46:361][880]LogBlueprintUserMessages: Late PlayInEditor Detection: Level '/Temp/Untitled_1.Untitled_1:PersistentLevel' has LevelScriptBlueprint '/Temp/Untitled_1.Untitled_1:PersistentLevel.Untitled' with GeneratedClass '/Temp/Untitled_1.Untitled_C' with ClassGeneratedBy '/Temp/Untitled_1.Untitled_1:PersistentLevel.Untitled'
[2020.01.31-23.34.49:064][170]LogBlueprintUserMessages: Early EndPlayMap Detection: Level '/Temp/Untitled_1.Untitled_1:PersistentLevel' has LevelScriptBlueprint '/Temp/Untitled_1.Untitled_1:PersistentLevel.Untitled' with GeneratedClass '/Temp/Untitled_1.Untitled_C' with ClassGeneratedBy '/Temp/Untitled_1.Untitled_1:PersistentLevel.Untitled'
[2020.01.31-23.34.49:064][170]LogSlate: Updating window title bar state: overlay mode, drag disabled, window buttons hidden, title bar hidden
[2020.01.31-23.34.49:099][170]LogPlayLevel: Display: Shutting down PIE online subsystems
[2020.01.31-23.34.49:099][170]LogBlueprintUserMessages: Late EndPlayMap Detection: Level '/Temp/Untitled_1.Untitled_1:PersistentLevel' has LevelScriptBlueprint '/Temp/Untitled_1.Untitled_1:PersistentLevel.Untitled' with GeneratedClass '/Temp/Untitled_1.Untitled_C' with ClassGeneratedBy '/Temp/Untitled_1.Untitled_1:PersistentLevel.Untitled'
[2020.01.31-23.34.49:139][170]LogSlate: Updating window title bar state: overlay mode, drag disabled, window buttons hidden, title bar hidden
[2020.01.31-23.34.49:184][170]LogUObjectHash: Compacting FUObjectHashTables data took   4.74ms
[2020.01.31-23.34.49:203][171]LogPlayLevel: Display: Destroying online subsystem :Context_2
[2020.01.31-23.34.56:841][526]LogSlate: FSceneViewport::OnFocusLost() reason 0
[2020.01.31-23.35.46:740][ 45]Candidate modules for hot reload:
[2020.01.31-23.35.46:740][ 45]  GGJ20
[2020.01.31-23.35.46:740][ 45]Launching UnrealBuildTool... [C:/Epic/UE4/UE_4.22/Engine/Binaries/DotNET/UnrealBuildTool.exe  -ModuleWithSuffix=GGJ20,235 Win64 Development -TargetType=Editor -Project="C:/Users/w017177h/Documents/GGJ2020/Global-Game-Jam-2020/GGJ20/GGJ20.uproject" "C:/Users/w017177h/Documents/GGJ2020/Global-Game-Jam-2020/GGJ20/GGJ20.uproject"  -IgnoreJunk]
[2020.01.31-23.35.46:754][ 45]Warning: Starting HotReload took  0.0s.
[2020.01.31-23.35.58:513][273]CompilerResultsLog: New page: Compilation - 31 Jan 2020 23:35:58
[2020.01.31-23.35.58:513][273]CompilerResultsLog: Using 'git status' to determine working set for adaptive non-unity build (C:\Users\w017177h\Documents\GGJ2020\Global-Game-Jam-2020).
[2020.01.31-23.35.58:513][273]CompilerResultsLog: Creating makefile for GGJ20Editor (ini files are newer than makefile)
[2020.01.31-23.35.58:513][273]CompilerResultsLog: Parsing headers for GGJ20Editor
[2020.01.31-23.35.58:513][273]CompilerResultsLog:   Running UnrealHeaderTool "C:\Users\w017177h\Documents\GGJ2020\Global-Game-Jam-2020\GGJ20\GGJ20.uproject" "C:\Users\w017177h\Documents\GGJ2020\Global-Game-Jam-2020\GGJ20\Intermediate\Build\Win64\GGJ20Editor\Development\GGJ20Editor.uhtmanifest" -LogCmds="loginit warning, logexit warning, logdatabase error" -Unattended -WarningsAsErrors -installed
[2020.01.31-23.35.58:514][273]CompilerResultsLog: Reflection code generated for GGJ20Editor in 5.5061438 seconds
[2020.01.31-23.35.58:514][273]CompilerResultsLog: Failed to delete file 'C:\Users\w017177h\Documents\GGJ2020\Global-Game-Jam-2020\GGJ20\Binaries\Win64\UE4Editor-GGJ20.pdb'
[2020.01.31-23.35.58:514][273]CompilerResultsLog:     Exception: Access to the path 'C:\Users\w017177h\Documents\GGJ2020\Global-Game-Jam-2020\GGJ20\Binaries\Win64\UE4Editor-GGJ20.pdb' is denied.
[2020.01.31-23.35.58:514][273]CompilerResultsLog: Attempting to retry...
[2020.01.31-23.35.58:514][273]CompilerResultsLog: Failed to delete file 'C:\Users\w017177h\Documents\GGJ2020\Global-Game-Jam-2020\GGJ20\Binaries\Win64\UE4Editor-GGJ20.pdb'
[2020.01.31-23.35.58:514][273]CompilerResultsLog:     Exception: Access to the path 'C:\Users\w017177h\Documents\GGJ2020\Global-Game-Jam-2020\GGJ20\Binaries\Win64\UE4Editor-GGJ20.pdb' is denied.
[2020.01.31-23.35.58:514][273]CompilerResultsLog: Attempting to retry...
[2020.01.31-23.35.58:514][273]CompilerResultsLog: Failed to delete file 'C:\Users\w017177h\Documents\GGJ2020\Global-Game-Jam-2020\GGJ20\Binaries\Win64\UE4Editor-GGJ20.pdb'
[2020.01.31-23.35.58:514][273]CompilerResultsLog:     Exception: Access to the path 'C:\Users\w017177h\Documents\GGJ2020\Global-Game-Jam-2020\GGJ20\Binaries\Win64\UE4Editor-GGJ20.pdb' is denied.
[2020.01.31-23.35.58:514][273]CompilerResultsLog: ERROR: Exhausted all retries!
[2020.01.31-23.35.58:515][273]CompilerResultsLog: Using Visual Studio 2019 14.20.27508 toolchain (C:\Program Files (x86)\Microsoft Visual Studio\2019\Professional\VC\Tools\MSVC\14.20.27508) and Windows 10.0.17763.0 SDK (C:\Program Files (x86)\Windows Kits\10).
[2020.01.31-23.35.58:515][273]CompilerResultsLog: Building 4 actions with 8 processes...
[2020.01.31-23.35.58:515][273]CompilerResultsLog:   [1/4] ILightControllerBase.cpp
[2020.01.31-23.35.58:515][273]CompilerResultsLog:   [2/4] UE4Editor-GGJ20-0235.lib
[2020.01.31-23.35.58:515][273]CompilerResultsLog:      Creating library C:\Users\w017177h\Documents\GGJ2020\Global-Game-Jam-2020\GGJ20\Intermediate\Build\Win64\UE4Editor\Development\GGJ20\UE4Editor-GGJ20-0235.lib and object C:\Users\w017177h\Documents\GGJ2020\Global-Game-Jam-2020\GGJ20\Intermediate\Build\Win64\UE4Editor\Development\GGJ20\UE4Editor-GGJ20-0235.exp
[2020.01.31-23.35.58:515][273]CompilerResultsLog:   [3/4] UE4Editor-GGJ20-0235.dll
[2020.01.31-23.35.58:515][273]CompilerResultsLog:      Creating library C:\Users\w017177h\Documents\GGJ2020\Global-Game-Jam-2020\GGJ20\Intermediate\Build\Win64\UE4Editor\Development\GGJ20\UE4Editor-GGJ20-0235.suppressed.lib and object C:\Users\w017177h\Documents\GGJ2020\Global-Game-Jam-2020\GGJ20\Intermediate\Build\Win64\UE4Editor\Development\GGJ20\UE4Editor-GGJ20-0235.suppressed.exp
[2020.01.31-23.35.58:515][273]CompilerResultsLog:   [4/4] GGJ20Editor.target
[2020.01.31-23.35.58:516][273]CompilerResultsLog: Total time in Parallel executor: 1.92 seconds
[2020.01.31-23.35.58:516][273]CompilerResultsLog: Total execution time: 11.62 seconds
[2020.01.31-23.35.58:516][273]LogMainFrame: MainFrame: Module compiling took 11.779 seconds
[2020.01.31-23.35.58:573][273]LogUObjectHash: Compacting FUObjectHashTables data took   3.01ms
[2020.01.31-23.35.58:574][273]LogBlueprintActionDatabase: Requesting refresh due to hot reload
[2020.01.31-23.35.58:590][273]LogContentBrowser: Native class hierarchy populated in 0.0089 seconds. Added 2737 classes and 664 folders.
[2020.01.31-23.35.58:590][273]Display: HotReload took 11.9s.
[2020.01.31-23.36.03:479][477]LogEditor: Attempting to add actor of class 'ILightControllerBase' to level at 320.00,40.00,20.00
[2020.01.31-23.36.03:479][477]LogActor: Warning: ILightControllerBase /Temp/Untitled_1.Untitled_1:PersistentLevel.ILightControllerBase_0 has natively added scene component(s), but none of them were set as the actor's RootComponent - picking one arbitrarily
[2020.01.31-23.36.04:015][539]LogEditor: Attempting to add actor of class 'ILightControllerBase' to level at 160.00,70.00,20.00
[2020.01.31-23.36.04:016][539]LogActor: Warning: ILightControllerBase /Temp/Untitled_1.Untitled_1:PersistentLevel.ILightControllerBase_1 has natively added scene component(s), but none of them were set as the actor's RootComponent - picking one arbitrarily
[2020.01.31-23.36.08:944][124]LogSlate: FSceneViewport::OnFocusLost() reason 0
[2020.01.31-23.36.17:748][175]LogSlate: Window 'Color Picker' being destroyed
[2020.01.31-23.36.32:259][909]LogTemp: Repeating last play command: Selected Viewport
[2020.01.31-23.36.32:273][909]LogBlueprintUserMessages: Early PlayInEditor Detection: Level '/Temp/Untitled_1.Untitled_1:PersistentLevel' has LevelScriptBlueprint '/Temp/Untitled_1.Untitled_1:PersistentLevel.Untitled' with GeneratedClass '/Temp/Untitled_1.Untitled_C' with ClassGeneratedBy '/Temp/Untitled_1.Untitled_1:PersistentLevel.Untitled'
[2020.01.31-23.36.32:273][909]LogPlayLevel: PlayLevel: No blueprints needed recompiling
[2020.01.31-23.36.32:274][909]PIE: New page: PIE session: Untitled_1 (31 Jan 2020 23:36:32)
[2020.01.31-23.36.32:274][909]LogPlayLevel: Creating play world package: /Temp/UEDPIE_0_Untitled_1
[2020.01.31-23.36.32:276][909]LogPlayLevel: PIE: StaticDuplicateObject took: (0.002580s)
[2020.01.31-23.36.32:277][909]LogAIModule: Creating AISystem for world Untitled_1
[2020.01.31-23.36.32:278][909]LogPlayLevel: PIE: World Init took: (0.001093s)
[2020.01.31-23.36.32:278][909]LogPlayLevel: PIE: Created PIE world by copying editor world from /Temp/Untitled_1.Untitled_1 to /Temp/UEDPIE_0_Untitled_1.Untitled_1 (0.004076s)
[2020.01.31-23.36.32:349][909]LogUObjectHash: Compacting FUObjectHashTables data took   4.17ms
[2020.01.31-23.36.32:360][909]LogInit: XAudio2 using 'Headset Earphone (Corsair VOID PRO USB Gaming Headset )' : 2 channels at 48 kHz using 16 bits per sample (channel mask 0x3)
[2020.01.31-23.36.32:372][909]LogInit: FAudioDevice initialized.
[2020.01.31-23.36.32:405][909]LogLoad: Game class is 'GameModeBase'
[2020.01.31-23.36.32:406][909]LogWorld: Bringing World /Temp/UEDPIE_0_Untitled_1.Untitled_1 up for play (max tick rate 0) at 2020.01.31-23.36.32
[2020.01.31-23.36.32:406][909]LogWorld: Bringing up level for play took: 0.000609
[2020.01.31-23.36.32:420][909]PIE: Play in editor start time for /Temp/UEDPIE_0_Untitled_1 0.286
[2020.01.31-23.36.32:420][909]LogBlueprintUserMessages: Late PlayInEditor Detection: Level '/Temp/Untitled_1.Untitled_1:PersistentLevel' has LevelScriptBlueprint '/Temp/Untitled_1.Untitled_1:PersistentLevel.Untitled' with GeneratedClass '/Temp/Untitled_1.Untitled_C' with ClassGeneratedBy '/Temp/Untitled_1.Untitled_1:PersistentLevel.Untitled'
