  Using 'git status' to determine working set for adaptive non-unity build (C:\Users\h017026h\Documents\GitKra\Global-Game-Jam-2020).
  Creating makefile for GGJ20Editor (no existing makefile)
  Parsing headers for GGJ20Editor
    Running UnrealHeaderTool "C:\Users\h017026h\Documents\GitKra\Global-Game-Jam-2020\GGJ20\GGJ20.uproject" "C:\Users\h017026h\Documents\GitKra\Global-Game-Jam-2020\GGJ20\Intermediate\Build\Win64\GGJ20Editor\Development\GGJ20Editor.uhtmanifest" -LogCmds="loginit warning, logexit warning, logdatabase error" -Unattended -WarningsAsErrors -installed
  Reflection code generated for GGJ20Editor in 18.9408387 seconds
UnrealBuildTool : warning : Couldn't parse '<<<<<<< HEAD' in UnrealBuildTool.ConfigFileSection of C:\Users\h017026h\Documents\GitKra\Global-Game-Jam-2020\GGJ20\Saved\Config\Windows\EditorPerProjectUserSettings.ini
UnrealBuildTool : warning : Couldn't parse '=======' in UnrealBuildTool.ConfigFileSection of C:\Users\h017026h\Documents\GitKra\Global-Game-Jam-2020\GGJ20\Saved\Config\Windows\EditorPerProjectUserSettings.ini
UnrealBuildTool : warning : Couldn't parse '>>>>>>> TestingIfBranchBroken' in UnrealBuildTool.ConfigFileSection of C:\Users\h017026h\Documents\GitKra\Global-Game-Jam-2020\GGJ20\Saved\Config\Windows\EditorPerProjectUserSettings.ini
UnrealBuildTool : warning : Couldn't parse '<<<<<<< HEAD' in UnrealBuildTool.ConfigFileSection of C:\Users\h017026h\Documents\GitKra\Global-Game-Jam-2020\GGJ20\Saved\Config\Windows\EditorPerProjectUserSettings.ini
UnrealBuildTool : warning : Couldn't parse '<<<<<<< HEAD' in UnrealBuildTool.ConfigFileSection of C:\Users\h017026h\Documents\GitKra\Global-Game-Jam-2020\GGJ20\Saved\Config\Windows\EditorPerProjectUserSettings.ini
UnrealBuildTool : warning : Couldn't parse '=======' in UnrealBuildTool.ConfigFileSection of C:\Users\h017026h\Documents\GitKra\Global-Game-Jam-2020\GGJ20\Saved\Config\Windows\EditorPerProjectUserSettings.ini
UnrealBuildTool : warning : Couldn't parse '>>>>>>> TestingIfBranchBroken' in UnrealBuildTool.ConfigFileSection of C:\Users\h017026h\Documents\GitKra\Global-Game-Jam-2020\GGJ20\Saved\Config\Windows\EditorPerProjectUserSettings.ini
UnrealBuildTool : warning : Couldn't parse '=======' in UnrealBuildTool.ConfigFileSection of C:\Users\h017026h\Documents\GitKra\Global-Game-Jam-2020\GGJ20\Saved\Config\Windows\EditorPerProjectUserSettings.ini
UnrealBuildTool : warning : Couldn't parse '>>>>>>> WeldRepair' in UnrealBuildTool.ConfigFileSection of C:\Users\h017026h\Documents\GitKra\Global-Game-Jam-2020\GGJ20\Saved\Config\Windows\EditorPerProjectUserSettings.ini
UnrealBuildTool : warning : Couldn't parse '<<<<<<< HEAD' in UnrealBuildTool.ConfigFileSection of C:\Users\h017026h\Documents\GitKra\Global-Game-Jam-2020\GGJ20\Saved\Config\Windows\EditorPerProjectUserSettings.ini
UnrealBuildTool : warning : Couldn't parse '=======' in UnrealBuildTool.ConfigFileSection of C:\Users\h017026h\Documents\GitKra\Global-Game-Jam-2020\GGJ20\Saved\Config\Windows\EditorPerProjectUserSettings.ini
UnrealBuildTool : warning : Couldn't parse '>>>>>>> TestingIfBranchBroken' in UnrealBuildTool.ConfigFileSection of C:\Users\h017026h\Documents\GitKra\Global-Game-Jam-2020\GGJ20\Saved\Config\Windows\EditorPerProjectUserSettings.ini
UnrealBuildTool : warning : Couldn't parse '<<<<<<< HEAD' in UnrealBuildTool.ConfigFileSection of C:\Users\h017026h\Documents\GitKra\Global-Game-Jam-2020\GGJ20\Saved\Config\Windows\EditorPerProjectUserSettings.ini
UnrealBuildTool : warning : Couldn't parse '<<<<<<< HEAD' in UnrealBuildTool.ConfigFileSection of C:\Users\h017026h\Documents\GitKra\Global-Game-Jam-2020\GGJ20\Saved\Config\Windows\EditorPerProjectUserSettings.ini
UnrealBuildTool : warning : Couldn't parse '=======' in UnrealBuildTool.ConfigFileSection of C:\Users\h017026h\Documents\GitKra\Global-Game-Jam-2020\GGJ20\Saved\Config\Windows\EditorPerProjectUserSettings.ini
UnrealBuildTool : warning : Couldn't parse '>>>>>>> TestingIfBranchBroken' in UnrealBuildTool.ConfigFileSection of C:\Users\h017026h\Documents\GitKra\Global-Game-Jam-2020\GGJ20\Saved\Config\Windows\EditorPerProjectUserSettings.ini
UnrealBuildTool : warning : Couldn't parse '=======' in UnrealBuildTool.ConfigFileSection of C:\Users\h017026h\Documents\GitKra\Global-Game-Jam-2020\GGJ20\Saved\Config\Windows\EditorPerProjectUserSettings.ini
UnrealBuildTool : warning : Couldn't parse '>>>>>>> WeldRepair' in UnrealBuildTool.ConfigFileSection of C:\Users\h017026h\Documents\GitKra\Global-Game-Jam-2020\GGJ20\Saved\Config\Windows\EditorPerProjectUserSettings.ini
UnrealBuildTool : warning : Couldn't parse '<<<<<<< HEAD' in UnrealBuildTool.ConfigFileSection of C:\Users\h017026h\Documents\GitKra\Global-Game-Jam-2020\GGJ20\Saved\Config\Windows\EditorPerProjectUserSettings.ini
UnrealBuildTool : warning : Couldn't parse '=======' in UnrealBuildTool.ConfigFileSection of C:\Users\h017026h\Documents\GitKra\Global-Game-Jam-2020\GGJ20\Saved\Config\Windows\EditorPerProjectUserSettings.ini
UnrealBuildTool : warning : Couldn't parse '>>>>>>> WeldRepair' in UnrealBuildTool.ConfigFileSection of C:\Users\h017026h\Documents\GitKra\Global-Game-Jam-2020\GGJ20\Saved\Config\Windows\EditorPerProjectUserSettings.ini
  Using Visual Studio 2019 14.20.27508 toolchain (C:\Program Files (x86)\Microsoft Visual Studio\2019\Professional\VC\Tools\MSVC\14.20.27508) and Windows 10.0.17763.0 SDK (C:\Program Files (x86)\Windows Kits\10).
  Building 31 actions with 8 processes...
    [1/31] SharedPCH.Engine.cpp
    [2/31] GGJ20.cpp
    [3/31] BaseRoom.cpp
    [4/31] GeneratorRepairable.cpp
    [5/31] DefenseSystemRepairable.cpp
    [6/31] HullRepairable.cpp
    [7/31] IRepairableBase.cpp
    [8/31] ILightControllerBase.cpp
    [9/31] RepairableEnum.cpp
    [10/31] WaterLevel.cpp
    [11/31] WaterRoom.cpp
    [12/31] EngineRepairable.cpp
    [13/31] BaseOctopus.gen.cpp
    [14/31] BaseRoom.gen.cpp
    [15/31] DefenseSystemRepairable.gen.cpp
    [16/31] EngineRepairable.gen.cpp
    [17/31] GGJ20.init.gen.cpp
    [18/31] GeneratorRepairable.gen.cpp
    [19/31] BasePlayer.gen.cpp
C:\Users\h017026h\Documents\GitKra\Global-Game-Jam-2020\GGJ20\Source\GGJ20/Public/BasePlayer.h(64): warning C4263: 'void ABasePlayer::Crouch(float)': member function does not override any base class virtual member function
C:\Users\h017026h\Documents\GitKra\Global-Game-Jam-2020\GGJ20\Source\GGJ20/Public/BasePlayer.h(72): warning C4264: 'void ACharacter::Crouch(bool)': no override available for virtual member function from base 'ACharacter'; function is hidden
    C:\Epic\UE4\UE_4.22\Engine\Source\Runtime\Engine\Classes\GameFramework/Character.h(723): note: see declaration of 'ACharacter::Crouch'
    C:\Epic\UE4\UE_4.22\Engine\Source\Runtime\Engine\Classes\GameFramework/Character.h(210): note: see declaration of 'ACharacter'
    [20/31] GGJ20GameModeBase.gen.cpp
    [21/31] HullRepairable.gen.cpp
    [22/31] ILightControllerBase.gen.cpp
    [23/31] IRepairableBase.gen.cpp
    [24/31] GGJ20GameModeBase.cpp
    [25/31] WaterLevel.gen.cpp
    [26/31] WaterRoom.gen.cpp
    [27/31] BasePlayer.cpp
C:\Users\h017026h\Documents\GitKra\Global-Game-Jam-2020\GGJ20\Source\GGJ20\Public\BasePlayer.h(64): warning C4263: 'void ABasePlayer::Crouch(float)': member function does not override any base class virtual member function
C:\Users\h017026h\Documents\GitKra\Global-Game-Jam-2020\GGJ20\Source\GGJ20\Public\BasePlayer.h(72): warning C4264: 'void ACharacter::Crouch(bool)': no override available for virtual member function from base 'ACharacter'; function is hidden
    C:\Epic\UE4\UE_4.22\Engine\Source\Runtime\Engine\Classes\GameFramework/Character.h(723): note: see declaration of 'ACharacter::Crouch'
    C:\Epic\UE4\UE_4.22\Engine\Source\Runtime\Engine\Classes\GameFramework/Character.h(210): note: see declaration of 'ACharacter'
    [28/31] BaseOctopus.cpp
C:\Users\h017026h\Documents\GitKra\Global-Game-Jam-2020\GGJ20\Source\GGJ20\Public\BasePlayer.h(64): warning C4263: 'void ABasePlayer::Crouch(float)': member function does not override any base class virtual member function
C:\Users\h017026h\Documents\GitKra\Global-Game-Jam-2020\GGJ20\Source\GGJ20\Public\BasePlayer.h(72): warning C4264: 'void ACharacter::Crouch(bool)': no override available for virtual member function from base 'ACharacter'; function is hidden
    C:\Epic\UE4\UE_4.22\Engine\Source\Runtime\Engine\Classes\GameFramework/Character.h(723): note: see declaration of 'ACharacter::Crouch'
    C:\Epic\UE4\UE_4.22\Engine\Source\Runtime\Engine\Classes\GameFramework/Character.h(210): note: see declaration of 'ACharacter'
    [29/31] UE4Editor-GGJ20.lib
       Creating library C:\Users\h017026h\Documents\GitKra\Global-Game-Jam-2020\GGJ20\Intermediate\Build\Win64\UE4Editor\Development\GGJ20\UE4Editor-GGJ20.lib and object C:\Users\h017026h\Documents\GitKra\Global-Game-Jam-2020\GGJ20\Intermediate\Build\Win64\UE4Editor\Development\GGJ20\UE4Editor-GGJ20.exp
    [30/31] UE4Editor-GGJ20.dll
       Creating library C:\Users\h017026h\Documents\GitKra\Global-Game-Jam-2020\GGJ20\Intermediate\Build\Win64\UE4Editor\Development\GGJ20\UE4Editor-GGJ20.suppressed.lib and object C:\Users\h017026h\Documents\GitKra\Global-Game-Jam-2020\GGJ20\Intermediate\Build\Win64\UE4Editor\Development\GGJ20\UE4Editor-GGJ20.suppressed.exp
    [31/31] GGJ20Editor.target
EXEC : warning : Unable to read 'C:\Users\h017026h\Documents\GitKra\Global-Game-Jam-2020\GGJ20\Binaries\Win64\UE4Editor.modules'; ignoring.
  Total time in Parallel executor: 34.54 seconds
  Total execution time: 55.53 seconds
